#
# A fatal error has been detected by the Java Runtime Environment:
#
#  SIGSEGV (0xb) at pc=0x00007f3240ba7af0, pid=2402, tid=139854538389248
#
# JRE version: OpenJDK Runtime Environment (7.0_65-b32) (build 1.7.0_65-b32)
# Java VM: OpenJDK 64-Bit Server VM (24.65-b04 mixed mode linux-amd64 compressed oops)
# Derivative: IcedTea 2.5.3
# Distribution: Ubuntu 14.04 LTS, package 7u71-2.5.3-0ubuntu0.14.04.1
# Problematic frame:
# C  [libfreeling-3.1.so+0x74af0]  freeling::word::get_n_analysis() const+0x10
#
# Failed to write core dump. Core dumps have been disabled. To enable core dumping, try "ulimit -c unlimited" before starting Java again
#
# If you would like to submit a bug report, please include
# instructions on how to reproduce the bug and visit:
#   http://icedtea.classpath.org/bugzilla
# The crash happened outside the Java Virtual Machine in native code.
# See problematic frame for where to report the bug.
#

---------------  T H R E A D  ---------------

Current thread (0x00007f326400a800):  JavaThread "main" [_thread_in_native, id=2405, stack(0x00007f326c04b000,0x00007f326c14c000)]

siginfo:si_signo=SIGSEGV: si_errno=0, si_code=1 (SEGV_MAPERR), si_addr=0x0000000000000090

Registers:
RAX=0x0000000000000003, RBX=0x00007f326c14a460, RCX=0x00007f3211d70ca0, RDX=0x0000000000000090
RSP=0x00007f326c14a3d8, RBP=0x00007f3211d70ca0, RSI=0x00007f3211d70ca0, RDI=0x00007f3211d70ca0
R8 =0x00000000b7c119e0, R9 =0x00000000b7c119c8, R10=0x00007f326111cc55, R11=0x0000000000000009
R12=0x0000000000000000, R13=0x00000000cc6467e0, R14=0x00007f326c14a4d0, R15=0x00007f326400a800
RIP=0x00007f3240ba7af0, EFLAGS=0x0000000000010202, CSGSFS=0x0000000000000033, ERR=0x0000000000000004
  TRAPNO=0x000000000000000e

Top of Stack: (sp=0x00007f326c14a3d8)
0x00007f326c14a3d8:   00007f3240ba8289 00000000cc6467e0
0x00007f326c14a3e8:   00007f326c14a4d0 00007f326400a800
0x00007f326c14a3f8:   00007f326a2efe7f 0000000000000008
0x00007f326c14a408:   00007f326c14a490 0000000000000000
0x00007f326c14a418:   00007f3242a5a30e 00007f326c14a4a8
0x00007f326c14a428:   00007f3211d70ca0 00007f326c14a4d0
0x00007f326c14a438:   00007f326400a9d8 000000000000000f
0x00007f326c14a448:   0000000700000007 00007f326a536418
0x00007f326c14a458:   0000000800000001 00007f3214d84e38
0x00007f326c14a468:   0000000000000000 00007f3211d70ca0
0x00007f326c14a478:   00007f3215580100 0000000000000000
0x00007f326c14a488:   0000000000000008 00007f326c14a4e0
0x00007f326c14a498:   00007f326111ccc7 00007f326c14a4d0
0x00007f326c14a4a8:   00000000b7c11980 00007f326c14a580
0x00007f326c14a4b8:   000000000000006f 0000000000000000
0x00007f326c14a4c8:   00000000cc6467e0 00000000cc60e9e0
0x00007f326c14a4d8:   00007f3261061e05 00000000cc6289a0
0x00007f326c14a4e8:   00007f326112509c 00000000cc65d680
0x00007f326c14a4f8:   00000000cc650820 00000000cc650820
0x00007f326c14a508:   00007f326c14a5a8 00007f326c14a570
0x00007f326c14a518:   00007f3242a50149 00000000cc650820
0x00007f326c14a528:   00007f326c14a4d8 00007f326c14a519
0x00007f326c14a538:   00000000cc600ea0 00000000cc6289b0
0x00007f326c14a548:   0000000700000001 00000000b8ea0038
0x00007f326c14a558:   00000000cc623928 00000000b7c11630
0x00007f326c14a568:   00000000b8ea0000 00000000b7c11830
0x00007f326c14a578:   00000000b7c117b0 00000000b7c11980
0x00007f326c14a588:   00000000cc6467e0 00000000b7c119c8
0x00007f326c14a598:   00000000b7c118d8 0000000000000000
0x00007f326c14a5a8:   00000000cc6467e0 00000000cc60e9e0
0x00007f326c14a5b8:   00007f3261061e05 0000000000000000
0x00007f326c14a5c8:   00007f32611266e4 00000000cc600f40 

Instructions: (pc=0x00007f3240ba7af0)
0x00007f3240ba7ad0:   0f b6 47 61 c3 90 66 2e 0f 1f 84 00 00 00 00 00
0x00007f3240ba7ae0:   48 8b 17 48 39 d7 74 16 31 c0 66 0f 1f 44 00 00
0x00007f3240ba7af0:   48 8b 12 48 83 c0 01 48 39 d7 75 f4 f3 c3 31 c0
0x00007f3240ba7b00:   c3 90 66 66 66 66 66 2e 0f 1f 84 00 00 00 00 00 

Register to memory mapping:

RAX=0x0000000000000003 is an unknown value
RBX=0x00007f326c14a460 is pointing into the stack for thread: 0x00007f326400a800
RCX=0x00007f3211d70ca0 is an unknown value
RDX=0x0000000000000090 is an unknown value
RSP=0x00007f326c14a3d8 is pointing into the stack for thread: 0x00007f326400a800
RBP=0x00007f3211d70ca0 is an unknown value
RSI=0x00007f3211d70ca0 is an unknown value
RDI=0x00007f3211d70ca0 is an unknown value
R8 =0x00000000b7c119e0 is an oop
[C 
 - klass: {type array char}
 - length: 17
R9 =0x00000000b7c119c8 is an oop
java.lang.StringBuilder 
 - klass: 'java/lang/StringBuilder'
R10=0x00007f326111cc55 is at entry_point+85 in (nmethod*)0x00007f326111ca90
R11=0x0000000000000009 is an unknown value
R12=0x0000000000000000 is an unknown value
R13=0x00000000cc6467e0 is an oop
java.io.PrintStream 
 - klass: 'java/io/PrintStream'
R14=0x00007f326c14a4d0 is pointing into the stack for thread: 0x00007f326400a800
R15=0x00007f326400a800 is a thread


Stack: [0x00007f326c04b000,0x00007f326c14c000],  sp=0x00007f326c14a3d8,  free space=1020k
Native frames: (J=compiled Java code, j=interpreted, Vv=VM code, C=native code)
C  [libfreeling-3.1.so+0x74af0]  freeling::word::get_n_analysis() const+0x10
C  0x00007f3211f4a520

Java frames: (J=compiled Java code, j=interpreted, Vv=VM code)
J 270  edu.upc.freeling.freelingJNI.Word_getLemma__SWIG_1(JLedu/upc/freeling/Word;)Ljava/lang/String; (0 bytes) @ 0x00007f326111cc55 [0x00007f326111cc00+0x55]
J 218 C2 TaxonDescriptionAnalyzer.evaluateDepTreeChunkCategory1(Ljava/sql/Connection;ILedu/upc/freeling/TreeDepnode;Ledu/upc/freeling/TreeDepnode;Ljava/lang/Integer;Ljava/lang/Integer;Ljava/lang/Integer;Ljava/lang/Integer;LTokenParser;Ljava/lang/String;Ljava/lang/String;Ljava/lang/String;Ljava/lang/Boolean;Ljava/lang/String;Ljava/lang/String;)V (2247 bytes) @ 0x00007f326112509c [0x00007f3261124540+0xb5c]
J 218 C2 TaxonDescriptionAnalyzer.evaluateDepTreeChunkCategory1(Ljava/sql/Connection;ILedu/upc/freeling/TreeDepnode;Ledu/upc/freeling/TreeDepnode;Ljava/lang/Integer;Ljava/lang/Integer;Ljava/lang/Integer;Ljava/lang/Integer;LTokenParser;Ljava/lang/String;Ljava/lang/String;Ljava/lang/String;Ljava/lang/Boolean;Ljava/lang/String;Ljava/lang/String;)V (2247 bytes) @ 0x00007f32611266e4 [0x00007f3261124540+0x21a4]
J 413 C2 TaxonDescriptionAnalyzer.evaluateDependencyTree(Ljava/sql/Connection;Ljava/lang/Integer;Ljava/lang/Integer;Ljava/lang/Integer;Ledu/upc/freeling/ListSentence;Ljava/lang/Integer;Ljava/lang/Boolean;Ljava/lang/String;)V (99 bytes) @ 0x00007f32611b9630 [0x00007f32611b8d20+0x910]
j  TaxonDescriptionAnalyzer.semanticAnalisys(Ljava/sql/Connection;Ljava/lang/Integer;Ljava/lang/Integer;Ljava/lang/Integer;)V+688
j  TaxonDescriptionAnalyzer.theExperiment(Ljava/sql/Connection;Ljava/lang/Integer;)V+136
j  TaxonDescriptionAnalyzer.main([Ljava/lang/String;)V+9
v  ~StubRoutines::call_stub

---------------  P R O C E S S  ---------------

Java Threads: ( => current thread )
  0x00007f32640a7000 JavaThread "Service Thread" daemon [_thread_blocked, id=2415, stack(0x00007f326071c000,0x00007f326081d000)]
  0x00007f32640a4800 JavaThread "C2 CompilerThread1" daemon [_thread_blocked, id=2414, stack(0x00007f326081d000,0x00007f326091e000)]
  0x00007f32640a2000 JavaThread "C2 CompilerThread0" daemon [_thread_blocked, id=2413, stack(0x00007f32680b1000,0x00007f32681b2000)]
  0x00007f32640a0000 JavaThread "Signal Dispatcher" daemon [_thread_blocked, id=2412, stack(0x00007f32681b2000,0x00007f32682b3000)]
  0x00007f3264072800 JavaThread "Finalizer" daemon [_thread_in_native, id=2411, stack(0x00007f32682b3000,0x00007f32683b4000)]
  0x00007f3264070800 JavaThread "Reference Handler" daemon [_thread_blocked, id=2410, stack(0x00007f32683b4000,0x00007f32684b5000)]
=>0x00007f326400a800 JavaThread "main" [_thread_in_native, id=2405, stack(0x00007f326c04b000,0x00007f326c14c000)]

Other Threads:
  0x00007f326406c000 VMThread [stack: 0x00007f32684b5000,0x00007f32685b6000] [id=2409]
  0x00007f32640b2000 WatcherThread [stack: 0x00007f326061b000,0x00007f326071c000] [id=2416]

VM state:not at safepoint (normal execution)

VM Mutex/Monitor currently owned by a thread: None

Heap
 def new generation   total 19072K, used 2451K [0x00000000b7c00000, 0x00000000b90b0000, 0x00000000cc600000)
  eden space 16960K,   2% used [0x00000000b7c00000, 0x00000000b7c54dd8, 0x00000000b8c90000)
  from space 2112K, 100% used [0x00000000b8ea0000, 0x00000000b90b0000, 0x00000000b90b0000)
  to   space 2112K,   0% used [0x00000000b8c90000, 0x00000000b8c90000, 0x00000000b8ea0000)
 tenured generation   total 42240K, used 11852K [0x00000000cc600000, 0x00000000cef40000, 0x00000000f5a00000)
   the space 42240K,  28% used [0x00000000cc600000, 0x00000000cd1932e8, 0x00000000cd193400, 0x00000000cef40000)
 compacting perm gen  total 21248K, used 6638K [0x00000000f5a00000, 0x00000000f6ec0000, 0x0000000100000000)
   the space 21248K,  31% used [0x00000000f5a00000, 0x00000000f607bb98, 0x00000000f607bc00, 0x00000000f6ec0000)
No shared spaces configured.

Card table byte_map: [0x00007f3268a48000,0x00007f3268c8b000] byte_map_base: 0x00007f326848a000

Polling page: 0x00007f326c165000

Code Cache  [0x00007f3261000000, 0x00007f3261270000, 0x00007f3264000000)
 total_blobs=691 nmethods=407 adapters=238 free_code_cache=47406Kb largest_free_block=48488384

Compilation events (10 events):
Event: 1406.095 Thread 0x00007f32640a2000  409             edu.upc.freeling.TreeDepnode::numChildren (9 bytes)
Event: 1406.096 Thread 0x00007f32640a2000 nmethod 409 0x00007f326118a550 code [0x00007f326118a6a0, 0x00007f326118a728]
Event: 1434.093 Thread 0x00007f32640a2000  410   !         org.postgresql.jdbc2.TimestampUtils::loadCalendar (860 bytes)
Event: 1434.329 Thread 0x00007f32640a2000 nmethod 410 0x00007f32611bb690 code [0x00007f32611bbaa0, 0x00007f32611bf1a0]
Event: 1524.775 Thread 0x00007f32640a4800  411             java.util.regex.Pattern::escape (1040 bytes)
Event: 1524.775 Thread 0x00007f32640a2000  412             java.util.regex.Pattern::skip (23 bytes)
Event: 1524.782 Thread 0x00007f32640a4800 nmethod 411 0x00007f3261196650 code [0x00007f3261196c60, 0x00007f3261197700]
Event: 1524.784 Thread 0x00007f32640a2000 nmethod 412 0x00007f3261196390 code [0x00007f32611964e0, 0x00007f3261196598]
Event: 1607.618 Thread 0x00007f32640a4800  413             TaxonDescriptionAnalyzer::evaluateDependencyTree (99 bytes)
Event: 1607.729 Thread 0x00007f32640a4800 nmethod 413 0x00007f32611b8a50 code [0x00007f32611b8d20, 0x00007f32611ba208]

GC Heap History (10 events):
Event: 1561.136 GC heap before
{Heap before GC invocations=96 (full 10):
 def new generation   total 19072K, used 19072K [0x00000000b7c00000, 0x00000000b90b0000, 0x00000000cc600000)
  eden space 16960K, 100% used [0x00000000b7c00000, 0x00000000b8c90000, 0x00000000b8c90000)
  from space 2112K, 100% used [0x00000000b8c90000, 0x00000000b8ea0000, 0x00000000b8ea0000)
  to   space 2112K,   0% used [0x00000000b8ea0000, 0x00000000b8ea0000, 0x00000000b90b0000)
 tenured generation   total 42240K, used 28966K [0x00000000cc600000, 0x00000000cef40000, 0x00000000f5a00000)
   the space 42240K,  68% used [0x00000000cc600000, 0x00000000ce249b48, 0x00000000ce249c00, 0x00000000cef40000)
 compacting perm gen  total 21248K, used 6638K [0x00000000f5a00000, 0x00000000f6ec0000, 0x0000000100000000)
   the space 21248K,  31% used [0x00000000f5a00000, 0x00000000f607bab8, 0x00000000f607bc00, 0x00000000f6ec0000)
No shared spaces configured.
Event: 1561.161 GC heap after
Heap after GC invocations=97 (full 10):
 def new generation   total 19072K, used 2112K [0x00000000b7c00000, 0x00000000b90b0000, 0x00000000cc600000)
  eden space 16960K,   0% used [0x00000000b7c00000, 0x00000000b7c00000, 0x00000000b8c90000)
  from space 2112K, 100% used [0x00000000b8ea0000, 0x00000000b90b0000, 0x00000000b90b0000)
  to   space 2112K,   0% used [0x00000000b8c90000, 0x00000000b8c90000, 0x00000000b8ea0000)
 tenured generation   total 42240K, used 33092K [0x00000000cc600000, 0x00000000cef40000, 0x00000000f5a00000)
   the space 42240K,  78% used [0x00000000cc600000, 0x00000000ce6510a0, 0x00000000ce651200, 0x00000000cef40000)
 compacting perm gen  total 21248K, used 6638K [0x00000000f5a00000, 0x00000000f6ec0000, 0x0000000100000000)
   the space 21248K,  31% used [0x00000000f5a00000, 0x00000000f607bab8, 0x00000000f607bc00, 0x00000000f6ec0000)
No shared spaces configured.
}
Event: 1574.433 GC heap before
{Heap before GC invocations=97 (full 10):
 def new generation   total 19072K, used 19072K [0x00000000b7c00000, 0x00000000b90b0000, 0x00000000cc600000)
  eden space 16960K, 100% used [0x00000000b7c00000, 0x00000000b8c90000, 0x00000000b8c90000)
  from space 2112K, 100% used [0x00000000b8ea0000, 0x00000000b90b0000, 0x00000000b90b0000)
  to   space 2112K,   0% used [0x00000000b8c90000, 0x00000000b8c90000, 0x00000000b8ea0000)
 tenured generation   total 42240K, used 33092K [0x00000000cc600000, 0x00000000cef40000, 0x00000000f5a00000)
   the space 42240K,  78% used [0x00000000cc600000, 0x00000000ce6510a0, 0x00000000ce651200, 0x00000000cef40000)
 compacting perm gen  total 21248K, used 6638K [0x00000000f5a00000, 0x00000000f6ec0000, 0x0000000100000000)
   the space 21248K,  31% used [0x00000000f5a00000, 0x00000000f607bab8, 0x00000000f607bc00, 0x00000000f6ec0000)
No shared spaces configured.
Event: 1574.453 GC heap after
Heap after GC invocations=98 (full 10):
 def new generation   total 19072K, used 2112K [0x00000000b7c00000, 0x00000000b90b0000, 0x00000000cc600000)
  eden space 16960K,   0% used [0x00000000b7c00000, 0x00000000b7c00000, 0x00000000b8c90000)
  from space 2112K, 100% used [0x00000000b8c90000, 0x00000000b8ea0000, 0x00000000b8ea0000)
  to   space 2112K,   0% used [0x00000000b8ea0000, 0x00000000b8ea0000, 0x00000000b90b0000)
 tenured generation   total 42240K, used 37293K [0x00000000cc600000, 0x00000000cef40000, 0x00000000f5a00000)
   the space 42240K,  88% used [0x00000000cc600000, 0x00000000cea6b658, 0x00000000cea6b800, 0x00000000cef40000)
 compacting perm gen  total 21248K, used 6638K [0x00000000f5a00000, 0x00000000f6ec0000, 0x0000000100000000)
   the space 21248K,  31% used [0x00000000f5a00000, 0x00000000f607bab8, 0x00000000f607bc00, 0x00000000f6ec0000)
No shared spaces configured.
}
Event: 1588.785 GC heap before
{Heap before GC invocations=98 (full 10):
 def new generation   total 19072K, used 19072K [0x00000000b7c00000, 0x00000000b90b0000, 0x00000000cc600000)
  eden space 16960K, 100% used [0x00000000b7c00000, 0x00000000b8c90000, 0x00000000b8c90000)
  from space 2112K, 100% used [0x00000000b8c90000, 0x00000000b8ea0000, 0x00000000b8ea0000)
  to   space 2112K,   0% used [0x00000000b8ea0000, 0x00000000b8ea0000, 0x00000000b90b0000)
 tenured generation   total 42240K, used 37293K [0x00000000cc600000, 0x00000000cef40000, 0x00000000f5a00000)
   the space 42240K,  88% used [0x00000000cc600000, 0x00000000cea6b658, 0x00000000cea6b800, 0x00000000cef40000)
 compacting perm gen  total 21248K, used 6638K [0x00000000f5a00000, 0x00000000f6ec0000, 0x0000000100000000)
   the space 21248K,  31% used [0x00000000f5a00000, 0x00000000f607bb98, 0x00000000f607bc00, 0x00000000f6ec0000)
No shared spaces configured.
Event: 1588.811 GC heap after
Heap after GC invocations=99 (full 10):
 def new generation   total 19072K, used 2112K [0x00000000b7c00000, 0x00000000b90b0000, 0x00000000cc600000)
  eden space 16960K,   0% used [0x00000000b7c00000, 0x00000000b7c00000, 0x00000000b8c90000)
  from space 2112K, 100% used [0x00000000b8ea0000, 0x00000000b90b0000, 0x00000000b90b0000)
  to   space 2112K,   0% used [0x00000000b8c90000, 0x00000000b8c90000, 0x00000000b8ea0000)
 tenured generation   total 42240K, used 41441K [0x00000000cc600000, 0x00000000cef40000, 0x00000000f5a00000)
   the space 42240K,  98% used [0x00000000cc600000, 0x00000000cee786a0, 0x00000000cee78800, 0x00000000cef40000)
 compacting perm gen  total 21248K, used 6638K [0x00000000f5a00000, 0x00000000f6ec0000, 0x0000000100000000)
   the space 21248K,  31% used [0x00000000f5a00000, 0x00000000f607bb98, 0x00000000f607bc00, 0x00000000f6ec0000)
No shared spaces configured.
}
Event: 1602.612 GC heap before
{Heap before GC invocations=99 (full 10):
 def new generation   total 19072K, used 19072K [0x00000000b7c00000, 0x00000000b90b0000, 0x00000000cc600000)
  eden space 16960K, 100% used [0x00000000b7c00000, 0x00000000b8c90000, 0x00000000b8c90000)
  from space 2112K, 100% used [0x00000000b8ea0000, 0x00000000b90b0000, 0x00000000b90b0000)
  to   space 2112K,   0% used [0x00000000b8c90000, 0x00000000b8c90000, 0x00000000b8ea0000)
 tenured generation   total 42240K, used 41441K [0x00000000cc600000, 0x00000000cef40000, 0x00000000f5a00000)
   the space 42240K,  98% used [0x00000000cc600000, 0x00000000cee786a0, 0x00000000cee78800, 0x00000000cef40000)
 compacting perm gen  total 21248K, used 6638K [0x00000000f5a00000, 0x00000000f6ec0000, 0x0000000100000000)
   the space 21248K,  31% used [0x00000000f5a00000, 0x00000000f607bb98, 0x00000000f607bc00, 0x00000000f6ec0000)
No shared spaces configured.
Event: 1602.709 GC heap after
Heap after GC invocations=100 (full 11):
 def new generation   total 19072K, used 0K [0x00000000b7c00000, 0x00000000b90b0000, 0x00000000cc600000)
  eden space 16960K,   0% used [0x00000000b7c00000, 0x00000000b7c00000, 0x00000000b8c90000)
  from space 2112K,   0% used [0x00000000b8c90000, 0x00000000b8c90000, 0x00000000b8ea0000)
  to   space 2112K,   0% used [0x00000000b8ea0000, 0x00000000b8ea0000, 0x00000000b90b0000)
 tenured generation   total 42240K, used 7903K [0x00000000cc600000, 0x00000000cef40000, 0x00000000f5a00000)
   the space 42240K,  18% used [0x00000000cc600000, 0x00000000ccdb7e78, 0x00000000ccdb8000, 0x00000000cef40000)
 compacting perm gen  total 21248K, used 6638K [0x00000000f5a00000, 0x00000000f6ec0000, 0x0000000100000000)
   the space 21248K,  31% used [0x00000000f5a00000, 0x00000000f607bb98, 0x00000000f607bc00, 0x00000000f6ec0000)
No shared spaces configured.
}
Event: 1618.528 GC heap before
{Heap before GC invocations=100 (full 11):
 def new generation   total 19072K, used 16960K [0x00000000b7c00000, 0x00000000b90b0000, 0x00000000cc600000)
  eden space 16960K, 100% used [0x00000000b7c00000, 0x00000000b8c90000, 0x00000000b8c90000)
  from space 2112K,   0% used [0x00000000b8c90000, 0x00000000b8c90000, 0x00000000b8ea0000)
  to   space 2112K,   0% used [0x00000000b8ea0000, 0x00000000b8ea0000, 0x00000000b90b0000)
 tenured generation   total 42240K, used 7903K [0x00000000cc600000, 0x00000000cef40000, 0x00000000f5a00000)
   the space 42240K,  18% used [0x00000000cc600000, 0x00000000ccdb7e78, 0x00000000ccdb8000, 0x00000000cef40000)
 compacting perm gen  total 21248K, used 6638K [0x00000000f5a00000, 0x00000000f6ec0000, 0x0000000100000000)
   the space 21248K,  31% used [0x00000000f5a00000, 0x00000000f607bb98, 0x00000000f607bc00, 0x00000000f6ec0000)
No shared spaces configured.
Event: 1618.543 GC heap after
Heap after GC invocations=101 (full 11):
 def new generation   total 19072K, used 2112K [0x00000000b7c00000, 0x00000000b90b0000, 0x00000000cc600000)
  eden space 16960K,   0% used [0x00000000b7c00000, 0x00000000b7c00000, 0x00000000b8c90000)
  from space 2112K, 100% used [0x00000000b8ea0000, 0x00000000b90b0000, 0x00000000b90b0000)
  to   space 2112K,   0% used [0x00000000b8c90000, 0x00000000b8c90000, 0x00000000b8ea0000)
 tenured generation   total 42240K, used 11852K [0x00000000cc600000, 0x00000000cef40000, 0x00000000f5a00000)
   the space 42240K,  28% used [0x00000000cc600000, 0x00000000cd1932e8, 0x00000000cd193400, 0x00000000cef40000)
 compacting perm gen  total 21248K, used 6638K [0x00000000f5a00000, 0x00000000f6ec0000, 0x0000000100000000)
   the space 21248K,  31% used [0x00000000f5a00000, 0x00000000f607bb98, 0x00000000f607bc00, 0x00000000f6ec0000)
No shared spaces configured.
}

Deoptimization events (10 events):
Event: 219.742 Thread 0x00007f3264072800 Uncommon trap: reason=unreached action=reinterpret pc=0x00007f32610ac7ac method=java.lang.ref.ReferenceQueue.reallyPoll()Ljava/lang/ref/Reference; @ 4
Event: 231.695 Thread 0x00007f3264070800 Uncommon trap: reason=unreached action=reinterpret pc=0x00007f3261075088 method=java.lang.ref.ReferenceQueue.enqueue(Ljava/lang/ref/Reference;)Z @ 37
Event: 231.727 Thread 0x00007f3264072800 Uncommon trap: reason=unreached action=reinterpret pc=0x00007f32610cfb30 method=java.lang.ref.ReferenceQueue.reallyPoll()Ljava/lang/ref/Reference; @ 18
Event: 640.169 Thread 0x00007f326400a800 Uncommon trap: reason=array_check action=maybe_recompile pc=0x00007f326116dc6c method=java.util.AbstractCollection.toArray([Ljava/lang/Object;)[Ljava/lang/Object; @ 119
Event: 640.184 Thread 0x00007f326400a800 Uncommon trap: reason=array_check action=maybe_recompile pc=0x00007f326116dc6c method=java.util.AbstractCollection.toArray([Ljava/lang/Object;)[Ljava/lang/Object; @ 119
Event: 640.492 Thread 0x00007f326400a800 Uncommon trap: reason=array_check action=maybe_recompile pc=0x00007f326116dc6c method=java.util.AbstractCollection.toArray([Ljava/lang/Object;)[Ljava/lang/Object; @ 119
Event: 640.514 Thread 0x00007f326400a800 Uncommon trap: reason=array_check action=maybe_recompile pc=0x00007f326116dc6c method=java.util.AbstractCollection.toArray([Ljava/lang/Object;)[Ljava/lang/Object; @ 119
Event: 870.976 Thread 0x00007f326400a800 Uncommon trap: reason=bimorphic action=maybe_recompile pc=0x00007f32610fd16c method=java.lang.String.valueOf(Ljava/lang/Object;)Ljava/lang/String; @ 10
Event: 1079.086 Thread 0x00007f3264070800 Uncommon trap: reason=unreached action=reinterpret pc=0x00007f32610dbf88 method=java.lang.ref.Reference$ReferenceHandler.run()V @ 96
Event: 1482.635 Thread 0x00007f326400a800 Uncommon trap: reason=bimorphic action=maybe_recompile pc=0x00007f32610fd16c method=java.lang.String.valueOf(Ljava/lang/Object;)Ljava/lang/String; @ 10

Internal exceptions (10 events):
Event: 209.004 Thread 0x00007f326400a800 Threw 0x00000000b81b7960 at /build/buildd/openjdk-7-7u71-2.5.3/build/openjdk/hotspot/src/share/vm/prims/jvm.cpp:1284
Event: 209.249 Thread 0x00007f326400a800 Threw 0x00000000b81bc358 at /build/buildd/openjdk-7-7u71-2.5.3/build/openjdk/hotspot/src/share/vm/prims/jvm.cpp:1284
Event: 209.250 Thread 0x00007f326400a800 Threw 0x00000000b81c0750 at /build/buildd/openjdk-7-7u71-2.5.3/build/openjdk/hotspot/src/share/vm/prims/jvm.cpp:1284
Event: 209.251 Thread 0x00007f326400a800 Threw 0x00000000b81c44f8 at /build/buildd/openjdk-7-7u71-2.5.3/build/openjdk/hotspot/src/share/vm/prims/jvm.cpp:1284
Event: 209.252 Thread 0x00007f326400a800 Threw 0x00000000b81cf380 at /build/buildd/openjdk-7-7u71-2.5.3/build/openjdk/hotspot/src/share/vm/prims/jvm.cpp:1284
Event: 209.255 Thread 0x00007f326400a800 Threw 0x00000000b81d58d0 at /build/buildd/openjdk-7-7u71-2.5.3/build/openjdk/hotspot/src/share/vm/prims/jvm.cpp:1284
Event: 209.262 Thread 0x00007f326400a800 Threw 0x00000000b81df0a8 at /build/buildd/openjdk-7-7u71-2.5.3/build/openjdk/hotspot/src/share/vm/prims/jvm.cpp:1284
Event: 209.508 Thread 0x00007f326400a800 Threw 0x00000000b81f4f48 at /build/buildd/openjdk-7-7u71-2.5.3/build/openjdk/hotspot/src/share/vm/prims/jvm.cpp:1284
Event: 209.809 Thread 0x00007f326400a800 Threw 0x00000000b82150e8 at /build/buildd/openjdk-7-7u71-2.5.3/build/openjdk/hotspot/src/share/vm/prims/jvm.cpp:1284
Event: 217.628 Thread 0x00007f326400a800 Threw 0x00000000b8a86640 at /build/buildd/openjdk-7-7u71-2.5.3/build/openjdk/hotspot/src/share/vm/prims/jvm.cpp:1284

Events (10 events):
Event: 1561.136 Executing VM operation: GenCollectForAllocation
Event: 1561.161 Executing VM operation: GenCollectForAllocation done
Event: 1574.433 Executing VM operation: GenCollectForAllocation
Event: 1574.466 Executing VM operation: GenCollectForAllocation done
Event: 1588.785 Executing VM operation: GenCollectForAllocation
Event: 1588.811 Executing VM operation: GenCollectForAllocation done
Event: 1602.612 Executing VM operation: GenCollectForAllocation
Event: 1602.710 Executing VM operation: GenCollectForAllocation done
Event: 1618.528 Executing VM operation: GenCollectForAllocation
Event: 1618.552 Executing VM operation: GenCollectForAllocation done


Dynamic libraries:
00400000-00401000 r-xp 00000000 08:01 451179                             /usr/lib/jvm/java-7-openjdk-amd64/jre/bin/java
00600000-00601000 r--p 00000000 08:01 451179                             /usr/lib/jvm/java-7-openjdk-amd64/jre/bin/java
00601000-00602000 rw-p 00001000 08:01 451179                             /usr/lib/jvm/java-7-openjdk-amd64/jre/bin/java
01c4a000-01c6b000 rw-p 00000000 00:00 0                                  [heap]
b7c00000-b90b0000 rw-p 00000000 00:00 0 
b90b0000-cc600000 rw-p 00000000 00:00 0 
cc600000-cef40000 rw-p 00000000 00:00 0 
cef40000-cf300000 ---p 00000000 00:00 0 
cf300000-f5a00000 rw-p 00000000 00:00 0 
f5a00000-f6ec0000 rw-p 00000000 00:00 0 
f6ec0000-100000000 rw-p 00000000 00:00 0 
7f3210000000-7f3216f12000 rw-p 00000000 00:00 0 
7f3216f12000-7f3218000000 ---p 00000000 00:00 0 
7f3218000000-7f3220000000 rw-p 00000000 00:00 0 
7f3220000000-7f3228000000 rw-p 00000000 00:00 0 
7f3228000000-7f3230000000 rw-p 00000000 00:00 0 
7f3230000000-7f3238000000 rw-p 00000000 00:00 0 
7f3238000000-7f323c000000 rw-p 00000000 00:00 0 
7f323e83e000-7f323feaa000 r-xp 00000000 08:01 11065                      /usr/lib/x86_64-linux-gnu/libicudata.so.52.1
7f323feaa000-7f32400a9000 ---p 0166c000 08:01 11065                      /usr/lib/x86_64-linux-gnu/libicudata.so.52.1
7f32400a9000-7f32400aa000 r--p 0166b000 08:01 11065                      /usr/lib/x86_64-linux-gnu/libicudata.so.52.1
7f32400aa000-7f32400ab000 rw-p 0166c000 08:01 11065                      /usr/lib/x86_64-linux-gnu/libicudata.so.52.1
7f32400ab000-7f32402a4000 r-xp 00000000 08:01 11067                      /usr/lib/x86_64-linux-gnu/libicui18n.so.52.1
7f32402a4000-7f32404a4000 ---p 001f9000 08:01 11067                      /usr/lib/x86_64-linux-gnu/libicui18n.so.52.1
7f32404a4000-7f32404b1000 r--p 001f9000 08:01 11067                      /usr/lib/x86_64-linux-gnu/libicui18n.so.52.1
7f32404b1000-7f32404b2000 rw-p 00206000 08:01 11067                      /usr/lib/x86_64-linux-gnu/libicui18n.so.52.1
7f32404b2000-7f32404b3000 rw-p 00000000 00:00 0 
7f32404b3000-7f3240617000 r-xp 00000000 08:01 11079                      /usr/lib/x86_64-linux-gnu/libicuuc.so.52.1
7f3240617000-7f3240816000 ---p 00164000 08:01 11079                      /usr/lib/x86_64-linux-gnu/libicuuc.so.52.1
7f3240816000-7f3240827000 r--p 00163000 08:01 11079                      /usr/lib/x86_64-linux-gnu/libicuuc.so.52.1
7f3240827000-7f3240828000 rw-p 00174000 08:01 11079                      /usr/lib/x86_64-linux-gnu/libicuuc.so.52.1
7f3240828000-7f324082c000 rw-p 00000000 00:00 0 
7f324082c000-7f324092d000 r-xp 00000000 08:01 1126                       /usr/lib/x86_64-linux-gnu/libboost_regex.so.1.54.0
7f324092d000-7f3240b2c000 ---p 00101000 08:01 1126                       /usr/lib/x86_64-linux-gnu/libboost_regex.so.1.54.0
7f3240b2c000-7f3240b31000 r--p 00100000 08:01 1126                       /usr/lib/x86_64-linux-gnu/libboost_regex.so.1.54.0
7f3240b31000-7f3240b32000 rw-p 00105000 08:01 1126                       /usr/lib/x86_64-linux-gnu/libboost_regex.so.1.54.0
7f3240b32000-7f3240b33000 rw-p 00000000 00:00 0 
7f3240b33000-7f3240dc5000 r-xp 00000000 08:01 450063                     /usr/local/lib/libfreeling-3.1.so
7f3240dc5000-7f3240fc5000 ---p 00292000 08:01 450063                     /usr/local/lib/libfreeling-3.1.so
7f3240fc5000-7f3240fca000 r--p 00292000 08:01 450063                     /usr/local/lib/libfreeling-3.1.so
7f3240fca000-7f3240fce000 rw-p 00297000 08:01 450063                     /usr/local/lib/libfreeling-3.1.so
7f3240fce000-7f32427e6000 rw-p 00000000 00:00 0 
7f32427e6000-7f32427e9000 r-xp 00000000 08:01 10627                      /usr/lib/x86_64-linux-gnu/libboost_system.so.1.54.0
7f32427e9000-7f32429e8000 ---p 00003000 08:01 10627                      /usr/lib/x86_64-linux-gnu/libboost_system.so.1.54.0
7f32429e8000-7f32429e9000 r--p 00002000 08:01 10627                      /usr/lib/x86_64-linux-gnu/libboost_system.so.1.54.0
7f32429e9000-7f32429ea000 rw-p 00003000 08:01 10627                      /usr/lib/x86_64-linux-gnu/libboost_system.so.1.54.0
7f32429ea000-7f3242aa8000 r-xp 00000000 08:01 313559                     /pkg/freeling-3.1/APIs/java/libfreeling_javaAPI.so
7f3242aa8000-7f3242ca7000 ---p 000be000 08:01 313559                     /pkg/freeling-3.1/APIs/java/libfreeling_javaAPI.so
7f3242ca7000-7f3242ca8000 r--p 000bd000 08:01 313559                     /pkg/freeling-3.1/APIs/java/libfreeling_javaAPI.so
7f3242ca8000-7f3242cac000 rw-p 000be000 08:01 313559                     /pkg/freeling-3.1/APIs/java/libfreeling_javaAPI.so
7f3242cac000-7f3242ce9000 r-xp 00000000 08:01 398443                     /lib/x86_64-linux-gnu/libpcre.so.3.13.1
7f3242ce9000-7f3242ee8000 ---p 0003d000 08:01 398443                     /lib/x86_64-linux-gnu/libpcre.so.3.13.1
7f3242ee8000-7f3242ee9000 r--p 0003c000 08:01 398443                     /lib/x86_64-linux-gnu/libpcre.so.3.13.1
7f3242ee9000-7f3242eea000 rw-p 0003d000 08:01 398443                     /lib/x86_64-linux-gnu/libpcre.so.3.13.1
7f3242eea000-7f3242ef1000 r-xp 00000000 08:01 10785                      /usr/lib/x86_64-linux-gnu/libffi.so.6.0.1
7f3242ef1000-7f32430f0000 ---p 00007000 08:01 10785                      /usr/lib/x86_64-linux-gnu/libffi.so.6.0.1
7f32430f0000-7f32430f1000 r--p 00006000 08:01 10785                      /usr/lib/x86_64-linux-gnu/libffi.so.6.0.1
7f32430f1000-7f32430f2000 rw-p 00007000 08:01 10785                      /usr/lib/x86_64-linux-gnu/libffi.so.6.0.1
7f32430f2000-7f3243109000 r-xp 00000000 08:01 400113                     /lib/x86_64-linux-gnu/libresolv-2.19.so
7f3243109000-7f3243309000 ---p 00017000 08:01 400113                     /lib/x86_64-linux-gnu/libresolv-2.19.so
7f3243309000-7f324330a000 r--p 00017000 08:01 400113                     /lib/x86_64-linux-gnu/libresolv-2.19.so
7f324330a000-7f324330b000 rw-p 00018000 08:01 400113                     /lib/x86_64-linux-gnu/libresolv-2.19.so
7f324330b000-7f324330d000 rw-p 00000000 00:00 0 
7f324330d000-7f324332d000 r-xp 00000000 08:01 398470                     /lib/x86_64-linux-gnu/libselinux.so.1
7f324332d000-7f324352c000 ---p 00020000 08:01 398470                     /lib/x86_64-linux-gnu/libselinux.so.1
7f324352c000-7f324352d000 r--p 0001f000 08:01 398470                     /lib/x86_64-linux-gnu/libselinux.so.1
7f324352d000-7f324352e000 rw-p 00020000 08:01 398470                     /lib/x86_64-linux-gnu/libselinux.so.1
7f324352e000-7f3243530000 rw-p 00000000 00:00 0 
7f3243530000-7f3243533000 r-xp 00000000 08:01 3202                       /usr/lib/x86_64-linux-gnu/libgmodule-2.0.so.0.4002.0
7f3243533000-7f3243732000 ---p 00003000 08:01 3202                       /usr/lib/x86_64-linux-gnu/libgmodule-2.0.so.0.4002.0
7f3243732000-7f3243733000 r--p 00002000 08:01 3202                       /usr/lib/x86_64-linux-gnu/libgmodule-2.0.so.0.4002.0
7f3243733000-7f3243734000 rw-p 00003000 08:01 3202                       /usr/lib/x86_64-linux-gnu/libgmodule-2.0.so.0.4002.0
7f3243734000-7f324383a000 r-xp 00000000 08:01 398974                     /lib/x86_64-linux-gnu/libglib-2.0.so.0.4002.0
7f324383a000-7f3243a39000 ---p 00106000 08:01 398974                     /lib/x86_64-linux-gnu/libglib-2.0.so.0.4002.0
7f3243a39000-7f3243a3a000 r--p 00105000 08:01 398974                     /lib/x86_64-linux-gnu/libglib-2.0.so.0.4002.0
7f3243a3a000-7f3243a3b000 rw-p 00106000 08:01 398974                     /lib/x86_64-linux-gnu/libglib-2.0.so.0.4002.0
7f3243a3b000-7f3243a3c000 rw-p 00000000 00:00 0 
7f3243a3c000-7f3243a8b000 r-xp 00000000 08:01 3203                       /usr/lib/x86_64-linux-gnu/libgobject-2.0.so.0.4002.0
7f3243a8b000-7f3243c8b000 ---p 0004f000 08:01 3203                       /usr/lib/x86_64-linux-gnu/libgobject-2.0.so.0.4002.0
7f3243c8b000-7f3243c8c000 r--p 0004f000 08:01 3203                       /usr/lib/x86_64-linux-gnu/libgobject-2.0.so.0.4002.0
7f3243c8c000-7f3243c8d000 rw-p 00050000 08:01 3203                       /usr/lib/x86_64-linux-gnu/libgobject-2.0.so.0.4002.0
7f3243c8d000-7f3243df9000 r-xp 00000000 08:01 3205                       /usr/lib/x86_64-linux-gnu/libgio-2.0.so.0.4002.0
7f3243df9000-7f3243ff8000 ---p 0016c000 08:01 3205                       /usr/lib/x86_64-linux-gnu/libgio-2.0.so.0.4002.0
7f3243ff8000-7f3243ffc000 r--p 0016b000 08:01 3205                       /usr/lib/x86_64-linux-gnu/libgio-2.0.so.0.4002.0
7f3243ffc000-7f3243ffe000 rw-p 0016f000 08:01 3205                       /usr/lib/x86_64-linux-gnu/libgio-2.0.so.0.4002.0
7f3243ffe000-7f3244000000 rw-p 00000000 00:00 0 
7f3244000000-7f3245941000 rw-p 00000000 00:00 0 
7f3245941000-7f3248000000 ---p 00000000 00:00 0 
7f3248000000-7f3248021000 rw-p 00000000 00:00 0 
7f3248021000-7f324c000000 ---p 00000000 00:00 0 
7f324c000000-7f324c021000 rw-p 00000000 00:00 0 
7f324c021000-7f3250000000 ---p 00000000 00:00 0 
7f3250000000-7f32513b5000 rw-p 00000000 00:00 0 
7f32513b5000-7f3254000000 ---p 00000000 00:00 0 
7f3254000000-7f3254021000 rw-p 00000000 00:00 0 
7f3254021000-7f3258000000 ---p 00000000 00:00 0 
7f3258000000-7f3258094000 rw-p 00000000 00:00 0 
7f3258094000-7f325c000000 ---p 00000000 00:00 0 
7f325c000000-7f325c035000 rw-p 00000000 00:00 0 
7f325c035000-7f3260000000 ---p 00000000 00:00 0 
7f32601f1000-7f3260208000 r-xp 00000000 08:01 437907                     /usr/lib/jvm/java-7-openjdk-amd64/jre/lib/amd64/libnet.so
7f3260208000-7f3260407000 ---p 00017000 08:01 437907                     /usr/lib/jvm/java-7-openjdk-amd64/jre/lib/amd64/libnet.so
7f3260407000-7f3260408000 r--p 00016000 08:01 437907                     /usr/lib/jvm/java-7-openjdk-amd64/jre/lib/amd64/libnet.so
7f3260408000-7f3260409000 rw-p 00017000 08:01 437907                     /usr/lib/jvm/java-7-openjdk-amd64/jre/lib/amd64/libnet.so
7f3260409000-7f3260419000 r-xp 00000000 08:01 437922                     /usr/lib/jvm/java-7-openjdk-amd64/jre/lib/amd64/libnio.so
7f3260419000-7f3260619000 ---p 00010000 08:01 437922                     /usr/lib/jvm/java-7-openjdk-amd64/jre/lib/amd64/libnio.so
7f3260619000-7f326061a000 r--p 00010000 08:01 437922                     /usr/lib/jvm/java-7-openjdk-amd64/jre/lib/amd64/libnio.so
7f326061a000-7f326061b000 rw-p 00011000 08:01 437922                     /usr/lib/jvm/java-7-openjdk-amd64/jre/lib/amd64/libnio.so
7f326061b000-7f326061c000 ---p 00000000 00:00 0 
7f326061c000-7f326071c000 rw-p 00000000 00:00 0                          [stack:2416]
7f326071c000-7f326071f000 ---p 00000000 00:00 0 
7f326071f000-7f326081d000 rw-p 00000000 00:00 0                          [stack:2415]
7f326081d000-7f3260820000 ---p 00000000 00:00 0 
7f3260820000-7f326091e000 rw-p 00000000 00:00 0                          [stack:2414]
7f326091e000-7f3261000000 r--p 00000000 08:01 7563                       /usr/lib/locale/locale-archive
7f3261000000-7f3261270000 rwxp 00000000 00:00 0 
7f3261270000-7f3268000000 rw-p 00000000 00:00 0 
7f3268044000-7f326804b000 r--s 00000000 08:01 162543                     /usr/lib/x86_64-linux-gnu/gconv/gconv-modules.cache
7f326804b000-7f3268050000 r--s 0004c000 08:01 437947                     /usr/lib/jvm/java-7-openjdk-amd64/jre/lib/jsse.jar
7f3268050000-7f326805d000 r--s 000a3000 08:01 67645                      /home/mmora/workspace/TextProcessing/lib/httpcomponents-client-4.4/lib/httpclient-4.4.jar
7f326805d000-7f326808e000 rw-p 00000000 00:00 0 
7f326808f000-7f3268091000 r--s 0000e000 08:01 67651                      /home/mmora/workspace/TextProcessing/lib/httpcomponents-client-4.4/lib/commons-logging-1.2.jar
7f3268091000-7f3268098000 r--s 0003a000 08:01 67652                      /home/mmora/workspace/TextProcessing/lib/httpcomponents-client-4.4/lib/commons-codec-1.9.jar
7f3268098000-7f326809f000 r--s 00048000 08:01 67650                      /home/mmora/workspace/TextProcessing/lib/httpcomponents-client-4.4/lib/httpcore-4.4.jar
7f326809f000-7f32680a1000 r--s 00007000 08:01 64607                      /home/mmora/workspace/TextProcessing/lib/google-api-translate-java-0.97.jar
7f32680a1000-7f32680a3000 r--s 0000a000 08:01 131110                     /home/mmora/workspace/TextProcessing/lib/json-20090211.jar
7f32680a3000-7f32680a7000 r--s 00021000 08:01 313639                     /pkg/freeling-3.1/APIs/java/freeling.jar
7f32680a7000-7f32680ae000 r--s 0008a000 08:01 27983                      /home/mmora/workspace/TextProcessing/lib/postgresql-9.3-1102.jdbc41.jar
7f32680ae000-7f32680b1000 r--s 00014000 08:01 27982                      /home/mmora/workspace/TextProcessing/lib/opennlp-uima-1.5.3.jar
7f32680b1000-7f32680b4000 ---p 00000000 00:00 0 
7f32680b4000-7f32681b2000 rw-p 00000000 00:00 0                          [stack:2413]
7f32681b2000-7f32681b5000 ---p 00000000 00:00 0 
7f32681b5000-7f32682b3000 rw-p 00000000 00:00 0                          [stack:2412]
7f32682b3000-7f32682b6000 ---p 00000000 00:00 0 
7f32682b6000-7f32683b4000 rw-p 00000000 00:00 0                          [stack:2411]
7f32683b4000-7f32683b7000 ---p 00000000 00:00 0 
7f32683b7000-7f32684b5000 rw-p 00000000 00:00 0                          [stack:2410]
7f32684b5000-7f32684b6000 ---p 00000000 00:00 0 
7f32684b6000-7f32685ff000 rw-p 00000000 00:00 0                          [stack:2409]
7f32685ff000-7f32687b0000 r--s 01d25000 08:01 450807                     /usr/lib/jvm/java-7-openjdk-amd64/jre/lib/rt.jar
7f32687b0000-7f32688b4000 rw-p 00000000 00:00 0 
7f32688b4000-7f32688fd000 rw-p 00000000 00:00 0 
7f32688fd000-7f3268912000 rw-p 00000000 00:00 0 
7f3268912000-7f3268914000 ---p 00000000 00:00 0 
7f3268914000-7f3268a48000 rw-p 00000000 00:00 0 
7f3268a48000-7f3268a53000 rw-p 00000000 00:00 0 
7f3268a53000-7f3268aed000 rw-p 00000000 00:00 0 
7f3268aed000-7f3268b02000 rw-p 00000000 00:00 0 
7f3268b02000-7f3268b04000 ---p 00000000 00:00 0 
7f3268b04000-7f3268c37000 rw-p 00000000 00:00 0 
7f3268c37000-7f3268c42000 rw-p 00000000 00:00 0 
7f3268c42000-7f3268c8a000 rw-p 00000000 00:00 0 
7f3268c8a000-7f3268c8b000 rw-p 00000000 00:00 0 
7f3268c8b000-7f3268c93000 r-xp 00000000 08:01 437899                     /usr/lib/jvm/java-7-openjdk-amd64/jre/lib/amd64/libzip.so
7f3268c93000-7f3268e92000 ---p 00008000 08:01 437899                     /usr/lib/jvm/java-7-openjdk-amd64/jre/lib/amd64/libzip.so
7f3268e92000-7f3268e93000 r--p 00007000 08:01 437899                     /usr/lib/jvm/java-7-openjdk-amd64/jre/lib/amd64/libzip.so
7f3268e93000-7f3268e94000 rw-p 00008000 08:01 437899                     /usr/lib/jvm/java-7-openjdk-amd64/jre/lib/amd64/libzip.so
7f3268e94000-7f3268e9f000 r-xp 00000000 08:01 400119                     /lib/x86_64-linux-gnu/libnss_files-2.19.so
7f3268e9f000-7f326909e000 ---p 0000b000 08:01 400119                     /lib/x86_64-linux-gnu/libnss_files-2.19.so
7f326909e000-7f326909f000 r--p 0000a000 08:01 400119                     /lib/x86_64-linux-gnu/libnss_files-2.19.so
7f326909f000-7f32690a0000 rw-p 0000b000 08:01 400119                     /lib/x86_64-linux-gnu/libnss_files-2.19.so
7f32690a0000-7f32690ab000 r-xp 00000000 08:01 400115                     /lib/x86_64-linux-gnu/libnss_nis-2.19.so
7f32690ab000-7f32692aa000 ---p 0000b000 08:01 400115                     /lib/x86_64-linux-gnu/libnss_nis-2.19.so
7f32692aa000-7f32692ab000 r--p 0000a000 08:01 400115                     /lib/x86_64-linux-gnu/libnss_nis-2.19.so
7f32692ab000-7f32692ac000 rw-p 0000b000 08:01 400115                     /lib/x86_64-linux-gnu/libnss_nis-2.19.so
7f32692ac000-7f32692c3000 r-xp 00000000 08:01 400109                     /lib/x86_64-linux-gnu/libnsl-2.19.so
7f32692c3000-7f32694c2000 ---p 00017000 08:01 400109                     /lib/x86_64-linux-gnu/libnsl-2.19.so
7f32694c2000-7f32694c3000 r--p 00016000 08:01 400109                     /lib/x86_64-linux-gnu/libnsl-2.19.so
7f32694c3000-7f32694c4000 rw-p 00017000 08:01 400109                     /lib/x86_64-linux-gnu/libnsl-2.19.so
7f32694c4000-7f32694c6000 rw-p 00000000 00:00 0 
7f32694c6000-7f32694cf000 r-xp 00000000 08:01 400106                     /lib/x86_64-linux-gnu/libnss_compat-2.19.so
7f32694cf000-7f32696ce000 ---p 00009000 08:01 400106                     /lib/x86_64-linux-gnu/libnss_compat-2.19.so
7f32696ce000-7f32696cf000 r--p 00008000 08:01 400106                     /lib/x86_64-linux-gnu/libnss_compat-2.19.so
7f32696cf000-7f32696d0000 rw-p 00009000 08:01 400106                     /lib/x86_64-linux-gnu/libnss_compat-2.19.so
7f32696d0000-7f32696fb000 r-xp 00000000 08:01 437906                     /usr/lib/jvm/java-7-openjdk-amd64/jre/lib/amd64/libjava.so
7f32696fb000-7f32698fa000 ---p 0002b000 08:01 437906                     /usr/lib/jvm/java-7-openjdk-amd64/jre/lib/amd64/libjava.so
7f32698fa000-7f32698fb000 r--p 0002a000 08:01 437906                     /usr/lib/jvm/java-7-openjdk-amd64/jre/lib/amd64/libjava.so
7f32698fb000-7f32698fd000 rw-p 0002b000 08:01 437906                     /usr/lib/jvm/java-7-openjdk-amd64/jre/lib/amd64/libjava.so
7f32698fd000-7f326990d000 r-xp 00000000 08:01 437921                     /usr/lib/jvm/java-7-openjdk-amd64/jre/lib/amd64/libverify.so
7f326990d000-7f3269b0c000 ---p 00010000 08:01 437921                     /usr/lib/jvm/java-7-openjdk-amd64/jre/lib/amd64/libverify.so
7f3269b0c000-7f3269b0e000 r--p 0000f000 08:01 437921                     /usr/lib/jvm/java-7-openjdk-amd64/jre/lib/amd64/libverify.so
7f3269b0e000-7f3269b0f000 rw-p 00011000 08:01 437921                     /usr/lib/jvm/java-7-openjdk-amd64/jre/lib/amd64/libverify.so
7f3269b0f000-7f3269b16000 r-xp 00000000 08:01 399258                     /lib/x86_64-linux-gnu/librt-2.19.so
7f3269b16000-7f3269d15000 ---p 00007000 08:01 399258                     /lib/x86_64-linux-gnu/librt-2.19.so
7f3269d15000-7f3269d16000 r--p 00006000 08:01 399258                     /lib/x86_64-linux-gnu/librt-2.19.so
7f3269d16000-7f3269d17000 rw-p 00007000 08:01 399258                     /lib/x86_64-linux-gnu/librt-2.19.so
7f3269d17000-7f3269d2d000 r-xp 00000000 08:01 398318                     /lib/x86_64-linux-gnu/libgcc_s.so.1
7f3269d2d000-7f3269f2c000 ---p 00016000 08:01 398318                     /lib/x86_64-linux-gnu/libgcc_s.so.1
7f3269f2c000-7f3269f2d000 rw-p 00015000 08:01 398318                     /lib/x86_64-linux-gnu/libgcc_s.so.1
7f3269f2d000-7f326a032000 r-xp 00000000 08:01 400108                     /lib/x86_64-linux-gnu/libm-2.19.so
7f326a032000-7f326a231000 ---p 00105000 08:01 400108                     /lib/x86_64-linux-gnu/libm-2.19.so
7f326a231000-7f326a232000 r--p 00104000 08:01 400108                     /lib/x86_64-linux-gnu/libm-2.19.so
7f326a232000-7f326a233000 rw-p 00105000 08:01 400108                     /lib/x86_64-linux-gnu/libm-2.19.so
7f326a233000-7f326a319000 r-xp 00000000 08:01 11413                      /usr/lib/x86_64-linux-gnu/libstdc++.so.6.0.19
7f326a319000-7f326a518000 ---p 000e6000 08:01 11413                      /usr/lib/x86_64-linux-gnu/libstdc++.so.6.0.19
7f326a518000-7f326a520000 r--p 000e5000 08:01 11413                      /usr/lib/x86_64-linux-gnu/libstdc++.so.6.0.19
7f326a520000-7f326a522000 rw-p 000ed000 08:01 11413                      /usr/lib/x86_64-linux-gnu/libstdc++.so.6.0.19
7f326a522000-7f326a537000 rw-p 00000000 00:00 0 
7f326a537000-7f326b04d000 r-xp 00000000 08:01 437928                     /usr/lib/jvm/java-7-openjdk-amd64/jre/lib/amd64/server/libjvm.so
7f326b04d000-7f326b24c000 ---p 00b16000 08:01 437928                     /usr/lib/jvm/java-7-openjdk-amd64/jre/lib/amd64/server/libjvm.so
7f326b24c000-7f326b2e6000 r--p 00b15000 08:01 437928                     /usr/lib/jvm/java-7-openjdk-amd64/jre/lib/amd64/server/libjvm.so
7f326b2e6000-7f326b309000 rw-p 00baf000 08:01 437928                     /usr/lib/jvm/java-7-openjdk-amd64/jre/lib/amd64/server/libjvm.so
7f326b309000-7f326b337000 rw-p 00000000 00:00 0 
7f326b337000-7f326b34f000 r-xp 00000000 08:01 398503                     /lib/x86_64-linux-gnu/libz.so.1.2.8
7f326b34f000-7f326b54e000 ---p 00018000 08:01 398503                     /lib/x86_64-linux-gnu/libz.so.1.2.8
7f326b54e000-7f326b54f000 r--p 00017000 08:01 398503                     /lib/x86_64-linux-gnu/libz.so.1.2.8
7f326b54f000-7f326b550000 rw-p 00018000 08:01 398503                     /lib/x86_64-linux-gnu/libz.so.1.2.8
7f326b550000-7f326b569000 r-xp 00000000 08:01 400118                     /lib/x86_64-linux-gnu/libpthread-2.19.so
7f326b569000-7f326b768000 ---p 00019000 08:01 400118                     /lib/x86_64-linux-gnu/libpthread-2.19.so
7f326b768000-7f326b769000 r--p 00018000 08:01 400118                     /lib/x86_64-linux-gnu/libpthread-2.19.so
7f326b769000-7f326b76a000 rw-p 00019000 08:01 400118                     /lib/x86_64-linux-gnu/libpthread-2.19.so
7f326b76a000-7f326b76e000 rw-p 00000000 00:00 0 
7f326b76e000-7f326b771000 r-xp 00000000 08:01 400060                     /lib/x86_64-linux-gnu/libdl-2.19.so
7f326b771000-7f326b970000 ---p 00003000 08:01 400060                     /lib/x86_64-linux-gnu/libdl-2.19.so
7f326b970000-7f326b971000 r--p 00002000 08:01 400060                     /lib/x86_64-linux-gnu/libdl-2.19.so
7f326b971000-7f326b972000 rw-p 00003000 08:01 400060                     /lib/x86_64-linux-gnu/libdl-2.19.so
7f326b972000-7f326bb2d000 r-xp 00000000 08:01 399256                     /lib/x86_64-linux-gnu/libc-2.19.so
7f326bb2d000-7f326bd2d000 ---p 001bb000 08:01 399256                     /lib/x86_64-linux-gnu/libc-2.19.so
7f326bd2d000-7f326bd31000 r--p 001bb000 08:01 399256                     /lib/x86_64-linux-gnu/libc-2.19.so
7f326bd31000-7f326bd33000 rw-p 001bf000 08:01 399256                     /lib/x86_64-linux-gnu/libc-2.19.so
7f326bd33000-7f326bd38000 rw-p 00000000 00:00 0 
7f326bd38000-7f326bd45000 r-xp 00000000 08:01 437904                     /usr/lib/jvm/java-7-openjdk-amd64/jre/lib/amd64/jli/libjli.so
7f326bd45000-7f326bf44000 ---p 0000d000 08:01 437904                     /usr/lib/jvm/java-7-openjdk-amd64/jre/lib/amd64/jli/libjli.so
7f326bf44000-7f326bf45000 r--p 0000c000 08:01 437904                     /usr/lib/jvm/java-7-openjdk-amd64/jre/lib/amd64/jli/libjli.so
7f326bf45000-7f326bf46000 rw-p 0000d000 08:01 437904                     /usr/lib/jvm/java-7-openjdk-amd64/jre/lib/amd64/jli/libjli.so
7f326bf46000-7f326bf69000 r-xp 00000000 08:01 399154                     /lib/x86_64-linux-gnu/ld-2.19.so
7f326bf6a000-7f326bf7a000 r--s 000b9000 08:01 27980                      /home/mmora/workspace/TextProcessing/lib/opennlp-tools-1.5.3.jar
7f326bf7a000-7f326bf7d000 r--s 0001d000 08:01 27979                      /home/mmora/workspace/TextProcessing/lib/opennlp-maxent-3.0.3.jar
7f326bf7d000-7f326bf82000 r--s 00025000 08:01 27978                      /home/mmora/workspace/TextProcessing/lib/jwnl-1.3.3.jar
7f326bf82000-7f326bf86000 r--s 0003c000 08:01 450799                     /usr/lib/jvm/java-7-openjdk-amd64/jre/lib/ext/sunpkcs11.jar
7f326bf86000-7f326bf88000 r--s 00012000 08:01 450797                     /usr/lib/jvm/java-7-openjdk-amd64/jre/lib/ext/zipfs.jar
7f326bf88000-7f326bf8b000 r--s 0000f000 08:01 450794                     /usr/lib/jvm/java-7-openjdk-amd64/jre/lib/ext/icedtea-sound.jar
7f326bf8b000-7f326bf95000 rw-p 00000000 00:00 0 
7f326bf95000-7f326c04b000 rw-p 00000000 00:00 0 
7f326c04b000-7f326c04e000 ---p 00000000 00:00 0 
7f326c04e000-7f326c151000 rw-p 00000000 00:00 0                          [stack:2405]
7f326c151000-7f326c152000 r--s 00002000 08:01 450805                     /usr/lib/jvm/java-7-openjdk-amd64/jre/lib/ext/dnsns.jar
7f326c152000-7f326c156000 r--s 00034000 08:01 450803                     /usr/lib/jvm/java-7-openjdk-amd64/jre/lib/ext/sunjce_provider.jar
7f326c156000-7f326c158000 r--s 00006000 08:01 451480                     /usr/share/java/java-atk-wrapper.jar
7f326c158000-7f326c15c000 r--s 00085000 08:01 450801                     /usr/lib/jvm/java-7-openjdk-amd64/jre/lib/ext/localedata.jar
7f326c15c000-7f326c164000 rw-s 00000000 08:01 131112                     /tmp/hsperfdata_mmora/2402
7f326c164000-7f326c165000 rw-p 00000000 00:00 0 
7f326c165000-7f326c166000 r--p 00000000 00:00 0 
7f326c166000-7f326c168000 rw-p 00000000 00:00 0 
7f326c168000-7f326c169000 r--p 00022000 08:01 399154                     /lib/x86_64-linux-gnu/ld-2.19.so
7f326c169000-7f326c16a000 rw-p 00023000 08:01 399154                     /lib/x86_64-linux-gnu/ld-2.19.so
7f326c16a000-7f326c16b000 rw-p 00000000 00:00 0 
7ffff84a8000-7ffff84c9000 rw-p 00000000 00:00 0                          [stack]
7ffff85ef000-7ffff85f1000 r-xp 00000000 00:00 0                          [vdso]
ffffffffff600000-ffffffffff601000 r-xp 00000000 00:00 0                  [vsyscall]

VM Arguments:
jvm_args: -Djava.library.path=/home/mmora/workspace/TextProcessing/lib -Dfile.encoding=UTF-8 
java_command: TaxonDescriptionAnalyzer
Launcher Type: SUN_STANDARD

Environment Variables:
PATH=/usr/local/sbin:/usr/local/bin:/usr/sbin:/usr/bin:/sbin:/bin:/usr/games:/usr/local/games
LD_LIBRARY_PATH=/usr/local/lib:/pkg/freeling-3.1/APIs/java:
SHELL=/bin/bash
DISPLAY=:0

Signal Handlers:
SIGSEGV: [libjvm.so+0x9495e0], sa_mask[0]=0x7ffbfeff, sa_flags=0x10000004
SIGBUS: [libjvm.so+0x9495e0], sa_mask[0]=0x7ffbfeff, sa_flags=0x10000004
SIGFPE: [libjvm.so+0x7c3410], sa_mask[0]=0x7ffbfeff, sa_flags=0x10000004
SIGPIPE: [libjvm.so+0x7c3410], sa_mask[0]=0x7ffbfeff, sa_flags=0x10000004
SIGXFSZ: [libjvm.so+0x7c3410], sa_mask[0]=0x7ffbfeff, sa_flags=0x10000004
SIGILL: [libjvm.so+0x7c3410], sa_mask[0]=0x7ffbfeff, sa_flags=0x10000004
SIGUSR1: SIG_DFL, sa_mask[0]=0x00000000, sa_flags=0x00000000
SIGUSR2: [libjvm.so+0x7c32b0], sa_mask[0]=0x00000004, sa_flags=0x10000004
SIGHUP: [libjvm.so+0x7c3490], sa_mask[0]=0x7ffbfeff, sa_flags=0x10000004
SIGINT: [libjvm.so+0x7c3490], sa_mask[0]=0x7ffbfeff, sa_flags=0x10000004
SIGTERM: [libjvm.so+0x7c3490], sa_mask[0]=0x7ffbfeff, sa_flags=0x10000004
SIGQUIT: [libjvm.so+0x7c3490], sa_mask[0]=0x7ffbfeff, sa_flags=0x10000004
SIGTRAP: SIG_DFL, sa_mask[0]=0x00000000, sa_flags=0x00000000


---------------  S Y S T E M  ---------------

OS:Ubuntu 14.04 (trusty)
uname:Linux 3.13.0-44-generic #73-Ubuntu SMP Tue Dec 16 00:22:43 UTC 2014 x86_64
libc:glibc 2.19 NPTL 2.19 
rlimit: STACK 8192k, CORE 0k, NPROC 31458, NOFILE 4096, AS infinity
load average:2.24 2.47 2.24

/proc/meminfo:
MemTotal:        4048348 kB
MemFree:         1580920 kB
Buffers:           57340 kB
Cached:           688300 kB
SwapCached:            0 kB
Active:          1822836 kB
Inactive:         533556 kB
Active(anon):    1617112 kB
Inactive(anon):    58892 kB
Active(file):     205724 kB
Inactive(file):   474664 kB
Unevictable:          32 kB
Mlocked:              32 kB
SwapTotal:       1046524 kB
SwapFree:        1046524 kB
Dirty:               176 kB
Writeback:             0 kB
AnonPages:       1610856 kB
Mapped:           167712 kB
Shmem:             65180 kB
Slab:              46200 kB
SReclaimable:      27840 kB
SUnreclaim:        18360 kB
KernelStack:        2968 kB
PageTables:        28180 kB
NFS_Unstable:          0 kB
Bounce:                0 kB
WritebackTmp:          0 kB
CommitLimit:     3070696 kB
Committed_AS:    3057452 kB
VmallocTotal:   34359738367 kB
VmallocUsed:        9952 kB
VmallocChunk:   34359722355 kB
HardwareCorrupted:     0 kB
AnonHugePages:    980992 kB
HugePages_Total:       0
HugePages_Free:        0
HugePages_Rsvd:        0
HugePages_Surp:        0
Hugepagesize:       2048 kB
DirectMap4k:       44992 kB
DirectMap2M:     4149248 kB


CPU:total 1 (1 cores per cpu, 1 threads per core) family 6 model 58 stepping 9, cmov, cx8, fxsr, mmx, sse, sse2, sse3, ssse3, tsc

/proc/cpuinfo:
processor	: 0
vendor_id	: GenuineIntel
cpu family	: 6
model		: 58
model name	: Intel(R) Core(TM) i7-3520M CPU @ 2.90GHz
stepping	: 9
microcode	: 0x19
cpu MHz		: 2898.053
cache size	: 6144 KB
physical id	: 0
siblings	: 1
core id		: 0
cpu cores	: 1
apicid		: 0
initial apicid	: 0
fpu		: yes
fpu_exception	: yes
cpuid level	: 5
wp		: yes
flags		: fpu vme de pse tsc msr pae mce cx8 apic sep mtrr pge mca cmov pat pse36 clflush mmx fxsr sse sse2 syscall nx rdtscp lm constant_tsc rep_good nopl pni monitor ssse3 lahf_lm
bogomips	: 5796.10
clflush size	: 64
cache_alignment	: 64
address sizes	: 36 bits physical, 48 bits virtual
power management:



Memory: 4k page, physical 4048348k(1580920k free), swap 1046524k(1046524k free)

vm_info: OpenJDK 64-Bit Server VM (24.65-b04) for linux-amd64 JRE (1.7.0_65-b32), built on Oct 22 2014 04:37:44 by "buildd" with gcc 4.8.2

time: Mon Dec 21 19:20:41 2015
elapsed time: 1618 seconds

