#
# A fatal error has been detected by the Java Runtime Environment:
#
#  SIGSEGV (0xb) at pc=0x00007f37ce3c1af0, pid=3093, tid=139878385506048
#
# JRE version: OpenJDK Runtime Environment (7.0_65-b32) (build 1.7.0_65-b32)
# Java VM: OpenJDK 64-Bit Server VM (24.65-b04 mixed mode linux-amd64 compressed oops)
# Derivative: IcedTea 2.5.3
# Distribution: Ubuntu 14.04 LTS, package 7u71-2.5.3-0ubuntu0.14.04.1
# Problematic frame:
# C  [libfreeling-3.1.so+0x74af0]  freeling::word::get_n_analysis() const+0x10
#
# Failed to write core dump. Core dumps have been disabled. To enable core dumping, try "ulimit -c unlimited" before starting Java again
#
# If you would like to submit a bug report, please include
# instructions on how to reproduce the bug and visit:
#   http://icedtea.classpath.org/bugzilla
# The crash happened outside the Java Virtual Machine in native code.
# See problematic frame for where to report the bug.
#

---------------  T H R E A D  ---------------

Current thread (0x00007f37f000a800):  JavaThread "main" [_thread_in_native, id=3094, stack(0x00007f37f96ad000,0x00007f37f97ae000)]

siginfo:si_signo=SIGSEGV: si_errno=0, si_code=1 (SEGV_MAPERR), si_addr=0x0000000000000000

Registers:
RAX=0x0000000000000002, RBX=0x00007f37f97ac480, RCX=0x00007f37bf6efc70, RDX=0x0000000000000000
RSP=0x00007f37f97ac3f8, RBP=0x00007f37bf6efc70, RSI=0x00007f37bf6efc70, RDI=0x00007f37bf6efc70
R8 =0x0000000000000005, R9 =0x0000000000000011, R10=0x00007f37ed110155, R11=0x0000000000000005
R12=0x0000000000000000, R13=0x00000000d1573888, R14=0x00007f37f97ac4f0, R15=0x00007f37f000a800
RIP=0x00007f37ce3c1af0, EFLAGS=0x0000000000010202, CSGSFS=0x0000000000000033, ERR=0x0000000000000004
  TRAPNO=0x000000000000000e

Top of Stack: (sp=0x00007f37f97ac3f8)
0x00007f37f97ac3f8:   00007f37ce3c2289 00000000d1573888
0x00007f37f97ac408:   00007f37f97ac4f0 00007f37f000a800
0x00007f37f97ac418:   00007f37f7951e7f 00000000d1557ba8
0x00007f37f97ac428:   00007f37f97ac4b0 0000000000000000
0x00007f37f97ac438:   00007f37ec32630e 00007f37f97ac4c8
0x00007f37f97ac448:   00007f37bf6efc70 00007f37f97ac4f0
0x00007f37f97ac458:   00007f37f000a9d8 000000000000000a
0x00007f37f97ac468:   0000000300000003 00007f37f7b98418
0x00007f37f97ac478:   0000000800000001 00007f37bc74b838
0x00007f37f97ac488:   0000000000000000 00007f37bf6efc70
0x00007f37f97ac498:   00007f37bc3488e0 0000000000000000
0x00007f37f97ac4a8:   00000000d1557ba8 00007f37f97ac500
0x00007f37f97ac4b8:   00007f37ed1101c7 0000000000000001
0x00007f37f97ac4c8:   00000000bf208a00 0000000000000001
0x00007f37f97ac4d8:   00007f37ed0b8180 00000000bf208a48
0x00007f37f97ac4e8:   00000000d1573888 00000000d15424a0
0x00007f37f97ac4f8:   00007f37ed061e05 00000000d1573888
0x00007f37f97ac508:   00007f37ed1ac524 00007f37bd37cc60
0x00007f37f97ac518:   00000000d1573038 00000000d1573038
0x00007f37f97ac528:   00007f37f97a0198 00007f37f97ac590
0x00007f37f97ac538:   00007f37f97ac4e8 00007f37f97ac529
0x00007f37f97ac548:   0000000800000001 00007f37f97ac500
0x00007f37f97ac558:   00000000bf208a48 00007f3700000001
0x00007f37f97ac568:   00007f37bf6efc70 00000000c0090148
0x00007f37f97ac578:   00000000d1573098 00000000d1534100
0x00007f37f97ac588:   00000000c0090158 00000000bf208690
0x00007f37f97ac598:   00000000bf208898 00000000bf208910
0x00007f37f97ac5a8:   00000000bf208a00 00007f37f97ac600
0x00007f37f97ac5b8:   00007f37ed0d7207 00000000bf208758
0x00007f37f97ac5c8:   00000000bf208758 00000000bf208758
0x00007f37f97ac5d8:   00007f37ed0d2350 00000000d1534180
0x00007f37f97ac5e8:   00007f37bd37cc90 00000000d15424a0 

Instructions: (pc=0x00007f37ce3c1af0)
0x00007f37ce3c1ad0:   0f b6 47 61 c3 90 66 2e 0f 1f 84 00 00 00 00 00
0x00007f37ce3c1ae0:   48 8b 17 48 39 d7 74 16 31 c0 66 0f 1f 44 00 00
0x00007f37ce3c1af0:   48 8b 12 48 83 c0 01 48 39 d7 75 f4 f3 c3 31 c0
0x00007f37ce3c1b00:   c3 90 66 66 66 66 66 2e 0f 1f 84 00 00 00 00 00 

Register to memory mapping:

RAX=0x0000000000000002 is an unknown value
RBX=0x00007f37f97ac480 is pointing into the stack for thread: 0x00007f37f000a800
RCX=0x00007f37bf6efc70 is an unknown value
RDX=0x0000000000000000 is an unknown value
RSP=0x00007f37f97ac3f8 is pointing into the stack for thread: 0x00007f37f000a800
RBP=0x00007f37bf6efc70 is an unknown value
RSI=0x00007f37bf6efc70 is an unknown value
RDI=0x00007f37bf6efc70 is an unknown value
R8 =0x0000000000000005 is an unknown value
R9 =0x0000000000000011 is an unknown value
R10=0x00007f37ed110155 is at entry_point+85 in (nmethod*)0x00007f37ed10ff90
R11=0x0000000000000005 is an unknown value
R12=0x0000000000000000 is an unknown value
R13=0x00000000d1573888 is an oop
java.io.PrintStream 
 - klass: 'java/io/PrintStream'
R14=0x00007f37f97ac4f0 is pointing into the stack for thread: 0x00007f37f000a800
R15=0x00007f37f000a800 is a thread


Stack: [0x00007f37f96ad000,0x00007f37f97ae000],  sp=0x00007f37f97ac3f8,  free space=1020k
Native frames: (J=compiled Java code, j=interpreted, Vv=VM code, C=native code)
C  [libfreeling-3.1.so+0x74af0]  freeling::word::get_n_analysis() const+0x10

Java frames: (J=compiled Java code, j=interpreted, Vv=VM code)
J 227  edu.upc.freeling.freelingJNI.Word_getLemma__SWIG_1(JLedu/upc/freeling/Word;)Ljava/lang/String; (0 bytes) @ 0x00007f37ed110155 [0x00007f37ed110100+0x55]
J 392 C2 TaxonDescriptionAnalyzer.evaluateDepTreeChunkCategory1(Ljava/sql/Connection;ILedu/upc/freeling/TreeDepnode;Ledu/upc/freeling/TreeDepnode;Ljava/lang/Integer;Ljava/lang/Integer;Ljava/lang/Integer;Ljava/lang/Integer;LTokenParser;Ljava/lang/String;Ljava/lang/String;Ljava/lang/String;Ljava/lang/Boolean;Ljava/lang/String;Ljava/lang/String;)V (1965 bytes) @ 0x00007f37ed1ac524 [0x00007f37ed1abe80+0x6a4]
J 392 C2 TaxonDescriptionAnalyzer.evaluateDepTreeChunkCategory1(Ljava/sql/Connection;ILedu/upc/freeling/TreeDepnode;Ledu/upc/freeling/TreeDepnode;Ljava/lang/Integer;Ljava/lang/Integer;Ljava/lang/Integer;Ljava/lang/Integer;LTokenParser;Ljava/lang/String;Ljava/lang/String;Ljava/lang/String;Ljava/lang/Boolean;Ljava/lang/String;Ljava/lang/String;)V (1965 bytes) @ 0x00007f37ed1ad914 [0x00007f37ed1abe80+0x1a94]
J 428 C2 TaxonDescriptionAnalyzer.evaluateDependencyTree(Ljava/sql/Connection;Ljava/lang/Integer;Ljava/lang/Integer;Ljava/lang/Integer;Ledu/upc/freeling/ListSentence;Ljava/lang/Integer;Ljava/lang/Boolean;Ljava/lang/String;)V (99 bytes) @ 0x00007f37ed1dfad8 [0x00007f37ed1df300+0x7d8]
j  TaxonDescriptionAnalyzer.semanticAnalisys(Ljava/sql/Connection;Ljava/lang/Integer;)V+559
j  TaxonDescriptionAnalyzer.main([Ljava/lang/String;)V+9
v  ~StubRoutines::call_stub

---------------  P R O C E S S  ---------------

Java Threads: ( => current thread )
  0x00007f37f00a7000 JavaThread "Service Thread" daemon [_thread_blocked, id=3106, stack(0x00007f37f4e92000,0x00007f37f4f93000)]
  0x00007f37f00a4800 JavaThread "C2 CompilerThread1" daemon [_thread_blocked, id=3105, stack(0x00007f37f4f93000,0x00007f37f5094000)]
  0x00007f37f00a2000 JavaThread "C2 CompilerThread0" daemon [_thread_blocked, id=3104, stack(0x00007f37f5094000,0x00007f37f5195000)]
  0x00007f37f00a0000 JavaThread "Signal Dispatcher" daemon [_thread_blocked, id=3103, stack(0x00007f37f5195000,0x00007f37f5296000)]
  0x00007f37f0072800 JavaThread "Finalizer" daemon [_thread_in_native, id=3102, stack(0x00007f37f5978000,0x00007f37f5a79000)]
  0x00007f37f0070800 JavaThread "Reference Handler" daemon [_thread_blocked, id=3101, stack(0x00007f37f5a79000,0x00007f37f5b7a000)]
=>0x00007f37f000a800 JavaThread "main" [_thread_in_native, id=3094, stack(0x00007f37f96ad000,0x00007f37f97ae000)]

Other Threads:
  0x00007f37f006c000 VMThread [stack: 0x00007f37f5b7a000,0x00007f37f5c7b000] [id=3100]
  0x00007f37f00b2000 WatcherThread [stack: 0x00007f37f4d91000,0x00007f37f4e92000] [id=3107]

VM state:not at safepoint (normal execution)

VM Mutex/Monitor currently owned by a thread: None

Heap
 def new generation   total 16768K, used 2154K [0x00000000bf200000, 0x00000000c0430000, 0x00000000d14a0000)
  eden space 14912K,   2% used [0x00000000bf200000, 0x00000000bf24a9f8, 0x00000000c0090000)
  from space 1856K, 100% used [0x00000000c0090000, 0x00000000c0260000, 0x00000000c0260000)
  to   space 1856K,   0% used [0x00000000c0260000, 0x00000000c0260000, 0x00000000c0430000)
 tenured generation   total 37184K, used 35635K [0x00000000d14a0000, 0x00000000d38f0000, 0x00000000f5a00000)
   the space 37184K,  95% used [0x00000000d14a0000, 0x00000000d376cf48, 0x00000000d376d000, 0x00000000d38f0000)
 compacting perm gen  total 21248K, used 6598K [0x00000000f5a00000, 0x00000000f6ec0000, 0x0000000100000000)
   the space 21248K,  31% used [0x00000000f5a00000, 0x00000000f60719d0, 0x00000000f6071a00, 0x00000000f6ec0000)
No shared spaces configured.

Card table byte_map: [0x00007f37f60e5000,0x00007f37f62ed000] byte_map_base: 0x00007f37f5aec000

Polling page: 0x00007f37f97c7000

Code Cache  [0x00007f37ed000000, 0x00007f37ed270000, 0x00007f37f0000000)
 total_blobs=702 nmethods=418 adapters=238 free_code_cache=47258Kb largest_free_block=48354624

Compilation events (10 events):
Event: 1102.578 Thread 0x00007f37f00a2000  424             edu.upc.freeling.DepTree::finalize (5 bytes)
Event: 1102.580 Thread 0x00007f37f00a2000 nmethod 424 0x00007f37ed1cc510 code [0x00007f37ed1cc660, 0x00007f37ed1cc9b8]
Event: 1102.580 Thread 0x00007f37f00a2000  425  s          edu.upc.freeling.DepTree::delete (38 bytes)
Event: 1102.581 Thread 0x00007f37f00a2000 nmethod 425 0x00007f37ed117710 code [0x00007f37ed117860, 0x00007f37ed117bb8]
Event: 1114.917 Thread 0x00007f37f00a2000  426             java.lang.ref.Finalizer::access$100 (6 bytes)
Event: 1114.920 Thread 0x00007f37f00a2000 nmethod 426 0x00007f37ed118410 code [0x00007f37ed118580, 0x00007f37ed118b38]
Event: 1114.920 Thread 0x00007f37f00a2000  427   !         java.lang.ref.Finalizer::runFinalizer (62 bytes)
Event: 1114.936 Thread 0x00007f37f00a2000 nmethod 427 0x00007f37ed1cdb50 code [0x00007f37ed1cdcc0, 0x00007f37ed1ce298]
Event: 1144.322 Thread 0x00007f37f00a4800  428             TaxonDescriptionAnalyzer::evaluateDependencyTree (99 bytes)
Event: 1144.460 Thread 0x00007f37f00a4800 nmethod 428 0x00007f37ed1def90 code [0x00007f37ed1df300, 0x00007f37ed1e0f70]

GC Heap History (10 events):
Event: 1102.544 GC heap before
{Heap before GC invocations=85 (full 8):
 def new generation   total 16768K, used 16768K [0x00000000bf200000, 0x00000000c0430000, 0x00000000d14a0000)
  eden space 14912K, 100% used [0x00000000bf200000, 0x00000000c0090000, 0x00000000c0090000)
  from space 1856K, 100% used [0x00000000c0260000, 0x00000000c0430000, 0x00000000c0430000)
  to   space 1856K,   0% used [0x00000000c0090000, 0x00000000c0090000, 0x00000000c0260000)
 tenured generation   total 37184K, used 19874K [0x00000000d14a0000, 0x00000000d38f0000, 0x00000000f5a00000)
   the space 37184K,  53% used [0x00000000d14a0000, 0x00000000d28089d0, 0x00000000d2808a00, 0x00000000d38f0000)
 compacting perm gen  total 21248K, used 6598K [0x00000000f5a00000, 0x00000000f6ec0000, 0x0000000100000000)
   the space 21248K,  31% used [0x00000000f5a00000, 0x00000000f60719d0, 0x00000000f6071a00, 0x00000000f6ec0000)
No shared spaces configured.
Event: 1102.570 GC heap after
Heap after GC invocations=86 (full 8):
 def new generation   total 16768K, used 1856K [0x00000000bf200000, 0x00000000c0430000, 0x00000000d14a0000)
  eden space 14912K,   0% used [0x00000000bf200000, 0x00000000bf200000, 0x00000000c0090000)
  from space 1856K, 100% used [0x00000000c0090000, 0x00000000c0260000, 0x00000000c0260000)
  to   space 1856K,   0% used [0x00000000c0260000, 0x00000000c0260000, 0x00000000c0430000)
 tenured generation   total 37184K, used 23010K [0x00000000d14a0000, 0x00000000d38f0000, 0x00000000f5a00000)
   the space 37184K,  61% used [0x00000000d14a0000, 0x00000000d2b18bd8, 0x00000000d2b18c00, 0x00000000d38f0000)
 compacting perm gen  total 21248K, used 6598K [0x00000000f5a00000, 0x00000000f6ec0000, 0x0000000100000000)
   the space 21248K,  31% used [0x00000000f5a00000, 0x00000000f60719d0, 0x00000000f6071a00, 0x00000000f6ec0000)
No shared spaces configured.
}
Event: 1114.849 GC heap before
{Heap before GC invocations=86 (full 8):
 def new generation   total 16768K, used 16768K [0x00000000bf200000, 0x00000000c0430000, 0x00000000d14a0000)
  eden space 14912K, 100% used [0x00000000bf200000, 0x00000000c0090000, 0x00000000c0090000)
  from space 1856K, 100% used [0x00000000c0090000, 0x00000000c0260000, 0x00000000c0260000)
  to   space 1856K,   0% used [0x00000000c0260000, 0x00000000c0260000, 0x00000000c0430000)
 tenured generation   total 37184K, used 23010K [0x00000000d14a0000, 0x00000000d38f0000, 0x00000000f5a00000)
   the space 37184K,  61% used [0x00000000d14a0000, 0x00000000d2b18bd8, 0x00000000d2b18c00, 0x00000000d38f0000)
 compacting perm gen  total 21248K, used 6598K [0x00000000f5a00000, 0x00000000f6ec0000, 0x0000000100000000)
   the space 21248K,  31% used [0x00000000f5a00000, 0x00000000f60719d0, 0x00000000f6071a00, 0x00000000f6ec0000)
No shared spaces configured.
Event: 1114.858 GC heap after
Heap after GC invocations=87 (full 8):
 def new generation   total 16768K, used 1856K [0x00000000bf200000, 0x00000000c0430000, 0x00000000d14a0000)
  eden space 14912K,   0% used [0x00000000bf200000, 0x00000000bf200000, 0x00000000c0090000)
  from space 1856K, 100% used [0x00000000c0260000, 0x00000000c0430000, 0x00000000c0430000)
  to   space 1856K,   0% used [0x00000000c0090000, 0x00000000c0090000, 0x00000000c0260000)
 tenured generation   total 37184K, used 26195K [0x00000000d14a0000, 0x00000000d38f0000, 0x00000000f5a00000)
   the space 37184K,  70% used [0x00000000d14a0000, 0x00000000d2e34ed8, 0x00000000d2e35000, 0x00000000d38f0000)
 compacting perm gen  total 21248K, used 6598K [0x00000000f5a00000, 0x00000000f6ec0000, 0x0000000100000000)
   the space 21248K,  31% used [0x00000000f5a00000, 0x00000000f60719d0, 0x00000000f6071a00, 0x00000000f6ec0000)
No shared spaces configured.
}
Event: 1128.145 GC heap before
{Heap before GC invocations=87 (full 8):
 def new generation   total 16768K, used 16768K [0x00000000bf200000, 0x00000000c0430000, 0x00000000d14a0000)
  eden space 14912K, 100% used [0x00000000bf200000, 0x00000000c0090000, 0x00000000c0090000)
  from space 1856K, 100% used [0x00000000c0260000, 0x00000000c0430000, 0x00000000c0430000)
  to   space 1856K,   0% used [0x00000000c0090000, 0x00000000c0090000, 0x00000000c0260000)
 tenured generation   total 37184K, used 26195K [0x00000000d14a0000, 0x00000000d38f0000, 0x00000000f5a00000)
   the space 37184K,  70% used [0x00000000d14a0000, 0x00000000d2e34ed8, 0x00000000d2e35000, 0x00000000d38f0000)
 compacting perm gen  total 21248K, used 6598K [0x00000000f5a00000, 0x00000000f6ec0000, 0x0000000100000000)
   the space 21248K,  31% used [0x00000000f5a00000, 0x00000000f60719d0, 0x00000000f6071a00, 0x00000000f6ec0000)
No shared spaces configured.
Event: 1128.161 GC heap after
Heap after GC invocations=88 (full 8):
 def new generation   total 16768K, used 1856K [0x00000000bf200000, 0x00000000c0430000, 0x00000000d14a0000)
  eden space 14912K,   0% used [0x00000000bf200000, 0x00000000bf200000, 0x00000000c0090000)
  from space 1856K, 100% used [0x00000000c0090000, 0x00000000c0260000, 0x00000000c0260000)
  to   space 1856K,   0% used [0x00000000c0260000, 0x00000000c0260000, 0x00000000c0430000)
 tenured generation   total 37184K, used 29361K [0x00000000d14a0000, 0x00000000d38f0000, 0x00000000f5a00000)
   the space 37184K,  78% used [0x00000000d14a0000, 0x00000000d314c488, 0x00000000d314c600, 0x00000000d38f0000)
 compacting perm gen  total 21248K, used 6598K [0x00000000f5a00000, 0x00000000f6ec0000, 0x0000000100000000)
   the space 21248K,  31% used [0x00000000f5a00000, 0x00000000f60719d0, 0x00000000f6071a00, 0x00000000f6ec0000)
No shared spaces configured.
}
Event: 1141.203 GC heap before
{Heap before GC invocations=88 (full 8):
 def new generation   total 16768K, used 16768K [0x00000000bf200000, 0x00000000c0430000, 0x00000000d14a0000)
  eden space 14912K, 100% used [0x00000000bf200000, 0x00000000c0090000, 0x00000000c0090000)
  from space 1856K, 100% used [0x00000000c0090000, 0x00000000c0260000, 0x00000000c0260000)
  to   space 1856K,   0% used [0x00000000c0260000, 0x00000000c0260000, 0x00000000c0430000)
 tenured generation   total 37184K, used 29361K [0x00000000d14a0000, 0x00000000d38f0000, 0x00000000f5a00000)
   the space 37184K,  78% used [0x00000000d14a0000, 0x00000000d314c488, 0x00000000d314c600, 0x00000000d38f0000)
 compacting perm gen  total 21248K, used 6598K [0x00000000f5a00000, 0x00000000f6ec0000, 0x0000000100000000)
   the space 21248K,  31% used [0x00000000f5a00000, 0x00000000f60719d0, 0x00000000f6071a00, 0x00000000f6ec0000)
No shared spaces configured.
Event: 1141.222 GC heap after
Heap after GC invocations=89 (full 8):
 def new generation   total 16768K, used 1856K [0x00000000bf200000, 0x00000000c0430000, 0x00000000d14a0000)
  eden space 14912K,   0% used [0x00000000bf200000, 0x00000000bf200000, 0x00000000c0090000)
  from space 1856K, 100% used [0x00000000c0260000, 0x00000000c0430000, 0x00000000c0430000)
  to   space 1856K,   0% used [0x00000000c0090000, 0x00000000c0090000, 0x00000000c0260000)
 tenured generation   total 37184K, used 32502K [0x00000000d14a0000, 0x00000000d38f0000, 0x00000000f5a00000)
   the space 37184K,  87% used [0x00000000d14a0000, 0x00000000d345d8f0, 0x00000000d345da00, 0x00000000d38f0000)
 compacting perm gen  total 21248K, used 6598K [0x00000000f5a00000, 0x00000000f6ec0000, 0x0000000100000000)
   the space 21248K,  31% used [0x00000000f5a00000, 0x00000000f60719d0, 0x00000000f6071a00, 0x00000000f6ec0000)
No shared spaces configured.
}
Event: 1153.506 GC heap before
{Heap before GC invocations=89 (full 8):
 def new generation   total 16768K, used 16768K [0x00000000bf200000, 0x00000000c0430000, 0x00000000d14a0000)
  eden space 14912K, 100% used [0x00000000bf200000, 0x00000000c0090000, 0x00000000c0090000)
  from space 1856K, 100% used [0x00000000c0260000, 0x00000000c0430000, 0x00000000c0430000)
  to   space 1856K,   0% used [0x00000000c0090000, 0x00000000c0090000, 0x00000000c0260000)
 tenured generation   total 37184K, used 32502K [0x00000000d14a0000, 0x00000000d38f0000, 0x00000000f5a00000)
   the space 37184K,  87% used [0x00000000d14a0000, 0x00000000d345d8f0, 0x00000000d345da00, 0x00000000d38f0000)
 compacting perm gen  total 21248K, used 6598K [0x00000000f5a00000, 0x00000000f6ec0000, 0x0000000100000000)
   the space 21248K,  31% used [0x00000000f5a00000, 0x00000000f60719d0, 0x00000000f6071a00, 0x00000000f6ec0000)
No shared spaces configured.
Event: 1153.516 GC heap after
Heap after GC invocations=90 (full 8):
 def new generation   total 16768K, used 1856K [0x00000000bf200000, 0x00000000c0430000, 0x00000000d14a0000)
  eden space 14912K,   0% used [0x00000000bf200000, 0x00000000bf200000, 0x00000000c0090000)
  from space 1856K, 100% used [0x00000000c0090000, 0x00000000c0260000, 0x00000000c0260000)
  to   space 1856K,   0% used [0x00000000c0260000, 0x00000000c0260000, 0x00000000c0430000)
 tenured generation   total 37184K, used 35635K [0x00000000d14a0000, 0x00000000d38f0000, 0x00000000f5a00000)
   the space 37184K,  95% used [0x00000000d14a0000, 0x00000000d376cf48, 0x00000000d376d000, 0x00000000d38f0000)
 compacting perm gen  total 21248K, used 6598K [0x00000000f5a00000, 0x00000000f6ec0000, 0x0000000100000000)
   the space 21248K,  31% used [0x00000000f5a00000, 0x00000000f60719d0, 0x00000000f6071a00, 0x00000000f6ec0000)
No shared spaces configured.
}

Deoptimization events (10 events):
Event: 350.950 Thread 0x00007f37f000a800 Uncommon trap: reason=unreached action=reinterpret pc=0x00007f37ed172450 method=TaxonDescriptionAnalyzer.evaluateDepTreeChunkCategory1(Ljava/sql/Connection;ILedu/upc/freeling/TreeDepnode;Ledu/upc/freeling/TreeDepnode;Ljava/lang/Integer;Ljava/lang/Integer;
Event: 527.724 Thread 0x00007f37f000a800 Uncommon trap: reason=unreached action=reinterpret pc=0x00007f37ed18f988 method=TaxonDescriptionAnalyzer.evaluateDepTreeChunkCategory1(Ljava/sql/Connection;ILedu/upc/freeling/TreeDepnode;Ledu/upc/freeling/TreeDepnode;Ljava/lang/Integer;Ljava/lang/Integer;
Event: 706.235 Thread 0x00007f37f000a800 Uncommon trap: reason=array_check action=maybe_recompile pc=0x00007f37ed11f26c method=java.util.AbstractCollection.toArray([Ljava/lang/Object;)[Ljava/lang/Object; @ 119
Event: 706.241 Thread 0x00007f37f000a800 Uncommon trap: reason=array_check action=maybe_recompile pc=0x00007f37ed11f26c method=java.util.AbstractCollection.toArray([Ljava/lang/Object;)[Ljava/lang/Object; @ 119
Event: 706.426 Thread 0x00007f37f000a800 Uncommon trap: reason=array_check action=maybe_recompile pc=0x00007f37ed11f26c method=java.util.AbstractCollection.toArray([Ljava/lang/Object;)[Ljava/lang/Object; @ 119
Event: 706.628 Thread 0x00007f37f000a800 Uncommon trap: reason=array_check action=maybe_recompile pc=0x00007f37ed11f26c method=java.util.AbstractCollection.toArray([Ljava/lang/Object;)[Ljava/lang/Object; @ 119
Event: 908.256 Thread 0x00007f37f0070800 Uncommon trap: reason=unreached action=reinterpret pc=0x00007f37ed0672d4 method=java.lang.ref.Reference$ReferenceHandler.run()V @ 96
Event: 1114.864 Thread 0x00007f37f0072800 Uncommon trap: reason=unreached action=reinterpret pc=0x00007f37ed0d1230 method=java.lang.ref.Finalizer.remove()V @ 10
Event: 1114.864 Thread 0x00007f37f0072800 Uncommon trap: reason=unreached action=reinterpret pc=0x00007f37ed0d2ccc method=java.lang.ref.Finalizer.remove()V @ 10
Event: 1114.864 Thread 0x00007f37f0072800 Uncommon trap: reason=unreached action=reinterpret pc=0x00007f37ed0d1cf4 method=java.lang.ref.Finalizer.remove()V @ 10

Internal exceptions (10 events):
Event: 13.157 Thread 0x00007f37f000a800 Threw 0x00000000bf88bfc0 at /build/buildd/openjdk-7-7u71-2.5.3/build/openjdk/hotspot/src/share/vm/prims/jvm.cpp:1284
Event: 13.157 Thread 0x00007f37f000a800 Threw 0x00000000bf88fc88 at /build/buildd/openjdk-7-7u71-2.5.3/build/openjdk/hotspot/src/share/vm/prims/jvm.cpp:1284
Event: 13.162 Thread 0x00007f37f000a800 Threw 0x00000000bf89ab10 at /build/buildd/openjdk-7-7u71-2.5.3/build/openjdk/hotspot/src/share/vm/prims/jvm.cpp:1284
Event: 13.187 Thread 0x00007f37f000a800 Threw 0x00000000bf8a1060 at /build/buildd/openjdk-7-7u71-2.5.3/build/openjdk/hotspot/src/share/vm/prims/jvm.cpp:1284
Event: 13.200 Thread 0x00007f37f000a800 Threw 0x00000000bf8aa848 at /build/buildd/openjdk-7-7u71-2.5.3/build/openjdk/hotspot/src/share/vm/prims/jvm.cpp:1284
Event: 13.212 Thread 0x00007f37f000a800 Threw 0x00000000bf8b96a0 at /build/buildd/openjdk-7-7u71-2.5.3/build/openjdk/hotspot/src/share/vm/prims/jvm.cpp:1284
Event: 13.311 Thread 0x00007f37f000a800 Threw 0x00000000bf8d9df8 at /build/buildd/openjdk-7-7u71-2.5.3/build/openjdk/hotspot/src/share/vm/prims/jvm.cpp:1284
Event: 13.335 Thread 0x00007f37f000a800 Threw 0x00000000bf8e56b8 at /build/buildd/openjdk-7-7u71-2.5.3/build/openjdk/hotspot/src/share/vm/prims/jvm.cpp:1284
Event: 19.649 Thread 0x00007f37f000a800 Threw 0x00000000bff119f0 at /build/buildd/openjdk-7-7u71-2.5.3/build/openjdk/hotspot/src/share/vm/prims/jvm.cpp:1284
Event: 22.299 Thread 0x00007f37f000a800 Implicit null exception at 0x00007f37ed090365 to 0x00007f37ed09047d

Events (10 events):
Event: 1114.864 Thread 0x00007f37f0072800 DEOPT UNPACKING pc=0x00007f37ed039045 sp=0x00007f37f5a77878 mode 2
Event: 1114.864 Thread 0x00007f37f0072800 Uncommon trap: trap_request=0xffffffad fr.pc=0x00007f37ed0d1cf4
Event: 1114.864 Thread 0x00007f37f0072800 DEOPT PACKING pc=0x00007f37ed0d1cf4 sp=0x00007f37f5a778d0
Event: 1114.864 Thread 0x00007f37f0072800 DEOPT UNPACKING pc=0x00007f37ed039045 sp=0x00007f37f5a77870 mode 2
Event: 1128.145 Executing VM operation: GenCollectForAllocation
Event: 1128.161 Executing VM operation: GenCollectForAllocation done
Event: 1141.203 Executing VM operation: GenCollectForAllocation
Event: 1141.222 Executing VM operation: GenCollectForAllocation done
Event: 1153.506 Executing VM operation: GenCollectForAllocation
Event: 1153.526 Executing VM operation: GenCollectForAllocation done


Dynamic libraries:
00400000-00401000 r-xp 00000000 08:01 451179                             /usr/lib/jvm/java-7-openjdk-amd64/jre/bin/java
00600000-00601000 r--p 00000000 08:01 451179                             /usr/lib/jvm/java-7-openjdk-amd64/jre/bin/java
00601000-00602000 rw-p 00001000 08:01 451179                             /usr/lib/jvm/java-7-openjdk-amd64/jre/bin/java
025e5000-02606000 rw-p 00000000 00:00 0                                  [heap]
bf200000-c0430000 rw-p 00000000 00:00 0 
c0430000-d14a0000 rw-p 00000000 00:00 0 
d14a0000-d38f0000 rw-p 00000000 00:00 0 
d38f0000-d3b90000 ---p 00000000 00:00 0 
d3b90000-f5a00000 rw-p 00000000 00:00 0 
f5a00000-f6ec0000 rw-p 00000000 00:00 0 
f6ec0000-100000000 rw-p 00000000 00:00 0 
7f37b0000000-7f37b08ee000 rw-p 00000000 00:00 0 
7f37b08ee000-7f37b4000000 ---p 00000000 00:00 0 
7f37b7627000-7f37b8000000 rw-p 00000000 00:00 0 
7f37b8000000-7f37c0000000 rw-p 00000000 00:00 0 
7f37c0000000-7f37c8000000 rw-p 00000000 00:00 0 
7f37c8000000-7f37cc000000 rw-p 00000000 00:00 0 
7f37cc058000-7f37cd6c4000 r-xp 00000000 08:01 11065                      /usr/lib/x86_64-linux-gnu/libicudata.so.52.1
7f37cd6c4000-7f37cd8c3000 ---p 0166c000 08:01 11065                      /usr/lib/x86_64-linux-gnu/libicudata.so.52.1
7f37cd8c3000-7f37cd8c4000 r--p 0166b000 08:01 11065                      /usr/lib/x86_64-linux-gnu/libicudata.so.52.1
7f37cd8c4000-7f37cd8c5000 rw-p 0166c000 08:01 11065                      /usr/lib/x86_64-linux-gnu/libicudata.so.52.1
7f37cd8c5000-7f37cdabe000 r-xp 00000000 08:01 11067                      /usr/lib/x86_64-linux-gnu/libicui18n.so.52.1
7f37cdabe000-7f37cdcbe000 ---p 001f9000 08:01 11067                      /usr/lib/x86_64-linux-gnu/libicui18n.so.52.1
7f37cdcbe000-7f37cdccb000 r--p 001f9000 08:01 11067                      /usr/lib/x86_64-linux-gnu/libicui18n.so.52.1
7f37cdccb000-7f37cdccc000 rw-p 00206000 08:01 11067                      /usr/lib/x86_64-linux-gnu/libicui18n.so.52.1
7f37cdccc000-7f37cdccd000 rw-p 00000000 00:00 0 
7f37cdccd000-7f37cde31000 r-xp 00000000 08:01 11079                      /usr/lib/x86_64-linux-gnu/libicuuc.so.52.1
7f37cde31000-7f37ce030000 ---p 00164000 08:01 11079                      /usr/lib/x86_64-linux-gnu/libicuuc.so.52.1
7f37ce030000-7f37ce041000 r--p 00163000 08:01 11079                      /usr/lib/x86_64-linux-gnu/libicuuc.so.52.1
7f37ce041000-7f37ce042000 rw-p 00174000 08:01 11079                      /usr/lib/x86_64-linux-gnu/libicuuc.so.52.1
7f37ce042000-7f37ce046000 rw-p 00000000 00:00 0 
7f37ce046000-7f37ce147000 r-xp 00000000 08:01 1126                       /usr/lib/x86_64-linux-gnu/libboost_regex.so.1.54.0
7f37ce147000-7f37ce346000 ---p 00101000 08:01 1126                       /usr/lib/x86_64-linux-gnu/libboost_regex.so.1.54.0
7f37ce346000-7f37ce34b000 r--p 00100000 08:01 1126                       /usr/lib/x86_64-linux-gnu/libboost_regex.so.1.54.0
7f37ce34b000-7f37ce34c000 rw-p 00105000 08:01 1126                       /usr/lib/x86_64-linux-gnu/libboost_regex.so.1.54.0
7f37ce34c000-7f37ce34d000 rw-p 00000000 00:00 0 
7f37ce34d000-7f37ce5df000 r-xp 00000000 08:01 450063                     /usr/local/lib/libfreeling-3.1.so
7f37ce5df000-7f37ce7df000 ---p 00292000 08:01 450063                     /usr/local/lib/libfreeling-3.1.so
7f37ce7df000-7f37ce7e4000 r--p 00292000 08:01 450063                     /usr/local/lib/libfreeling-3.1.so
7f37ce7e4000-7f37ce7e8000 rw-p 00297000 08:01 450063                     /usr/local/lib/libfreeling-3.1.so
7f37ce7e8000-7f37d0000000 rw-p 00000000 00:00 0 
7f37d0000000-7f37d12ef000 rw-p 00000000 00:00 0 
7f37d12ef000-7f37d4000000 ---p 00000000 00:00 0 
7f37d4000000-7f37d4021000 rw-p 00000000 00:00 0 
7f37d4021000-7f37d8000000 ---p 00000000 00:00 0 
7f37d8000000-7f37d8021000 rw-p 00000000 00:00 0 
7f37d8021000-7f37dc000000 ---p 00000000 00:00 0 
7f37dc000000-7f37dde14000 rw-p 00000000 00:00 0 
7f37dde14000-7f37e0000000 ---p 00000000 00:00 0 
7f37e0000000-7f37e0021000 rw-p 00000000 00:00 0 
7f37e0021000-7f37e4000000 ---p 00000000 00:00 0 
7f37e4000000-7f37e409a000 rw-p 00000000 00:00 0 
7f37e409a000-7f37e8000000 ---p 00000000 00:00 0 
7f37e8000000-7f37e803a000 rw-p 00000000 00:00 0 
7f37e803a000-7f37ec000000 ---p 00000000 00:00 0 
7f37ec03e000-7f37ec0b2000 rw-p 00000000 00:00 0 
7f37ec0b2000-7f37ec0b5000 r-xp 00000000 08:01 10627                      /usr/lib/x86_64-linux-gnu/libboost_system.so.1.54.0
7f37ec0b5000-7f37ec2b4000 ---p 00003000 08:01 10627                      /usr/lib/x86_64-linux-gnu/libboost_system.so.1.54.0
7f37ec2b4000-7f37ec2b5000 r--p 00002000 08:01 10627                      /usr/lib/x86_64-linux-gnu/libboost_system.so.1.54.0
7f37ec2b5000-7f37ec2b6000 rw-p 00003000 08:01 10627                      /usr/lib/x86_64-linux-gnu/libboost_system.so.1.54.0
7f37ec2b6000-7f37ec374000 r-xp 00000000 08:01 313559                     /pkg/freeling-3.1/APIs/java/libfreeling_javaAPI.so
7f37ec374000-7f37ec573000 ---p 000be000 08:01 313559                     /pkg/freeling-3.1/APIs/java/libfreeling_javaAPI.so
7f37ec573000-7f37ec574000 r--p 000bd000 08:01 313559                     /pkg/freeling-3.1/APIs/java/libfreeling_javaAPI.so
7f37ec574000-7f37ec578000 rw-p 000be000 08:01 313559                     /pkg/freeling-3.1/APIs/java/libfreeling_javaAPI.so
7f37ec578000-7f37ec5b5000 r-xp 00000000 08:01 398443                     /lib/x86_64-linux-gnu/libpcre.so.3.13.1
7f37ec5b5000-7f37ec7b4000 ---p 0003d000 08:01 398443                     /lib/x86_64-linux-gnu/libpcre.so.3.13.1
7f37ec7b4000-7f37ec7b5000 r--p 0003c000 08:01 398443                     /lib/x86_64-linux-gnu/libpcre.so.3.13.1
7f37ec7b5000-7f37ec7b6000 rw-p 0003d000 08:01 398443                     /lib/x86_64-linux-gnu/libpcre.so.3.13.1
7f37ec7b6000-7f37ec7bd000 r-xp 00000000 08:01 10785                      /usr/lib/x86_64-linux-gnu/libffi.so.6.0.1
7f37ec7bd000-7f37ec9bc000 ---p 00007000 08:01 10785                      /usr/lib/x86_64-linux-gnu/libffi.so.6.0.1
7f37ec9bc000-7f37ec9bd000 r--p 00006000 08:01 10785                      /usr/lib/x86_64-linux-gnu/libffi.so.6.0.1
7f37ec9bd000-7f37ec9be000 rw-p 00007000 08:01 10785                      /usr/lib/x86_64-linux-gnu/libffi.so.6.0.1
7f37ec9be000-7f37ec9d5000 r-xp 00000000 08:01 400113                     /lib/x86_64-linux-gnu/libresolv-2.19.so
7f37ec9d5000-7f37ecbd5000 ---p 00017000 08:01 400113                     /lib/x86_64-linux-gnu/libresolv-2.19.so
7f37ecbd5000-7f37ecbd6000 r--p 00017000 08:01 400113                     /lib/x86_64-linux-gnu/libresolv-2.19.so
7f37ecbd6000-7f37ecbd7000 rw-p 00018000 08:01 400113                     /lib/x86_64-linux-gnu/libresolv-2.19.so
7f37ecbd7000-7f37ecbd9000 rw-p 00000000 00:00 0 
7f37ecbd9000-7f37ecbf9000 r-xp 00000000 08:01 398470                     /lib/x86_64-linux-gnu/libselinux.so.1
7f37ecbf9000-7f37ecdf8000 ---p 00020000 08:01 398470                     /lib/x86_64-linux-gnu/libselinux.so.1
7f37ecdf8000-7f37ecdf9000 r--p 0001f000 08:01 398470                     /lib/x86_64-linux-gnu/libselinux.so.1
7f37ecdf9000-7f37ecdfa000 rw-p 00020000 08:01 398470                     /lib/x86_64-linux-gnu/libselinux.so.1
7f37ecdfa000-7f37ecdfc000 rw-p 00000000 00:00 0 
7f37ecdfc000-7f37ecdff000 r-xp 00000000 08:01 3202                       /usr/lib/x86_64-linux-gnu/libgmodule-2.0.so.0.4002.0
7f37ecdff000-7f37ecffe000 ---p 00003000 08:01 3202                       /usr/lib/x86_64-linux-gnu/libgmodule-2.0.so.0.4002.0
7f37ecffe000-7f37ecfff000 r--p 00002000 08:01 3202                       /usr/lib/x86_64-linux-gnu/libgmodule-2.0.so.0.4002.0
7f37ecfff000-7f37ed000000 rw-p 00003000 08:01 3202                       /usr/lib/x86_64-linux-gnu/libgmodule-2.0.so.0.4002.0
7f37ed000000-7f37ed270000 rwxp 00000000 00:00 0 
7f37ed270000-7f37f4000000 rw-p 00000000 00:00 0 
7f37f402e000-7f37f4035000 r--s 00000000 08:01 162543                     /usr/lib/x86_64-linux-gnu/gconv/gconv-modules.cache
7f37f4035000-7f37f403a000 r--s 0004c000 08:01 437947                     /usr/lib/jvm/java-7-openjdk-amd64/jre/lib/jsse.jar
7f37f403a000-7f37f4047000 r--s 000a3000 08:01 67645                      /home/mmora/workspace/TextProcessing/lib/httpcomponents-client-4.4/lib/httpclient-4.4.jar
7f37f4047000-7f37f4078000 rw-p 00000000 00:00 0 
7f37f4078000-7f37f417e000 r-xp 00000000 08:01 398974                     /lib/x86_64-linux-gnu/libglib-2.0.so.0.4002.0
7f37f417e000-7f37f437d000 ---p 00106000 08:01 398974                     /lib/x86_64-linux-gnu/libglib-2.0.so.0.4002.0
7f37f437d000-7f37f437e000 r--p 00105000 08:01 398974                     /lib/x86_64-linux-gnu/libglib-2.0.so.0.4002.0
7f37f437e000-7f37f437f000 rw-p 00106000 08:01 398974                     /lib/x86_64-linux-gnu/libglib-2.0.so.0.4002.0
7f37f437f000-7f37f4380000 rw-p 00000000 00:00 0 
7f37f4380000-7f37f43cf000 r-xp 00000000 08:01 3203                       /usr/lib/x86_64-linux-gnu/libgobject-2.0.so.0.4002.0
7f37f43cf000-7f37f45cf000 ---p 0004f000 08:01 3203                       /usr/lib/x86_64-linux-gnu/libgobject-2.0.so.0.4002.0
7f37f45cf000-7f37f45d0000 r--p 0004f000 08:01 3203                       /usr/lib/x86_64-linux-gnu/libgobject-2.0.so.0.4002.0
7f37f45d0000-7f37f45d1000 rw-p 00050000 08:01 3203                       /usr/lib/x86_64-linux-gnu/libgobject-2.0.so.0.4002.0
7f37f45d1000-7f37f473d000 r-xp 00000000 08:01 3205                       /usr/lib/x86_64-linux-gnu/libgio-2.0.so.0.4002.0
7f37f473d000-7f37f493c000 ---p 0016c000 08:01 3205                       /usr/lib/x86_64-linux-gnu/libgio-2.0.so.0.4002.0
7f37f493c000-7f37f4940000 r--p 0016b000 08:01 3205                       /usr/lib/x86_64-linux-gnu/libgio-2.0.so.0.4002.0
7f37f4940000-7f37f4942000 rw-p 0016f000 08:01 3205                       /usr/lib/x86_64-linux-gnu/libgio-2.0.so.0.4002.0
7f37f4942000-7f37f4944000 rw-p 00000000 00:00 0 
7f37f4945000-7f37f4947000 r--s 0000e000 08:01 67651                      /home/mmora/workspace/TextProcessing/lib/httpcomponents-client-4.4/lib/commons-logging-1.2.jar
7f37f4947000-7f37f494e000 r--s 0003a000 08:01 67652                      /home/mmora/workspace/TextProcessing/lib/httpcomponents-client-4.4/lib/commons-codec-1.9.jar
7f37f494e000-7f37f4955000 r--s 00048000 08:01 67650                      /home/mmora/workspace/TextProcessing/lib/httpcomponents-client-4.4/lib/httpcore-4.4.jar
7f37f4955000-7f37f4957000 r--s 00007000 08:01 64607                      /home/mmora/workspace/TextProcessing/lib/google-api-translate-java-0.97.jar
7f37f4957000-7f37f4959000 r--s 0000a000 08:01 131110                     /home/mmora/workspace/TextProcessing/lib/json-20090211.jar
7f37f4959000-7f37f4970000 r-xp 00000000 08:01 437907                     /usr/lib/jvm/java-7-openjdk-amd64/jre/lib/amd64/libnet.so
7f37f4970000-7f37f4b6f000 ---p 00017000 08:01 437907                     /usr/lib/jvm/java-7-openjdk-amd64/jre/lib/amd64/libnet.so
7f37f4b6f000-7f37f4b70000 r--p 00016000 08:01 437907                     /usr/lib/jvm/java-7-openjdk-amd64/jre/lib/amd64/libnet.so
7f37f4b70000-7f37f4b71000 rw-p 00017000 08:01 437907                     /usr/lib/jvm/java-7-openjdk-amd64/jre/lib/amd64/libnet.so
7f37f4b71000-7f37f4b81000 r-xp 00000000 08:01 437922                     /usr/lib/jvm/java-7-openjdk-amd64/jre/lib/amd64/libnio.so
7f37f4b81000-7f37f4d81000 ---p 00010000 08:01 437922                     /usr/lib/jvm/java-7-openjdk-amd64/jre/lib/amd64/libnio.so
7f37f4d81000-7f37f4d82000 r--p 00010000 08:01 437922                     /usr/lib/jvm/java-7-openjdk-amd64/jre/lib/amd64/libnio.so
7f37f4d82000-7f37f4d83000 rw-p 00011000 08:01 437922                     /usr/lib/jvm/java-7-openjdk-amd64/jre/lib/amd64/libnio.so
7f37f4d83000-7f37f4d87000 r--s 00021000 08:01 313639                     /pkg/freeling-3.1/APIs/java/freeling.jar
7f37f4d87000-7f37f4d8e000 r--s 0008a000 08:01 27983                      /home/mmora/workspace/TextProcessing/lib/postgresql-9.3-1102.jdbc41.jar
7f37f4d8e000-7f37f4d91000 r--s 00014000 08:01 27982                      /home/mmora/workspace/TextProcessing/lib/opennlp-uima-1.5.3.jar
7f37f4d91000-7f37f4d92000 ---p 00000000 00:00 0 
7f37f4d92000-7f37f4e92000 rw-p 00000000 00:00 0                          [stack:3107]
7f37f4e92000-7f37f4e95000 ---p 00000000 00:00 0 
7f37f4e95000-7f37f4f93000 rw-p 00000000 00:00 0                          [stack:3106]
7f37f4f93000-7f37f4f96000 ---p 00000000 00:00 0 
7f37f4f96000-7f37f5094000 rw-p 00000000 00:00 0                          [stack:3105]
7f37f5094000-7f37f5097000 ---p 00000000 00:00 0 
7f37f5097000-7f37f5195000 rw-p 00000000 00:00 0                          [stack:3104]
7f37f5195000-7f37f5198000 ---p 00000000 00:00 0 
7f37f5198000-7f37f5296000 rw-p 00000000 00:00 0                          [stack:3103]
7f37f5296000-7f37f5978000 r--p 00000000 08:01 7563                       /usr/lib/locale/locale-archive
7f37f5978000-7f37f597b000 ---p 00000000 00:00 0 
7f37f597b000-7f37f5a79000 rw-p 00000000 00:00 0                          [stack:3102]
7f37f5a79000-7f37f5a7c000 ---p 00000000 00:00 0 
7f37f5a7c000-7f37f5b7a000 rw-p 00000000 00:00 0                          [stack:3101]
7f37f5b7a000-7f37f5b7b000 ---p 00000000 00:00 0 
7f37f5b7b000-7f37f5cc4000 rw-p 00000000 00:00 0                          [stack:3100]
7f37f5cc4000-7f37f5e75000 r--s 01d25000 08:01 450807                     /usr/lib/jvm/java-7-openjdk-amd64/jre/lib/rt.jar
7f37f5e75000-7f37f5f79000 rw-p 00000000 00:00 0 
7f37f5f79000-7f37f5fc2000 rw-p 00000000 00:00 0 
7f37f5fc2000-7f37f5fd5000 rw-p 00000000 00:00 0 
7f37f5fd5000-7f37f5fd6000 ---p 00000000 00:00 0 
7f37f5fd6000-7f37f60e5000 rw-p 00000000 00:00 0 
7f37f60e5000-7f37f60ef000 rw-p 00000000 00:00 0 
7f37f60ef000-7f37f6176000 rw-p 00000000 00:00 0 
7f37f6176000-7f37f6189000 rw-p 00000000 00:00 0 
7f37f6189000-7f37f618a000 ---p 00000000 00:00 0 
7f37f618a000-7f37f6299000 rw-p 00000000 00:00 0 
7f37f6299000-7f37f62a4000 rw-p 00000000 00:00 0 
7f37f62a4000-7f37f62ec000 rw-p 00000000 00:00 0 
7f37f62ec000-7f37f62ed000 rw-p 00000000 00:00 0 
7f37f62ed000-7f37f62f5000 r-xp 00000000 08:01 437899                     /usr/lib/jvm/java-7-openjdk-amd64/jre/lib/amd64/libzip.so
7f37f62f5000-7f37f64f4000 ---p 00008000 08:01 437899                     /usr/lib/jvm/java-7-openjdk-amd64/jre/lib/amd64/libzip.so
7f37f64f4000-7f37f64f5000 r--p 00007000 08:01 437899                     /usr/lib/jvm/java-7-openjdk-amd64/jre/lib/amd64/libzip.so
7f37f64f5000-7f37f64f6000 rw-p 00008000 08:01 437899                     /usr/lib/jvm/java-7-openjdk-amd64/jre/lib/amd64/libzip.so
7f37f64f6000-7f37f6501000 r-xp 00000000 08:01 400119                     /lib/x86_64-linux-gnu/libnss_files-2.19.so
7f37f6501000-7f37f6700000 ---p 0000b000 08:01 400119                     /lib/x86_64-linux-gnu/libnss_files-2.19.so
7f37f6700000-7f37f6701000 r--p 0000a000 08:01 400119                     /lib/x86_64-linux-gnu/libnss_files-2.19.so
7f37f6701000-7f37f6702000 rw-p 0000b000 08:01 400119                     /lib/x86_64-linux-gnu/libnss_files-2.19.so
7f37f6702000-7f37f670d000 r-xp 00000000 08:01 400115                     /lib/x86_64-linux-gnu/libnss_nis-2.19.so
7f37f670d000-7f37f690c000 ---p 0000b000 08:01 400115                     /lib/x86_64-linux-gnu/libnss_nis-2.19.so
7f37f690c000-7f37f690d000 r--p 0000a000 08:01 400115                     /lib/x86_64-linux-gnu/libnss_nis-2.19.so
7f37f690d000-7f37f690e000 rw-p 0000b000 08:01 400115                     /lib/x86_64-linux-gnu/libnss_nis-2.19.so
7f37f690e000-7f37f6925000 r-xp 00000000 08:01 400109                     /lib/x86_64-linux-gnu/libnsl-2.19.so
7f37f6925000-7f37f6b24000 ---p 00017000 08:01 400109                     /lib/x86_64-linux-gnu/libnsl-2.19.so
7f37f6b24000-7f37f6b25000 r--p 00016000 08:01 400109                     /lib/x86_64-linux-gnu/libnsl-2.19.so
7f37f6b25000-7f37f6b26000 rw-p 00017000 08:01 400109                     /lib/x86_64-linux-gnu/libnsl-2.19.so
7f37f6b26000-7f37f6b28000 rw-p 00000000 00:00 0 
7f37f6b28000-7f37f6b31000 r-xp 00000000 08:01 400106                     /lib/x86_64-linux-gnu/libnss_compat-2.19.so
7f37f6b31000-7f37f6d30000 ---p 00009000 08:01 400106                     /lib/x86_64-linux-gnu/libnss_compat-2.19.so
7f37f6d30000-7f37f6d31000 r--p 00008000 08:01 400106                     /lib/x86_64-linux-gnu/libnss_compat-2.19.so
7f37f6d31000-7f37f6d32000 rw-p 00009000 08:01 400106                     /lib/x86_64-linux-gnu/libnss_compat-2.19.so
7f37f6d32000-7f37f6d5d000 r-xp 00000000 08:01 437906                     /usr/lib/jvm/java-7-openjdk-amd64/jre/lib/amd64/libjava.so
7f37f6d5d000-7f37f6f5c000 ---p 0002b000 08:01 437906                     /usr/lib/jvm/java-7-openjdk-amd64/jre/lib/amd64/libjava.so
7f37f6f5c000-7f37f6f5d000 r--p 0002a000 08:01 437906                     /usr/lib/jvm/java-7-openjdk-amd64/jre/lib/amd64/libjava.so
7f37f6f5d000-7f37f6f5f000 rw-p 0002b000 08:01 437906                     /usr/lib/jvm/java-7-openjdk-amd64/jre/lib/amd64/libjava.so
7f37f6f5f000-7f37f6f6f000 r-xp 00000000 08:01 437921                     /usr/lib/jvm/java-7-openjdk-amd64/jre/lib/amd64/libverify.so
7f37f6f6f000-7f37f716e000 ---p 00010000 08:01 437921                     /usr/lib/jvm/java-7-openjdk-amd64/jre/lib/amd64/libverify.so
7f37f716e000-7f37f7170000 r--p 0000f000 08:01 437921                     /usr/lib/jvm/java-7-openjdk-amd64/jre/lib/amd64/libverify.so
7f37f7170000-7f37f7171000 rw-p 00011000 08:01 437921                     /usr/lib/jvm/java-7-openjdk-amd64/jre/lib/amd64/libverify.so
7f37f7171000-7f37f7178000 r-xp 00000000 08:01 399258                     /lib/x86_64-linux-gnu/librt-2.19.so
7f37f7178000-7f37f7377000 ---p 00007000 08:01 399258                     /lib/x86_64-linux-gnu/librt-2.19.so
7f37f7377000-7f37f7378000 r--p 00006000 08:01 399258                     /lib/x86_64-linux-gnu/librt-2.19.so
7f37f7378000-7f37f7379000 rw-p 00007000 08:01 399258                     /lib/x86_64-linux-gnu/librt-2.19.so
7f37f7379000-7f37f738f000 r-xp 00000000 08:01 398318                     /lib/x86_64-linux-gnu/libgcc_s.so.1
7f37f738f000-7f37f758e000 ---p 00016000 08:01 398318                     /lib/x86_64-linux-gnu/libgcc_s.so.1
7f37f758e000-7f37f758f000 rw-p 00015000 08:01 398318                     /lib/x86_64-linux-gnu/libgcc_s.so.1
7f37f758f000-7f37f7694000 r-xp 00000000 08:01 400108                     /lib/x86_64-linux-gnu/libm-2.19.so
7f37f7694000-7f37f7893000 ---p 00105000 08:01 400108                     /lib/x86_64-linux-gnu/libm-2.19.so
7f37f7893000-7f37f7894000 r--p 00104000 08:01 400108                     /lib/x86_64-linux-gnu/libm-2.19.so
7f37f7894000-7f37f7895000 rw-p 00105000 08:01 400108                     /lib/x86_64-linux-gnu/libm-2.19.so
7f37f7895000-7f37f797b000 r-xp 00000000 08:01 11413                      /usr/lib/x86_64-linux-gnu/libstdc++.so.6.0.19
7f37f797b000-7f37f7b7a000 ---p 000e6000 08:01 11413                      /usr/lib/x86_64-linux-gnu/libstdc++.so.6.0.19
7f37f7b7a000-7f37f7b82000 r--p 000e5000 08:01 11413                      /usr/lib/x86_64-linux-gnu/libstdc++.so.6.0.19
7f37f7b82000-7f37f7b84000 rw-p 000ed000 08:01 11413                      /usr/lib/x86_64-linux-gnu/libstdc++.so.6.0.19
7f37f7b84000-7f37f7b99000 rw-p 00000000 00:00 0 
7f37f7b99000-7f37f86af000 r-xp 00000000 08:01 437928                     /usr/lib/jvm/java-7-openjdk-amd64/jre/lib/amd64/server/libjvm.so
7f37f86af000-7f37f88ae000 ---p 00b16000 08:01 437928                     /usr/lib/jvm/java-7-openjdk-amd64/jre/lib/amd64/server/libjvm.so
7f37f88ae000-7f37f8948000 r--p 00b15000 08:01 437928                     /usr/lib/jvm/java-7-openjdk-amd64/jre/lib/amd64/server/libjvm.so
7f37f8948000-7f37f896b000 rw-p 00baf000 08:01 437928                     /usr/lib/jvm/java-7-openjdk-amd64/jre/lib/amd64/server/libjvm.so
7f37f896b000-7f37f8999000 rw-p 00000000 00:00 0 
7f37f8999000-7f37f89b1000 r-xp 00000000 08:01 398503                     /lib/x86_64-linux-gnu/libz.so.1.2.8
7f37f89b1000-7f37f8bb0000 ---p 00018000 08:01 398503                     /lib/x86_64-linux-gnu/libz.so.1.2.8
7f37f8bb0000-7f37f8bb1000 r--p 00017000 08:01 398503                     /lib/x86_64-linux-gnu/libz.so.1.2.8
7f37f8bb1000-7f37f8bb2000 rw-p 00018000 08:01 398503                     /lib/x86_64-linux-gnu/libz.so.1.2.8
7f37f8bb2000-7f37f8bcb000 r-xp 00000000 08:01 400118                     /lib/x86_64-linux-gnu/libpthread-2.19.so
7f37f8bcb000-7f37f8dca000 ---p 00019000 08:01 400118                     /lib/x86_64-linux-gnu/libpthread-2.19.so
7f37f8dca000-7f37f8dcb000 r--p 00018000 08:01 400118                     /lib/x86_64-linux-gnu/libpthread-2.19.so
7f37f8dcb000-7f37f8dcc000 rw-p 00019000 08:01 400118                     /lib/x86_64-linux-gnu/libpthread-2.19.so
7f37f8dcc000-7f37f8dd0000 rw-p 00000000 00:00 0 
7f37f8dd0000-7f37f8dd3000 r-xp 00000000 08:01 400060                     /lib/x86_64-linux-gnu/libdl-2.19.so
7f37f8dd3000-7f37f8fd2000 ---p 00003000 08:01 400060                     /lib/x86_64-linux-gnu/libdl-2.19.so
7f37f8fd2000-7f37f8fd3000 r--p 00002000 08:01 400060                     /lib/x86_64-linux-gnu/libdl-2.19.so
7f37f8fd3000-7f37f8fd4000 rw-p 00003000 08:01 400060                     /lib/x86_64-linux-gnu/libdl-2.19.so
7f37f8fd4000-7f37f918f000 r-xp 00000000 08:01 399256                     /lib/x86_64-linux-gnu/libc-2.19.so
7f37f918f000-7f37f938f000 ---p 001bb000 08:01 399256                     /lib/x86_64-linux-gnu/libc-2.19.so
7f37f938f000-7f37f9393000 r--p 001bb000 08:01 399256                     /lib/x86_64-linux-gnu/libc-2.19.so
7f37f9393000-7f37f9395000 rw-p 001bf000 08:01 399256                     /lib/x86_64-linux-gnu/libc-2.19.so
7f37f9395000-7f37f939a000 rw-p 00000000 00:00 0 
7f37f939a000-7f37f93a7000 r-xp 00000000 08:01 437904                     /usr/lib/jvm/java-7-openjdk-amd64/jre/lib/amd64/jli/libjli.so
7f37f93a7000-7f37f95a6000 ---p 0000d000 08:01 437904                     /usr/lib/jvm/java-7-openjdk-amd64/jre/lib/amd64/jli/libjli.so
7f37f95a6000-7f37f95a7000 r--p 0000c000 08:01 437904                     /usr/lib/jvm/java-7-openjdk-amd64/jre/lib/amd64/jli/libjli.so
7f37f95a7000-7f37f95a8000 rw-p 0000d000 08:01 437904                     /usr/lib/jvm/java-7-openjdk-amd64/jre/lib/amd64/jli/libjli.so
7f37f95a8000-7f37f95cb000 r-xp 00000000 08:01 399154                     /lib/x86_64-linux-gnu/ld-2.19.so
7f37f95cc000-7f37f95dc000 r--s 000b9000 08:01 27980                      /home/mmora/workspace/TextProcessing/lib/opennlp-tools-1.5.3.jar
7f37f95dc000-7f37f95df000 r--s 0001d000 08:01 27979                      /home/mmora/workspace/TextProcessing/lib/opennlp-maxent-3.0.3.jar
7f37f95df000-7f37f95e4000 r--s 00025000 08:01 27978                      /home/mmora/workspace/TextProcessing/lib/jwnl-1.3.3.jar
7f37f95e4000-7f37f95e8000 r--s 0003c000 08:01 450799                     /usr/lib/jvm/java-7-openjdk-amd64/jre/lib/ext/sunpkcs11.jar
7f37f95e8000-7f37f95ea000 r--s 00012000 08:01 450797                     /usr/lib/jvm/java-7-openjdk-amd64/jre/lib/ext/zipfs.jar
7f37f95ea000-7f37f95ed000 r--s 0000f000 08:01 450794                     /usr/lib/jvm/java-7-openjdk-amd64/jre/lib/ext/icedtea-sound.jar
7f37f95ed000-7f37f95f7000 rw-p 00000000 00:00 0 
7f37f95f7000-7f37f96ad000 rw-p 00000000 00:00 0 
7f37f96ad000-7f37f96b0000 ---p 00000000 00:00 0 
7f37f96b0000-7f37f97b3000 rw-p 00000000 00:00 0                          [stack:3094]
7f37f97b3000-7f37f97b4000 r--s 00002000 08:01 450805                     /usr/lib/jvm/java-7-openjdk-amd64/jre/lib/ext/dnsns.jar
7f37f97b4000-7f37f97b8000 r--s 00034000 08:01 450803                     /usr/lib/jvm/java-7-openjdk-amd64/jre/lib/ext/sunjce_provider.jar
7f37f97b8000-7f37f97ba000 r--s 00006000 08:01 451480                     /usr/share/java/java-atk-wrapper.jar
7f37f97ba000-7f37f97be000 r--s 00085000 08:01 450801                     /usr/lib/jvm/java-7-openjdk-amd64/jre/lib/ext/localedata.jar
7f37f97be000-7f37f97c6000 rw-s 00000000 08:01 131104                     /tmp/hsperfdata_mmora/3093
7f37f97c6000-7f37f97c7000 rw-p 00000000 00:00 0 
7f37f97c7000-7f37f97c8000 r--p 00000000 00:00 0 
7f37f97c8000-7f37f97ca000 rw-p 00000000 00:00 0 
7f37f97ca000-7f37f97cb000 r--p 00022000 08:01 399154                     /lib/x86_64-linux-gnu/ld-2.19.so
7f37f97cb000-7f37f97cc000 rw-p 00023000 08:01 399154                     /lib/x86_64-linux-gnu/ld-2.19.so
7f37f97cc000-7f37f97cd000 rw-p 00000000 00:00 0 
7fffe4e87000-7fffe4ea8000 rw-p 00000000 00:00 0                          [stack]
7fffe4f73000-7fffe4f75000 r-xp 00000000 00:00 0                          [vdso]
ffffffffff600000-ffffffffff601000 r-xp 00000000 00:00 0                  [vsyscall]

VM Arguments:
jvm_args: -Djava.library.path=/home/mmora/workspace/TextProcessing/lib -Dfile.encoding=UTF-8 
java_command: TaxonDescriptionAnalyzer
Launcher Type: SUN_STANDARD

Environment Variables:
PATH=/usr/local/sbin:/usr/local/bin:/usr/sbin:/usr/bin:/sbin:/bin:/usr/games:/usr/local/games
LD_LIBRARY_PATH=/usr/local/lib:/pkg/freeling-3.1/APIs/java:
SHELL=/bin/bash
DISPLAY=:0

Signal Handlers:
SIGSEGV: [libjvm.so+0x9495e0], sa_mask[0]=0x7ffbfeff, sa_flags=0x10000004
SIGBUS: [libjvm.so+0x9495e0], sa_mask[0]=0x7ffbfeff, sa_flags=0x10000004
SIGFPE: [libjvm.so+0x7c3410], sa_mask[0]=0x7ffbfeff, sa_flags=0x10000004
SIGPIPE: [libjvm.so+0x7c3410], sa_mask[0]=0x7ffbfeff, sa_flags=0x10000004
SIGXFSZ: [libjvm.so+0x7c3410], sa_mask[0]=0x7ffbfeff, sa_flags=0x10000004
SIGILL: [libjvm.so+0x7c3410], sa_mask[0]=0x7ffbfeff, sa_flags=0x10000004
SIGUSR1: SIG_DFL, sa_mask[0]=0x00000000, sa_flags=0x00000000
SIGUSR2: [libjvm.so+0x7c32b0], sa_mask[0]=0x00000004, sa_flags=0x10000004
SIGHUP: [libjvm.so+0x7c3490], sa_mask[0]=0x7ffbfeff, sa_flags=0x10000004
SIGINT: [libjvm.so+0x7c3490], sa_mask[0]=0x7ffbfeff, sa_flags=0x10000004
SIGTERM: [libjvm.so+0x7c3490], sa_mask[0]=0x7ffbfeff, sa_flags=0x10000004
SIGQUIT: [libjvm.so+0x7c3490], sa_mask[0]=0x7ffbfeff, sa_flags=0x10000004
SIGTRAP: SIG_DFL, sa_mask[0]=0x00000000, sa_flags=0x00000000


---------------  S Y S T E M  ---------------

OS:Ubuntu 14.04 (trusty)
uname:Linux 3.13.0-44-generic #73-Ubuntu SMP Tue Dec 16 00:22:43 UTC 2014 x86_64
libc:glibc 2.19 NPTL 2.19 
rlimit: STACK 8192k, CORE 0k, NPROC 27683, NOFILE 4096, AS infinity
load average:5.56 3.79 2.97

/proc/meminfo:
MemTotal:        3565028 kB
MemFree:         1057840 kB
Buffers:           66416 kB
Cached:           777476 kB
SwapCached:            0 kB
Active:          1856564 kB
Inactive:         529168 kB
Active(anon):    1562244 kB
Inactive(anon):    28972 kB
Active(file):     294320 kB
Inactive(file):   500196 kB
Unevictable:          32 kB
Mlocked:              32 kB
SwapTotal:       1046524 kB
SwapFree:        1046524 kB
Dirty:               204 kB
Writeback:             0 kB
AnonPages:       1541924 kB
Mapped:           238952 kB
Shmem:             49304 kB
Slab:              51752 kB
SReclaimable:      31584 kB
SUnreclaim:        20168 kB
KernelStack:        3352 kB
PageTables:        31992 kB
NFS_Unstable:          0 kB
Bounce:                0 kB
WritebackTmp:          0 kB
CommitLimit:     2829036 kB
Committed_AS:    3753068 kB
VmallocTotal:   34359738367 kB
VmallocUsed:        9984 kB
VmallocChunk:   34359722299 kB
HardwareCorrupted:     0 kB
AnonHugePages:   1087488 kB
HugePages_Total:       0
HugePages_Free:        0
HugePages_Rsvd:        0
HugePages_Surp:        0
Hugepagesize:       2048 kB
DirectMap4k:       40896 kB
DirectMap2M:     3663872 kB


CPU:total 1 (1 cores per cpu, 1 threads per core) family 6 model 58 stepping 9, cmov, cx8, fxsr, mmx, sse, sse2, sse3, ssse3, tsc

/proc/cpuinfo:
processor	: 0
vendor_id	: GenuineIntel
cpu family	: 6
model		: 58
model name	: Intel(R) Core(TM) i7-3520M CPU @ 2.90GHz
stepping	: 9
microcode	: 0x19
cpu MHz		: 2899.503
cache size	: 6144 KB
physical id	: 0
siblings	: 1
core id		: 0
cpu cores	: 1
apicid		: 0
initial apicid	: 0
fpu		: yes
fpu_exception	: yes
cpuid level	: 5
wp		: yes
flags		: fpu vme de pse tsc msr pae mce cx8 apic sep mtrr pge mca cmov pat pse36 clflush mmx fxsr sse sse2 syscall nx rdtscp lm constant_tsc rep_good nopl pni monitor ssse3 lahf_lm
bogomips	: 5799.00
clflush size	: 64
cache_alignment	: 64
address sizes	: 36 bits physical, 48 bits virtual
power management:



Memory: 4k page, physical 3565028k(1057840k free), swap 1046524k(1046524k free)

vm_info: OpenJDK 64-Bit Server VM (24.65-b04) for linux-amd64 JRE (1.7.0_65-b32), built on Oct 22 2014 04:37:44 by "buildd" with gcc 4.8.2

time: Sun Oct  4 18:18:34 2015
elapsed time: 1153 seconds

