#
# A fatal error has been detected by the Java Runtime Environment:
#
#  SIGSEGV (0xb) at pc=0x00007fd91e3c1af0, pid=2423, tid=140571240019712
#
# JRE version: OpenJDK Runtime Environment (7.0_65-b32) (build 1.7.0_65-b32)
# Java VM: OpenJDK 64-Bit Server VM (24.65-b04 mixed mode linux-amd64 compressed oops)
# Derivative: IcedTea 2.5.3
# Distribution: Ubuntu 14.04 LTS, package 7u71-2.5.3-0ubuntu0.14.04.1
# Problematic frame:
# C  [libfreeling-3.1.so+0x74af0]  freeling::word::get_n_analysis() const+0x10
#
# Failed to write core dump. Core dumps have been disabled. To enable core dumping, try "ulimit -c unlimited" before starting Java again
#
# If you would like to submit a bug report, please include
# instructions on how to reproduce the bug and visit:
#   http://icedtea.classpath.org/bugzilla
# The crash happened outside the Java Virtual Machine in native code.
# See problematic frame for where to report the bug.
#

---------------  T H R E A D  ---------------

Current thread (0x00007fd94400a800):  JavaThread "main" [_thread_in_native, id=2425, stack(0x00007fd94ac3b000,0x00007fd94ad3c000)]

siginfo:si_signo=SIGSEGV: si_errno=0, si_code=1 (SEGV_MAPERR), si_addr=0x0000007200000000

Registers:
RAX=0x0000000000000002, RBX=0x00007fd94ad3a450, RCX=0x00007fd8fedd6ec0, RDX=0x0000007200000000
RSP=0x00007fd94ad3a3c8, RBP=0x00007fd8fedd6ec0, RSI=0x00007fd8fedd6ec0, RDI=0x00007fd8fedd6ec0
R8 =0x0000000000000009, R9 =0x00000000a9209328, R10=0x00007fd9408a5995, R11=0x0000000000000011
R12=0x0000000000000000, R13=0x0000000000000007, R14=0x00007fd94ad3a4c0, R15=0x00007fd94400a800
RIP=0x00007fd91e3c1af0, EFLAGS=0x0000000000010206, CSGSFS=0x0000000000000033, ERR=0x0000000000000004
  TRAPNO=0x000000000000000e

Top of Stack: (sp=0x00007fd94ad3a3c8)
0x00007fd94ad3a3c8:   00007fd91e3c2289 000000000000000f
0x00007fd94ad3a3d8:   00007fd94ad3a4c0 00007fd94400a800
0x00007fd94ad3a3e8:   00007fd948edfe7f 0000000000000008
0x00007fd94ad3a3f8:   00007fd94ad3a480 0000000000000000
0x00007fd94ad3a408:   00007fd93d7be30e 00007fd94ad3a498
0x00007fd94ad3a418:   00007fd8fedd6ec0 00007fd94ad3a4c0
0x00007fd94ad3a428:   00007fd94400a9d8 000000000000000f
0x00007fd94ad3a438:   0000000700000007 00007fd949126418
0x00007fd94ad3a448:   0000000800000001 00007fd8f94258c8
0x00007fd94ad3a458:   0000000000000000 00007fd8fedd6ec0
0x00007fd94ad3a468:   00007fd9087b9e70 0000000000000000
0x00007fd94ad3a478:   0000000000000008 00007fd94ad3a4d0
0x00007fd94ad3a488:   00007fd9408a5a07 00007fd94ad3a4c0
0x00007fd94ad3a498:   00000000a92092e0 00007fd94ad3a570
0x00007fd94ad3a4a8:   000000000000006f 0000000000000000
0x00007fd94ad3a4b8:   000000000000000f 00000000c2a0c790
0x00007fd94ad3a4c8:   00007fd940826e05 00000000c2a00d10
0x00007fd94ad3a4d8:   00007fd94098d794 00000000c2a22300
0x00007fd94ad3a4e8:   00000000c2a48a00 00000000c2a48a00
0x00007fd94ad3a4f8:   00007fd94ad3a598 00007fd94ad3a560
0x00007fd94ad3a508:   00007fd93d7b0149 00000000c2a48a00
0x00007fd94ad3a518:   00007fd94ad3a4c8 00007fd94ad3a509
0x00007fd94ad3a528:   00000000c2a00c78 00000000c2a00d20
0x00007fd94ad3a538:   0000000700000001 00000000c4929118
0x00007fd94ad3a548:   00000000c2a22bd0 00000000c4929158
0x00007fd94ad3a558:   00000000a9208f90 00000000a9209190
0x00007fd94ad3a568:   00000000a9209110 00000000a92092e0
0x00007fd94ad3a578:   00000000c2a22300 00000000a9209328
0x00007fd94ad3a588:   00000000a9209238 0000000000000000
0x00007fd94ad3a598:   0000000000000001 00000000c2a0c790
0x00007fd94ad3a5a8:   00007fd940826e05 0000000000000000
0x00007fd94ad3a5b8:   00007fd94098eb94 00000000c2a00ce8 

Instructions: (pc=0x00007fd91e3c1af0)
0x00007fd91e3c1ad0:   0f b6 47 61 c3 90 66 2e 0f 1f 84 00 00 00 00 00
0x00007fd91e3c1ae0:   48 8b 17 48 39 d7 74 16 31 c0 66 0f 1f 44 00 00
0x00007fd91e3c1af0:   48 8b 12 48 83 c0 01 48 39 d7 75 f4 f3 c3 31 c0
0x00007fd91e3c1b00:   c3 90 66 66 66 66 66 2e 0f 1f 84 00 00 00 00 00 

Register to memory mapping:

RAX=0x0000000000000002 is an unknown value
RBX=0x00007fd94ad3a450 is pointing into the stack for thread: 0x00007fd94400a800
RCX=0x00007fd8fedd6ec0 is an unknown value
RDX=0x0000007200000000 is an unknown value
RSP=0x00007fd94ad3a3c8 is pointing into the stack for thread: 0x00007fd94400a800
RBP=0x00007fd8fedd6ec0 is an unknown value
RSI=0x00007fd8fedd6ec0 is an unknown value
RDI=0x00007fd8fedd6ec0 is an unknown value
R8 =0x0000000000000009 is an unknown value
R9 =0x00000000a9209328 is an oop
java.lang.StringBuilder 
 - klass: 'java/lang/StringBuilder'
R10=0x00007fd9408a5995 is at entry_point+85 in (nmethod*)0x00007fd9408a57d0
R11=0x0000000000000011 is an unknown value
R12=0x0000000000000000 is an unknown value
R13=0x0000000000000007 is an unknown value
R14=0x00007fd94ad3a4c0 is pointing into the stack for thread: 0x00007fd94400a800
R15=0x00007fd94400a800 is a thread


Stack: [0x00007fd94ac3b000,0x00007fd94ad3c000],  sp=0x00007fd94ad3a3c8,  free space=1020k
Native frames: (J=compiled Java code, j=interpreted, Vv=VM code, C=native code)
C  [libfreeling-3.1.so+0x74af0]  freeling::word::get_n_analysis() const+0x10
C  0x00007fd8fedd6f50

Java frames: (J=compiled Java code, j=interpreted, Vv=VM code)
J 222  edu.upc.freeling.freelingJNI.Word_getLemma__SWIG_1(JLedu/upc/freeling/Word;)Ljava/lang/String; (0 bytes) @ 0x00007fd9408a5995 [0x00007fd9408a5940+0x55]
J 491 C2 TaxonDescriptionAnalyzer.evaluateDepTreeChunkCategory1(Ljava/sql/Connection;ILedu/upc/freeling/TreeDepnode;Ledu/upc/freeling/TreeDepnode;Ljava/lang/Integer;Ljava/lang/Integer;Ljava/lang/Integer;Ljava/lang/Integer;LTokenParser;Ljava/lang/String;Ljava/lang/String;Ljava/lang/String;Ljava/lang/Boolean;Ljava/lang/String;Ljava/lang/String;)V (2247 bytes) @ 0x00007fd94098d794 [0x00007fd94098cc40+0xb54]
J 491 C2 TaxonDescriptionAnalyzer.evaluateDepTreeChunkCategory1(Ljava/sql/Connection;ILedu/upc/freeling/TreeDepnode;Ledu/upc/freeling/TreeDepnode;Ljava/lang/Integer;Ljava/lang/Integer;Ljava/lang/Integer;Ljava/lang/Integer;LTokenParser;Ljava/lang/String;Ljava/lang/String;Ljava/lang/String;Ljava/lang/Boolean;Ljava/lang/String;Ljava/lang/String;)V (2247 bytes) @ 0x00007fd94098eb94 [0x00007fd94098cc40+0x1f54]
J 589 C2 TaxonDescriptionAnalyzer.evaluateDependencyTree(Ljava/sql/Connection;Ljava/lang/Integer;Ljava/lang/Integer;Ljava/lang/Integer;Ledu/upc/freeling/ListSentence;Ljava/lang/Integer;Ljava/lang/Boolean;Ljava/lang/String;)V (99 bytes) @ 0x00007fd9409c2d64 [0x00007fd9409c2680+0x6e4]
j  TaxonDescriptionAnalyzer.semanticAnalisys(Ljava/sql/Connection;Ljava/lang/Integer;Ljava/lang/Integer;Ljava/lang/Integer;)V+688
j  TaxonDescriptionAnalyzer.theExperiment(Ljava/sql/Connection;Ljava/lang/Integer;)V+204
j  TaxonDescriptionAnalyzer.main([Ljava/lang/String;)V+9
v  ~StubRoutines::call_stub

---------------  P R O C E S S  ---------------

Java Threads: ( => current thread )
  0x00007fd9440a7000 JavaThread "Service Thread" daemon [_thread_blocked, id=2436, stack(0x00007fd93f2c0000,0x00007fd93f3c1000)]
  0x00007fd9440a4800 JavaThread "C2 CompilerThread1" daemon [_thread_blocked, id=2435, stack(0x00007fd93f3c1000,0x00007fd93f4c2000)]
  0x00007fd9440a2000 JavaThread "C2 CompilerThread0" daemon [_thread_blocked, id=2434, stack(0x00007fd93f4c2000,0x00007fd93f5c3000)]
  0x00007fd9440a0000 JavaThread "Signal Dispatcher" daemon [_thread_blocked, id=2433, stack(0x00007fd93f5c3000,0x00007fd93f6c4000)]
  0x00007fd944072800 JavaThread "Finalizer" daemon [_thread_in_native, id=2432, stack(0x00007fd93fda6000,0x00007fd93fea7000)]
  0x00007fd944070800 JavaThread "Reference Handler" daemon [_thread_blocked, id=2431, stack(0x00007fd93fea7000,0x00007fd93ffa8000)]
=>0x00007fd94400a800 JavaThread "main" [_thread_in_native, id=2425, stack(0x00007fd94ac3b000,0x00007fd94ad3c000)]

Other Threads:
  0x00007fd94406c000 VMThread [stack: 0x00007fd93ffa8000,0x00007fd9400a9000] [id=2430]
  0x00007fd9440b2000 WatcherThread [stack: 0x00007fd93f1bf000,0x00007fd93f2c0000] [id=2437]

VM state:not at safepoint (normal execution)

VM Mutex/Monitor currently owned by a thread: None

Heap
 def new generation   total 48384K, used 863K [0x00000000a9200000, 0x00000000ac680000, 0x00000000c2a00000)
  eden space 43008K,   2% used [0x00000000a9200000, 0x00000000a92d7d38, 0x00000000abc00000)
  from space 5376K,   0% used [0x00000000ac140000, 0x00000000ac140000, 0x00000000ac680000)
  to   space 5376K,   0% used [0x00000000abc00000, 0x00000000abc00000, 0x00000000ac140000)
 tenured generation   total 107464K, used 37284K [0x00000000c2a00000, 0x00000000c92f2000, 0x00000000f5a00000)
   the space 107464K,  34% used [0x00000000c2a00000, 0x00000000c4e69040, 0x00000000c4e69200, 0x00000000c92f2000)
 compacting perm gen  total 21248K, used 6984K [0x00000000f5a00000, 0x00000000f6ec0000, 0x0000000100000000)
   the space 21248K,  32% used [0x00000000f5a00000, 0x00000000f60d2330, 0x00000000f60d2400, 0x00000000f6ec0000)
No shared spaces configured.

Card table byte_map: [0x00007fd94050d000,0x00007fd9407c5000] byte_map_base: 0x00007fd93ffc4000

Polling page: 0x00007fd94ad55000

Code Cache  [0x00007fd9407c5000, 0x00007fd940a35000, 0x00007fd9437c5000)
 total_blobs=842 nmethods=553 adapters=243 free_code_cache=47120Kb largest_free_block=48198336

Compilation events (10 events):
Event: 3002.551 Thread 0x00007fd9440a2000  585   !         org.postgresql.jdbc2.TimestampUtils::loadCalendar (860 bytes)
Event: 3002.802 Thread 0x00007fd9440a2000 nmethod 585 0x00007fd9409c6cd0 code [0x00007fd9409c70e0, 0x00007fd9409caec0]
Event: 3056.790 Thread 0x00007fd9440a4800  586             edu.upc.freeling.LangIdent::identifyLanguage (10 bytes)
Event: 3056.790 Thread 0x00007fd9440a4800 nmethod 586 0x00007fd9409bbcd0 code [0x00007fd9409bbe20, 0x00007fd9409bbea8]
Event: 3057.895 Thread 0x00007fd9440a4800  587             edu.upc.freeling.Tokenizer::tokenize (18 bytes)
Event: 3057.896 Thread 0x00007fd9440a4800 nmethod 587 0x00007fd9409bb950 code [0x00007fd9409bbaa0, 0x00007fd9409bbba8]
Event: 3077.379 Thread 0x00007fd9440a4800  588             edu.upc.freeling.HmmTagger::analyze (14 bytes)
Event: 3077.379 Thread 0x00007fd9440a4800 nmethod 588 0x00007fd9409bb690 code [0x00007fd9409bb7e0, 0x00007fd9409bb888]
Event: 3094.023 Thread 0x00007fd9440a4800  589             TaxonDescriptionAnalyzer::evaluateDependencyTree (99 bytes)
Event: 3094.069 Thread 0x00007fd9440a4800 nmethod 589 0x00007fd9409c2410 code [0x00007fd9409c2680, 0x00007fd9409c36e8]

GC Heap History (10 events):
Event: 3005.160 GC heap before
{Heap before GC invocations=74 (full 11):
 def new generation   total 48384K, used 48383K [0x00000000a9200000, 0x00000000ac680000, 0x00000000c2a00000)
  eden space 43008K, 100% used [0x00000000a9200000, 0x00000000abc00000, 0x00000000abc00000)
  from space 5376K,  99% used [0x00000000abc00000, 0x00000000ac13fff8, 0x00000000ac140000)
  to   space 5376K,   0% used [0x00000000ac140000, 0x00000000ac140000, 0x00000000ac680000)
 tenured generation   total 107464K, used 59080K [0x00000000c2a00000, 0x00000000c92f2000, 0x00000000f5a00000)
   the space 107464K,  54% used [0x00000000c2a00000, 0x00000000c63b21a0, 0x00000000c63b2200, 0x00000000c92f2000)
 compacting perm gen  total 21248K, used 6984K [0x00000000f5a00000, 0x00000000f6ec0000, 0x0000000100000000)
   the space 21248K,  32% used [0x00000000f5a00000, 0x00000000f60d21a0, 0x00000000f60d2200, 0x00000000f6ec0000)
No shared spaces configured.
Event: 3005.203 GC heap after
Heap after GC invocations=75 (full 11):
 def new generation   total 48384K, used 5375K [0x00000000a9200000, 0x00000000ac680000, 0x00000000c2a00000)
  eden space 43008K,   0% used [0x00000000a9200000, 0x00000000a9200000, 0x00000000abc00000)
  from space 5376K,  99% used [0x00000000ac140000, 0x00000000ac67fff8, 0x00000000ac680000)
  to   space 5376K,   0% used [0x00000000abc00000, 0x00000000abc00000, 0x00000000ac140000)
 tenured generation   total 107464K, used 69392K [0x00000000c2a00000, 0x00000000c92f2000, 0x00000000f5a00000)
   the space 107464K,  64% used [0x00000000c2a00000, 0x00000000c6dc4348, 0x00000000c6dc4400, 0x00000000c92f2000)
 compacting perm gen  total 21248K, used 6984K [0x00000000f5a00000, 0x00000000f6ec0000, 0x0000000100000000)
   the space 21248K,  32% used [0x00000000f5a00000, 0x00000000f60d21a0, 0x00000000f60d2200, 0x00000000f6ec0000)
No shared spaces configured.
}
Event: 3043.446 GC heap before
{Heap before GC invocations=75 (full 11):
 def new generation   total 48384K, used 48383K [0x00000000a9200000, 0x00000000ac680000, 0x00000000c2a00000)
  eden space 43008K, 100% used [0x00000000a9200000, 0x00000000abc00000, 0x00000000abc00000)
  from space 5376K,  99% used [0x00000000ac140000, 0x00000000ac67fff8, 0x00000000ac680000)
  to   space 5376K,   0% used [0x00000000abc00000, 0x00000000abc00000, 0x00000000ac140000)
 tenured generation   total 107464K, used 69392K [0x00000000c2a00000, 0x00000000c92f2000, 0x00000000f5a00000)
   the space 107464K,  64% used [0x00000000c2a00000, 0x00000000c6dc4348, 0x00000000c6dc4400, 0x00000000c92f2000)
 compacting perm gen  total 21248K, used 6984K [0x00000000f5a00000, 0x00000000f6ec0000, 0x0000000100000000)
   the space 21248K,  32% used [0x00000000f5a00000, 0x00000000f60d21a0, 0x00000000f60d2200, 0x00000000f6ec0000)
No shared spaces configured.
Event: 3043.505 GC heap after
Heap after GC invocations=76 (full 11):
 def new generation   total 48384K, used 5375K [0x00000000a9200000, 0x00000000ac680000, 0x00000000c2a00000)
  eden space 43008K,   0% used [0x00000000a9200000, 0x00000000a9200000, 0x00000000abc00000)
  from space 5376K,  99% used [0x00000000abc00000, 0x00000000ac13fff8, 0x00000000ac140000)
  to   space 5376K,   0% used [0x00000000ac140000, 0x00000000ac140000, 0x00000000ac680000)
 tenured generation   total 107464K, used 79690K [0x00000000c2a00000, 0x00000000c92f2000, 0x00000000f5a00000)
   the space 107464K,  74% used [0x00000000c2a00000, 0x00000000c77d2b50, 0x00000000c77d2c00, 0x00000000c92f2000)
 compacting perm gen  total 21248K, used 6984K [0x00000000f5a00000, 0x00000000f6ec0000, 0x0000000100000000)
   the space 21248K,  32% used [0x00000000f5a00000, 0x00000000f60d21a0, 0x00000000f60d2200, 0x00000000f6ec0000)
No shared spaces configured.
}
Event: 3082.137 GC heap before
{Heap before GC invocations=76 (full 11):
 def new generation   total 48384K, used 48383K [0x00000000a9200000, 0x00000000ac680000, 0x00000000c2a00000)
  eden space 43008K, 100% used [0x00000000a9200000, 0x00000000abc00000, 0x00000000abc00000)
  from space 5376K,  99% used [0x00000000abc00000, 0x00000000ac13fff8, 0x00000000ac140000)
  to   space 5376K,   0% used [0x00000000ac140000, 0x00000000ac140000, 0x00000000ac680000)
 tenured generation   total 107464K, used 79690K [0x00000000c2a00000, 0x00000000c92f2000, 0x00000000f5a00000)
   the space 107464K,  74% used [0x00000000c2a00000, 0x00000000c77d2b50, 0x00000000c77d2c00, 0x00000000c92f2000)
 compacting perm gen  total 21248K, used 6984K [0x00000000f5a00000, 0x00000000f6ec0000, 0x0000000100000000)
   the space 21248K,  32% used [0x00000000f5a00000, 0x00000000f60d22f0, 0x00000000f60d2400, 0x00000000f6ec0000)
No shared spaces configured.
Event: 3082.194 GC heap after
Heap after GC invocations=77 (full 11):
 def new generation   total 48384K, used 5376K [0x00000000a9200000, 0x00000000ac680000, 0x00000000c2a00000)
  eden space 43008K,   0% used [0x00000000a9200000, 0x00000000a9200000, 0x00000000abc00000)
  from space 5376K, 100% used [0x00000000ac140000, 0x00000000ac680000, 0x00000000ac680000)
  to   space 5376K,   0% used [0x00000000abc00000, 0x00000000abc00000, 0x00000000ac140000)
 tenured generation   total 107464K, used 89905K [0x00000000c2a00000, 0x00000000c92f2000, 0x00000000f5a00000)
   the space 107464K,  83% used [0x00000000c2a00000, 0x00000000c81cc470, 0x00000000c81cc600, 0x00000000c92f2000)
 compacting perm gen  total 21248K, used 6984K [0x00000000f5a00000, 0x00000000f6ec0000, 0x0000000100000000)
   the space 21248K,  32% used [0x00000000f5a00000, 0x00000000f60d22f0, 0x00000000f60d2400, 0x00000000f6ec0000)
No shared spaces configured.
}
Event: 3118.468 GC heap before
{Heap before GC invocations=77 (full 11):
 def new generation   total 48384K, used 48384K [0x00000000a9200000, 0x00000000ac680000, 0x00000000c2a00000)
  eden space 43008K, 100% used [0x00000000a9200000, 0x00000000abc00000, 0x00000000abc00000)
  from space 5376K, 100% used [0x00000000ac140000, 0x00000000ac680000, 0x00000000ac680000)
  to   space 5376K,   0% used [0x00000000abc00000, 0x00000000abc00000, 0x00000000ac140000)
 tenured generation   total 107464K, used 89905K [0x00000000c2a00000, 0x00000000c92f2000, 0x00000000f5a00000)
   the space 107464K,  83% used [0x00000000c2a00000, 0x00000000c81cc470, 0x00000000c81cc600, 0x00000000c92f2000)
 compacting perm gen  total 21248K, used 6984K [0x00000000f5a00000, 0x00000000f6ec0000, 0x0000000100000000)
   the space 21248K,  32% used [0x00000000f5a00000, 0x00000000f60d23b0, 0x00000000f60d2400, 0x00000000f6ec0000)
No shared spaces configured.
Event: 3118.526 GC heap after
Heap after GC invocations=78 (full 11):
 def new generation   total 48384K, used 5375K [0x00000000a9200000, 0x00000000ac680000, 0x00000000c2a00000)
  eden space 43008K,   0% used [0x00000000a9200000, 0x00000000a9200000, 0x00000000abc00000)
  from space 5376K,  99% used [0x00000000abc00000, 0x00000000ac13fff8, 0x00000000ac140000)
  to   space 5376K,   0% used [0x00000000ac140000, 0x00000000ac140000, 0x00000000ac680000)
 tenured generation   total 107464K, used 100405K [0x00000000c2a00000, 0x00000000c92f2000, 0x00000000f5a00000)
   the space 107464K,  93% used [0x00000000c2a00000, 0x00000000c8c0d520, 0x00000000c8c0d600, 0x00000000c92f2000)
 compacting perm gen  total 21248K, used 6984K [0x00000000f5a00000, 0x00000000f6ec0000, 0x0000000100000000)
   the space 21248K,  32% used [0x00000000f5a00000, 0x00000000f60d23b0, 0x00000000f60d2400, 0x00000000f6ec0000)
No shared spaces configured.
}
Event: 3163.142 GC heap before
{Heap before GC invocations=78 (full 11):
 def new generation   total 48384K, used 48383K [0x00000000a9200000, 0x00000000ac680000, 0x00000000c2a00000)
  eden space 43008K, 100% used [0x00000000a9200000, 0x00000000abc00000, 0x00000000abc00000)
  from space 5376K,  99% used [0x00000000abc00000, 0x00000000ac13fff8, 0x00000000ac140000)
  to   space 5376K,   0% used [0x00000000ac140000, 0x00000000ac140000, 0x00000000ac680000)
 tenured generation   total 107464K, used 100405K [0x00000000c2a00000, 0x00000000c92f2000, 0x00000000f5a00000)
   the space 107464K,  93% used [0x00000000c2a00000, 0x00000000c8c0d520, 0x00000000c8c0d600, 0x00000000c92f2000)
 compacting perm gen  total 21248K, used 6984K [0x00000000f5a00000, 0x00000000f6ec0000, 0x0000000100000000)
   the space 21248K,  32% used [0x00000000f5a00000, 0x00000000f60d23b0, 0x00000000f60d2400, 0x00000000f6ec0000)
No shared spaces configured.
Event: 3163.377 GC heap after
Heap after GC invocations=79 (full 12):
 def new generation   total 48384K, used 0K [0x00000000a9200000, 0x00000000ac680000, 0x00000000c2a00000)
  eden space 43008K,   0% used [0x00000000a9200000, 0x00000000a9200000, 0x00000000abc00000)
  from space 5376K,   0% used [0x00000000ac140000, 0x00000000ac140000, 0x00000000ac680000)
  to   space 5376K,   0% used [0x00000000abc00000, 0x00000000abc00000, 0x00000000ac140000)
 tenured generation   total 107464K, used 37284K [0x00000000c2a00000, 0x00000000c92f2000, 0x00000000f5a00000)
   the space 107464K,  34% used [0x00000000c2a00000, 0x00000000c4e69040, 0x00000000c4e69200, 0x00000000c92f2000)
 compacting perm gen  total 21248K, used 6984K [0x00000000f5a00000, 0x00000000f6ec0000, 0x0000000100000000)
   the space 21248K,  32% used [0x00000000f5a00000, 0x00000000f60d2330, 0x00000000f60d2400, 0x00000000f6ec0000)
No shared spaces configured.
}

Deoptimization events (10 events):
Event: 1588.654 Thread 0x00007fd94400a800 Uncommon trap: reason=class_check action=maybe_recompile pc=0x00007fd94085eb04 method=java.util.regex.Matcher.search(I)Z @ 86
Event: 1588.654 Thread 0x00007fd94400a800 Uncommon trap: reason=class_check action=maybe_recompile pc=0x00007fd94085eb04 method=java.util.regex.Matcher.search(I)Z @ 86
Event: 1590.481 Thread 0x00007fd94400a800 Uncommon trap: reason=class_check action=maybe_recompile pc=0x00007fd94085ea38 method=java.util.regex.Pattern$Start.match(Ljava/util/regex/Matcher;ILjava/lang/CharSequence;)Z @ 44
Event: 1590.481 Thread 0x00007fd94400a800 Uncommon trap: reason=class_check action=maybe_recompile pc=0x00007fd94085ea38 method=java.util.regex.Pattern$Start.match(Ljava/util/regex/Matcher;ILjava/lang/CharSequence;)Z @ 44
Event: 1593.898 Thread 0x00007fd944072800 Uncommon trap: reason=unreached action=reinterpret pc=0x00007fd94086ca84 method=java.lang.ref.ReferenceQueue.poll()Ljava/lang/ref/Reference; @ 4
Event: 1594.193 Thread 0x00007fd94400a800 Uncommon trap: reason=class_check action=maybe_recompile pc=0x00007fd94085f590 method=java.util.regex.Pattern$Start.match(Ljava/util/regex/Matcher;ILjava/lang/CharSequence;)Z @ 44
Event: 1678.429 Thread 0x00007fd94400a800 Uncommon trap: reason=array_check action=maybe_recompile pc=0x00007fd9409634ac method=java.util.AbstractCollection.toArray([Ljava/lang/Object;)[Ljava/lang/Object; @ 119
Event: 1678.429 Thread 0x00007fd94400a800 Uncommon trap: reason=array_check action=maybe_recompile pc=0x00007fd9409634ac method=java.util.AbstractCollection.toArray([Ljava/lang/Object;)[Ljava/lang/Object; @ 119
Event: 1678.444 Thread 0x00007fd94400a800 Uncommon trap: reason=array_check action=maybe_recompile pc=0x00007fd9409634ac method=java.util.AbstractCollection.toArray([Ljava/lang/Object;)[Ljava/lang/Object; @ 119
Event: 1678.476 Thread 0x00007fd94400a800 Uncommon trap: reason=array_check action=maybe_recompile pc=0x00007fd9409634ac method=java.util.AbstractCollection.toArray([Ljava/lang/Object;)[Ljava/lang/Object; @ 119

Internal exceptions (10 events):
Event: 74.457 Thread 0x00007fd94400a800 Threw 0x00000000a9f3b318 at /build/buildd/openjdk-7-7u71-2.5.3/build/openjdk/hotspot/src/share/vm/prims/jvm.cpp:1284
Event: 74.502 Thread 0x00007fd94400a800 Threw 0x00000000a9f3f0c0 at /build/buildd/openjdk-7-7u71-2.5.3/build/openjdk/hotspot/src/share/vm/prims/jvm.cpp:1284
Event: 76.162 Thread 0x00007fd94400a800 Threw 0x00000000a9f42bb8 at /build/buildd/openjdk-7-7u71-2.5.3/build/openjdk/hotspot/src/share/vm/prims/jvm.cpp:1284
Event: 76.433 Thread 0x00007fd94400a800 Threw 0x00000000a9f46488 at /build/buildd/openjdk-7-7u71-2.5.3/build/openjdk/hotspot/src/share/vm/prims/jvm.cpp:1284
Event: 77.570 Thread 0x00007fd94400a800 Threw 0x00000000a9f49dd0 at /build/buildd/openjdk-7-7u71-2.5.3/build/openjdk/hotspot/src/share/vm/prims/jvm.cpp:1284
Event: 79.852 Thread 0x00007fd94400a800 Threw 0x00000000aa0111d0 at /build/buildd/openjdk-7-7u71-2.5.3/build/openjdk/hotspot/src/share/vm/prims/jvm.cpp:1284
Event: 559.347 Thread 0x00007fd94400a800 Threw 0x00000000aacabe38 at /build/buildd/openjdk-7-7u71-2.5.3/build/openjdk/hotspot/src/share/vm/prims/jvm.cpp:1284
Event: 559.353 Thread 0x00007fd94400a800 Threw 0x00000000aacb54c8 at /build/buildd/openjdk-7-7u71-2.5.3/build/openjdk/hotspot/src/share/vm/prims/jvm.cpp:1284
Event: 1588.411 Thread 0x00007fd94400a800 Threw 0x00000000ab57fb90 at /build/buildd/openjdk-7-7u71-2.5.3/build/openjdk/hotspot/src/share/vm/prims/jvm.cpp:1284
Event: 1588.635 Thread 0x00007fd94400a800 Implicit null exception at 0x00007fd9409080a6 to 0x00007fd9409084b1

Events (10 events):
Event: 3005.160 Executing VM operation: GenCollectForAllocation
Event: 3005.203 Executing VM operation: GenCollectForAllocation done
Event: 3043.446 Executing VM operation: GenCollectForAllocation
Event: 3043.505 Executing VM operation: GenCollectForAllocation done
Event: 3082.137 Executing VM operation: GenCollectForAllocation
Event: 3082.194 Executing VM operation: GenCollectForAllocation done
Event: 3118.468 Executing VM operation: GenCollectForAllocation
Event: 3118.526 Executing VM operation: GenCollectForAllocation done
Event: 3163.142 Executing VM operation: GenCollectForAllocation
Event: 3163.383 Executing VM operation: GenCollectForAllocation done


Dynamic libraries:
00400000-00401000 r-xp 00000000 08:01 451179                             /usr/lib/jvm/java-7-openjdk-amd64/jre/bin/java
00600000-00601000 r--p 00000000 08:01 451179                             /usr/lib/jvm/java-7-openjdk-amd64/jre/bin/java
00601000-00602000 rw-p 00001000 08:01 451179                             /usr/lib/jvm/java-7-openjdk-amd64/jre/bin/java
01fd5000-02803000 rw-p 00000000 00:00 0                                  [heap]
a9200000-ac680000 rw-p 00000000 00:00 0 
ac680000-c2a00000 rw-p 00000000 00:00 0 
c2a00000-c92f2000 rw-p 00000000 00:00 0 
c92f2000-c9e48000 ---p 00000000 00:00 0 
c9e48000-f5a00000 rw-p 00000000 00:00 0 
f5a00000-f6ec0000 rw-p 00000000 00:00 0 
f6ec0000-100000000 rw-p 00000000 00:00 0 
7fd8e0000000-7fd8e0ba9000 rw-p 00000000 00:00 0 
7fd8e0ba9000-7fd8e4000000 ---p 00000000 00:00 0 
7fd8e8000000-7fd8ebf90000 rw-p 00000000 00:00 0 
7fd8ebf90000-7fd8ec000000 ---p 00000000 00:00 0 
7fd8f0000000-7fd8f8000000 rw-p 00000000 00:00 0 
7fd8f8000000-7fd900000000 rw-p 00000000 00:00 0 
7fd900000000-7fd904000000 rw-p 00000000 00:00 0 
7fd908000000-7fd910000000 rw-p 00000000 00:00 0 
7fd910000000-7fd918000000 rw-p 00000000 00:00 0 
7fd918000000-7fd91c000000 rw-p 00000000 00:00 0 
7fd91cae0000-7fd91e14c000 r-xp 00000000 08:01 11065                      /usr/lib/x86_64-linux-gnu/libicudata.so.52.1
7fd91e14c000-7fd91e34b000 ---p 0166c000 08:01 11065                      /usr/lib/x86_64-linux-gnu/libicudata.so.52.1
7fd91e34b000-7fd91e34c000 r--p 0166b000 08:01 11065                      /usr/lib/x86_64-linux-gnu/libicudata.so.52.1
7fd91e34c000-7fd91e34d000 rw-p 0166c000 08:01 11065                      /usr/lib/x86_64-linux-gnu/libicudata.so.52.1
7fd91e34d000-7fd91e5df000 r-xp 00000000 08:01 450063                     /usr/local/lib/libfreeling-3.1.so
7fd91e5df000-7fd91e7df000 ---p 00292000 08:01 450063                     /usr/local/lib/libfreeling-3.1.so
7fd91e7df000-7fd91e7e4000 r--p 00292000 08:01 450063                     /usr/local/lib/libfreeling-3.1.so
7fd91e7e4000-7fd91e7e8000 rw-p 00297000 08:01 450063                     /usr/local/lib/libfreeling-3.1.so
7fd91e7e8000-7fd920000000 rw-p 00000000 00:00 0 
7fd920000000-7fd922d59000 rw-p 00000000 00:00 0 
7fd922d59000-7fd924000000 ---p 00000000 00:00 0 
7fd924000000-7fd924021000 rw-p 00000000 00:00 0 
7fd924021000-7fd928000000 ---p 00000000 00:00 0 
7fd928000000-7fd928021000 rw-p 00000000 00:00 0 
7fd928021000-7fd92c000000 ---p 00000000 00:00 0 
7fd92c000000-7fd92d31b000 rw-p 00000000 00:00 0 
7fd92d31b000-7fd930000000 ---p 00000000 00:00 0 
7fd930000000-7fd930021000 rw-p 00000000 00:00 0 
7fd930021000-7fd934000000 ---p 00000000 00:00 0 
7fd934000000-7fd9340b2000 rw-p 00000000 00:00 0 
7fd9340b2000-7fd938000000 ---p 00000000 00:00 0 
7fd938000000-7fd9383aa000 rw-p 00000000 00:00 0 
7fd9383aa000-7fd93c000000 ---p 00000000 00:00 0 
7fd93ca74000-7fd93ca77000 ---p 00000000 00:00 0 
7fd93ca77000-7fd93caad000 rw-p 00000000 00:00 0 
7fd93caad000-7fd93cca6000 r-xp 00000000 08:01 11067                      /usr/lib/x86_64-linux-gnu/libicui18n.so.52.1
7fd93cca6000-7fd93cea6000 ---p 001f9000 08:01 11067                      /usr/lib/x86_64-linux-gnu/libicui18n.so.52.1
7fd93cea6000-7fd93ceb3000 r--p 001f9000 08:01 11067                      /usr/lib/x86_64-linux-gnu/libicui18n.so.52.1
7fd93ceb3000-7fd93ceb4000 rw-p 00206000 08:01 11067                      /usr/lib/x86_64-linux-gnu/libicui18n.so.52.1
7fd93ceb4000-7fd93ceb5000 rw-p 00000000 00:00 0 
7fd93ceb5000-7fd93d019000 r-xp 00000000 08:01 11079                      /usr/lib/x86_64-linux-gnu/libicuuc.so.52.1
7fd93d019000-7fd93d218000 ---p 00164000 08:01 11079                      /usr/lib/x86_64-linux-gnu/libicuuc.so.52.1
7fd93d218000-7fd93d229000 r--p 00163000 08:01 11079                      /usr/lib/x86_64-linux-gnu/libicuuc.so.52.1
7fd93d229000-7fd93d22a000 rw-p 00174000 08:01 11079                      /usr/lib/x86_64-linux-gnu/libicuuc.so.52.1
7fd93d22a000-7fd93d22e000 rw-p 00000000 00:00 0 
7fd93d22e000-7fd93d32f000 r-xp 00000000 08:01 1126                       /usr/lib/x86_64-linux-gnu/libboost_regex.so.1.54.0
7fd93d32f000-7fd93d52e000 ---p 00101000 08:01 1126                       /usr/lib/x86_64-linux-gnu/libboost_regex.so.1.54.0
7fd93d52e000-7fd93d533000 r--p 00100000 08:01 1126                       /usr/lib/x86_64-linux-gnu/libboost_regex.so.1.54.0
7fd93d533000-7fd93d534000 rw-p 00105000 08:01 1126                       /usr/lib/x86_64-linux-gnu/libboost_regex.so.1.54.0
7fd93d534000-7fd93d535000 rw-p 00000000 00:00 0 
7fd93d535000-7fd93d538000 r-xp 00000000 08:01 10627                      /usr/lib/x86_64-linux-gnu/libboost_system.so.1.54.0
7fd93d538000-7fd93d737000 ---p 00003000 08:01 10627                      /usr/lib/x86_64-linux-gnu/libboost_system.so.1.54.0
7fd93d737000-7fd93d738000 r--p 00002000 08:01 10627                      /usr/lib/x86_64-linux-gnu/libboost_system.so.1.54.0
7fd93d738000-7fd93d739000 rw-p 00003000 08:01 10627                      /usr/lib/x86_64-linux-gnu/libboost_system.so.1.54.0
7fd93d747000-7fd93d74e000 r--s 00000000 08:01 162543                     /usr/lib/x86_64-linux-gnu/gconv/gconv-modules.cache
7fd93d74e000-7fd93d80c000 r-xp 00000000 08:01 313559                     /pkg/freeling-3.1/APIs/java/libfreeling_javaAPI.so
7fd93d80c000-7fd93da0b000 ---p 000be000 08:01 313559                     /pkg/freeling-3.1/APIs/java/libfreeling_javaAPI.so
7fd93da0b000-7fd93da0c000 r--p 000bd000 08:01 313559                     /pkg/freeling-3.1/APIs/java/libfreeling_javaAPI.so
7fd93da0c000-7fd93da10000 rw-p 000be000 08:01 313559                     /pkg/freeling-3.1/APIs/java/libfreeling_javaAPI.so
7fd93da10000-7fd93da41000 rw-p 00000000 00:00 0 
7fd93da41000-7fd93da7e000 r-xp 00000000 08:01 398443                     /lib/x86_64-linux-gnu/libpcre.so.3.13.1
7fd93da7e000-7fd93dc7d000 ---p 0003d000 08:01 398443                     /lib/x86_64-linux-gnu/libpcre.so.3.13.1
7fd93dc7d000-7fd93dc7e000 r--p 0003c000 08:01 398443                     /lib/x86_64-linux-gnu/libpcre.so.3.13.1
7fd93dc7e000-7fd93dc7f000 rw-p 0003d000 08:01 398443                     /lib/x86_64-linux-gnu/libpcre.so.3.13.1
7fd93dc7f000-7fd93dc86000 r-xp 00000000 08:01 10785                      /usr/lib/x86_64-linux-gnu/libffi.so.6.0.1
7fd93dc86000-7fd93de85000 ---p 00007000 08:01 10785                      /usr/lib/x86_64-linux-gnu/libffi.so.6.0.1
7fd93de85000-7fd93de86000 r--p 00006000 08:01 10785                      /usr/lib/x86_64-linux-gnu/libffi.so.6.0.1
7fd93de86000-7fd93de87000 rw-p 00007000 08:01 10785                      /usr/lib/x86_64-linux-gnu/libffi.so.6.0.1
7fd93de87000-7fd93de9e000 r-xp 00000000 08:01 400113                     /lib/x86_64-linux-gnu/libresolv-2.19.so
7fd93de9e000-7fd93e09e000 ---p 00017000 08:01 400113                     /lib/x86_64-linux-gnu/libresolv-2.19.so
7fd93e09e000-7fd93e09f000 r--p 00017000 08:01 400113                     /lib/x86_64-linux-gnu/libresolv-2.19.so
7fd93e09f000-7fd93e0a0000 rw-p 00018000 08:01 400113                     /lib/x86_64-linux-gnu/libresolv-2.19.so
7fd93e0a0000-7fd93e0a2000 rw-p 00000000 00:00 0 
7fd93e0a2000-7fd93e0c2000 r-xp 00000000 08:01 398470                     /lib/x86_64-linux-gnu/libselinux.so.1
7fd93e0c2000-7fd93e2c1000 ---p 00020000 08:01 398470                     /lib/x86_64-linux-gnu/libselinux.so.1
7fd93e2c1000-7fd93e2c2000 r--p 0001f000 08:01 398470                     /lib/x86_64-linux-gnu/libselinux.so.1
7fd93e2c2000-7fd93e2c3000 rw-p 00020000 08:01 398470                     /lib/x86_64-linux-gnu/libselinux.so.1
7fd93e2c3000-7fd93e2c5000 rw-p 00000000 00:00 0 
7fd93e2c5000-7fd93e2c8000 r-xp 00000000 08:01 3202                       /usr/lib/x86_64-linux-gnu/libgmodule-2.0.so.0.4002.0
7fd93e2c8000-7fd93e4c7000 ---p 00003000 08:01 3202                       /usr/lib/x86_64-linux-gnu/libgmodule-2.0.so.0.4002.0
7fd93e4c7000-7fd93e4c8000 r--p 00002000 08:01 3202                       /usr/lib/x86_64-linux-gnu/libgmodule-2.0.so.0.4002.0
7fd93e4c8000-7fd93e4c9000 rw-p 00003000 08:01 3202                       /usr/lib/x86_64-linux-gnu/libgmodule-2.0.so.0.4002.0
7fd93e4c9000-7fd93e5cf000 r-xp 00000000 08:01 398974                     /lib/x86_64-linux-gnu/libglib-2.0.so.0.4002.0
7fd93e5cf000-7fd93e7ce000 ---p 00106000 08:01 398974                     /lib/x86_64-linux-gnu/libglib-2.0.so.0.4002.0
7fd93e7ce000-7fd93e7cf000 r--p 00105000 08:01 398974                     /lib/x86_64-linux-gnu/libglib-2.0.so.0.4002.0
7fd93e7cf000-7fd93e7d0000 rw-p 00106000 08:01 398974                     /lib/x86_64-linux-gnu/libglib-2.0.so.0.4002.0
7fd93e7d0000-7fd93e7d1000 rw-p 00000000 00:00 0 
7fd93e7d1000-7fd93e820000 r-xp 00000000 08:01 3203                       /usr/lib/x86_64-linux-gnu/libgobject-2.0.so.0.4002.0
7fd93e820000-7fd93ea20000 ---p 0004f000 08:01 3203                       /usr/lib/x86_64-linux-gnu/libgobject-2.0.so.0.4002.0
7fd93ea20000-7fd93ea21000 r--p 0004f000 08:01 3203                       /usr/lib/x86_64-linux-gnu/libgobject-2.0.so.0.4002.0
7fd93ea21000-7fd93ea22000 rw-p 00050000 08:01 3203                       /usr/lib/x86_64-linux-gnu/libgobject-2.0.so.0.4002.0
7fd93ea22000-7fd93eb8e000 r-xp 00000000 08:01 3205                       /usr/lib/x86_64-linux-gnu/libgio-2.0.so.0.4002.0
7fd93eb8e000-7fd93ed8d000 ---p 0016c000 08:01 3205                       /usr/lib/x86_64-linux-gnu/libgio-2.0.so.0.4002.0
7fd93ed8d000-7fd93ed91000 r--p 0016b000 08:01 3205                       /usr/lib/x86_64-linux-gnu/libgio-2.0.so.0.4002.0
7fd93ed91000-7fd93ed93000 rw-p 0016f000 08:01 3205                       /usr/lib/x86_64-linux-gnu/libgio-2.0.so.0.4002.0
7fd93ed93000-7fd93ed95000 rw-p 00000000 00:00 0 
7fd93ed95000-7fd93edac000 r-xp 00000000 08:01 437907                     /usr/lib/jvm/java-7-openjdk-amd64/jre/lib/amd64/libnet.so
7fd93edac000-7fd93efab000 ---p 00017000 08:01 437907                     /usr/lib/jvm/java-7-openjdk-amd64/jre/lib/amd64/libnet.so
7fd93efab000-7fd93efac000 r--p 00016000 08:01 437907                     /usr/lib/jvm/java-7-openjdk-amd64/jre/lib/amd64/libnet.so
7fd93efac000-7fd93efad000 rw-p 00017000 08:01 437907                     /usr/lib/jvm/java-7-openjdk-amd64/jre/lib/amd64/libnet.so
7fd93efad000-7fd93efbd000 r-xp 00000000 08:01 437922                     /usr/lib/jvm/java-7-openjdk-amd64/jre/lib/amd64/libnio.so
7fd93efbd000-7fd93f1bd000 ---p 00010000 08:01 437922                     /usr/lib/jvm/java-7-openjdk-amd64/jre/lib/amd64/libnio.so
7fd93f1bd000-7fd93f1be000 r--p 00010000 08:01 437922                     /usr/lib/jvm/java-7-openjdk-amd64/jre/lib/amd64/libnio.so
7fd93f1be000-7fd93f1bf000 rw-p 00011000 08:01 437922                     /usr/lib/jvm/java-7-openjdk-amd64/jre/lib/amd64/libnio.so
7fd93f1bf000-7fd93f1c0000 ---p 00000000 00:00 0 
7fd93f1c0000-7fd93f2c0000 rw-p 00000000 00:00 0                          [stack:2437]
7fd93f2c0000-7fd93f2c3000 ---p 00000000 00:00 0 
7fd93f2c3000-7fd93f3c1000 rw-p 00000000 00:00 0                          [stack:2436]
7fd93f3c1000-7fd93f3c4000 ---p 00000000 00:00 0 
7fd93f3c4000-7fd93f4c2000 rw-p 00000000 00:00 0                          [stack:2435]
7fd93f4c2000-7fd93f4c5000 ---p 00000000 00:00 0 
7fd93f4c5000-7fd93f5c3000 rw-p 00000000 00:00 0                          [stack:2434]
7fd93f5c3000-7fd93f5c6000 ---p 00000000 00:00 0 
7fd93f5c6000-7fd93f6c4000 rw-p 00000000 00:00 0                          [stack:2433]
7fd93f6c4000-7fd93fda6000 r--p 00000000 08:01 7563                       /usr/lib/locale/locale-archive
7fd93fda6000-7fd93fda9000 ---p 00000000 00:00 0 
7fd93fda9000-7fd93fea7000 rw-p 00000000 00:00 0                          [stack:2432]
7fd93fea7000-7fd93feaa000 ---p 00000000 00:00 0 
7fd93feaa000-7fd93ffa8000 rw-p 00000000 00:00 0                          [stack:2431]
7fd93ffa8000-7fd93ffa9000 ---p 00000000 00:00 0 
7fd93ffa9000-7fd9400f2000 rw-p 00000000 00:00 0                          [stack:2430]
7fd9400f2000-7fd9402a3000 r--s 01d25000 08:01 450807                     /usr/lib/jvm/java-7-openjdk-amd64/jre/lib/rt.jar
7fd9402a3000-7fd9403a9000 rw-p 00000000 00:00 0 
7fd9403a9000-7fd9403af000 ---p 00000000 00:00 0 
7fd9403af000-7fd94050d000 rw-p 00000000 00:00 0 
7fd94050d000-7fd940528000 rw-p 00000000 00:00 0 
7fd940528000-7fd9405d9000 rw-p 00000000 00:00 0 
7fd9405d9000-7fd94060e000 rw-p 00000000 00:00 0 
7fd94060e000-7fd940614000 ---p 00000000 00:00 0 
7fd940614000-7fd940771000 rw-p 00000000 00:00 0 
7fd940771000-7fd94077c000 rw-p 00000000 00:00 0 
7fd94077c000-7fd9407c4000 rw-p 00000000 00:00 0 
7fd9407c4000-7fd9407c5000 rw-p 00000000 00:00 0 
7fd9407c5000-7fd940a35000 rwxp 00000000 00:00 0 
7fd940a35000-7fd9437c5000 rw-p 00000000 00:00 0 
7fd9437c5000-7fd9437cd000 r-xp 00000000 08:01 437899                     /usr/lib/jvm/java-7-openjdk-amd64/jre/lib/amd64/libzip.so
7fd9437cd000-7fd9439cc000 ---p 00008000 08:01 437899                     /usr/lib/jvm/java-7-openjdk-amd64/jre/lib/amd64/libzip.so
7fd9439cc000-7fd9439cd000 r--p 00007000 08:01 437899                     /usr/lib/jvm/java-7-openjdk-amd64/jre/lib/amd64/libzip.so
7fd9439cd000-7fd9439ce000 rw-p 00008000 08:01 437899                     /usr/lib/jvm/java-7-openjdk-amd64/jre/lib/amd64/libzip.so
7fd9439ce000-7fd9439d9000 r-xp 00000000 08:01 400119                     /lib/x86_64-linux-gnu/libnss_files-2.19.so
7fd9439d9000-7fd943bd8000 ---p 0000b000 08:01 400119                     /lib/x86_64-linux-gnu/libnss_files-2.19.so
7fd943bd8000-7fd943bd9000 r--p 0000a000 08:01 400119                     /lib/x86_64-linux-gnu/libnss_files-2.19.so
7fd943bd9000-7fd943bda000 rw-p 0000b000 08:01 400119                     /lib/x86_64-linux-gnu/libnss_files-2.19.so
7fd943bda000-7fd943be5000 r-xp 00000000 08:01 400115                     /lib/x86_64-linux-gnu/libnss_nis-2.19.so
7fd943be5000-7fd943de4000 ---p 0000b000 08:01 400115                     /lib/x86_64-linux-gnu/libnss_nis-2.19.so
7fd943de4000-7fd943de5000 r--p 0000a000 08:01 400115                     /lib/x86_64-linux-gnu/libnss_nis-2.19.so
7fd943de5000-7fd943de6000 rw-p 0000b000 08:01 400115                     /lib/x86_64-linux-gnu/libnss_nis-2.19.so
7fd943de6000-7fd943dfd000 r-xp 00000000 08:01 400109                     /lib/x86_64-linux-gnu/libnsl-2.19.so
7fd943dfd000-7fd943ffc000 ---p 00017000 08:01 400109                     /lib/x86_64-linux-gnu/libnsl-2.19.so
7fd943ffc000-7fd943ffd000 r--p 00016000 08:01 400109                     /lib/x86_64-linux-gnu/libnsl-2.19.so
7fd943ffd000-7fd943ffe000 rw-p 00017000 08:01 400109                     /lib/x86_64-linux-gnu/libnsl-2.19.so
7fd943ffe000-7fd944000000 rw-p 00000000 00:00 0 
7fd944000000-7fd948000000 rw-p 00000000 00:00 0 
7fd948006000-7fd94800b000 r--s 0004c000 08:01 437947                     /usr/lib/jvm/java-7-openjdk-amd64/jre/lib/jsse.jar
7fd94800b000-7fd94800d000 r--s 0000e000 08:01 67651                      /home/mmora/workspace/TextProcessing/lib/httpcomponents-client-4.4/lib/commons-logging-1.2.jar
7fd94800d000-7fd948014000 r--s 0003a000 08:01 67652                      /home/mmora/workspace/TextProcessing/lib/httpcomponents-client-4.4/lib/commons-codec-1.9.jar
7fd948014000-7fd948021000 r--s 000a3000 08:01 67645                      /home/mmora/workspace/TextProcessing/lib/httpcomponents-client-4.4/lib/httpclient-4.4.jar
7fd948021000-7fd948028000 r--s 00048000 08:01 67650                      /home/mmora/workspace/TextProcessing/lib/httpcomponents-client-4.4/lib/httpcore-4.4.jar
7fd948028000-7fd94802a000 r--s 00007000 08:01 64607                      /home/mmora/workspace/TextProcessing/lib/google-api-translate-java-0.97.jar
7fd94802a000-7fd94802c000 r--s 0000a000 08:01 131110                     /home/mmora/workspace/TextProcessing/lib/json-20090211.jar
7fd94802c000-7fd948030000 r--s 00021000 08:01 313639                     /pkg/freeling-3.1/APIs/java/freeling.jar
7fd948030000-7fd948037000 r--s 0008a000 08:01 27983                      /home/mmora/workspace/TextProcessing/lib/postgresql-9.3-1102.jdbc41.jar
7fd948037000-7fd94803a000 r--s 00014000 08:01 27982                      /home/mmora/workspace/TextProcessing/lib/opennlp-uima-1.5.3.jar
7fd94803a000-7fd94806d000 rw-p 00000000 00:00 0 
7fd94806d000-7fd9480b6000 rw-p 00000000 00:00 0 
7fd9480b6000-7fd9480bf000 r-xp 00000000 08:01 400106                     /lib/x86_64-linux-gnu/libnss_compat-2.19.so
7fd9480bf000-7fd9482be000 ---p 00009000 08:01 400106                     /lib/x86_64-linux-gnu/libnss_compat-2.19.so
7fd9482be000-7fd9482bf000 r--p 00008000 08:01 400106                     /lib/x86_64-linux-gnu/libnss_compat-2.19.so
7fd9482bf000-7fd9482c0000 rw-p 00009000 08:01 400106                     /lib/x86_64-linux-gnu/libnss_compat-2.19.so
7fd9482c0000-7fd9482eb000 r-xp 00000000 08:01 437906                     /usr/lib/jvm/java-7-openjdk-amd64/jre/lib/amd64/libjava.so
7fd9482eb000-7fd9484ea000 ---p 0002b000 08:01 437906                     /usr/lib/jvm/java-7-openjdk-amd64/jre/lib/amd64/libjava.so
7fd9484ea000-7fd9484eb000 r--p 0002a000 08:01 437906                     /usr/lib/jvm/java-7-openjdk-amd64/jre/lib/amd64/libjava.so
7fd9484eb000-7fd9484ed000 rw-p 0002b000 08:01 437906                     /usr/lib/jvm/java-7-openjdk-amd64/jre/lib/amd64/libjava.so
7fd9484ed000-7fd9484fd000 r-xp 00000000 08:01 437921                     /usr/lib/jvm/java-7-openjdk-amd64/jre/lib/amd64/libverify.so
7fd9484fd000-7fd9486fc000 ---p 00010000 08:01 437921                     /usr/lib/jvm/java-7-openjdk-amd64/jre/lib/amd64/libverify.so
7fd9486fc000-7fd9486fe000 r--p 0000f000 08:01 437921                     /usr/lib/jvm/java-7-openjdk-amd64/jre/lib/amd64/libverify.so
7fd9486fe000-7fd9486ff000 rw-p 00011000 08:01 437921                     /usr/lib/jvm/java-7-openjdk-amd64/jre/lib/amd64/libverify.so
7fd9486ff000-7fd948706000 r-xp 00000000 08:01 399258                     /lib/x86_64-linux-gnu/librt-2.19.so
7fd948706000-7fd948905000 ---p 00007000 08:01 399258                     /lib/x86_64-linux-gnu/librt-2.19.so
7fd948905000-7fd948906000 r--p 00006000 08:01 399258                     /lib/x86_64-linux-gnu/librt-2.19.so
7fd948906000-7fd948907000 rw-p 00007000 08:01 399258                     /lib/x86_64-linux-gnu/librt-2.19.so
7fd948907000-7fd94891d000 r-xp 00000000 08:01 398318                     /lib/x86_64-linux-gnu/libgcc_s.so.1
7fd94891d000-7fd948b1c000 ---p 00016000 08:01 398318                     /lib/x86_64-linux-gnu/libgcc_s.so.1
7fd948b1c000-7fd948b1d000 rw-p 00015000 08:01 398318                     /lib/x86_64-linux-gnu/libgcc_s.so.1
7fd948b1d000-7fd948c22000 r-xp 00000000 08:01 400108                     /lib/x86_64-linux-gnu/libm-2.19.so
7fd948c22000-7fd948e21000 ---p 00105000 08:01 400108                     /lib/x86_64-linux-gnu/libm-2.19.so
7fd948e21000-7fd948e22000 r--p 00104000 08:01 400108                     /lib/x86_64-linux-gnu/libm-2.19.so
7fd948e22000-7fd948e23000 rw-p 00105000 08:01 400108                     /lib/x86_64-linux-gnu/libm-2.19.so
7fd948e23000-7fd948f09000 r-xp 00000000 08:01 11413                      /usr/lib/x86_64-linux-gnu/libstdc++.so.6.0.19
7fd948f09000-7fd949108000 ---p 000e6000 08:01 11413                      /usr/lib/x86_64-linux-gnu/libstdc++.so.6.0.19
7fd949108000-7fd949110000 r--p 000e5000 08:01 11413                      /usr/lib/x86_64-linux-gnu/libstdc++.so.6.0.19
7fd949110000-7fd949112000 rw-p 000ed000 08:01 11413                      /usr/lib/x86_64-linux-gnu/libstdc++.so.6.0.19
7fd949112000-7fd949127000 rw-p 00000000 00:00 0 
7fd949127000-7fd949c3d000 r-xp 00000000 08:01 437928                     /usr/lib/jvm/java-7-openjdk-amd64/jre/lib/amd64/server/libjvm.so
7fd949c3d000-7fd949e3c000 ---p 00b16000 08:01 437928                     /usr/lib/jvm/java-7-openjdk-amd64/jre/lib/amd64/server/libjvm.so
7fd949e3c000-7fd949ed6000 r--p 00b15000 08:01 437928                     /usr/lib/jvm/java-7-openjdk-amd64/jre/lib/amd64/server/libjvm.so
7fd949ed6000-7fd949ef9000 rw-p 00baf000 08:01 437928                     /usr/lib/jvm/java-7-openjdk-amd64/jre/lib/amd64/server/libjvm.so
7fd949ef9000-7fd949f27000 rw-p 00000000 00:00 0 
7fd949f27000-7fd949f3f000 r-xp 00000000 08:01 398503                     /lib/x86_64-linux-gnu/libz.so.1.2.8
7fd949f3f000-7fd94a13e000 ---p 00018000 08:01 398503                     /lib/x86_64-linux-gnu/libz.so.1.2.8
7fd94a13e000-7fd94a13f000 r--p 00017000 08:01 398503                     /lib/x86_64-linux-gnu/libz.so.1.2.8
7fd94a13f000-7fd94a140000 rw-p 00018000 08:01 398503                     /lib/x86_64-linux-gnu/libz.so.1.2.8
7fd94a140000-7fd94a159000 r-xp 00000000 08:01 400118                     /lib/x86_64-linux-gnu/libpthread-2.19.so
7fd94a159000-7fd94a358000 ---p 00019000 08:01 400118                     /lib/x86_64-linux-gnu/libpthread-2.19.so
7fd94a358000-7fd94a359000 r--p 00018000 08:01 400118                     /lib/x86_64-linux-gnu/libpthread-2.19.so
7fd94a359000-7fd94a35a000 rw-p 00019000 08:01 400118                     /lib/x86_64-linux-gnu/libpthread-2.19.so
7fd94a35a000-7fd94a35e000 rw-p 00000000 00:00 0 
7fd94a35e000-7fd94a361000 r-xp 00000000 08:01 400060                     /lib/x86_64-linux-gnu/libdl-2.19.so
7fd94a361000-7fd94a560000 ---p 00003000 08:01 400060                     /lib/x86_64-linux-gnu/libdl-2.19.so
7fd94a560000-7fd94a561000 r--p 00002000 08:01 400060                     /lib/x86_64-linux-gnu/libdl-2.19.so
7fd94a561000-7fd94a562000 rw-p 00003000 08:01 400060                     /lib/x86_64-linux-gnu/libdl-2.19.so
7fd94a562000-7fd94a71d000 r-xp 00000000 08:01 399256                     /lib/x86_64-linux-gnu/libc-2.19.so
7fd94a71d000-7fd94a91d000 ---p 001bb000 08:01 399256                     /lib/x86_64-linux-gnu/libc-2.19.so
7fd94a91d000-7fd94a921000 r--p 001bb000 08:01 399256                     /lib/x86_64-linux-gnu/libc-2.19.so
7fd94a921000-7fd94a923000 rw-p 001bf000 08:01 399256                     /lib/x86_64-linux-gnu/libc-2.19.so
7fd94a923000-7fd94a928000 rw-p 00000000 00:00 0 
7fd94a928000-7fd94a935000 r-xp 00000000 08:01 437904                     /usr/lib/jvm/java-7-openjdk-amd64/jre/lib/amd64/jli/libjli.so
7fd94a935000-7fd94ab34000 ---p 0000d000 08:01 437904                     /usr/lib/jvm/java-7-openjdk-amd64/jre/lib/amd64/jli/libjli.so
7fd94ab34000-7fd94ab35000 r--p 0000c000 08:01 437904                     /usr/lib/jvm/java-7-openjdk-amd64/jre/lib/amd64/jli/libjli.so
7fd94ab35000-7fd94ab36000 rw-p 0000d000 08:01 437904                     /usr/lib/jvm/java-7-openjdk-amd64/jre/lib/amd64/jli/libjli.so
7fd94ab36000-7fd94ab59000 r-xp 00000000 08:01 399154                     /lib/x86_64-linux-gnu/ld-2.19.so
7fd94ab5a000-7fd94ab6a000 r--s 000b9000 08:01 27980                      /home/mmora/workspace/TextProcessing/lib/opennlp-tools-1.5.3.jar
7fd94ab6a000-7fd94ab6d000 r--s 0001d000 08:01 27979                      /home/mmora/workspace/TextProcessing/lib/opennlp-maxent-3.0.3.jar
7fd94ab6d000-7fd94ab72000 r--s 00025000 08:01 27978                      /home/mmora/workspace/TextProcessing/lib/jwnl-1.3.3.jar
7fd94ab72000-7fd94ab76000 r--s 0003c000 08:01 450799                     /usr/lib/jvm/java-7-openjdk-amd64/jre/lib/ext/sunpkcs11.jar
7fd94ab76000-7fd94ab78000 r--s 00012000 08:01 450797                     /usr/lib/jvm/java-7-openjdk-amd64/jre/lib/ext/zipfs.jar
7fd94ab78000-7fd94ab7b000 r--s 0000f000 08:01 450794                     /usr/lib/jvm/java-7-openjdk-amd64/jre/lib/ext/icedtea-sound.jar
7fd94ab7b000-7fd94ab85000 rw-p 00000000 00:00 0 
7fd94ab85000-7fd94ac3b000 rw-p 00000000 00:00 0 
7fd94ac3b000-7fd94ac3e000 ---p 00000000 00:00 0 
7fd94ac3e000-7fd94ad41000 rw-p 00000000 00:00 0                          [stack:2425]
7fd94ad41000-7fd94ad42000 r--s 00002000 08:01 450805                     /usr/lib/jvm/java-7-openjdk-amd64/jre/lib/ext/dnsns.jar
7fd94ad42000-7fd94ad46000 r--s 00034000 08:01 450803                     /usr/lib/jvm/java-7-openjdk-amd64/jre/lib/ext/sunjce_provider.jar
7fd94ad46000-7fd94ad48000 r--s 00006000 08:01 451480                     /usr/share/java/java-atk-wrapper.jar
7fd94ad48000-7fd94ad4c000 r--s 00085000 08:01 450801                     /usr/lib/jvm/java-7-openjdk-amd64/jre/lib/ext/localedata.jar
7fd94ad4c000-7fd94ad54000 rw-s 00000000 08:01 131113                     /tmp/hsperfdata_mmora/2423
7fd94ad54000-7fd94ad55000 rw-p 00000000 00:00 0 
7fd94ad55000-7fd94ad56000 r--p 00000000 00:00 0 
7fd94ad56000-7fd94ad58000 rw-p 00000000 00:00 0 
7fd94ad58000-7fd94ad59000 r--p 00022000 08:01 399154                     /lib/x86_64-linux-gnu/ld-2.19.so
7fd94ad59000-7fd94ad5a000 rw-p 00023000 08:01 399154                     /lib/x86_64-linux-gnu/ld-2.19.so
7fd94ad5a000-7fd94ad5b000 rw-p 00000000 00:00 0 
7fff02e52000-7fff02e73000 rw-p 00000000 00:00 0                          [stack]
7fff02ffe000-7fff03000000 r-xp 00000000 00:00 0                          [vdso]
ffffffffff600000-ffffffffff601000 r-xp 00000000 00:00 0                  [vsyscall]

VM Arguments:
jvm_args: -Djava.library.path=/home/mmora/workspace/TextProcessing/lib -Dfile.encoding=UTF-8 
java_command: TaxonDescriptionAnalyzer
Launcher Type: SUN_STANDARD

Environment Variables:
PATH=/usr/local/sbin:/usr/local/bin:/usr/sbin:/usr/bin:/sbin:/bin:/usr/games:/usr/local/games
LD_LIBRARY_PATH=/usr/local/lib:/pkg/freeling-3.1/APIs/java:
SHELL=/bin/bash
DISPLAY=:0

Signal Handlers:
SIGSEGV: [libjvm.so+0x9495e0], sa_mask[0]=0x7ffbfeff, sa_flags=0x10000004
SIGBUS: [libjvm.so+0x9495e0], sa_mask[0]=0x7ffbfeff, sa_flags=0x10000004
SIGFPE: [libjvm.so+0x7c3410], sa_mask[0]=0x7ffbfeff, sa_flags=0x10000004
SIGPIPE: [libjvm.so+0x7c3410], sa_mask[0]=0x7ffbfeff, sa_flags=0x10000004
SIGXFSZ: [libjvm.so+0x7c3410], sa_mask[0]=0x7ffbfeff, sa_flags=0x10000004
SIGILL: [libjvm.so+0x7c3410], sa_mask[0]=0x7ffbfeff, sa_flags=0x10000004
SIGUSR1: SIG_DFL, sa_mask[0]=0x00000000, sa_flags=0x00000000
SIGUSR2: [libjvm.so+0x7c32b0], sa_mask[0]=0x00000004, sa_flags=0x10000004
SIGHUP: [libjvm.so+0x7c3490], sa_mask[0]=0x7ffbfeff, sa_flags=0x10000004
SIGINT: [libjvm.so+0x7c3490], sa_mask[0]=0x7ffbfeff, sa_flags=0x10000004
SIGTERM: [libjvm.so+0x7c3490], sa_mask[0]=0x7ffbfeff, sa_flags=0x10000004
SIGQUIT: [libjvm.so+0x7c3490], sa_mask[0]=0x7ffbfeff, sa_flags=0x10000004
SIGTRAP: SIG_DFL, sa_mask[0]=0x00000000, sa_flags=0x00000000


---------------  S Y S T E M  ---------------

OS:Ubuntu 14.04 (trusty)
uname:Linux 3.13.0-44-generic #73-Ubuntu SMP Tue Dec 16 00:22:43 UTC 2014 x86_64
libc:glibc 2.19 NPTL 2.19 
rlimit: STACK 8192k, CORE 0k, NPROC 38978, NOFILE 4096, AS infinity
load average:4.08 3.46 3.15

/proc/meminfo:
MemTotal:        5010908 kB
MemFree:         1768892 kB
Buffers:           59456 kB
Cached:          1244896 kB
SwapCached:            0 kB
Active:          2143068 kB
Inactive:         971184 kB
Active(anon):    1862964 kB
Inactive(anon):    54672 kB
Active(file):     280104 kB
Inactive(file):   916512 kB
Unevictable:          32 kB
Mlocked:              32 kB
SwapTotal:       1046524 kB
SwapFree:        1046524 kB
Dirty:               220 kB
Writeback:             0 kB
AnonPages:       1810036 kB
Mapped:           213180 kB
Shmem:            107664 kB
Slab:              50132 kB
SReclaimable:      31188 kB
SUnreclaim:        18944 kB
KernelStack:        3128 kB
PageTables:        29412 kB
NFS_Unstable:          0 kB
Bounce:                0 kB
WritebackTmp:          0 kB
CommitLimit:     3551976 kB
Committed_AS:    3242888 kB
VmallocTotal:   34359738367 kB
VmallocUsed:       17172 kB
VmallocChunk:   34359714691 kB
HardwareCorrupted:     0 kB
AnonHugePages:   1527808 kB
HugePages_Total:       0
HugePages_Free:        0
HugePages_Rsvd:        0
HugePages_Surp:        0
Hugepagesize:       2048 kB
DirectMap4k:       36800 kB
DirectMap2M:     5136384 kB


CPU:total 1 (1 cores per cpu, 1 threads per core) family 6 model 58 stepping 9, cmov, cx8, fxsr, mmx, sse, sse2, sse3, ssse3, tsc

/proc/cpuinfo:
processor	: 0
vendor_id	: GenuineIntel
cpu family	: 6
model		: 58
model name	: Intel(R) Core(TM) i7-3520M CPU @ 2.90GHz
stepping	: 9
microcode	: 0x19
cpu MHz		: 2900.096
cache size	: 6144 KB
physical id	: 0
siblings	: 1
core id		: 0
cpu cores	: 1
apicid		: 0
initial apicid	: 0
fpu		: yes
fpu_exception	: yes
cpuid level	: 5
wp		: yes
flags		: fpu vme de pse tsc msr pae mce cx8 apic sep mtrr pge mca cmov pat pse36 clflush mmx fxsr sse sse2 syscall nx rdtscp lm constant_tsc rep_good nopl pni monitor ssse3 lahf_lm
bogomips	: 5800.19
clflush size	: 64
cache_alignment	: 64
address sizes	: 36 bits physical, 48 bits virtual
power management:



Memory: 4k page, physical 5010908k(1768892k free), swap 1046524k(1046524k free)

vm_info: OpenJDK 64-Bit Server VM (24.65-b04) for linux-amd64 JRE (1.7.0_65-b32), built on Oct 22 2014 04:37:44 by "buildd" with gcc 4.8.2

time: Sun Dec 20 21:53:51 2015
elapsed time: 3163 seconds

