#
# A fatal error has been detected by the Java Runtime Environment:
#
#  SIGSEGV (0xb) at pc=0x00007f0fea3c1af0, pid=2596, tid=139707058218752
#
# JRE version: OpenJDK Runtime Environment (7.0_65-b32) (build 1.7.0_65-b32)
# Java VM: OpenJDK 64-Bit Server VM (24.65-b04 mixed mode linux-amd64 compressed oops)
# Derivative: IcedTea 2.5.3
# Distribution: Ubuntu 14.04 LTS, package 7u71-2.5.3-0ubuntu0.14.04.1
# Problematic frame:
# C  [libfreeling-3.1.so+0x74af0]  freeling::word::get_n_analysis() const+0x10
#
# Failed to write core dump. Core dumps have been disabled. To enable core dumping, try "ulimit -c unlimited" before starting Java again
#
# If you would like to submit a bug report, please include
# instructions on how to reproduce the bug and visit:
#   http://icedtea.classpath.org/bugzilla
# The crash happened outside the Java Virtual Machine in native code.
# See problematic frame for where to report the bug.
#

---------------  T H R E A D  ---------------

Current thread (0x00007f100c00a800):  JavaThread "main" [_thread_in_native, id=2598, stack(0x00007f101583e000,0x00007f101593f000)]

siginfo:si_signo=SIGSEGV: si_errno=0, si_code=1 (SEGV_MAPERR), si_addr=0x0000000000000000

Registers:
RAX=0x0000000000000002, RBX=0x00007f101593d5b0, RCX=0x00007f0fd9f61740, RDX=0x0000000000000000
RSP=0x00007f101593d528, RBP=0x00007f0fd9f61740, RSI=0x00007f0fd9f61740, RDI=0x00007f0fd9f61740
R8 =0x000000000000000d, R9 =0x000000000000000c, R10=0x00007f10090c3c95, R11=0x000000000000000b
R12=0x0000000000000000, R13=0x00000000bf2005b8, R14=0x00007f101593d620, R15=0x00007f100c00a800
RIP=0x00007f0fea3c1af0, EFLAGS=0x0000000000010202, CSGSFS=0x0000000000000033, ERR=0x0000000000000004
  TRAPNO=0x000000000000000e

Top of Stack: (sp=0x00007f101593d528)
0x00007f101593d528:   00007f0fea3c2289 00000000f5f472a0
0x00007f101593d538:   00007f101593d620 00007f100c00a800
0x00007f101593d548:   00007f1013ae2e7f 0000000000000016
0x00007f101593d558:   00007f101593d5e0 0000000000000000
0x00007f101593d568:   00007f10084ec30e 00007f101593d5f8
0x00007f101593d578:   00007f0fd9f61740 00007f101593d620
0x00007f101593d588:   00007f100c00a9d8 00007f101593d638
0x00007f101593d598:   0000000b0000000b 00007f1013d29418
0x00007f101593d5a8:   00007f0fd9f60140 00007f0fd8892de8
0x00007f101593d5b8:   0000000000000000 00007f0fd9f61740
0x00007f101593d5c8:   00007f0fdf9835a0 00007f101593d600
0x00007f101593d5d8:   0000000000000016 00007f101593d630
0x00007f101593d5e8:   00007f10090c3d07 0000000000000000
0x00007f101593d5f8:   00000000bf200570 00007f101593d640
0x00007f101593d608:   00007f100c00a800 00007f101593d640
0x00007f101593d618:   00007f101457d19f 00000000d15ebed0
0x00007f101593d628:   00000000f5f472a0 00000000d16039c0
0x00007f101593d638:   00007f10090e7d48 00000000bf200570
0x00007f101593d648:   00007f1009061e05 00000000d16039c0
0x00007f101593d658:   00007f10090eee74 0000000b00000011
0x00007f101593d668:   0000000000000002 00000000bf200208
0x00007f101593d678:   00000000bf200570 00000000bf2005b8
0x00007f101593d688:   0000000d0000000c 0000000000000016
0x00007f101593d698:   00000000bf2005b8 00000000d16039d0
0x00007f101593d6a8:   00000000bf200430 00000000bf2003f0
0x00007f101593d6b8:   00000000bf2005b8 00000000bf2003f0
0x00007f101593d6c8:   d161e0980000000d 00000000d161e098
0x00007f101593d6d8:   00000000d161e098 00000000d15ebed0
0x00007f101593d6e8:   00007f1009061e05 0000000000000000
0x00007f101593d6f8:   00007f10090ef51c 00007f0fd9533bf0
0x00007f101593d708:   0000000000000001 00000000c0080038
0x00007f101593d718:   0000000000000001 0000000000000007 

Instructions: (pc=0x00007f0fea3c1af0)
0x00007f0fea3c1ad0:   0f b6 47 61 c3 90 66 2e 0f 1f 84 00 00 00 00 00
0x00007f0fea3c1ae0:   48 8b 17 48 39 d7 74 16 31 c0 66 0f 1f 44 00 00
0x00007f0fea3c1af0:   48 8b 12 48 83 c0 01 48 39 d7 75 f4 f3 c3 31 c0
0x00007f0fea3c1b00:   c3 90 66 66 66 66 66 2e 0f 1f 84 00 00 00 00 00 

Register to memory mapping:

RAX=0x0000000000000002 is an unknown value
RBX=0x00007f101593d5b0 is pointing into the stack for thread: 0x00007f100c00a800
RCX=0x00007f0fd9f61740 is an unknown value
RDX=0x0000000000000000 is an unknown value
RSP=0x00007f101593d528 is pointing into the stack for thread: 0x00007f100c00a800
RBP=0x00007f0fd9f61740 is an unknown value
RSI=0x00007f0fd9f61740 is an unknown value
RDI=0x00007f0fd9f61740 is an unknown value
R8 =0x000000000000000d is an unknown value
R9 =0x000000000000000c is an unknown value
R10=0x00007f10090c3c95 is at entry_point+85 in (nmethod*)0x00007f10090c3ad0
R11=0x000000000000000b is an unknown value
R12=0x0000000000000000 is an unknown value
R13=0x00000000bf2005b8 is an oop
[C 
 - klass: {type array char}
 - length: 17
R14=0x00007f101593d620 is pointing into the stack for thread: 0x00007f100c00a800
R15=0x00007f100c00a800 is a thread


Stack: [0x00007f101583e000,0x00007f101593f000],  sp=0x00007f101593d528,  free space=1021k
Native frames: (J=compiled Java code, j=interpreted, Vv=VM code, C=native code)
C  [libfreeling-3.1.so+0x74af0]  freeling::word::get_n_analysis() const+0x10

Java frames: (J=compiled Java code, j=interpreted, Vv=VM code)
J 254  edu.upc.freeling.freelingJNI.Word_getLemma__SWIG_1(JLedu/upc/freeling/Word;)Ljava/lang/String; (0 bytes) @ 0x00007f10090c3c95 [0x00007f10090c3c40+0x55]
J 250 C2 edu.upc.freeling.Word.getLemma()Ljava/lang/String; (9 bytes) @ 0x00007f10090e7d48 [0x00007f10090e7d20+0x28]
J 226 C2 TaxonDescriptionAnalyzer.printDepTree(ILedu/upc/freeling/TreeDepnode;)V (410 bytes) @ 0x00007f10090eee74 [0x00007f10090ee480+0x9f4]
J 226 C2 TaxonDescriptionAnalyzer.printDepTree(ILedu/upc/freeling/TreeDepnode;)V (410 bytes) @ 0x00007f10090ef51c [0x00007f10090ee480+0x109c]
J 226 C2 TaxonDescriptionAnalyzer.printDepTree(ILedu/upc/freeling/TreeDepnode;)V (410 bytes) @ 0x00007f10090ef6bc [0x00007f10090ee480+0x123c]
J 261 C2 TaxonDescriptionAnalyzer.printResults(Ledu/upc/freeling/ListSentence;Ljava/lang/String;)V (239 bytes) @ 0x00007f100910a6b0 [0x00007f100910a4c0+0x1f0]
j  TaxonDescriptionAnalyzer.parseChunkClauses(Ljava/sql/Connection;)V+392
j  TaxonDescriptionAnalyzer.main([Ljava/lang/String;)V+5
v  ~StubRoutines::call_stub

---------------  P R O C E S S  ---------------

Java Threads: ( => current thread )
  0x00007f100c0a7000 JavaThread "Service Thread" daemon [_thread_blocked, id=2610, stack(0x00007f1011023000,0x00007f1011124000)]
  0x00007f100c0a4800 JavaThread "C2 CompilerThread1" daemon [_thread_blocked, id=2609, stack(0x00007f1011124000,0x00007f1011225000)]
  0x00007f100c0a2000 JavaThread "C2 CompilerThread0" daemon [_thread_blocked, id=2608, stack(0x00007f1011225000,0x00007f1011326000)]
  0x00007f100c0a0000 JavaThread "Signal Dispatcher" daemon [_thread_blocked, id=2607, stack(0x00007f1011326000,0x00007f1011427000)]
  0x00007f100c072800 JavaThread "Finalizer" daemon [_thread_blocked, id=2605, stack(0x00007f1011b09000,0x00007f1011c0a000)]
  0x00007f100c070800 JavaThread "Reference Handler" daemon [_thread_blocked, id=2604, stack(0x00007f1011c0a000,0x00007f1011d0b000)]
=>0x00007f100c00a800 JavaThread "main" [_thread_in_native, id=2598, stack(0x00007f101583e000,0x00007f101593f000)]

Other Threads:
  0x00007f100c06c000 VMThread [stack: 0x00007f1011d0b000,0x00007f1011e0c000] [id=2603]
  0x00007f100c0b2000 WatcherThread [stack: 0x00007f1010f22000,0x00007f1011023000] [id=2611]

VM state:not at safepoint (normal execution)

VM Mutex/Monitor currently owned by a thread: None

Heap
 def new generation   total 16704K, used 388K [0x00000000bf200000, 0x00000000c0420000, 0x00000000d14a0000)
  eden space 14848K,   2% used [0x00000000bf200000, 0x00000000bf24a998, 0x00000000c0080000)
  from space 1856K,   4% used [0x00000000c0080000, 0x00000000c0096988, 0x00000000c0250000)
  to   space 1856K,   0% used [0x00000000c0250000, 0x00000000c0250000, 0x00000000c0420000)
 tenured generation   total 37184K, used 8100K [0x00000000d14a0000, 0x00000000d38f0000, 0x00000000f5a00000)
   the space 37184K,  21% used [0x00000000d14a0000, 0x00000000d1c891a0, 0x00000000d1c89200, 0x00000000d38f0000)
 compacting perm gen  total 21248K, used 6169K [0x00000000f5a00000, 0x00000000f6ec0000, 0x0000000100000000)
   the space 21248K,  29% used [0x00000000f5a00000, 0x00000000f60064d0, 0x00000000f6006600, 0x00000000f6ec0000)
No shared spaces configured.

Card table byte_map: [0x00007f1012276000,0x00007f101247e000] byte_map_base: 0x00007f1011c7d000

Polling page: 0x00007f1015958000

Code Cache  [0x00007f1009000000, 0x00007f1009270000, 0x00007f100c000000)
 total_blobs=537 nmethods=262 adapters=229 free_code_cache=48110Kb largest_free_block=49230016

Compilation events (10 events):
Event: 646.890 Thread 0x00007f100c0a4800  256             edu.upc.freeling.Word::getSensesString (9 bytes)
Event: 646.890 Thread 0x00007f100c0a4800 nmethod 256 0x00007f10090fd150 code [0x00007f10090fd2a0, 0x00007f10090fd328]
Event: 703.748 Thread 0x00007f100c0a4800  257             edu.upc.freeling.Word::finalize (5 bytes)
Event: 703.749 Thread 0x00007f100c0a4800 nmethod 257 0x00007f10090c3190 code [0x00007f10090c32e0, 0x00007f10090c3638]
Event: 703.749 Thread 0x00007f100c0a4800  258  s          edu.upc.freeling.Word::delete (38 bytes)
Event: 703.750 Thread 0x00007f100c0a4800 nmethod 258 0x00007f10090faed0 code [0x00007f10090fb020, 0x00007f10090fb378]
Event: 6621.366 Thread 0x00007f100c0a2000  261             TaxonDescriptionAnalyzer::printResults (239 bytes)
Event: 6621.447 Thread 0x00007f100c0a2000 nmethod 261 0x00007f100910a110 code [0x00007f100910a4c0, 0x00007f100910b928]
Event: 15093.294 Thread 0x00007f100c0a4800  262             org.postgresql.core.v3.SimpleParameterList::getInParameterCount (33 bytes)
Event: 15093.297 Thread 0x00007f100c0a4800 nmethod 262 0x00007f10090f9610 code [0x00007f10090f9760, 0x00007f10090f98b8]

GC Heap History (10 events):
Event: 19298.045 GC heap before
{Heap before GC invocations=1121 (full 0):
 def new generation   total 16704K, used 14877K [0x00000000bf200000, 0x00000000c0420000, 0x00000000d14a0000)
  eden space 14848K, 100% used [0x00000000bf200000, 0x00000000c0080000, 0x00000000c0080000)
  from space 1856K,   1% used [0x00000000c0250000, 0x00000000c0257720, 0x00000000c0420000)
  to   space 1856K,   0% used [0x00000000c0080000, 0x00000000c0080000, 0x00000000c0250000)
 tenured generation   total 37184K, used 8094K [0x00000000d14a0000, 0x00000000d38f0000, 0x00000000f5a00000)
   the space 37184K,  21% used [0x00000000d14a0000, 0x00000000d1c87880, 0x00000000d1c87a00, 0x00000000d38f0000)
 compacting perm gen  total 21248K, used 6169K [0x00000000f5a00000, 0x00000000f6ec0000, 0x0000000100000000)
   the space 21248K,  29% used [0x00000000f5a00000, 0x00000000f60064d0, 0x00000000f6006600, 0x00000000f6ec0000)
No shared spaces configured.
Event: 19298.045 GC heap after
Heap after GC invocations=1122 (full 0):
 def new generation   total 16704K, used 48K [0x00000000bf200000, 0x00000000c0420000, 0x00000000d14a0000)
  eden space 14848K,   0% used [0x00000000bf200000, 0x00000000bf200000, 0x00000000c0080000)
  from space 1856K,   2% used [0x00000000c0080000, 0x00000000c008c068, 0x00000000c0250000)
  to   space 1856K,   0% used [0x00000000c0250000, 0x00000000c0250000, 0x00000000c0420000)
 tenured generation   total 37184K, used 8094K [0x00000000d14a0000, 0x00000000d38f0000, 0x00000000f5a00000)
   the space 37184K,  21% used [0x00000000d14a0000, 0x00000000d1c87880, 0x00000000d1c87a00, 0x00000000d38f0000)
 compacting perm gen  total 21248K, used 6169K [0x00000000f5a00000, 0x00000000f6ec0000, 0x0000000100000000)
   the space 21248K,  29% used [0x00000000f5a00000, 0x00000000f60064d0, 0x00000000f6006600, 0x00000000f6ec0000)
No shared spaces configured.
}
Event: 19313.577 GC heap before
{Heap before GC invocations=1122 (full 0):
 def new generation   total 16704K, used 14896K [0x00000000bf200000, 0x00000000c0420000, 0x00000000d14a0000)
  eden space 14848K, 100% used [0x00000000bf200000, 0x00000000c0080000, 0x00000000c0080000)
  from space 1856K,   2% used [0x00000000c0080000, 0x00000000c008c068, 0x00000000c0250000)
  to   space 1856K,   0% used [0x00000000c0250000, 0x00000000c0250000, 0x00000000c0420000)
 tenured generation   total 37184K, used 8094K [0x00000000d14a0000, 0x00000000d38f0000, 0x00000000f5a00000)
   the space 37184K,  21% used [0x00000000d14a0000, 0x00000000d1c87880, 0x00000000d1c87a00, 0x00000000d38f0000)
 compacting perm gen  total 21248K, used 6169K [0x00000000f5a00000, 0x00000000f6ec0000, 0x0000000100000000)
   the space 21248K,  29% used [0x00000000f5a00000, 0x00000000f60064d0, 0x00000000f6006600, 0x00000000f6ec0000)
No shared spaces configured.
Event: 19313.579 GC heap after
Heap after GC invocations=1123 (full 0):
 def new generation   total 16704K, used 59K [0x00000000bf200000, 0x00000000c0420000, 0x00000000d14a0000)
  eden space 14848K,   0% used [0x00000000bf200000, 0x00000000bf200000, 0x00000000c0080000)
  from space 1856K,   3% used [0x00000000c0250000, 0x00000000c025ecd8, 0x00000000c0420000)
  to   space 1856K,   0% used [0x00000000c0080000, 0x00000000c0080000, 0x00000000c0250000)
 tenured generation   total 37184K, used 8095K [0x00000000d14a0000, 0x00000000d38f0000, 0x00000000f5a00000)
   the space 37184K,  21% used [0x00000000d14a0000, 0x00000000d1c87c90, 0x00000000d1c87e00, 0x00000000d38f0000)
 compacting perm gen  total 21248K, used 6169K [0x00000000f5a00000, 0x00000000f6ec0000, 0x0000000100000000)
   the space 21248K,  29% used [0x00000000f5a00000, 0x00000000f60064d0, 0x00000000f6006600, 0x00000000f6ec0000)
No shared spaces configured.
}
Event: 19329.388 GC heap before
{Heap before GC invocations=1123 (full 0):
 def new generation   total 16704K, used 14907K [0x00000000bf200000, 0x00000000c0420000, 0x00000000d14a0000)
  eden space 14848K, 100% used [0x00000000bf200000, 0x00000000c0080000, 0x00000000c0080000)
  from space 1856K,   3% used [0x00000000c0250000, 0x00000000c025ecd8, 0x00000000c0420000)
  to   space 1856K,   0% used [0x00000000c0080000, 0x00000000c0080000, 0x00000000c0250000)
 tenured generation   total 37184K, used 8095K [0x00000000d14a0000, 0x00000000d38f0000, 0x00000000f5a00000)
   the space 37184K,  21% used [0x00000000d14a0000, 0x00000000d1c87c90, 0x00000000d1c87e00, 0x00000000d38f0000)
 compacting perm gen  total 21248K, used 6169K [0x00000000f5a00000, 0x00000000f6ec0000, 0x0000000100000000)
   the space 21248K,  29% used [0x00000000f5a00000, 0x00000000f60064d0, 0x00000000f6006600, 0x00000000f6ec0000)
No shared spaces configured.
Event: 19329.388 GC heap after
Heap after GC invocations=1124 (full 0):
 def new generation   total 16704K, used 33K [0x00000000bf200000, 0x00000000c0420000, 0x00000000d14a0000)
  eden space 14848K,   0% used [0x00000000bf200000, 0x00000000bf200000, 0x00000000c0080000)
  from space 1856K,   1% used [0x00000000c0080000, 0x00000000c00887e0, 0x00000000c0250000)
  to   space 1856K,   0% used [0x00000000c0250000, 0x00000000c0250000, 0x00000000c0420000)
 tenured generation   total 37184K, used 8095K [0x00000000d14a0000, 0x00000000d38f0000, 0x00000000f5a00000)
   the space 37184K,  21% used [0x00000000d14a0000, 0x00000000d1c87c90, 0x00000000d1c87e00, 0x00000000d38f0000)
 compacting perm gen  total 21248K, used 6169K [0x00000000f5a00000, 0x00000000f6ec0000, 0x0000000100000000)
   the space 21248K,  29% used [0x00000000f5a00000, 0x00000000f60064d0, 0x00000000f6006600, 0x00000000f6ec0000)
No shared spaces configured.
}
Event: 19344.879 GC heap before
{Heap before GC invocations=1124 (full 0):
 def new generation   total 16704K, used 14881K [0x00000000bf200000, 0x00000000c0420000, 0x00000000d14a0000)
  eden space 14848K, 100% used [0x00000000bf200000, 0x00000000c0080000, 0x00000000c0080000)
  from space 1856K,   1% used [0x00000000c0080000, 0x00000000c00887e0, 0x00000000c0250000)
  to   space 1856K,   0% used [0x00000000c0250000, 0x00000000c0250000, 0x00000000c0420000)
 tenured generation   total 37184K, used 8095K [0x00000000d14a0000, 0x00000000d38f0000, 0x00000000f5a00000)
   the space 37184K,  21% used [0x00000000d14a0000, 0x00000000d1c87c90, 0x00000000d1c87e00, 0x00000000d38f0000)
 compacting perm gen  total 21248K, used 6169K [0x00000000f5a00000, 0x00000000f6ec0000, 0x0000000100000000)
   the space 21248K,  29% used [0x00000000f5a00000, 0x00000000f60064d0, 0x00000000f6006600, 0x00000000f6ec0000)
No shared spaces configured.
Event: 19344.879 GC heap after
Heap after GC invocations=1125 (full 0):
 def new generation   total 16704K, used 41K [0x00000000bf200000, 0x00000000c0420000, 0x00000000d14a0000)
  eden space 14848K,   0% used [0x00000000bf200000, 0x00000000bf200000, 0x00000000c0080000)
  from space 1856K,   2% used [0x00000000c0250000, 0x00000000c025a4e0, 0x00000000c0420000)
  to   space 1856K,   0% used [0x00000000c0080000, 0x00000000c0080000, 0x00000000c0250000)
 tenured generation   total 37184K, used 8097K [0x00000000d14a0000, 0x00000000d38f0000, 0x00000000f5a00000)
   the space 37184K,  21% used [0x00000000d14a0000, 0x00000000d1c88510, 0x00000000d1c88600, 0x00000000d38f0000)
 compacting perm gen  total 21248K, used 6169K [0x00000000f5a00000, 0x00000000f6ec0000, 0x0000000100000000)
   the space 21248K,  29% used [0x00000000f5a00000, 0x00000000f60064d0, 0x00000000f6006600, 0x00000000f6ec0000)
No shared spaces configured.
}
Event: 19360.838 GC heap before
{Heap before GC invocations=1125 (full 0):
 def new generation   total 16704K, used 14889K [0x00000000bf200000, 0x00000000c0420000, 0x00000000d14a0000)
  eden space 14848K, 100% used [0x00000000bf200000, 0x00000000c0080000, 0x00000000c0080000)
  from space 1856K,   2% used [0x00000000c0250000, 0x00000000c025a4e0, 0x00000000c0420000)
  to   space 1856K,   0% used [0x00000000c0080000, 0x00000000c0080000, 0x00000000c0250000)
 tenured generation   total 37184K, used 8097K [0x00000000d14a0000, 0x00000000d38f0000, 0x00000000f5a00000)
   the space 37184K,  21% used [0x00000000d14a0000, 0x00000000d1c88510, 0x00000000d1c88600, 0x00000000d38f0000)
 compacting perm gen  total 21248K, used 6169K [0x00000000f5a00000, 0x00000000f6ec0000, 0x0000000100000000)
   the space 21248K,  29% used [0x00000000f5a00000, 0x00000000f60064d0, 0x00000000f6006600, 0x00000000f6ec0000)
No shared spaces configured.
Event: 19360.838 GC heap after
Heap after GC invocations=1126 (full 0):
 def new generation   total 16704K, used 90K [0x00000000bf200000, 0x00000000c0420000, 0x00000000d14a0000)
  eden space 14848K,   0% used [0x00000000bf200000, 0x00000000bf200000, 0x00000000c0080000)
  from space 1856K,   4% used [0x00000000c0080000, 0x00000000c0096988, 0x00000000c0250000)
  to   space 1856K,   0% used [0x00000000c0250000, 0x00000000c0250000, 0x00000000c0420000)
 tenured generation   total 37184K, used 8100K [0x00000000d14a0000, 0x00000000d38f0000, 0x00000000f5a00000)
   the space 37184K,  21% used [0x00000000d14a0000, 0x00000000d1c891a0, 0x00000000d1c89200, 0x00000000d38f0000)
 compacting perm gen  total 21248K, used 6169K [0x00000000f5a00000, 0x00000000f6ec0000, 0x0000000100000000)
   the space 21248K,  29% used [0x00000000f5a00000, 0x00000000f60064d0, 0x00000000f6006600, 0x00000000f6ec0000)
No shared spaces configured.
}

Deoptimization events (3 events):
Event: 154.922 Thread 0x00007f100c072800 Uncommon trap: reason=unreached action=reinterpret pc=0x00007f10090ddef0 method=java.lang.ref.Finalizer.remove()V @ 10
Event: 154.922 Thread 0x00007f100c072800 Uncommon trap: reason=unreached action=reinterpret pc=0x00007f10090e2ccc method=java.lang.ref.Finalizer.remove()V @ 10
Event: 154.922 Thread 0x00007f100c072800 Uncommon trap: reason=unreached action=reinterpret pc=0x00007f10090e14f4 method=java.lang.ref.Finalizer.remove()V @ 10

Internal exceptions (10 events):
Event: 11.835 Thread 0x00007f100c00a800 Threw 0x00000000bf73ae80 at /build/buildd/openjdk-7-7u71-2.5.3/build/openjdk/hotspot/src/share/vm/prims/jvm.cpp:1284
Event: 11.836 Thread 0x00007f100c00a800 Threw 0x00000000bf73f278 at /build/buildd/openjdk-7-7u71-2.5.3/build/openjdk/hotspot/src/share/vm/prims/jvm.cpp:1284
Event: 11.836 Thread 0x00007f100c00a800 Threw 0x00000000bf742f40 at /build/buildd/openjdk-7-7u71-2.5.3/build/openjdk/hotspot/src/share/vm/prims/jvm.cpp:1284
Event: 11.836 Thread 0x00007f100c00a800 Threw 0x00000000bf74ddc8 at /build/buildd/openjdk-7-7u71-2.5.3/build/openjdk/hotspot/src/share/vm/prims/jvm.cpp:1284
Event: 11.853 Thread 0x00007f100c00a800 Threw 0x00000000bf753eb8 at /build/buildd/openjdk-7-7u71-2.5.3/build/openjdk/hotspot/src/share/vm/prims/jvm.cpp:1284
Event: 11.853 Thread 0x00007f100c00a800 Threw 0x00000000bf757c20 at /build/buildd/openjdk-7-7u71-2.5.3/build/openjdk/hotspot/src/share/vm/prims/jvm.cpp:1284
Event: 11.884 Thread 0x00007f100c00a800 Threw 0x00000000bf761cd8 at /build/buildd/openjdk-7-7u71-2.5.3/build/openjdk/hotspot/src/share/vm/prims/jvm.cpp:1284
Event: 11.902 Thread 0x00007f100c00a800 Threw 0x00000000bf767450 at /build/buildd/openjdk-7-7u71-2.5.3/build/openjdk/hotspot/src/share/vm/prims/jvm.cpp:1284
Event: 11.903 Thread 0x00007f100c00a800 Threw 0x00000000bf76c780 at /build/buildd/openjdk-7-7u71-2.5.3/build/openjdk/hotspot/src/share/vm/prims/jvm.cpp:1284
Event: 14.590 Thread 0x00007f100c00a800 Threw 0x00000000bf884998 at /build/buildd/openjdk-7-7u71-2.5.3/build/openjdk/hotspot/src/share/vm/prims/jvm.cpp:1284

Events (10 events):
Event: 19298.045 Executing VM operation: GenCollectForAllocation
Event: 19298.045 Executing VM operation: GenCollectForAllocation done
Event: 19313.577 Executing VM operation: GenCollectForAllocation
Event: 19313.579 Executing VM operation: GenCollectForAllocation done
Event: 19329.388 Executing VM operation: GenCollectForAllocation
Event: 19329.388 Executing VM operation: GenCollectForAllocation done
Event: 19344.879 Executing VM operation: GenCollectForAllocation
Event: 19344.879 Executing VM operation: GenCollectForAllocation done
Event: 19360.838 Executing VM operation: GenCollectForAllocation
Event: 19360.838 Executing VM operation: GenCollectForAllocation done


Dynamic libraries:
00400000-00401000 r-xp 00000000 08:01 451179                             /usr/lib/jvm/java-7-openjdk-amd64/jre/bin/java
00600000-00601000 r--p 00000000 08:01 451179                             /usr/lib/jvm/java-7-openjdk-amd64/jre/bin/java
00601000-00602000 rw-p 00001000 08:01 451179                             /usr/lib/jvm/java-7-openjdk-amd64/jre/bin/java
01d8d000-01dae000 rw-p 00000000 00:00 0                                  [heap]
bf200000-c0420000 rw-p 00000000 00:00 0 
c0420000-d14a0000 rw-p 00000000 00:00 0 
d14a0000-d38f0000 rw-p 00000000 00:00 0 
d38f0000-f5a00000 rw-p 00000000 00:00 0 
f5a00000-f6ec0000 rw-p 00000000 00:00 0 
f6ec0000-100000000 rw-p 00000000 00:00 0 
7f0fcc000000-7f0fcc8e9000 rw-p 00000000 00:00 0 
7f0fcc8e9000-7f0fd0000000 ---p 00000000 00:00 0 
7f0fd37f7000-7f0fd4000000 rw-p 00000000 00:00 0 
7f0fd4000000-7f0fdc000000 rw-p 00000000 00:00 0 
7f0fdc000000-7f0fe4000000 rw-p 00000000 00:00 0 
7f0fe4000000-7f0fe8000000 rw-p 00000000 00:00 0 
7f0fe8058000-7f0fe96c4000 r-xp 00000000 08:01 11065                      /usr/lib/x86_64-linux-gnu/libicudata.so.52.1
7f0fe96c4000-7f0fe98c3000 ---p 0166c000 08:01 11065                      /usr/lib/x86_64-linux-gnu/libicudata.so.52.1
7f0fe98c3000-7f0fe98c4000 r--p 0166b000 08:01 11065                      /usr/lib/x86_64-linux-gnu/libicudata.so.52.1
7f0fe98c4000-7f0fe98c5000 rw-p 0166c000 08:01 11065                      /usr/lib/x86_64-linux-gnu/libicudata.so.52.1
7f0fe98c5000-7f0fe9abe000 r-xp 00000000 08:01 11067                      /usr/lib/x86_64-linux-gnu/libicui18n.so.52.1
7f0fe9abe000-7f0fe9cbe000 ---p 001f9000 08:01 11067                      /usr/lib/x86_64-linux-gnu/libicui18n.so.52.1
7f0fe9cbe000-7f0fe9ccb000 r--p 001f9000 08:01 11067                      /usr/lib/x86_64-linux-gnu/libicui18n.so.52.1
7f0fe9ccb000-7f0fe9ccc000 rw-p 00206000 08:01 11067                      /usr/lib/x86_64-linux-gnu/libicui18n.so.52.1
7f0fe9ccc000-7f0fe9ccd000 rw-p 00000000 00:00 0 
7f0fe9ccd000-7f0fe9e31000 r-xp 00000000 08:01 11079                      /usr/lib/x86_64-linux-gnu/libicuuc.so.52.1
7f0fe9e31000-7f0fea030000 ---p 00164000 08:01 11079                      /usr/lib/x86_64-linux-gnu/libicuuc.so.52.1
7f0fea030000-7f0fea041000 r--p 00163000 08:01 11079                      /usr/lib/x86_64-linux-gnu/libicuuc.so.52.1
7f0fea041000-7f0fea042000 rw-p 00174000 08:01 11079                      /usr/lib/x86_64-linux-gnu/libicuuc.so.52.1
7f0fea042000-7f0fea046000 rw-p 00000000 00:00 0 
7f0fea046000-7f0fea147000 r-xp 00000000 08:01 1126                       /usr/lib/x86_64-linux-gnu/libboost_regex.so.1.54.0
7f0fea147000-7f0fea346000 ---p 00101000 08:01 1126                       /usr/lib/x86_64-linux-gnu/libboost_regex.so.1.54.0
7f0fea346000-7f0fea34b000 r--p 00100000 08:01 1126                       /usr/lib/x86_64-linux-gnu/libboost_regex.so.1.54.0
7f0fea34b000-7f0fea34c000 rw-p 00105000 08:01 1126                       /usr/lib/x86_64-linux-gnu/libboost_regex.so.1.54.0
7f0fea34c000-7f0fea34d000 rw-p 00000000 00:00 0 
7f0fea34d000-7f0fea5df000 r-xp 00000000 08:01 450063                     /usr/local/lib/libfreeling-3.1.so
7f0fea5df000-7f0fea7df000 ---p 00292000 08:01 450063                     /usr/local/lib/libfreeling-3.1.so
7f0fea7df000-7f0fea7e4000 r--p 00292000 08:01 450063                     /usr/local/lib/libfreeling-3.1.so
7f0fea7e4000-7f0fea7e8000 rw-p 00297000 08:01 450063                     /usr/local/lib/libfreeling-3.1.so
7f0fea7e8000-7f0fec000000 rw-p 00000000 00:00 0 
7f0fec000000-7f0fec90b000 rw-p 00000000 00:00 0 
7f0fec90b000-7f0ff0000000 ---p 00000000 00:00 0 
7f0ff0000000-7f0ff0021000 rw-p 00000000 00:00 0 
7f0ff0021000-7f0ff4000000 ---p 00000000 00:00 0 
7f0ff4000000-7f0ff4021000 rw-p 00000000 00:00 0 
7f0ff4021000-7f0ff8000000 ---p 00000000 00:00 0 
7f0ff8000000-7f0ff8e27000 rw-p 00000000 00:00 0 
7f0ff8e27000-7f0ffc000000 ---p 00000000 00:00 0 
7f0ffc000000-7f0ffc021000 rw-p 00000000 00:00 0 
7f0ffc021000-7f1000000000 ---p 00000000 00:00 0 
7f1000000000-7f1000021000 rw-p 00000000 00:00 0 
7f1000021000-7f1004000000 ---p 00000000 00:00 0 
7f1004000000-7f1004021000 rw-p 00000000 00:00 0 
7f1004021000-7f1008000000 ---p 00000000 00:00 0 
7f100801f000-7f1008263000 rw-p 00000000 00:00 0 
7f1008263000-7f1008266000 r-xp 00000000 08:01 10627                      /usr/lib/x86_64-linux-gnu/libboost_system.so.1.54.0
7f1008266000-7f1008465000 ---p 00003000 08:01 10627                      /usr/lib/x86_64-linux-gnu/libboost_system.so.1.54.0
7f1008465000-7f1008466000 r--p 00002000 08:01 10627                      /usr/lib/x86_64-linux-gnu/libboost_system.so.1.54.0
7f1008466000-7f1008467000 rw-p 00003000 08:01 10627                      /usr/lib/x86_64-linux-gnu/libboost_system.so.1.54.0
7f1008475000-7f100847c000 r--s 00000000 08:01 162543                     /usr/lib/x86_64-linux-gnu/gconv/gconv-modules.cache
7f100847c000-7f100853a000 r-xp 00000000 08:01 313559                     /pkg/freeling-3.1/APIs/java/libfreeling_javaAPI.so
7f100853a000-7f1008739000 ---p 000be000 08:01 313559                     /pkg/freeling-3.1/APIs/java/libfreeling_javaAPI.so
7f1008739000-7f100873a000 r--p 000bd000 08:01 313559                     /pkg/freeling-3.1/APIs/java/libfreeling_javaAPI.so
7f100873a000-7f100873e000 rw-p 000be000 08:01 313559                     /pkg/freeling-3.1/APIs/java/libfreeling_javaAPI.so
7f100873e000-7f100874b000 r--s 000a3000 08:01 67645                      /home/mmora/workspace/TextProcessing/lib/httpcomponents-client-4.4/lib/httpclient-4.4.jar
7f100874b000-7f100877c000 rw-p 00000000 00:00 0 
7f100877c000-7f10087b9000 r-xp 00000000 08:01 398443                     /lib/x86_64-linux-gnu/libpcre.so.3.13.1
7f10087b9000-7f10089b8000 ---p 0003d000 08:01 398443                     /lib/x86_64-linux-gnu/libpcre.so.3.13.1
7f10089b8000-7f10089b9000 r--p 0003c000 08:01 398443                     /lib/x86_64-linux-gnu/libpcre.so.3.13.1
7f10089b9000-7f10089ba000 rw-p 0003d000 08:01 398443                     /lib/x86_64-linux-gnu/libpcre.so.3.13.1
7f10089ba000-7f10089c1000 r-xp 00000000 08:01 10785                      /usr/lib/x86_64-linux-gnu/libffi.so.6.0.1
7f10089c1000-7f1008bc0000 ---p 00007000 08:01 10785                      /usr/lib/x86_64-linux-gnu/libffi.so.6.0.1
7f1008bc0000-7f1008bc1000 r--p 00006000 08:01 10785                      /usr/lib/x86_64-linux-gnu/libffi.so.6.0.1
7f1008bc1000-7f1008bc2000 rw-p 00007000 08:01 10785                      /usr/lib/x86_64-linux-gnu/libffi.so.6.0.1
7f1008bc2000-7f1008bd9000 r-xp 00000000 08:01 400113                     /lib/x86_64-linux-gnu/libresolv-2.19.so
7f1008bd9000-7f1008dd9000 ---p 00017000 08:01 400113                     /lib/x86_64-linux-gnu/libresolv-2.19.so
7f1008dd9000-7f1008dda000 r--p 00017000 08:01 400113                     /lib/x86_64-linux-gnu/libresolv-2.19.so
7f1008dda000-7f1008ddb000 rw-p 00018000 08:01 400113                     /lib/x86_64-linux-gnu/libresolv-2.19.so
7f1008ddb000-7f1008ddd000 rw-p 00000000 00:00 0 
7f1008ddd000-7f1008dfd000 r-xp 00000000 08:01 398470                     /lib/x86_64-linux-gnu/libselinux.so.1
7f1008dfd000-7f1008ffc000 ---p 00020000 08:01 398470                     /lib/x86_64-linux-gnu/libselinux.so.1
7f1008ffc000-7f1008ffd000 r--p 0001f000 08:01 398470                     /lib/x86_64-linux-gnu/libselinux.so.1
7f1008ffd000-7f1008ffe000 rw-p 00020000 08:01 398470                     /lib/x86_64-linux-gnu/libselinux.so.1
7f1008ffe000-7f1009000000 rw-p 00000000 00:00 0 
7f1009000000-7f1009270000 rwxp 00000000 00:00 0 
7f1009270000-7f1010000000 rw-p 00000000 00:00 0 
7f1010000000-7f1010005000 r--s 0004c000 08:01 437947                     /usr/lib/jvm/java-7-openjdk-amd64/jre/lib/jsse.jar
7f1010005000-7f1010008000 r-xp 00000000 08:01 3202                       /usr/lib/x86_64-linux-gnu/libgmodule-2.0.so.0.4002.0
7f1010008000-7f1010207000 ---p 00003000 08:01 3202                       /usr/lib/x86_64-linux-gnu/libgmodule-2.0.so.0.4002.0
7f1010207000-7f1010208000 r--p 00002000 08:01 3202                       /usr/lib/x86_64-linux-gnu/libgmodule-2.0.so.0.4002.0
7f1010208000-7f1010209000 rw-p 00003000 08:01 3202                       /usr/lib/x86_64-linux-gnu/libgmodule-2.0.so.0.4002.0
7f1010209000-7f101030f000 r-xp 00000000 08:01 398974                     /lib/x86_64-linux-gnu/libglib-2.0.so.0.4002.0
7f101030f000-7f101050e000 ---p 00106000 08:01 398974                     /lib/x86_64-linux-gnu/libglib-2.0.so.0.4002.0
7f101050e000-7f101050f000 r--p 00105000 08:01 398974                     /lib/x86_64-linux-gnu/libglib-2.0.so.0.4002.0
7f101050f000-7f1010510000 rw-p 00106000 08:01 398974                     /lib/x86_64-linux-gnu/libglib-2.0.so.0.4002.0
7f1010510000-7f1010511000 rw-p 00000000 00:00 0 
7f1010511000-7f1010560000 r-xp 00000000 08:01 3203                       /usr/lib/x86_64-linux-gnu/libgobject-2.0.so.0.4002.0
7f1010560000-7f1010760000 ---p 0004f000 08:01 3203                       /usr/lib/x86_64-linux-gnu/libgobject-2.0.so.0.4002.0
7f1010760000-7f1010761000 r--p 0004f000 08:01 3203                       /usr/lib/x86_64-linux-gnu/libgobject-2.0.so.0.4002.0
7f1010761000-7f1010762000 rw-p 00050000 08:01 3203                       /usr/lib/x86_64-linux-gnu/libgobject-2.0.so.0.4002.0
7f1010762000-7f10108ce000 r-xp 00000000 08:01 3205                       /usr/lib/x86_64-linux-gnu/libgio-2.0.so.0.4002.0
7f10108ce000-7f1010acd000 ---p 0016c000 08:01 3205                       /usr/lib/x86_64-linux-gnu/libgio-2.0.so.0.4002.0
7f1010acd000-7f1010ad1000 r--p 0016b000 08:01 3205                       /usr/lib/x86_64-linux-gnu/libgio-2.0.so.0.4002.0
7f1010ad1000-7f1010ad3000 rw-p 0016f000 08:01 3205                       /usr/lib/x86_64-linux-gnu/libgio-2.0.so.0.4002.0
7f1010ad3000-7f1010ad5000 rw-p 00000000 00:00 0 
7f1010ad6000-7f1010ad8000 r--s 0000e000 08:01 67651                      /home/mmora/workspace/TextProcessing/lib/httpcomponents-client-4.4/lib/commons-logging-1.2.jar
7f1010ad8000-7f1010adf000 r--s 0003a000 08:01 67652                      /home/mmora/workspace/TextProcessing/lib/httpcomponents-client-4.4/lib/commons-codec-1.9.jar
7f1010adf000-7f1010ae6000 r--s 00048000 08:01 67650                      /home/mmora/workspace/TextProcessing/lib/httpcomponents-client-4.4/lib/httpcore-4.4.jar
7f1010ae6000-7f1010ae8000 r--s 0000a000 08:01 131108                     /home/mmora/Downloads/json-20090211.jar
7f1010ae8000-7f1010aea000 r--s 00007000 08:01 64607                      /home/mmora/workspace/TextProcessing/lib/google-api-translate-java-0.97.jar
7f1010aea000-7f1010b01000 r-xp 00000000 08:01 437907                     /usr/lib/jvm/java-7-openjdk-amd64/jre/lib/amd64/libnet.so
7f1010b01000-7f1010d00000 ---p 00017000 08:01 437907                     /usr/lib/jvm/java-7-openjdk-amd64/jre/lib/amd64/libnet.so
7f1010d00000-7f1010d01000 r--p 00016000 08:01 437907                     /usr/lib/jvm/java-7-openjdk-amd64/jre/lib/amd64/libnet.so
7f1010d01000-7f1010d02000 rw-p 00017000 08:01 437907                     /usr/lib/jvm/java-7-openjdk-amd64/jre/lib/amd64/libnet.so
7f1010d02000-7f1010d12000 r-xp 00000000 08:01 437922                     /usr/lib/jvm/java-7-openjdk-amd64/jre/lib/amd64/libnio.so
7f1010d12000-7f1010f12000 ---p 00010000 08:01 437922                     /usr/lib/jvm/java-7-openjdk-amd64/jre/lib/amd64/libnio.so
7f1010f12000-7f1010f13000 r--p 00010000 08:01 437922                     /usr/lib/jvm/java-7-openjdk-amd64/jre/lib/amd64/libnio.so
7f1010f13000-7f1010f14000 rw-p 00011000 08:01 437922                     /usr/lib/jvm/java-7-openjdk-amd64/jre/lib/amd64/libnio.so
7f1010f14000-7f1010f18000 r--s 00021000 08:01 313639                     /pkg/freeling-3.1/APIs/java/freeling.jar
7f1010f18000-7f1010f1f000 r--s 0008a000 08:01 27983                      /home/mmora/workspace/TextProcessing/lib/postgresql-9.3-1102.jdbc41.jar
7f1010f1f000-7f1010f22000 r--s 00014000 08:01 27982                      /home/mmora/workspace/TextProcessing/lib/opennlp-uima-1.5.3.jar
7f1010f22000-7f1010f23000 ---p 00000000 00:00 0 
7f1010f23000-7f1011023000 rw-p 00000000 00:00 0                          [stack:2611]
7f1011023000-7f1011026000 ---p 00000000 00:00 0 
7f1011026000-7f1011124000 rw-p 00000000 00:00 0                          [stack:2610]
7f1011124000-7f1011127000 ---p 00000000 00:00 0 
7f1011127000-7f1011225000 rw-p 00000000 00:00 0                          [stack:2609]
7f1011225000-7f1011228000 ---p 00000000 00:00 0 
7f1011228000-7f1011326000 rw-p 00000000 00:00 0                          [stack:2608]
7f1011326000-7f1011329000 ---p 00000000 00:00 0 
7f1011329000-7f1011427000 rw-p 00000000 00:00 0                          [stack:2607]
7f1011427000-7f1011b09000 r--p 00000000 08:01 7563                       /usr/lib/locale/locale-archive
7f1011b09000-7f1011b0c000 ---p 00000000 00:00 0 
7f1011b0c000-7f1011c0a000 rw-p 00000000 00:00 0                          [stack:2605]
7f1011c0a000-7f1011c0d000 ---p 00000000 00:00 0 
7f1011c0d000-7f1011d0b000 rw-p 00000000 00:00 0                          [stack:2604]
7f1011d0b000-7f1011d0c000 ---p 00000000 00:00 0 
7f1011d0c000-7f1011e55000 rw-p 00000000 00:00 0                          [stack:2603]
7f1011e55000-7f1012006000 r--s 01d25000 08:01 450807                     /usr/lib/jvm/java-7-openjdk-amd64/jre/lib/rt.jar
7f1012006000-7f101210a000 rw-p 00000000 00:00 0 
7f101210a000-7f1012153000 rw-p 00000000 00:00 0 
7f1012153000-7f1012166000 rw-p 00000000 00:00 0 
7f1012166000-7f1012276000 rw-p 00000000 00:00 0 
7f1012276000-7f1012280000 rw-p 00000000 00:00 0 
7f1012280000-7f1012307000 rw-p 00000000 00:00 0 
7f1012307000-7f101231a000 rw-p 00000000 00:00 0 
7f101231a000-7f101242a000 rw-p 00000000 00:00 0 
7f101242a000-7f1012435000 rw-p 00000000 00:00 0 
7f1012435000-7f101247d000 rw-p 00000000 00:00 0 
7f101247d000-7f101247e000 rw-p 00000000 00:00 0 
7f101247e000-7f1012486000 r-xp 00000000 08:01 437899                     /usr/lib/jvm/java-7-openjdk-amd64/jre/lib/amd64/libzip.so
7f1012486000-7f1012685000 ---p 00008000 08:01 437899                     /usr/lib/jvm/java-7-openjdk-amd64/jre/lib/amd64/libzip.so
7f1012685000-7f1012686000 r--p 00007000 08:01 437899                     /usr/lib/jvm/java-7-openjdk-amd64/jre/lib/amd64/libzip.so
7f1012686000-7f1012687000 rw-p 00008000 08:01 437899                     /usr/lib/jvm/java-7-openjdk-amd64/jre/lib/amd64/libzip.so
7f1012687000-7f1012692000 r-xp 00000000 08:01 400119                     /lib/x86_64-linux-gnu/libnss_files-2.19.so
7f1012692000-7f1012891000 ---p 0000b000 08:01 400119                     /lib/x86_64-linux-gnu/libnss_files-2.19.so
7f1012891000-7f1012892000 r--p 0000a000 08:01 400119                     /lib/x86_64-linux-gnu/libnss_files-2.19.so
7f1012892000-7f1012893000 rw-p 0000b000 08:01 400119                     /lib/x86_64-linux-gnu/libnss_files-2.19.so
7f1012893000-7f101289e000 r-xp 00000000 08:01 400115                     /lib/x86_64-linux-gnu/libnss_nis-2.19.so
7f101289e000-7f1012a9d000 ---p 0000b000 08:01 400115                     /lib/x86_64-linux-gnu/libnss_nis-2.19.so
7f1012a9d000-7f1012a9e000 r--p 0000a000 08:01 400115                     /lib/x86_64-linux-gnu/libnss_nis-2.19.so
7f1012a9e000-7f1012a9f000 rw-p 0000b000 08:01 400115                     /lib/x86_64-linux-gnu/libnss_nis-2.19.so
7f1012a9f000-7f1012ab6000 r-xp 00000000 08:01 400109                     /lib/x86_64-linux-gnu/libnsl-2.19.so
7f1012ab6000-7f1012cb5000 ---p 00017000 08:01 400109                     /lib/x86_64-linux-gnu/libnsl-2.19.so
7f1012cb5000-7f1012cb6000 r--p 00016000 08:01 400109                     /lib/x86_64-linux-gnu/libnsl-2.19.so
7f1012cb6000-7f1012cb7000 rw-p 00017000 08:01 400109                     /lib/x86_64-linux-gnu/libnsl-2.19.so
7f1012cb7000-7f1012cb9000 rw-p 00000000 00:00 0 
7f1012cb9000-7f1012cc2000 r-xp 00000000 08:01 400106                     /lib/x86_64-linux-gnu/libnss_compat-2.19.so
7f1012cc2000-7f1012ec1000 ---p 00009000 08:01 400106                     /lib/x86_64-linux-gnu/libnss_compat-2.19.so
7f1012ec1000-7f1012ec2000 r--p 00008000 08:01 400106                     /lib/x86_64-linux-gnu/libnss_compat-2.19.so
7f1012ec2000-7f1012ec3000 rw-p 00009000 08:01 400106                     /lib/x86_64-linux-gnu/libnss_compat-2.19.so
7f1012ec3000-7f1012eee000 r-xp 00000000 08:01 437906                     /usr/lib/jvm/java-7-openjdk-amd64/jre/lib/amd64/libjava.so
7f1012eee000-7f10130ed000 ---p 0002b000 08:01 437906                     /usr/lib/jvm/java-7-openjdk-amd64/jre/lib/amd64/libjava.so
7f10130ed000-7f10130ee000 r--p 0002a000 08:01 437906                     /usr/lib/jvm/java-7-openjdk-amd64/jre/lib/amd64/libjava.so
7f10130ee000-7f10130f0000 rw-p 0002b000 08:01 437906                     /usr/lib/jvm/java-7-openjdk-amd64/jre/lib/amd64/libjava.so
7f10130f0000-7f1013100000 r-xp 00000000 08:01 437921                     /usr/lib/jvm/java-7-openjdk-amd64/jre/lib/amd64/libverify.so
7f1013100000-7f10132ff000 ---p 00010000 08:01 437921                     /usr/lib/jvm/java-7-openjdk-amd64/jre/lib/amd64/libverify.so
7f10132ff000-7f1013301000 r--p 0000f000 08:01 437921                     /usr/lib/jvm/java-7-openjdk-amd64/jre/lib/amd64/libverify.so
7f1013301000-7f1013302000 rw-p 00011000 08:01 437921                     /usr/lib/jvm/java-7-openjdk-amd64/jre/lib/amd64/libverify.so
7f1013302000-7f1013309000 r-xp 00000000 08:01 399258                     /lib/x86_64-linux-gnu/librt-2.19.so
7f1013309000-7f1013508000 ---p 00007000 08:01 399258                     /lib/x86_64-linux-gnu/librt-2.19.so
7f1013508000-7f1013509000 r--p 00006000 08:01 399258                     /lib/x86_64-linux-gnu/librt-2.19.so
7f1013509000-7f101350a000 rw-p 00007000 08:01 399258                     /lib/x86_64-linux-gnu/librt-2.19.so
7f101350a000-7f1013520000 r-xp 00000000 08:01 398318                     /lib/x86_64-linux-gnu/libgcc_s.so.1
7f1013520000-7f101371f000 ---p 00016000 08:01 398318                     /lib/x86_64-linux-gnu/libgcc_s.so.1
7f101371f000-7f1013720000 rw-p 00015000 08:01 398318                     /lib/x86_64-linux-gnu/libgcc_s.so.1
7f1013720000-7f1013825000 r-xp 00000000 08:01 400108                     /lib/x86_64-linux-gnu/libm-2.19.so
7f1013825000-7f1013a24000 ---p 00105000 08:01 400108                     /lib/x86_64-linux-gnu/libm-2.19.so
7f1013a24000-7f1013a25000 r--p 00104000 08:01 400108                     /lib/x86_64-linux-gnu/libm-2.19.so
7f1013a25000-7f1013a26000 rw-p 00105000 08:01 400108                     /lib/x86_64-linux-gnu/libm-2.19.so
7f1013a26000-7f1013b0c000 r-xp 00000000 08:01 11413                      /usr/lib/x86_64-linux-gnu/libstdc++.so.6.0.19
7f1013b0c000-7f1013d0b000 ---p 000e6000 08:01 11413                      /usr/lib/x86_64-linux-gnu/libstdc++.so.6.0.19
7f1013d0b000-7f1013d13000 r--p 000e5000 08:01 11413                      /usr/lib/x86_64-linux-gnu/libstdc++.so.6.0.19
7f1013d13000-7f1013d15000 rw-p 000ed000 08:01 11413                      /usr/lib/x86_64-linux-gnu/libstdc++.so.6.0.19
7f1013d15000-7f1013d2a000 rw-p 00000000 00:00 0 
7f1013d2a000-7f1014840000 r-xp 00000000 08:01 437928                     /usr/lib/jvm/java-7-openjdk-amd64/jre/lib/amd64/server/libjvm.so
7f1014840000-7f1014a3f000 ---p 00b16000 08:01 437928                     /usr/lib/jvm/java-7-openjdk-amd64/jre/lib/amd64/server/libjvm.so
7f1014a3f000-7f1014ad9000 r--p 00b15000 08:01 437928                     /usr/lib/jvm/java-7-openjdk-amd64/jre/lib/amd64/server/libjvm.so
7f1014ad9000-7f1014afc000 rw-p 00baf000 08:01 437928                     /usr/lib/jvm/java-7-openjdk-amd64/jre/lib/amd64/server/libjvm.so
7f1014afc000-7f1014b2a000 rw-p 00000000 00:00 0 
7f1014b2a000-7f1014b42000 r-xp 00000000 08:01 398503                     /lib/x86_64-linux-gnu/libz.so.1.2.8
7f1014b42000-7f1014d41000 ---p 00018000 08:01 398503                     /lib/x86_64-linux-gnu/libz.so.1.2.8
7f1014d41000-7f1014d42000 r--p 00017000 08:01 398503                     /lib/x86_64-linux-gnu/libz.so.1.2.8
7f1014d42000-7f1014d43000 rw-p 00018000 08:01 398503                     /lib/x86_64-linux-gnu/libz.so.1.2.8
7f1014d43000-7f1014d5c000 r-xp 00000000 08:01 400118                     /lib/x86_64-linux-gnu/libpthread-2.19.so
7f1014d5c000-7f1014f5b000 ---p 00019000 08:01 400118                     /lib/x86_64-linux-gnu/libpthread-2.19.so
7f1014f5b000-7f1014f5c000 r--p 00018000 08:01 400118                     /lib/x86_64-linux-gnu/libpthread-2.19.so
7f1014f5c000-7f1014f5d000 rw-p 00019000 08:01 400118                     /lib/x86_64-linux-gnu/libpthread-2.19.so
7f1014f5d000-7f1014f61000 rw-p 00000000 00:00 0 
7f1014f61000-7f1014f64000 r-xp 00000000 08:01 400060                     /lib/x86_64-linux-gnu/libdl-2.19.so
7f1014f64000-7f1015163000 ---p 00003000 08:01 400060                     /lib/x86_64-linux-gnu/libdl-2.19.so
7f1015163000-7f1015164000 r--p 00002000 08:01 400060                     /lib/x86_64-linux-gnu/libdl-2.19.so
7f1015164000-7f1015165000 rw-p 00003000 08:01 400060                     /lib/x86_64-linux-gnu/libdl-2.19.so
7f1015165000-7f1015320000 r-xp 00000000 08:01 399256                     /lib/x86_64-linux-gnu/libc-2.19.so
7f1015320000-7f1015520000 ---p 001bb000 08:01 399256                     /lib/x86_64-linux-gnu/libc-2.19.so
7f1015520000-7f1015524000 r--p 001bb000 08:01 399256                     /lib/x86_64-linux-gnu/libc-2.19.so
7f1015524000-7f1015526000 rw-p 001bf000 08:01 399256                     /lib/x86_64-linux-gnu/libc-2.19.so
7f1015526000-7f101552b000 rw-p 00000000 00:00 0 
7f101552b000-7f1015538000 r-xp 00000000 08:01 437904                     /usr/lib/jvm/java-7-openjdk-amd64/jre/lib/amd64/jli/libjli.so
7f1015538000-7f1015737000 ---p 0000d000 08:01 437904                     /usr/lib/jvm/java-7-openjdk-amd64/jre/lib/amd64/jli/libjli.so
7f1015737000-7f1015738000 r--p 0000c000 08:01 437904                     /usr/lib/jvm/java-7-openjdk-amd64/jre/lib/amd64/jli/libjli.so
7f1015738000-7f1015739000 rw-p 0000d000 08:01 437904                     /usr/lib/jvm/java-7-openjdk-amd64/jre/lib/amd64/jli/libjli.so
7f1015739000-7f101575c000 r-xp 00000000 08:01 399154                     /lib/x86_64-linux-gnu/ld-2.19.so
7f101575d000-7f101576d000 r--s 000b9000 08:01 27980                      /home/mmora/workspace/TextProcessing/lib/opennlp-tools-1.5.3.jar
7f101576d000-7f1015770000 r--s 0001d000 08:01 27979                      /home/mmora/workspace/TextProcessing/lib/opennlp-maxent-3.0.3.jar
7f1015770000-7f1015775000 r--s 00025000 08:01 27978                      /home/mmora/workspace/TextProcessing/lib/jwnl-1.3.3.jar
7f1015775000-7f1015779000 r--s 0003c000 08:01 450799                     /usr/lib/jvm/java-7-openjdk-amd64/jre/lib/ext/sunpkcs11.jar
7f1015779000-7f101577b000 r--s 00012000 08:01 450797                     /usr/lib/jvm/java-7-openjdk-amd64/jre/lib/ext/zipfs.jar
7f101577b000-7f101577e000 r--s 0000f000 08:01 450794                     /usr/lib/jvm/java-7-openjdk-amd64/jre/lib/ext/icedtea-sound.jar
7f101577e000-7f1015788000 rw-p 00000000 00:00 0 
7f1015788000-7f101583e000 rw-p 00000000 00:00 0 
7f101583e000-7f1015841000 ---p 00000000 00:00 0 
7f1015841000-7f1015944000 rw-p 00000000 00:00 0                          [stack:2598]
7f1015944000-7f1015945000 r--s 00002000 08:01 450805                     /usr/lib/jvm/java-7-openjdk-amd64/jre/lib/ext/dnsns.jar
7f1015945000-7f1015949000 r--s 00034000 08:01 450803                     /usr/lib/jvm/java-7-openjdk-amd64/jre/lib/ext/sunjce_provider.jar
7f1015949000-7f101594b000 r--s 00006000 08:01 451480                     /usr/share/java/java-atk-wrapper.jar
7f101594b000-7f101594f000 r--s 00085000 08:01 450801                     /usr/lib/jvm/java-7-openjdk-amd64/jre/lib/ext/localedata.jar
7f101594f000-7f1015957000 rw-s 00000000 08:01 131111                     /tmp/hsperfdata_mmora/2596
7f1015957000-7f1015958000 rw-p 00000000 00:00 0 
7f1015958000-7f1015959000 r--p 00000000 00:00 0 
7f1015959000-7f101595b000 rw-p 00000000 00:00 0 
7f101595b000-7f101595c000 r--p 00022000 08:01 399154                     /lib/x86_64-linux-gnu/ld-2.19.so
7f101595c000-7f101595d000 rw-p 00023000 08:01 399154                     /lib/x86_64-linux-gnu/ld-2.19.so
7f101595d000-7f101595e000 rw-p 00000000 00:00 0 
7fff3cccd000-7fff3ccee000 rw-p 00000000 00:00 0                          [stack]
7fff3cdd8000-7fff3cdda000 r-xp 00000000 00:00 0                          [vdso]
ffffffffff600000-ffffffffff601000 r-xp 00000000 00:00 0                  [vsyscall]

VM Arguments:
jvm_args: -Djava.library.path=/home/mmora/workspace/TextProcessing/lib -Dfile.encoding=UTF-8 
java_command: TaxonDescriptionAnalyzer
Launcher Type: SUN_STANDARD

Environment Variables:
PATH=/usr/local/sbin:/usr/local/bin:/usr/sbin:/usr/bin:/sbin:/bin:/usr/games:/usr/local/games
LD_LIBRARY_PATH=/usr/local/lib:/pkg/freeling-3.1/APIs/java:
SHELL=/bin/bash
DISPLAY=:0

Signal Handlers:
SIGSEGV: [libjvm.so+0x9495e0], sa_mask[0]=0x7ffbfeff, sa_flags=0x10000004
SIGBUS: [libjvm.so+0x9495e0], sa_mask[0]=0x7ffbfeff, sa_flags=0x10000004
SIGFPE: [libjvm.so+0x7c3410], sa_mask[0]=0x7ffbfeff, sa_flags=0x10000004
SIGPIPE: [libjvm.so+0x7c3410], sa_mask[0]=0x7ffbfeff, sa_flags=0x10000004
SIGXFSZ: [libjvm.so+0x7c3410], sa_mask[0]=0x7ffbfeff, sa_flags=0x10000004
SIGILL: [libjvm.so+0x7c3410], sa_mask[0]=0x7ffbfeff, sa_flags=0x10000004
SIGUSR1: SIG_DFL, sa_mask[0]=0x00000000, sa_flags=0x00000000
SIGUSR2: [libjvm.so+0x7c32b0], sa_mask[0]=0x00000004, sa_flags=0x10000004
SIGHUP: [libjvm.so+0x7c3490], sa_mask[0]=0x7ffbfeff, sa_flags=0x10000004
SIGINT: [libjvm.so+0x7c3490], sa_mask[0]=0x7ffbfeff, sa_flags=0x10000004
SIGTERM: [libjvm.so+0x7c3490], sa_mask[0]=0x7ffbfeff, sa_flags=0x10000004
SIGQUIT: [libjvm.so+0x7c3490], sa_mask[0]=0x7ffbfeff, sa_flags=0x10000004
SIGTRAP: SIG_DFL, sa_mask[0]=0x00000000, sa_flags=0x00000000


---------------  S Y S T E M  ---------------

OS:Ubuntu 14.04 (trusty)
uname:Linux 3.13.0-44-generic #73-Ubuntu SMP Tue Dec 16 00:22:43 UTC 2014 x86_64
libc:glibc 2.19 NPTL 2.19 
rlimit: STACK 8192k, CORE 0k, NPROC 27683, NOFILE 4096, AS infinity
load average:1.00 1.03 1.05

/proc/meminfo:
MemTotal:        3565028 kB
MemFree:          168572 kB
Buffers:           10848 kB
Cached:          1714868 kB
SwapCached:         2616 kB
Active:          2135804 kB
Inactive:        1069860 kB
Active(anon):    1228964 kB
Inactive(anon):   410432 kB
Active(file):     906840 kB
Inactive(file):   659428 kB
Unevictable:          32 kB
Mlocked:              32 kB
SwapTotal:       1046524 kB
SwapFree:        1007432 kB
Dirty:              3564 kB
Writeback:             0 kB
AnonPages:       1477636 kB
Mapped:           218260 kB
Shmem:            159404 kB
Slab:             120884 kB
SReclaimable:     100624 kB
SUnreclaim:        20260 kB
KernelStack:        3168 kB
PageTables:        32144 kB
NFS_Unstable:          0 kB
Bounce:                0 kB
WritebackTmp:          0 kB
CommitLimit:     2829036 kB
Committed_AS:    3813056 kB
VmallocTotal:   34359738367 kB
VmallocUsed:        9952 kB
VmallocChunk:   34359722483 kB
HardwareCorrupted:     0 kB
AnonHugePages:   1128448 kB
HugePages_Total:       0
HugePages_Free:        0
HugePages_Rsvd:        0
HugePages_Surp:        0
Hugepagesize:       2048 kB
DirectMap4k:       38848 kB
DirectMap2M:     3665920 kB


CPU:total 1 (1 cores per cpu, 1 threads per core) family 6 model 58 stepping 9, cmov, cx8, fxsr, mmx, sse, sse2, sse3, ssse3, tsc

/proc/cpuinfo:
processor	: 0
vendor_id	: GenuineIntel
cpu family	: 6
model		: 58
model name	: Intel(R) Core(TM) i7-3520M CPU @ 2.90GHz
stepping	: 9
microcode	: 0x19
cpu MHz		: 2742.515
cache size	: 6144 KB
physical id	: 0
siblings	: 1
core id		: 0
cpu cores	: 1
apicid		: 0
initial apicid	: 0
fpu		: yes
fpu_exception	: yes
cpuid level	: 5
wp		: yes
flags		: fpu vme de pse tsc msr pae mce cx8 apic sep mtrr pge mca cmov pat pse36 clflush mmx fxsr sse sse2 syscall nx rdtscp lm constant_tsc rep_good nopl pni monitor ssse3 lahf_lm
bogomips	: 5485.03
clflush size	: 64
cache_alignment	: 64
address sizes	: 36 bits physical, 48 bits virtual
power management:



Memory: 4k page, physical 3565028k(168572k free), swap 1046524k(1007432k free)

vm_info: OpenJDK 64-Bit Server VM (24.65-b04) for linux-amd64 JRE (1.7.0_65-b32), built on Oct 22 2014 04:37:44 by "buildd" with gcc 4.8.2

time: Fri Mar 27 15:46:56 2015
elapsed time: 19361 seconds

