#
# A fatal error has been detected by the Java Runtime Environment:
#
#  SIGSEGV (0xb) at pc=0x00007f11811d3f5b, pid=9514, tid=139713189177088
#
# JRE version: OpenJDK Runtime Environment (7.0_65-b32) (build 1.7.0_65-b32)
# Java VM: OpenJDK 64-Bit Server VM (24.65-b04 mixed mode linux-amd64 compressed oops)
# Derivative: IcedTea 2.5.3
# Distribution: Ubuntu 14.04 LTS, package 7u71-2.5.3-0ubuntu0.14.04.1
# Problematic frame:
# C  [libstdc++.so.6+0xbdf5b]  std::basic_string<wchar_t, std::char_traits<wchar_t>, std::allocator<wchar_t> >::basic_string(std::basic_string<wchar_t, std::char_traits<wchar_t>, std::allocator<wchar_t> > const&)+0xb
#
# Failed to write core dump. Core dumps have been disabled. To enable core dumping, try "ulimit -c unlimited" before starting Java again
#
# If you would like to submit a bug report, please include
# instructions on how to reproduce the bug and visit:
#   http://icedtea.classpath.org/bugzilla
# The crash happened outside the Java Virtual Machine in native code.
# See problematic frame for where to report the bug.
#

---------------  T H R E A D  ---------------

Current thread (0x00007f117c00a800):  JavaThread "main" [_thread_in_native, id=9516, stack(0x00007f1182f2e000,0x00007f118302f000)]

siginfo:si_signo=SIGSEGV: si_errno=0, si_code=1 (SEGV_MAPERR), si_addr=0x000000000000003d

Registers:
RAX=0x0000000000000045, RBX=0x00007f114c8fbcf0, RCX=0x00007f117c000020, RDX=0x00007f114fa91758
RSP=0x00007f118302d280, RBP=0x00007f118302d2b0, RSI=0x00007f114fa91758, RDI=0x00007f114c8fbcf0
R8 =0x0000000000000001, R9 =0x000000000000000a, R10=0x00007f1178a70a15, R11=0x00000000cc63f6a0
R12=0x00007f114c8fbcf0, R13=0x00007f118302d480, R14=0x00007f118302d740, R15=0x00007f117c00a800
RIP=0x00007f11811d3f5b, EFLAGS=0x0000000000010202, CSGSFS=0x0000000000000033, ERR=0x0000000000000004
  TRAPNO=0x000000000000000e

Top of Stack: (sp=0x00007f118302d280)
0x00007f118302d280:   00007f117c00a800 0000000000000020
0x00007f118302d290:   00007f114c8fbcf0 00007f1171b77ea5
0x00007f118302d2a0:   00007f114fa91758 00007f114c8fbcf0
0x00007f118302d2b0:   00007f118302d300 00007f1171b77ef9
0x00007f118302d2c0:   00007f118302d2e0 00007f114fa91758
0x00007f118302d2d0:   00007f114c8fbcf0 00007f118302d327
0x00007f118302d2e0:   00007f118302d300 00007f114c8fbcf0
0x00007f118302d2f0:   00007f118302d4b0 00007f118302d480
0x00007f118302d300:   00007f118302d340 00007f1171b7724a
0x00007f118302d310:   00007f114fa91758 00007f1144e21190
0x00007f118302d320:   00007f117fd9c870 00007f114c8fbce0
0x00007f118302d330:   00007f118302d380 00007f112d1f1320
0x00007f118302d340:   00007f118302d380 00007f1171b757a7
0x00007f118302d350:   00007f118302d380 00007f114fa91758
0x00007f118302d360:   00007f1144e21190 00007f1144e21190
0x00007f118302d370:   00007f1144e21190 00007f1144e21190
0x00007f118302d380:   00007f118302d3a0 00007f1171b73208
0x00007f118302d390:   00007f114fa91758 00007f1144e21190
0x00007f118302d3a0:   00007f118302d3d0 00007f1171b6eafa
0x00007f118302d3b0:   00007f112d1f1320 00007f112d1f1320
0x00007f118302d3c0:   00007f114fa91748 00007f1144e21190
0x00007f118302d3d0:   00007f118302d420 00007f1171b67765
0x00007f118302d3e0:   00007f118302d4b0 00007f117c000020
0x00007f118302d3f0:   00007f112d1f1320 00007f1144e21190
0x00007f118302d400:   00007f118302d480 00007f118302d740
0x00007f118302d410:   00007f1144e21160 00007f118302d4b0
0x00007f118302d420:   00007f118302d450 00007f1171b74558
0x00007f118302d430:   00007f112d1f1300 00007f1144e21170
0x00007f118302d440:   0000000000000000 00007f1144e21160
0x00007f118302d450:   00007f112d1f1300 00007f11563c5097
0x00007f118302d460:   00007f118302d490 00007f118302d660
0x00007f118302d470:   00007f112ceb88b0 00007f11563c5151 

Instructions: (pc=0x00007f11811d3f5b)
0x00007f11811d3f3b:   74 06 f0 83 02 01 eb dd 83 c0 01 89 47 10 eb d5
0x00007f11811d3f4b:   0f 1f 44 00 00 53 48 89 fb 48 83 ec 10 48 8b 06
0x00007f11811d3f5b:   8b 50 f8 48 8d 78 e8 85 d2 78 1a 48 3b 3d 13 ec
0x00007f11811d3f6b:   22 00 75 26 48 89 03 48 83 c4 10 5b c3 0f 1f 84 

Register to memory mapping:

RAX=0x0000000000000045 is an unknown value
RBX=0x00007f114c8fbcf0 is an unknown value
RCX=0x00007f117c000020 is an unknown value
RDX=0x00007f114fa91758 is an unknown value
RSP=0x00007f118302d280 is pointing into the stack for thread: 0x00007f117c00a800
RBP=0x00007f118302d2b0 is pointing into the stack for thread: 0x00007f117c00a800
RSI=0x00007f114fa91758 is an unknown value
RDI=0x00007f114c8fbcf0 is an unknown value
R8 =0x0000000000000001 is an unknown value
R9 =0x000000000000000a is an unknown value
R10=0x00007f1178a70a15 is at entry_point+85 in (nmethod*)0x00007f1178a70850
R11=0x00000000cc63f6a0 is an oop
java.io.PrintStream 
 - klass: 'java/io/PrintStream'
R12=0x00007f114c8fbcf0 is an unknown value
R13=0x00007f118302d480 is pointing into the stack for thread: 0x00007f117c00a800
R14=0x00007f118302d740 is pointing into the stack for thread: 0x00007f117c00a800
R15=0x00007f117c00a800 is a thread


Stack: [0x00007f1182f2e000,0x00007f118302f000],  sp=0x00007f118302d280,  free space=1020k
Native frames: (J=compiled Java code, j=interpreted, Vv=VM code, C=native code)
C  [libstdc++.so.6+0xbdf5b]  std::basic_string<wchar_t, std::char_traits<wchar_t>, std::allocator<wchar_t> >::basic_string(std::basic_string<wchar_t, std::char_traits<wchar_t>, std::allocator<wchar_t> > const&)+0xb
C  [libfreeling_javaAPI.so+0x9def9]  __gnu_cxx::new_allocator<std::pair<std::basic_string<wchar_t, std::char_traits<wchar_t>, std::allocator<wchar_t> >, double> >::construct(std::pair<std::basic_string<wchar_t, std::char_traits<wchar_t>, std::allocator<wchar_t> >, double>*, std::pair<std::basic_string<wchar_t, std::char_traits<wchar_t>, std::allocator<wchar_t> >, double> const&)+0x41
C  [libfreeling_javaAPI.so+0x9d24a]  std::list<std::pair<std::basic_string<wchar_t, std::char_traits<wchar_t>, std::allocator<wchar_t> >, double>, std::allocator<std::pair<std::basic_string<wchar_t, std::char_traits<wchar_t>, std::allocator<wchar_t> >, double> > >::_M_create_node(std::pair<std::basic_string<wchar_t, std::char_traits<wchar_t>, std::allocator<wchar_t> >, double> const&)+0x5a
C  [libfreeling_javaAPI.so+0x9b7a7]  std::list<std::pair<std::basic_string<wchar_t, std::char_traits<wchar_t>, std::allocator<wchar_t> >, double>, std::allocator<std::pair<std::basic_string<wchar_t, std::char_traits<wchar_t>, std::allocator<wchar_t> >, double> > >::_M_insert(std::_List_iterator<std::pair<std::basic_string<wchar_t, std::char_traits<wchar_t>, std::allocator<wchar_t> >, double> >, std::pair<std::basic_string<wchar_t, std::char_traits<wchar_t>, std::allocator<wchar_t> >, double> const&)+0x27
C  [libfreeling_javaAPI.so+0x99208]  std::list<std::pair<std::basic_string<wchar_t, std::char_traits<wchar_t>, std::allocator<wchar_t> >, double>, std::allocator<std::pair<std::basic_string<wchar_t, std::char_traits<wchar_t>, std::allocator<wchar_t> >, double> > >::push_back(std::pair<std::basic_string<wchar_t, std::char_traits<wchar_t>, std::allocator<wchar_t> >, double> const&)+0x32
C  [libfreeling_javaAPI.so+0x94afa]  void std::list<std::pair<std::basic_string<wchar_t, std::char_traits<wchar_t>, std::allocator<wchar_t> >, double>, std::allocator<std::pair<std::basic_string<wchar_t, std::char_traits<wchar_t>, std::allocator<wchar_t> >, double> > >::_M_initialize_dispatch<std::_List_const_iterator<std::pair<std::basic_string<wchar_t, std::char_traits<wchar_t>, std::allocator<wchar_t> >, double> > >(std::_List_const_iterator<std::pair<std::basic_string<wchar_t, std::char_traits<wchar_t>, std::allocator<wchar_t> >, double> >, std::_List_const_iterator<std::pair<std::basic_string<wchar_t, std::char_traits<wchar_t>, std::allocator<wchar_t> >, double> >, std::__false_type)+0x34
C  [libfreeling_javaAPI.so+0x8d765]  std::list<std::pair<std::basic_string<wchar_t, std::char_traits<wchar_t>, std::allocator<wchar_t> >, double>, std::allocator<std::pair<std::basic_string<wchar_t, std::char_traits<wchar_t>, std::allocator<wchar_t> >, double> > >::list(std::list<std::pair<std::basic_string<wchar_t, std::char_traits<wchar_t>, std::allocator<wchar_t> >, double>, std::allocator<std::pair<std::basic_string<wchar_t, std::char_traits<wchar_t>, std::allocator<wchar_t> >, double> > > const&)+0x65
C  [libfreeling_javaAPI.so+0x9a558]  freeling::analysis::analysis(freeling::analysis const&)+0x7a

Java frames: (J=compiled Java code, j=interpreted, Vv=VM code)
J 89  edu.upc.freeling.freelingJNI.ListWordIterator_next(JLedu/upc/freeling/ListWordIterator;)J (0 bytes) @ 0x00007f1178a70a15 [0x00007f1178a709c0+0x55]
J 415 C2 TaxonDescriptionAnalyzer.printResults(Ledu/upc/freeling/ListSentence;Ljava/lang/String;)V (241 bytes) @ 0x00007f1178b15344 [0x00007f1178b14e20+0x524]
j  TaxonDescriptionAnalyzer.semanticAnalisys(Ljava/sql/Connection;Ljava/lang/Integer;Ljava/lang/Integer;Ljava/lang/Integer;)V+580
j  TaxonDescriptionAnalyzer.theExperiment(Ljava/sql/Connection;Ljava/lang/Integer;)V+204
j  TaxonDescriptionAnalyzer.main([Ljava/lang/String;)V+9
v  ~StubRoutines::call_stub

---------------  P R O C E S S  ---------------

Java Threads: ( => current thread )
  0x00007f117c0a7000 JavaThread "Service Thread" daemon [_thread_blocked, id=9529, stack(0x00007f117361b000,0x00007f117371c000)]
  0x00007f117c0a4800 JavaThread "C2 CompilerThread1" daemon [_thread_blocked, id=9528, stack(0x00007f117371c000,0x00007f117381d000)]
  0x00007f117c0a2000 JavaThread "C2 CompilerThread0" daemon [_thread_blocked, id=9527, stack(0x00007f117381d000,0x00007f117391e000)]
  0x00007f117c0a0000 JavaThread "Signal Dispatcher" daemon [_thread_blocked, id=9526, stack(0x00007f1178079000,0x00007f117817a000)]
  0x00007f117c072800 JavaThread "Finalizer" daemon [_thread_blocked, id=9524, stack(0x00007f117817a000,0x00007f117827b000)]
  0x00007f117c070800 JavaThread "Reference Handler" daemon [_thread_blocked, id=9523, stack(0x00007f117827b000,0x00007f117837c000)]
=>0x00007f117c00a800 JavaThread "main" [_thread_in_native, id=9516, stack(0x00007f1182f2e000,0x00007f118302f000)]

Other Threads:
  0x00007f117c06c000 VMThread [stack: 0x00007f117837c000,0x00007f117847d000] [id=9522]
  0x00007f117c0b2000 WatcherThread [stack: 0x00007f117351a000,0x00007f117361b000] [id=9530]

VM state:not at safepoint (normal execution)

VM Mutex/Monitor currently owned by a thread: None

Heap
 def new generation   total 33024K, used 4237K [0x00000000b7c00000, 0x00000000b9fd0000, 0x00000000cc600000)
  eden space 29376K,   2% used [0x00000000b7c00000, 0x00000000b7c93638, 0x00000000b98b0000)
  from space 3648K, 100% used [0x00000000b98b0000, 0x00000000b9c40000, 0x00000000b9c40000)
  to   space 3648K,   0% used [0x00000000b9c40000, 0x00000000b9c40000, 0x00000000b9fd0000)
 tenured generation   total 73244K, used 51330K [0x00000000cc600000, 0x00000000d0d87000, 0x00000000f5a00000)
   the space 73244K,  70% used [0x00000000cc600000, 0x00000000cf820b00, 0x00000000cf820c00, 0x00000000d0d87000)
 compacting perm gen  total 21248K, used 6907K [0x00000000f5a00000, 0x00000000f6ec0000, 0x0000000100000000)
   the space 21248K,  32% used [0x00000000f5a00000, 0x00000000f60befc0, 0x00000000f60bf000, 0x00000000f6ec0000)
No shared spaces configured.

Card table byte_map: [0x00007f117879c000,0x00007f11789df000] byte_map_base: 0x00007f11781de000

Polling page: 0x00007f1183048000

Code Cache  [0x00007f11789df000, 0x00007f1178c4f000, 0x00007f117b9df000)
 total_blobs=741 nmethods=452 adapters=243 free_code_cache=47331Kb largest_free_block=48416320

Compilation events (10 events):
Event: 1678.239 Thread 0x00007f117c0a4800  480   !         TextDatabase::close (19 bytes)
Event: 1678.266 Thread 0x00007f117c0a4800 nmethod 480 0x00007f1178b26110 code [0x00007f1178b262a0, 0x00007f1178b26738]
Event: 1712.797 Thread 0x00007f117c0a2000  481             org.postgresql.core.Parser::parseSingleQuotes (134 bytes)
Event: 1712.812 Thread 0x00007f117c0a2000 nmethod 481 0x00007f1178b29d90 code [0x00007f1178b29f00, 0x00007f1178b2a388]
Event: 1721.401 Thread 0x00007f117c0a4800  484             java.util.regex.Pattern::atom (378 bytes)
Event: 1721.514 Thread 0x00007f117c0a4800 nmethod 484 0x00007f1178b21a90 code [0x00007f1178b21fa0, 0x00007f1178b23108]
Event: 1723.351 Thread 0x00007f117c0a2000  485             edu.upc.freeling.DepTree::finalize (5 bytes)
Event: 1723.352 Thread 0x00007f117c0a2000 nmethod 485 0x00007f1178b94ed0 code [0x00007f1178b95020, 0x00007f1178b95378]
Event: 1723.352 Thread 0x00007f117c0a2000  486  s          edu.upc.freeling.DepTree::delete (38 bytes)
Event: 1723.353 Thread 0x00007f117c0a2000 nmethod 486 0x00007f1178b66290 code [0x00007f1178b663e0, 0x00007f1178b66738]

GC Heap History (10 events):
Event: 1652.553 GC heap before
{Heap before GC invocations=44 (full 6):
 def new generation   total 33024K, used 33023K [0x00000000b7c00000, 0x00000000b9fd0000, 0x00000000cc600000)
  eden space 29376K, 100% used [0x00000000b7c00000, 0x00000000b98b0000, 0x00000000b98b0000)
  from space 3648K,  99% used [0x00000000b9c40000, 0x00000000b9fcfff8, 0x00000000b9fd0000)
  to   space 3648K,   0% used [0x00000000b98b0000, 0x00000000b98b0000, 0x00000000b9c40000)
 tenured generation   total 73244K, used 66672K [0x00000000cc600000, 0x00000000d0d87000, 0x00000000f5a00000)
   the space 73244K,  91% used [0x00000000cc600000, 0x00000000d071c250, 0x00000000d071c400, 0x00000000d0d87000)
 compacting perm gen  total 21248K, used 6888K [0x00000000f5a00000, 0x00000000f6ec0000, 0x0000000100000000)
   the space 21248K,  32% used [0x00000000f5a00000, 0x00000000f60ba3b0, 0x00000000f60ba400, 0x00000000f6ec0000)
No shared spaces configured.
Event: 1652.707 GC heap after
Heap after GC invocations=45 (full 7):
 def new generation   total 33024K, used 0K [0x00000000b7c00000, 0x00000000b9fd0000, 0x00000000cc600000)
  eden space 29376K,   0% used [0x00000000b7c00000, 0x00000000b7c00000, 0x00000000b98b0000)
  from space 3648K,   0% used [0x00000000b98b0000, 0x00000000b98b0000, 0x00000000b9c40000)
  to   space 3648K,   0% used [0x00000000b9c40000, 0x00000000b9c40000, 0x00000000b9fd0000)
 tenured generation   total 73244K, used 23143K [0x00000000cc600000, 0x00000000d0d87000, 0x00000000f5a00000)
   the space 73244K,  31% used [0x00000000cc600000, 0x00000000cdc99d90, 0x00000000cdc99e00, 0x00000000d0d87000)
 compacting perm gen  total 21248K, used 6888K [0x00000000f5a00000, 0x00000000f6ec0000, 0x0000000100000000)
   the space 21248K,  32% used [0x00000000f5a00000, 0x00000000f60ba3b0, 0x00000000f60ba400, 0x00000000f6ec0000)
No shared spaces configured.
}
Event: 1676.395 GC heap before
{Heap before GC invocations=45 (full 7):
 def new generation   total 33024K, used 29376K [0x00000000b7c00000, 0x00000000b9fd0000, 0x00000000cc600000)
  eden space 29376K, 100% used [0x00000000b7c00000, 0x00000000b98b0000, 0x00000000b98b0000)
  from space 3648K,   0% used [0x00000000b98b0000, 0x00000000b98b0000, 0x00000000b9c40000)
  to   space 3648K,   0% used [0x00000000b9c40000, 0x00000000b9c40000, 0x00000000b9fd0000)
 tenured generation   total 73244K, used 23143K [0x00000000cc600000, 0x00000000d0d87000, 0x00000000f5a00000)
   the space 73244K,  31% used [0x00000000cc600000, 0x00000000cdc99d90, 0x00000000cdc99e00, 0x00000000d0d87000)
 compacting perm gen  total 21248K, used 6888K [0x00000000f5a00000, 0x00000000f6ec0000, 0x0000000100000000)
   the space 21248K,  32% used [0x00000000f5a00000, 0x00000000f60ba3b0, 0x00000000f60ba400, 0x00000000f6ec0000)
No shared spaces configured.
Event: 1676.437 GC heap after
Heap after GC invocations=46 (full 7):
 def new generation   total 33024K, used 3648K [0x00000000b7c00000, 0x00000000b9fd0000, 0x00000000cc600000)
  eden space 29376K,   0% used [0x00000000b7c00000, 0x00000000b7c00000, 0x00000000b98b0000)
  from space 3648K, 100% used [0x00000000b9c40000, 0x00000000b9fd0000, 0x00000000b9fd0000)
  to   space 3648K,   0% used [0x00000000b98b0000, 0x00000000b98b0000, 0x00000000b9c40000)
 tenured generation   total 73244K, used 30188K [0x00000000cc600000, 0x00000000d0d87000, 0x00000000f5a00000)
   the space 73244K,  41% used [0x00000000cc600000, 0x00000000ce37b1b0, 0x00000000ce37b200, 0x00000000d0d87000)
 compacting perm gen  total 21248K, used 6888K [0x00000000f5a00000, 0x00000000f6ec0000, 0x0000000100000000)
   the space 21248K,  32% used [0x00000000f5a00000, 0x00000000f60ba3b0, 0x00000000f60ba400, 0x00000000f6ec0000)
No shared spaces configured.
}
Event: 1700.259 GC heap before
{Heap before GC invocations=46 (full 7):
 def new generation   total 33024K, used 33024K [0x00000000b7c00000, 0x00000000b9fd0000, 0x00000000cc600000)
  eden space 29376K, 100% used [0x00000000b7c00000, 0x00000000b98b0000, 0x00000000b98b0000)
  from space 3648K, 100% used [0x00000000b9c40000, 0x00000000b9fd0000, 0x00000000b9fd0000)
  to   space 3648K,   0% used [0x00000000b98b0000, 0x00000000b98b0000, 0x00000000b9c40000)
 tenured generation   total 73244K, used 30188K [0x00000000cc600000, 0x00000000d0d87000, 0x00000000f5a00000)
   the space 73244K,  41% used [0x00000000cc600000, 0x00000000ce37b1b0, 0x00000000ce37b200, 0x00000000d0d87000)
 compacting perm gen  total 21248K, used 6895K [0x00000000f5a00000, 0x00000000f6ec0000, 0x0000000100000000)
   the space 21248K,  32% used [0x00000000f5a00000, 0x00000000f60bbcf8, 0x00000000f60bbe00, 0x00000000f6ec0000)
No shared spaces configured.
Event: 1700.290 GC heap after
Heap after GC invocations=47 (full 7):
 def new generation   total 33024K, used 3648K [0x00000000b7c00000, 0x00000000b9fd0000, 0x00000000cc600000)
  eden space 29376K,   0% used [0x00000000b7c00000, 0x00000000b7c00000, 0x00000000b98b0000)
  from space 3648K, 100% used [0x00000000b98b0000, 0x00000000b9c40000, 0x00000000b9c40000)
  to   space 3648K,   0% used [0x00000000b9c40000, 0x00000000b9c40000, 0x00000000b9fd0000)
 tenured generation   total 73244K, used 37302K [0x00000000cc600000, 0x00000000d0d87000, 0x00000000f5a00000)
   the space 73244K,  50% used [0x00000000cc600000, 0x00000000cea6d9e0, 0x00000000cea6da00, 0x00000000d0d87000)
 compacting perm gen  total 21248K, used 6895K [0x00000000f5a00000, 0x00000000f6ec0000, 0x0000000100000000)
   the space 21248K,  32% used [0x00000000f5a00000, 0x00000000f60bbcf8, 0x00000000f60bbe00, 0x00000000f6ec0000)
No shared spaces configured.
}
Event: 1723.249 GC heap before
{Heap before GC invocations=47 (full 7):
 def new generation   total 33024K, used 33024K [0x00000000b7c00000, 0x00000000b9fd0000, 0x00000000cc600000)
  eden space 29376K, 100% used [0x00000000b7c00000, 0x00000000b98b0000, 0x00000000b98b0000)
  from space 3648K, 100% used [0x00000000b98b0000, 0x00000000b9c40000, 0x00000000b9c40000)
  to   space 3648K,   0% used [0x00000000b9c40000, 0x00000000b9c40000, 0x00000000b9fd0000)
 tenured generation   total 73244K, used 37302K [0x00000000cc600000, 0x00000000d0d87000, 0x00000000f5a00000)
   the space 73244K,  50% used [0x00000000cc600000, 0x00000000cea6d9e0, 0x00000000cea6da00, 0x00000000d0d87000)
 compacting perm gen  total 21248K, used 6899K [0x00000000f5a00000, 0x00000000f6ec0000, 0x0000000100000000)
   the space 21248K,  32% used [0x00000000f5a00000, 0x00000000f60bcc28, 0x00000000f60bce00, 0x00000000f6ec0000)
No shared spaces configured.
Event: 1723.280 GC heap after
Heap after GC invocations=48 (full 7):
 def new generation   total 33024K, used 3648K [0x00000000b7c00000, 0x00000000b9fd0000, 0x00000000cc600000)
  eden space 29376K,   0% used [0x00000000b7c00000, 0x00000000b7c00000, 0x00000000b98b0000)
  from space 3648K, 100% used [0x00000000b9c40000, 0x00000000b9fd0000, 0x00000000b9fd0000)
  to   space 3648K,   0% used [0x00000000b98b0000, 0x00000000b98b0000, 0x00000000b9c40000)
 tenured generation   total 73244K, used 44383K [0x00000000cc600000, 0x00000000d0d87000, 0x00000000f5a00000)
   the space 73244K,  60% used [0x00000000cc600000, 0x00000000cf157e08, 0x00000000cf158000, 0x00000000d0d87000)
 compacting perm gen  total 21248K, used 6899K [0x00000000f5a00000, 0x00000000f6ec0000, 0x0000000100000000)
   the space 21248K,  32% used [0x00000000f5a00000, 0x00000000f60bcc28, 0x00000000f60bce00, 0x00000000f6ec0000)
No shared spaces configured.
}
Event: 1748.254 GC heap before
{Heap before GC invocations=48 (full 7):
 def new generation   total 33024K, used 33024K [0x00000000b7c00000, 0x00000000b9fd0000, 0x00000000cc600000)
  eden space 29376K, 100% used [0x00000000b7c00000, 0x00000000b98b0000, 0x00000000b98b0000)
  from space 3648K, 100% used [0x00000000b9c40000, 0x00000000b9fd0000, 0x00000000b9fd0000)
  to   space 3648K,   0% used [0x00000000b98b0000, 0x00000000b98b0000, 0x00000000b9c40000)
 tenured generation   total 73244K, used 44383K [0x00000000cc600000, 0x00000000d0d87000, 0x00000000f5a00000)
   the space 73244K,  60% used [0x00000000cc600000, 0x00000000cf157e08, 0x00000000cf158000, 0x00000000d0d87000)
 compacting perm gen  total 21248K, used 6907K [0x00000000f5a00000, 0x00000000f6ec0000, 0x0000000100000000)
   the space 21248K,  32% used [0x00000000f5a00000, 0x00000000f60befc0, 0x00000000f60bf000, 0x00000000f6ec0000)
No shared spaces configured.
Event: 1748.296 GC heap after
Heap after GC invocations=49 (full 7):
 def new generation   total 33024K, used 3648K [0x00000000b7c00000, 0x00000000b9fd0000, 0x00000000cc600000)
  eden space 29376K,   0% used [0x00000000b7c00000, 0x00000000b7c00000, 0x00000000b98b0000)
  from space 3648K, 100% used [0x00000000b98b0000, 0x00000000b9c40000, 0x00000000b9c40000)
  to   space 3648K,   0% used [0x00000000b9c40000, 0x00000000b9c40000, 0x00000000b9fd0000)
 tenured generation   total 73244K, used 51330K [0x00000000cc600000, 0x00000000d0d87000, 0x00000000f5a00000)
   the space 73244K,  70% used [0x00000000cc600000, 0x00000000cf820b00, 0x00000000cf820c00, 0x00000000d0d87000)
 compacting perm gen  total 21248K, used 6907K [0x00000000f5a00000, 0x00000000f6ec0000, 0x0000000100000000)
   the space 21248K,  32% used [0x00000000f5a00000, 0x00000000f60befc0, 0x00000000f60bf000, 0x00000000f6ec0000)
No shared spaces configured.
}

Deoptimization events (10 events):
Event: 1319.816 Thread 0x00007f117c00a800 Uncommon trap: reason=class_check action=maybe_recompile pc=0x00007f1178b2ae7c method=java.util.regex.Matcher.search(I)Z @ 86
Event: 1319.816 Thread 0x00007f117c00a800 Uncommon trap: reason=class_check action=maybe_recompile pc=0x00007f1178b2ae7c method=java.util.regex.Matcher.search(I)Z @ 86
Event: 1321.459 Thread 0x00007f117c00a800 Uncommon trap: reason=class_check action=maybe_recompile pc=0x00007f1178b2ae7c method=java.util.regex.Matcher.search(I)Z @ 86
Event: 1321.459 Thread 0x00007f117c00a800 Uncommon trap: reason=class_check action=maybe_recompile pc=0x00007f1178b2ae7c method=java.util.regex.Matcher.search(I)Z @ 86
Event: 1326.899 Thread 0x00007f117c00a800 Uncommon trap: reason=class_check action=maybe_recompile pc=0x00007f1178b30640 method=java.util.regex.Pattern$Start.match(Ljava/util/regex/Matcher;ILjava/lang/CharSequence;)Z @ 44
Event: 1326.899 Thread 0x00007f117c00a800 Uncommon trap: reason=class_check action=maybe_recompile pc=0x00007f1178b30640 method=java.util.regex.Pattern$Start.match(Ljava/util/regex/Matcher;ILjava/lang/CharSequence;)Z @ 44
Event: 1551.159 Thread 0x00007f117c00a800 Uncommon trap: reason=array_check action=maybe_recompile pc=0x00007f1178b976ec method=java.util.AbstractCollection.toArray([Ljava/lang/Object;)[Ljava/lang/Object; @ 119
Event: 1551.171 Thread 0x00007f117c00a800 Uncommon trap: reason=array_check action=maybe_recompile pc=0x00007f1178b976ec method=java.util.AbstractCollection.toArray([Ljava/lang/Object;)[Ljava/lang/Object; @ 119
Event: 1551.189 Thread 0x00007f117c00a800 Uncommon trap: reason=array_check action=maybe_recompile pc=0x00007f1178b976ec method=java.util.AbstractCollection.toArray([Ljava/lang/Object;)[Ljava/lang/Object; @ 119
Event: 1551.744 Thread 0x00007f117c00a800 Uncommon trap: reason=array_check action=maybe_recompile pc=0x00007f1178b976ec method=java.util.AbstractCollection.toArray([Ljava/lang/Object;)[Ljava/lang/Object; @ 119

Internal exceptions (10 events):
Event: 36.940 Thread 0x00007f117c00a800 Threw 0x00000000b7e871a8 at /build/buildd/openjdk-7-7u71-2.5.3/build/openjdk/hotspot/src/share/vm/prims/jvm.cpp:1284
Event: 38.055 Thread 0x00007f117c00a800 Threw 0x00000000b7e8aaf0 at /build/buildd/openjdk-7-7u71-2.5.3/build/openjdk/hotspot/src/share/vm/prims/jvm.cpp:1284
Event: 40.255 Thread 0x00007f117c00a800 Threw 0x00000000b7eeda08 at /build/buildd/openjdk-7-7u71-2.5.3/build/openjdk/hotspot/src/share/vm/prims/jvm.cpp:1284
Event: 166.321 Thread 0x00007f117c00a800 Implicit null exception at 0x00007f1178ab9282 to 0x00007f1178ab934d
Event: 166.424 Thread 0x00007f117c00a800 Implicit null exception at 0x00007f1178b08b46 to 0x00007f1178b0a805
Event: 903.454 Thread 0x00007f117c00a800 Implicit null exception at 0x00007f1178b21a59 to 0x00007f1178b2300d
Event: 922.274 Thread 0x00007f117c00a800 Threw 0x00000000b7f72588 at /build/buildd/openjdk-7-7u71-2.5.3/build/openjdk/hotspot/src/share/vm/prims/jvm.cpp:1284
Event: 922.278 Thread 0x00007f117c00a800 Threw 0x00000000b7f7c440 at /build/buildd/openjdk-7-7u71-2.5.3/build/openjdk/hotspot/src/share/vm/prims/jvm.cpp:1284
Event: 1319.446 Thread 0x00007f117c00a800 Threw 0x00000000b822e950 at /build/buildd/openjdk-7-7u71-2.5.3/build/openjdk/hotspot/src/share/vm/prims/jvm.cpp:1284
Event: 1319.679 Thread 0x00007f117c00a800 Implicit null exception at 0x00007f1178a6d7a6 to 0x00007f1178a6dbb1

Events (10 events):
Event: 1652.553 Executing VM operation: GenCollectForAllocation
Event: 1652.707 Executing VM operation: GenCollectForAllocation done
Event: 1676.395 Executing VM operation: GenCollectForAllocation
Event: 1676.437 Executing VM operation: GenCollectForAllocation done
Event: 1700.258 Executing VM operation: GenCollectForAllocation
Event: 1700.290 Executing VM operation: GenCollectForAllocation done
Event: 1723.249 Executing VM operation: GenCollectForAllocation
Event: 1723.280 Executing VM operation: GenCollectForAllocation done
Event: 1748.254 Executing VM operation: GenCollectForAllocation
Event: 1748.296 Executing VM operation: GenCollectForAllocation done


Dynamic libraries:
00400000-00401000 r-xp 00000000 08:01 451179                             /usr/lib/jvm/java-7-openjdk-amd64/jre/bin/java
00600000-00601000 r--p 00000000 08:01 451179                             /usr/lib/jvm/java-7-openjdk-amd64/jre/bin/java
00601000-00602000 rw-p 00001000 08:01 451179                             /usr/lib/jvm/java-7-openjdk-amd64/jre/bin/java
01c5a000-01c7b000 rw-p 00000000 00:00 0                                  [heap]
b7c00000-b9fd0000 rw-p 00000000 00:00 0 
b9fd0000-cc600000 rw-p 00000000 00:00 0 
cc600000-d0d87000 rw-p 00000000 00:00 0 
d0d87000-d1357000 ---p 00000000 00:00 0 
d1357000-f5a00000 rw-p 00000000 00:00 0 
f5a00000-f6ec0000 rw-p 00000000 00:00 0 
f6ec0000-100000000 rw-p 00000000 00:00 0 
7f1128000000-7f112ff23000 rw-p 00000000 00:00 0 
7f112ff23000-7f1130000000 ---p 00000000 00:00 0 
7f1130000000-7f1138000000 rw-p 00000000 00:00 0 
7f1138000000-7f1140000000 rw-p 00000000 00:00 0 
7f1140000000-7f1148000000 rw-p 00000000 00:00 0 
7f1148000000-7f1150000000 rw-p 00000000 00:00 0 
7f1150000000-7f1154000000 rw-p 00000000 00:00 0 
7f1154ae0000-7f115614c000 r-xp 00000000 08:01 11065                      /usr/lib/x86_64-linux-gnu/libicudata.so.52.1
7f115614c000-7f115634b000 ---p 0166c000 08:01 11065                      /usr/lib/x86_64-linux-gnu/libicudata.so.52.1
7f115634b000-7f115634c000 r--p 0166b000 08:01 11065                      /usr/lib/x86_64-linux-gnu/libicudata.so.52.1
7f115634c000-7f115634d000 rw-p 0166c000 08:01 11065                      /usr/lib/x86_64-linux-gnu/libicudata.so.52.1
7f115634d000-7f11565df000 r-xp 00000000 08:01 450063                     /usr/local/lib/libfreeling-3.1.so
7f11565df000-7f11567df000 ---p 00292000 08:01 450063                     /usr/local/lib/libfreeling-3.1.so
7f11567df000-7f11567e4000 r--p 00292000 08:01 450063                     /usr/local/lib/libfreeling-3.1.so
7f11567e4000-7f11567e8000 rw-p 00297000 08:01 450063                     /usr/local/lib/libfreeling-3.1.so
7f11567e8000-7f1158000000 rw-p 00000000 00:00 0 
7f1158000000-7f115ad3f000 rw-p 00000000 00:00 0 
7f115ad3f000-7f115c000000 ---p 00000000 00:00 0 
7f115c000000-7f115c021000 rw-p 00000000 00:00 0 
7f115c021000-7f1160000000 ---p 00000000 00:00 0 
7f1160000000-7f1160021000 rw-p 00000000 00:00 0 
7f1160021000-7f1164000000 ---p 00000000 00:00 0 
7f1164000000-7f116515a000 rw-p 00000000 00:00 0 
7f116515a000-7f1168000000 ---p 00000000 00:00 0 
7f1168000000-7f1168095000 rw-p 00000000 00:00 0 
7f1168095000-7f116c000000 ---p 00000000 00:00 0 
7f116c000000-7f116c021000 rw-p 00000000 00:00 0 
7f116c021000-7f1170000000 ---p 00000000 00:00 0 
7f1170e15000-7f1170e18000 ---p 00000000 00:00 0 
7f1170e18000-7f1170e4e000 rw-p 00000000 00:00 0 
7f1170e4e000-7f1171047000 r-xp 00000000 08:01 11067                      /usr/lib/x86_64-linux-gnu/libicui18n.so.52.1
7f1171047000-7f1171247000 ---p 001f9000 08:01 11067                      /usr/lib/x86_64-linux-gnu/libicui18n.so.52.1
7f1171247000-7f1171254000 r--p 001f9000 08:01 11067                      /usr/lib/x86_64-linux-gnu/libicui18n.so.52.1
7f1171254000-7f1171255000 rw-p 00206000 08:01 11067                      /usr/lib/x86_64-linux-gnu/libicui18n.so.52.1
7f1171255000-7f1171256000 rw-p 00000000 00:00 0 
7f1171256000-7f11713ba000 r-xp 00000000 08:01 11079                      /usr/lib/x86_64-linux-gnu/libicuuc.so.52.1
7f11713ba000-7f11715b9000 ---p 00164000 08:01 11079                      /usr/lib/x86_64-linux-gnu/libicuuc.so.52.1
7f11715b9000-7f11715ca000 r--p 00163000 08:01 11079                      /usr/lib/x86_64-linux-gnu/libicuuc.so.52.1
7f11715ca000-7f11715cb000 rw-p 00174000 08:01 11079                      /usr/lib/x86_64-linux-gnu/libicuuc.so.52.1
7f11715cb000-7f11715cf000 rw-p 00000000 00:00 0 
7f11715cf000-7f11716d0000 r-xp 00000000 08:01 1126                       /usr/lib/x86_64-linux-gnu/libboost_regex.so.1.54.0
7f11716d0000-7f11718cf000 ---p 00101000 08:01 1126                       /usr/lib/x86_64-linux-gnu/libboost_regex.so.1.54.0
7f11718cf000-7f11718d4000 r--p 00100000 08:01 1126                       /usr/lib/x86_64-linux-gnu/libboost_regex.so.1.54.0
7f11718d4000-7f11718d5000 rw-p 00105000 08:01 1126                       /usr/lib/x86_64-linux-gnu/libboost_regex.so.1.54.0
7f11718d5000-7f11718d6000 rw-p 00000000 00:00 0 
7f11718d6000-7f11718d9000 r-xp 00000000 08:01 10627                      /usr/lib/x86_64-linux-gnu/libboost_system.so.1.54.0
7f11718d9000-7f1171ad8000 ---p 00003000 08:01 10627                      /usr/lib/x86_64-linux-gnu/libboost_system.so.1.54.0
7f1171ad8000-7f1171ad9000 r--p 00002000 08:01 10627                      /usr/lib/x86_64-linux-gnu/libboost_system.so.1.54.0
7f1171ad9000-7f1171ada000 rw-p 00003000 08:01 10627                      /usr/lib/x86_64-linux-gnu/libboost_system.so.1.54.0
7f1171ada000-7f1171b98000 r-xp 00000000 08:01 313559                     /pkg/freeling-3.1/APIs/java/libfreeling_javaAPI.so
7f1171b98000-7f1171d97000 ---p 000be000 08:01 313559                     /pkg/freeling-3.1/APIs/java/libfreeling_javaAPI.so
7f1171d97000-7f1171d98000 r--p 000bd000 08:01 313559                     /pkg/freeling-3.1/APIs/java/libfreeling_javaAPI.so
7f1171d98000-7f1171d9c000 rw-p 000be000 08:01 313559                     /pkg/freeling-3.1/APIs/java/libfreeling_javaAPI.so
7f1171d9c000-7f1171dd9000 r-xp 00000000 08:01 398443                     /lib/x86_64-linux-gnu/libpcre.so.3.13.1
7f1171dd9000-7f1171fd8000 ---p 0003d000 08:01 398443                     /lib/x86_64-linux-gnu/libpcre.so.3.13.1
7f1171fd8000-7f1171fd9000 r--p 0003c000 08:01 398443                     /lib/x86_64-linux-gnu/libpcre.so.3.13.1
7f1171fd9000-7f1171fda000 rw-p 0003d000 08:01 398443                     /lib/x86_64-linux-gnu/libpcre.so.3.13.1
7f1171fda000-7f1171fe1000 r-xp 00000000 08:01 10785                      /usr/lib/x86_64-linux-gnu/libffi.so.6.0.1
7f1171fe1000-7f11721e0000 ---p 00007000 08:01 10785                      /usr/lib/x86_64-linux-gnu/libffi.so.6.0.1
7f11721e0000-7f11721e1000 r--p 00006000 08:01 10785                      /usr/lib/x86_64-linux-gnu/libffi.so.6.0.1
7f11721e1000-7f11721e2000 rw-p 00007000 08:01 10785                      /usr/lib/x86_64-linux-gnu/libffi.so.6.0.1
7f11721e2000-7f11721f9000 r-xp 00000000 08:01 400113                     /lib/x86_64-linux-gnu/libresolv-2.19.so
7f11721f9000-7f11723f9000 ---p 00017000 08:01 400113                     /lib/x86_64-linux-gnu/libresolv-2.19.so
7f11723f9000-7f11723fa000 r--p 00017000 08:01 400113                     /lib/x86_64-linux-gnu/libresolv-2.19.so
7f11723fa000-7f11723fb000 rw-p 00018000 08:01 400113                     /lib/x86_64-linux-gnu/libresolv-2.19.so
7f11723fb000-7f11723fd000 rw-p 00000000 00:00 0 
7f11723fd000-7f117241d000 r-xp 00000000 08:01 398470                     /lib/x86_64-linux-gnu/libselinux.so.1
7f117241d000-7f117261c000 ---p 00020000 08:01 398470                     /lib/x86_64-linux-gnu/libselinux.so.1
7f117261c000-7f117261d000 r--p 0001f000 08:01 398470                     /lib/x86_64-linux-gnu/libselinux.so.1
7f117261d000-7f117261e000 rw-p 00020000 08:01 398470                     /lib/x86_64-linux-gnu/libselinux.so.1
7f117261e000-7f1172620000 rw-p 00000000 00:00 0 
7f1172620000-7f1172623000 r-xp 00000000 08:01 3202                       /usr/lib/x86_64-linux-gnu/libgmodule-2.0.so.0.4002.0
7f1172623000-7f1172822000 ---p 00003000 08:01 3202                       /usr/lib/x86_64-linux-gnu/libgmodule-2.0.so.0.4002.0
7f1172822000-7f1172823000 r--p 00002000 08:01 3202                       /usr/lib/x86_64-linux-gnu/libgmodule-2.0.so.0.4002.0
7f1172823000-7f1172824000 rw-p 00003000 08:01 3202                       /usr/lib/x86_64-linux-gnu/libgmodule-2.0.so.0.4002.0
7f1172824000-7f117292a000 r-xp 00000000 08:01 398974                     /lib/x86_64-linux-gnu/libglib-2.0.so.0.4002.0
7f117292a000-7f1172b29000 ---p 00106000 08:01 398974                     /lib/x86_64-linux-gnu/libglib-2.0.so.0.4002.0
7f1172b29000-7f1172b2a000 r--p 00105000 08:01 398974                     /lib/x86_64-linux-gnu/libglib-2.0.so.0.4002.0
7f1172b2a000-7f1172b2b000 rw-p 00106000 08:01 398974                     /lib/x86_64-linux-gnu/libglib-2.0.so.0.4002.0
7f1172b2b000-7f1172b2c000 rw-p 00000000 00:00 0 
7f1172b2c000-7f1172b7b000 r-xp 00000000 08:01 3203                       /usr/lib/x86_64-linux-gnu/libgobject-2.0.so.0.4002.0
7f1172b7b000-7f1172d7b000 ---p 0004f000 08:01 3203                       /usr/lib/x86_64-linux-gnu/libgobject-2.0.so.0.4002.0
7f1172d7b000-7f1172d7c000 r--p 0004f000 08:01 3203                       /usr/lib/x86_64-linux-gnu/libgobject-2.0.so.0.4002.0
7f1172d7c000-7f1172d7d000 rw-p 00050000 08:01 3203                       /usr/lib/x86_64-linux-gnu/libgobject-2.0.so.0.4002.0
7f1172d7d000-7f1172ee9000 r-xp 00000000 08:01 3205                       /usr/lib/x86_64-linux-gnu/libgio-2.0.so.0.4002.0
7f1172ee9000-7f11730e8000 ---p 0016c000 08:01 3205                       /usr/lib/x86_64-linux-gnu/libgio-2.0.so.0.4002.0
7f11730e8000-7f11730ec000 r--p 0016b000 08:01 3205                       /usr/lib/x86_64-linux-gnu/libgio-2.0.so.0.4002.0
7f11730ec000-7f11730ee000 rw-p 0016f000 08:01 3205                       /usr/lib/x86_64-linux-gnu/libgio-2.0.so.0.4002.0
7f11730ee000-7f11730f0000 rw-p 00000000 00:00 0 
7f11730f0000-7f1173107000 r-xp 00000000 08:01 437907                     /usr/lib/jvm/java-7-openjdk-amd64/jre/lib/amd64/libnet.so
7f1173107000-7f1173306000 ---p 00017000 08:01 437907                     /usr/lib/jvm/java-7-openjdk-amd64/jre/lib/amd64/libnet.so
7f1173306000-7f1173307000 r--p 00016000 08:01 437907                     /usr/lib/jvm/java-7-openjdk-amd64/jre/lib/amd64/libnet.so
7f1173307000-7f1173308000 rw-p 00017000 08:01 437907                     /usr/lib/jvm/java-7-openjdk-amd64/jre/lib/amd64/libnet.so
7f1173308000-7f1173318000 r-xp 00000000 08:01 437922                     /usr/lib/jvm/java-7-openjdk-amd64/jre/lib/amd64/libnio.so
7f1173318000-7f1173518000 ---p 00010000 08:01 437922                     /usr/lib/jvm/java-7-openjdk-amd64/jre/lib/amd64/libnio.so
7f1173518000-7f1173519000 r--p 00010000 08:01 437922                     /usr/lib/jvm/java-7-openjdk-amd64/jre/lib/amd64/libnio.so
7f1173519000-7f117351a000 rw-p 00011000 08:01 437922                     /usr/lib/jvm/java-7-openjdk-amd64/jre/lib/amd64/libnio.so
7f117351a000-7f117351b000 ---p 00000000 00:00 0 
7f117351b000-7f117361b000 rw-p 00000000 00:00 0                          [stack:9530]
7f117361b000-7f117361e000 ---p 00000000 00:00 0 
7f117361e000-7f117371c000 rw-p 00000000 00:00 0                          [stack:9529]
7f117371c000-7f117371f000 ---p 00000000 00:00 0 
7f117371f000-7f117381d000 rw-p 00000000 00:00 0                          [stack:9528]
7f117381d000-7f1173820000 ---p 00000000 00:00 0 
7f1173820000-7f117391e000 rw-p 00000000 00:00 0                          [stack:9527]
7f117391e000-7f1174000000 r--p 00000000 08:01 7563                       /usr/lib/locale/locale-archive
7f1174000000-7f11742be000 rw-p 00000000 00:00 0 
7f11742be000-7f1178000000 ---p 00000000 00:00 0 
7f1178027000-7f117802e000 r--s 00000000 08:01 162543                     /usr/lib/x86_64-linux-gnu/gconv/gconv-modules.cache
7f117802e000-7f1178033000 r--s 0004c000 08:01 437947                     /usr/lib/jvm/java-7-openjdk-amd64/jre/lib/jsse.jar
7f1178033000-7f1178064000 rw-p 00000000 00:00 0 
7f1178065000-7f117806c000 r--s 0003a000 08:01 67652                      /home/mmora/workspace/TextProcessing/lib/httpcomponents-client-4.4/lib/commons-codec-1.9.jar
7f117806c000-7f1178079000 r--s 000a3000 08:01 67645                      /home/mmora/workspace/TextProcessing/lib/httpcomponents-client-4.4/lib/httpclient-4.4.jar
7f1178079000-7f117807c000 ---p 00000000 00:00 0 
7f117807c000-7f117817a000 rw-p 00000000 00:00 0                          [stack:9526]
7f117817a000-7f117817d000 ---p 00000000 00:00 0 
7f117817d000-7f117827b000 rw-p 00000000 00:00 0                          [stack:9524]
7f117827b000-7f117827e000 ---p 00000000 00:00 0 
7f117827e000-7f117837c000 rw-p 00000000 00:00 0                          [stack:9523]
7f117837c000-7f117837d000 ---p 00000000 00:00 0 
7f117837d000-7f11784c6000 rw-p 00000000 00:00 0                          [stack:9522]
7f11784c6000-7f1178677000 r--s 01d25000 08:01 450807                     /usr/lib/jvm/java-7-openjdk-amd64/jre/lib/rt.jar
7f1178677000-7f1178753000 rw-p 00000000 00:00 0 
7f1178753000-7f117879c000 rw-p 00000000 00:00 0 
7f117879c000-7f11787ae000 rw-p 00000000 00:00 0 
7f11787ae000-7f1178841000 rw-p 00000000 00:00 0 
7f1178841000-7f1178865000 rw-p 00000000 00:00 0 
7f1178865000-7f1178868000 ---p 00000000 00:00 0 
7f1178868000-7f117898b000 rw-p 00000000 00:00 0 
7f117898b000-7f1178996000 rw-p 00000000 00:00 0 
7f1178996000-7f11789de000 rw-p 00000000 00:00 0 
7f11789de000-7f11789df000 rw-p 00000000 00:00 0 
7f11789df000-7f1178c4f000 rwxp 00000000 00:00 0 
7f1178c4f000-7f117b9df000 rw-p 00000000 00:00 0 
7f117b9df000-7f117b9e7000 r-xp 00000000 08:01 437899                     /usr/lib/jvm/java-7-openjdk-amd64/jre/lib/amd64/libzip.so
7f117b9e7000-7f117bbe6000 ---p 00008000 08:01 437899                     /usr/lib/jvm/java-7-openjdk-amd64/jre/lib/amd64/libzip.so
7f117bbe6000-7f117bbe7000 r--p 00007000 08:01 437899                     /usr/lib/jvm/java-7-openjdk-amd64/jre/lib/amd64/libzip.so
7f117bbe7000-7f117bbe8000 rw-p 00008000 08:01 437899                     /usr/lib/jvm/java-7-openjdk-amd64/jre/lib/amd64/libzip.so
7f117bbe8000-7f117bbf3000 r-xp 00000000 08:01 400119                     /lib/x86_64-linux-gnu/libnss_files-2.19.so
7f117bbf3000-7f117bdf2000 ---p 0000b000 08:01 400119                     /lib/x86_64-linux-gnu/libnss_files-2.19.so
7f117bdf2000-7f117bdf3000 r--p 0000a000 08:01 400119                     /lib/x86_64-linux-gnu/libnss_files-2.19.so
7f117bdf3000-7f117bdf4000 rw-p 0000b000 08:01 400119                     /lib/x86_64-linux-gnu/libnss_files-2.19.so
7f117bdf4000-7f117bdff000 r-xp 00000000 08:01 400115                     /lib/x86_64-linux-gnu/libnss_nis-2.19.so
7f117bdff000-7f117bffe000 ---p 0000b000 08:01 400115                     /lib/x86_64-linux-gnu/libnss_nis-2.19.so
7f117bffe000-7f117bfff000 r--p 0000a000 08:01 400115                     /lib/x86_64-linux-gnu/libnss_nis-2.19.so
7f117bfff000-7f117c000000 rw-p 0000b000 08:01 400115                     /lib/x86_64-linux-gnu/libnss_nis-2.19.so
7f117c000000-7f1180000000 rw-p 00000000 00:00 0 
7f1180001000-7f1180003000 r--s 0000e000 08:01 67651                      /home/mmora/workspace/TextProcessing/lib/httpcomponents-client-4.4/lib/commons-logging-1.2.jar
7f1180003000-7f118000a000 r--s 00048000 08:01 67650                      /home/mmora/workspace/TextProcessing/lib/httpcomponents-client-4.4/lib/httpcore-4.4.jar
7f118000a000-7f118000c000 r--s 00007000 08:01 64607                      /home/mmora/workspace/TextProcessing/lib/google-api-translate-java-0.97.jar
7f118000c000-7f118000e000 r--s 0000a000 08:01 131110                     /home/mmora/workspace/TextProcessing/lib/json-20090211.jar
7f118000e000-7f1180012000 r--s 00021000 08:01 313639                     /pkg/freeling-3.1/APIs/java/freeling.jar
7f1180012000-7f1180019000 r--s 0008a000 08:01 27983                      /home/mmora/workspace/TextProcessing/lib/postgresql-9.3-1102.jdbc41.jar
7f1180019000-7f118001c000 r--s 00014000 08:01 27982                      /home/mmora/workspace/TextProcessing/lib/opennlp-uima-1.5.3.jar
7f118001c000-7f1180068000 rw-p 00000000 00:00 0 
7f1180068000-7f118006b000 ---p 00000000 00:00 0 
7f118006b000-7f118018f000 rw-p 00000000 00:00 0 
7f118018f000-7f11801a6000 r-xp 00000000 08:01 400109                     /lib/x86_64-linux-gnu/libnsl-2.19.so
7f11801a6000-7f11803a5000 ---p 00017000 08:01 400109                     /lib/x86_64-linux-gnu/libnsl-2.19.so
7f11803a5000-7f11803a6000 r--p 00016000 08:01 400109                     /lib/x86_64-linux-gnu/libnsl-2.19.so
7f11803a6000-7f11803a7000 rw-p 00017000 08:01 400109                     /lib/x86_64-linux-gnu/libnsl-2.19.so
7f11803a7000-7f11803a9000 rw-p 00000000 00:00 0 
7f11803a9000-7f11803b2000 r-xp 00000000 08:01 400106                     /lib/x86_64-linux-gnu/libnss_compat-2.19.so
7f11803b2000-7f11805b1000 ---p 00009000 08:01 400106                     /lib/x86_64-linux-gnu/libnss_compat-2.19.so
7f11805b1000-7f11805b2000 r--p 00008000 08:01 400106                     /lib/x86_64-linux-gnu/libnss_compat-2.19.so
7f11805b2000-7f11805b3000 rw-p 00009000 08:01 400106                     /lib/x86_64-linux-gnu/libnss_compat-2.19.so
7f11805b3000-7f11805de000 r-xp 00000000 08:01 437906                     /usr/lib/jvm/java-7-openjdk-amd64/jre/lib/amd64/libjava.so
7f11805de000-7f11807dd000 ---p 0002b000 08:01 437906                     /usr/lib/jvm/java-7-openjdk-amd64/jre/lib/amd64/libjava.so
7f11807dd000-7f11807de000 r--p 0002a000 08:01 437906                     /usr/lib/jvm/java-7-openjdk-amd64/jre/lib/amd64/libjava.so
7f11807de000-7f11807e0000 rw-p 0002b000 08:01 437906                     /usr/lib/jvm/java-7-openjdk-amd64/jre/lib/amd64/libjava.so
7f11807e0000-7f11807f0000 r-xp 00000000 08:01 437921                     /usr/lib/jvm/java-7-openjdk-amd64/jre/lib/amd64/libverify.so
7f11807f0000-7f11809ef000 ---p 00010000 08:01 437921                     /usr/lib/jvm/java-7-openjdk-amd64/jre/lib/amd64/libverify.so
7f11809ef000-7f11809f1000 r--p 0000f000 08:01 437921                     /usr/lib/jvm/java-7-openjdk-amd64/jre/lib/amd64/libverify.so
7f11809f1000-7f11809f2000 rw-p 00011000 08:01 437921                     /usr/lib/jvm/java-7-openjdk-amd64/jre/lib/amd64/libverify.so
7f11809f2000-7f11809f9000 r-xp 00000000 08:01 399258                     /lib/x86_64-linux-gnu/librt-2.19.so
7f11809f9000-7f1180bf8000 ---p 00007000 08:01 399258                     /lib/x86_64-linux-gnu/librt-2.19.so
7f1180bf8000-7f1180bf9000 r--p 00006000 08:01 399258                     /lib/x86_64-linux-gnu/librt-2.19.so
7f1180bf9000-7f1180bfa000 rw-p 00007000 08:01 399258                     /lib/x86_64-linux-gnu/librt-2.19.so
7f1180bfa000-7f1180c10000 r-xp 00000000 08:01 398318                     /lib/x86_64-linux-gnu/libgcc_s.so.1
7f1180c10000-7f1180e0f000 ---p 00016000 08:01 398318                     /lib/x86_64-linux-gnu/libgcc_s.so.1
7f1180e0f000-7f1180e10000 rw-p 00015000 08:01 398318                     /lib/x86_64-linux-gnu/libgcc_s.so.1
7f1180e10000-7f1180f15000 r-xp 00000000 08:01 400108                     /lib/x86_64-linux-gnu/libm-2.19.so
7f1180f15000-7f1181114000 ---p 00105000 08:01 400108                     /lib/x86_64-linux-gnu/libm-2.19.so
7f1181114000-7f1181115000 r--p 00104000 08:01 400108                     /lib/x86_64-linux-gnu/libm-2.19.so
7f1181115000-7f1181116000 rw-p 00105000 08:01 400108                     /lib/x86_64-linux-gnu/libm-2.19.so
7f1181116000-7f11811fc000 r-xp 00000000 08:01 11413                      /usr/lib/x86_64-linux-gnu/libstdc++.so.6.0.19
7f11811fc000-7f11813fb000 ---p 000e6000 08:01 11413                      /usr/lib/x86_64-linux-gnu/libstdc++.so.6.0.19
7f11813fb000-7f1181403000 r--p 000e5000 08:01 11413                      /usr/lib/x86_64-linux-gnu/libstdc++.so.6.0.19
7f1181403000-7f1181405000 rw-p 000ed000 08:01 11413                      /usr/lib/x86_64-linux-gnu/libstdc++.so.6.0.19
7f1181405000-7f118141a000 rw-p 00000000 00:00 0 
7f118141a000-7f1181f30000 r-xp 00000000 08:01 437928                     /usr/lib/jvm/java-7-openjdk-amd64/jre/lib/amd64/server/libjvm.so
7f1181f30000-7f118212f000 ---p 00b16000 08:01 437928                     /usr/lib/jvm/java-7-openjdk-amd64/jre/lib/amd64/server/libjvm.so
7f118212f000-7f11821c9000 r--p 00b15000 08:01 437928                     /usr/lib/jvm/java-7-openjdk-amd64/jre/lib/amd64/server/libjvm.so
7f11821c9000-7f11821ec000 rw-p 00baf000 08:01 437928                     /usr/lib/jvm/java-7-openjdk-amd64/jre/lib/amd64/server/libjvm.so
7f11821ec000-7f118221a000 rw-p 00000000 00:00 0 
7f118221a000-7f1182232000 r-xp 00000000 08:01 398503                     /lib/x86_64-linux-gnu/libz.so.1.2.8
7f1182232000-7f1182431000 ---p 00018000 08:01 398503                     /lib/x86_64-linux-gnu/libz.so.1.2.8
7f1182431000-7f1182432000 r--p 00017000 08:01 398503                     /lib/x86_64-linux-gnu/libz.so.1.2.8
7f1182432000-7f1182433000 rw-p 00018000 08:01 398503                     /lib/x86_64-linux-gnu/libz.so.1.2.8
7f1182433000-7f118244c000 r-xp 00000000 08:01 400118                     /lib/x86_64-linux-gnu/libpthread-2.19.so
7f118244c000-7f118264b000 ---p 00019000 08:01 400118                     /lib/x86_64-linux-gnu/libpthread-2.19.so
7f118264b000-7f118264c000 r--p 00018000 08:01 400118                     /lib/x86_64-linux-gnu/libpthread-2.19.so
7f118264c000-7f118264d000 rw-p 00019000 08:01 400118                     /lib/x86_64-linux-gnu/libpthread-2.19.so
7f118264d000-7f1182651000 rw-p 00000000 00:00 0 
7f1182651000-7f1182654000 r-xp 00000000 08:01 400060                     /lib/x86_64-linux-gnu/libdl-2.19.so
7f1182654000-7f1182853000 ---p 00003000 08:01 400060                     /lib/x86_64-linux-gnu/libdl-2.19.so
7f1182853000-7f1182854000 r--p 00002000 08:01 400060                     /lib/x86_64-linux-gnu/libdl-2.19.so
7f1182854000-7f1182855000 rw-p 00003000 08:01 400060                     /lib/x86_64-linux-gnu/libdl-2.19.so
7f1182855000-7f1182a10000 r-xp 00000000 08:01 399256                     /lib/x86_64-linux-gnu/libc-2.19.so
7f1182a10000-7f1182c10000 ---p 001bb000 08:01 399256                     /lib/x86_64-linux-gnu/libc-2.19.so
7f1182c10000-7f1182c14000 r--p 001bb000 08:01 399256                     /lib/x86_64-linux-gnu/libc-2.19.so
7f1182c14000-7f1182c16000 rw-p 001bf000 08:01 399256                     /lib/x86_64-linux-gnu/libc-2.19.so
7f1182c16000-7f1182c1b000 rw-p 00000000 00:00 0 
7f1182c1b000-7f1182c28000 r-xp 00000000 08:01 437904                     /usr/lib/jvm/java-7-openjdk-amd64/jre/lib/amd64/jli/libjli.so
7f1182c28000-7f1182e27000 ---p 0000d000 08:01 437904                     /usr/lib/jvm/java-7-openjdk-amd64/jre/lib/amd64/jli/libjli.so
7f1182e27000-7f1182e28000 r--p 0000c000 08:01 437904                     /usr/lib/jvm/java-7-openjdk-amd64/jre/lib/amd64/jli/libjli.so
7f1182e28000-7f1182e29000 rw-p 0000d000 08:01 437904                     /usr/lib/jvm/java-7-openjdk-amd64/jre/lib/amd64/jli/libjli.so
7f1182e29000-7f1182e4c000 r-xp 00000000 08:01 399154                     /lib/x86_64-linux-gnu/ld-2.19.so
7f1182e4d000-7f1182e5d000 r--s 000b9000 08:01 27980                      /home/mmora/workspace/TextProcessing/lib/opennlp-tools-1.5.3.jar
7f1182e5d000-7f1182e60000 r--s 0001d000 08:01 27979                      /home/mmora/workspace/TextProcessing/lib/opennlp-maxent-3.0.3.jar
7f1182e60000-7f1182e65000 r--s 00025000 08:01 27978                      /home/mmora/workspace/TextProcessing/lib/jwnl-1.3.3.jar
7f1182e65000-7f1182e69000 r--s 0003c000 08:01 450799                     /usr/lib/jvm/java-7-openjdk-amd64/jre/lib/ext/sunpkcs11.jar
7f1182e69000-7f1182e6b000 r--s 00012000 08:01 450797                     /usr/lib/jvm/java-7-openjdk-amd64/jre/lib/ext/zipfs.jar
7f1182e6b000-7f1182e6e000 r--s 0000f000 08:01 450794                     /usr/lib/jvm/java-7-openjdk-amd64/jre/lib/ext/icedtea-sound.jar
7f1182e6e000-7f1182e78000 rw-p 00000000 00:00 0 
7f1182e78000-7f1182f2e000 rw-p 00000000 00:00 0 
7f1182f2e000-7f1182f31000 ---p 00000000 00:00 0 
7f1182f31000-7f1183034000 rw-p 00000000 00:00 0                          [stack:9516]
7f1183034000-7f1183035000 r--s 00002000 08:01 450805                     /usr/lib/jvm/java-7-openjdk-amd64/jre/lib/ext/dnsns.jar
7f1183035000-7f1183039000 r--s 00034000 08:01 450803                     /usr/lib/jvm/java-7-openjdk-amd64/jre/lib/ext/sunjce_provider.jar
7f1183039000-7f118303b000 r--s 00006000 08:01 451480                     /usr/share/java/java-atk-wrapper.jar
7f118303b000-7f118303f000 r--s 00085000 08:01 450801                     /usr/lib/jvm/java-7-openjdk-amd64/jre/lib/ext/localedata.jar
7f118303f000-7f1183047000 rw-s 00000000 08:01 131108                     /tmp/hsperfdata_mmora/9514
7f1183047000-7f1183048000 rw-p 00000000 00:00 0 
7f1183048000-7f1183049000 r--p 00000000 00:00 0 
7f1183049000-7f118304b000 rw-p 00000000 00:00 0 
7f118304b000-7f118304c000 r--p 00022000 08:01 399154                     /lib/x86_64-linux-gnu/ld-2.19.so
7f118304c000-7f118304d000 rw-p 00023000 08:01 399154                     /lib/x86_64-linux-gnu/ld-2.19.so
7f118304d000-7f118304e000 rw-p 00000000 00:00 0 
7fff371c0000-7fff371e1000 rw-p 00000000 00:00 0                          [stack]
7fff371fe000-7fff37200000 r-xp 00000000 00:00 0                          [vdso]
ffffffffff600000-ffffffffff601000 r-xp 00000000 00:00 0                  [vsyscall]

VM Arguments:
jvm_args: -Djava.library.path=/home/mmora/workspace/TextProcessing/lib -Dfile.encoding=UTF-8 
java_command: TaxonDescriptionAnalyzer
Launcher Type: SUN_STANDARD

Environment Variables:
PATH=/usr/local/sbin:/usr/local/bin:/usr/sbin:/usr/bin:/sbin:/bin:/usr/games:/usr/local/games
LD_LIBRARY_PATH=/usr/local/lib:/pkg/freeling-3.1/APIs/java:
SHELL=/bin/bash
DISPLAY=:0

Signal Handlers:
SIGSEGV: [libjvm.so+0x9495e0], sa_mask[0]=0x7ffbfeff, sa_flags=0x10000004
SIGBUS: [libjvm.so+0x9495e0], sa_mask[0]=0x7ffbfeff, sa_flags=0x10000004
SIGFPE: [libjvm.so+0x7c3410], sa_mask[0]=0x7ffbfeff, sa_flags=0x10000004
SIGPIPE: [libjvm.so+0x7c3410], sa_mask[0]=0x7ffbfeff, sa_flags=0x10000004
SIGXFSZ: [libjvm.so+0x7c3410], sa_mask[0]=0x7ffbfeff, sa_flags=0x10000004
SIGILL: [libjvm.so+0x7c3410], sa_mask[0]=0x7ffbfeff, sa_flags=0x10000004
SIGUSR1: SIG_DFL, sa_mask[0]=0x00000000, sa_flags=0x00000000
SIGUSR2: [libjvm.so+0x7c32b0], sa_mask[0]=0x00000004, sa_flags=0x10000004
SIGHUP: [libjvm.so+0x7c3490], sa_mask[0]=0x7ffbfeff, sa_flags=0x10000004
SIGINT: [libjvm.so+0x7c3490], sa_mask[0]=0x7ffbfeff, sa_flags=0x10000004
SIGTERM: [libjvm.so+0x7c3490], sa_mask[0]=0x7ffbfeff, sa_flags=0x10000004
SIGQUIT: [libjvm.so+0x7c3490], sa_mask[0]=0x7ffbfeff, sa_flags=0x10000004
SIGTRAP: SIG_DFL, sa_mask[0]=0x00000000, sa_flags=0x00000000


---------------  S Y S T E M  ---------------

OS:Ubuntu 14.04 (trusty)
uname:Linux 3.13.0-44-generic #73-Ubuntu SMP Tue Dec 16 00:22:43 UTC 2014 x86_64
libc:glibc 2.19 NPTL 2.19 
rlimit: STACK 8192k, CORE 0k, NPROC 31458, NOFILE 4096, AS infinity
load average:3.62 2.93 1.86

/proc/meminfo:
MemTotal:        4048348 kB
MemFree:          169672 kB
Buffers:           81944 kB
Cached:          1521780 kB
SwapCached:            0 kB
Active:          3038900 kB
Inactive:         664148 kB
Active(anon):    2005616 kB
Inactive(anon):   238592 kB
Active(file):    1033284 kB
Inactive(file):   425556 kB
Unevictable:          32 kB
Mlocked:              32 kB
SwapTotal:       1046524 kB
SwapFree:        1046392 kB
Dirty:               240 kB
Writeback:             0 kB
AnonPages:       2099428 kB
Mapped:           328116 kB
Shmem:            144812 kB
Slab:             101780 kB
SReclaimable:      81604 kB
SUnreclaim:        20176 kB
KernelStack:        3344 kB
PageTables:        33240 kB
NFS_Unstable:          0 kB
Bounce:                0 kB
WritebackTmp:          0 kB
CommitLimit:     3070696 kB
Committed_AS:    3909644 kB
VmallocTotal:   34359738367 kB
VmallocUsed:        9952 kB
VmallocChunk:   34359722099 kB
HardwareCorrupted:     0 kB
AnonHugePages:    944128 kB
HugePages_Total:       0
HugePages_Free:        0
HugePages_Rsvd:        0
HugePages_Surp:        0
Hugepagesize:       2048 kB
DirectMap4k:       36800 kB
DirectMap2M:     4157440 kB


CPU:total 1 (1 cores per cpu, 1 threads per core) family 6 model 58 stepping 9, cmov, cx8, fxsr, mmx, sse, sse2, sse3, ssse3, tsc

/proc/cpuinfo:
processor	: 0
vendor_id	: GenuineIntel
cpu family	: 6
model		: 58
model name	: Intel(R) Core(TM) i7-3520M CPU @ 2.90GHz
stepping	: 9
microcode	: 0x19
cpu MHz		: 2901.255
cache size	: 6144 KB
physical id	: 0
siblings	: 1
core id		: 0
cpu cores	: 1
apicid		: 0
initial apicid	: 0
fpu		: yes
fpu_exception	: yes
cpuid level	: 5
wp		: yes
flags		: fpu vme de pse tsc msr pae mce cx8 apic sep mtrr pge mca cmov pat pse36 clflush mmx fxsr sse sse2 syscall nx rdtscp lm constant_tsc rep_good nopl pni monitor ssse3 lahf_lm
bogomips	: 5802.51
clflush size	: 64
cache_alignment	: 64
address sizes	: 36 bits physical, 48 bits virtual
power management:



Memory: 4k page, physical 4048348k(169672k free), swap 1046524k(1046392k free)

vm_info: OpenJDK 64-Bit Server VM (24.65-b04) for linux-amd64 JRE (1.7.0_65-b32), built on Oct 22 2014 04:37:44 by "buildd" with gcc 4.8.2

time: Tue Dec 22 14:28:17 2015
elapsed time: 1748 seconds

