#
# A fatal error has been detected by the Java Runtime Environment:
#
#  SIGSEGV (0xb) at pc=0x00007fe95aad5b87, pid=4328, tid=140640051152640
#
# JRE version: OpenJDK Runtime Environment (7.0_65-b32) (build 1.7.0_65-b32)
# Java VM: OpenJDK 64-Bit Server VM (24.65-b04 mixed mode linux-amd64 compressed oops)
# Derivative: IcedTea 2.5.3
# Distribution: Ubuntu 14.04 LTS, package 7u71-2.5.3-0ubuntu0.14.04.1
# Problematic frame:
# V  [libjvm.so+0x5e8b87]  java_lang_String::length(oopDesc*) [clone .part.108]+0x37
#
# Failed to write core dump. Core dumps have been disabled. To enable core dumping, try "ulimit -c unlimited" before starting Java again
#
# If you would like to submit a bug report, please include
# instructions on how to reproduce the bug and visit:
#   http://icedtea.classpath.org/bugzilla
#

---------------  T H R E A D  ---------------

Current thread (0x00007fe9540ae800):  JavaThread "JDWP Transport Listener: dt_socket" daemon [_thread_in_vm, id=4343, stack(0x00007fe9503a4000,0x00007fe9504a5000)]

siginfo:si_signo=SIGSEGV: si_errno=0, si_code=1 (SEGV_MAPERR), si_addr=0x000000000000000c

Registers:
RAX=0x0000000000000000, RBX=0x0000000000000001, RCX=0x00007fe95b71f320, RDX=0x000000000000000c
RSP=0x00007fe9504a3a10, RBP=0x00007fe9504a3a10, RSI=0x00007fe940005268, RDI=0x00000000bf71ed30
R8 =0x0000000000000001, R9 =0x00007fe940000078, R10=0x0000000000000000, R11=0x0000000000000206
R12=0x0000000000000000, R13=0x0000000000000000, R14=0x00007fe9504a3b80, R15=0x0000000000000000
RIP=0x00007fe95aad5b87, EFLAGS=0x0000000000010246, CSGSFS=0x0000000000000033, ERR=0x0000000000000004
  TRAPNO=0x000000000000000e

Top of Stack: (sp=0x00007fe9504a3a10)
0x00007fe9504a3a10:   00007fe9504a3a40 00007fe95aad6655
0x00007fe9504a3a20:   00007fe9504a3a60 00007fe9540ae800
0x00007fe9504a3a30:   00007fe940005268 00000000bf71ed30
0x00007fe9504a3a40:   00007fe9504a3ab0 00007fe95aae6c82
0x00007fe9504a3a50:   00007fe9540ae9d8 00007fe959685f00
0x00007fe9504a3a60:   00007fe9540ae800 0000000000000000
0x00007fe9504a3a70:   00007fe9540ae9d8 00007fe940005268
0x00007fe9504a3a80:   00007fe9504a3b50 00007fe9540ae9d8
0x00007fe9504a3a90:   00007fe959685f00 00007fe940005268
0x00007fe9504a3aa0:   00007fe9504a3b80 00007fe959685f00
0x00007fe9504a3ab0:   00007fe9504a3af0 00007fe959454022
0x00007fe9504a3ac0:   00007fe9504a3b50 0000000000010a00
0x00007fe9504a3ad0:   00007fe9504a3b50 000000000000000a
0x00007fe9504a3ae0:   00007fe9504a3b80 00007fe959685f00
0x00007fe9504a3af0:   00007fe9504a3d40 00007fe95945c688
0x00007fe9504a3b00:   0000624a00000013 00007fe940010a00
0x00007fe9504a3b10:   00007fe938000ba0 00007fe95aae084c
0x00007fe9504a3b20:   00007fe9540b0b90 00007fe938019201
0x00007fe9504a3b30:   0000624a00000013 00007fe940010a00
0x00007fe9504a3b40:   00007fe938000ba0 00007fe9540a5d88
0x00007fe9504a3b50:   00007fe938000ba8 000000000000000b
0x00007fe9504a3b60:   0000624a00000013 00007fe940010a00
0x00007fe9504a3b70:   00007fe938000ba0 00007fe940004520
0x00007fe9504a3b80:   00007fe9504a3bd0 000000000000012c
0x00007fe9504a3b90:   00007fe9504a3b98 00007fe900000000
0x00007fe9504a3ba0:   00007fe9504a3bd0 0000000000000000
0x00007fe9504a3bb0:   00007f0000000000 0000624a00000013
0x00007fe9504a3bc0:   00007fe900003c80 00007fe9504a3bd0
0x00007fe9504a3bd0:   6e69616d04000000 0000000000000000
0x00007fe9504a3be0:   7369687404000000 76616a4c12000000
0x00007fe9504a3bf0:   532f676e616c2f61 00003b676e697274
0x00007fe9504a3c00:   0000430000000000 0000000000000000 

Instructions: (pc=0x00007fe95aad5b87)
0x00007fe95aad5b67:   8b 14 07 31 c0 85 d2 74 12 89 d0 48 8d 15 87 68
0x00007fe95aad5b77:   7d 00 8b 4a 08 48 d3 e0 48 03 02 ba 0c 00 00 00
0x00007fe95aad5b87:   8b 04 10 5d c3 0f 1f 40 00 48 8b 04 07 ba 10 00
0x00007fe95aad5b97:   00 00 5d 8b 04 10 c3 66 90 55 48 8d 46 10 48 89 

Register to memory mapping:

RAX=0x0000000000000000 is an unknown value
RBX=0x0000000000000001 is an unknown value
RCX=0x00007fe95b71f320: <offset 0x219320> in /lib/x86_64-linux-gnu/libpthread.so.0 at 0x00007fe95b506000
RDX=0x000000000000000c is an unknown value
RSP=0x00007fe9504a3a10 is pointing into the stack for thread: 0x00007fe9540ae800
RBP=0x00007fe9504a3a10 is pointing into the stack for thread: 0x00007fe9540ae800
RSI=0x00007fe940005268 is a global jni handle
RDI=
[error occurred during error reporting (printing register info), id 0xb]

Stack: [0x00007fe9503a4000,0x00007fe9504a5000],  sp=0x00007fe9504a3a10,  free space=1022k
Native frames: (J=compiled Java code, j=interpreted, Vv=VM code, C=native code)
V  [libjvm.so+0x5e8b87]  java_lang_String::length(oopDesc*) [clone .part.108]+0x37
V  [libjvm.so+0x5e9655]  java_lang_String::utf8_length(oopDesc*)+0x95
V  [libjvm.so+0x5f9c82]  jni_GetStringUTFChars+0x72
C  [libjdwp.so+0x9022]
C  [libjdwp.so+0x11688]
C  [libjdwp.so+0x23795]
V  [libjvm.so+0x6aa58b]  JvmtiAgentThread::start_function_wrapper(JavaThread*, Thread*)+0x9b
V  [libjvm.so+0x8ffba0]  JavaThread::thread_main_inner()+0xf0
V  [libjvm.so+0x8ffe11]  JavaThread::run()+0x221
V  [libjvm.so+0x7c4ac2]  java_start(Thread*)+0xf2


---------------  P R O C E S S  ---------------

Java Threads: ( => current thread )
  0x00007fe9540b9800 JavaThread "Service Thread" daemon [_thread_blocked, id=4351, stack(0x00007fe933dfe000,0x00007fe933eff000)]
  0x00007fe9540b6800 JavaThread "C2 CompilerThread1" daemon [_thread_blocked, id=4350, stack(0x00007fe933eff000,0x00007fe934000000)]
  0x00007fe9540b4800 JavaThread "C2 CompilerThread0" daemon [_thread_blocked, id=4349, stack(0x00007fe9500a1000,0x00007fe9501a2000)]
  0x00007fe940001000 JavaThread "JDWP Command Reader" daemon [_thread_in_native, id=4347, stack(0x00007fe9501a2000,0x00007fe9502a3000)]
  0x00007fe9540b2000 JavaThread "JDWP Event Helper Thread" daemon [_thread_blocked, id=4346, stack(0x00007fe9502a3000,0x00007fe9503a4000)]
=>0x00007fe9540ae800 JavaThread "JDWP Transport Listener: dt_socket" daemon [_thread_in_vm, id=4343, stack(0x00007fe9503a4000,0x00007fe9504a5000)]
  0x00007fe9540a1800 JavaThread "Signal Dispatcher" daemon [_thread_blocked, id=4341, stack(0x00007fe9506aa000,0x00007fe9507ab000)]
  0x00007fe954075800 JavaThread "Finalizer" daemon [_thread_blocked, id=4340, stack(0x00007fe9507ab000,0x00007fe9508ac000)]
  0x00007fe954073800 JavaThread "Reference Handler" daemon [_thread_blocked, id=4339, stack(0x00007fe9508ac000,0x00007fe9509ad000)]
  0x00007fe95400e000 JavaThread "main" [_thread_blocked, id=4330, stack(0x00007fe95c001000,0x00007fe95c102000)]

Other Threads:
  0x00007fe95406f800 VMThread [stack: 0x00007fe9509ad000,0x00007fe950aae000] [id=4338]
  0x00007fe9540c4000 WatcherThread [stack: 0x00007fe933cfd000,0x00007fe933dfe000] [id=4352]

VM state:not at safepoint (normal execution)

VM Mutex/Monitor currently owned by a thread: None

Heap
 def new generation   total 16704K, used 5528K [0x00000000bf200000, 0x00000000c0420000, 0x00000000d14a0000)
  eden space 14848K,  37% used [0x00000000bf200000, 0x00000000bf766258, 0x00000000c0080000)
  from space 1856K,   0% used [0x00000000c0080000, 0x00000000c0080000, 0x00000000c0250000)
  to   space 1856K,   0% used [0x00000000c0250000, 0x00000000c0250000, 0x00000000c0420000)
 tenured generation   total 37184K, used 0K [0x00000000d14a0000, 0x00000000d38f0000, 0x00000000f5a00000)
   the space 37184K,   0% used [0x00000000d14a0000, 0x00000000d14a0000, 0x00000000d14a0200, 0x00000000d38f0000)
 compacting perm gen  total 21248K, used 6189K [0x00000000f5a00000, 0x00000000f6ec0000, 0x0000000100000000)
   the space 21248K,  29% used [0x00000000f5a00000, 0x00000000f600b6c8, 0x00000000f600b800, 0x00000000f6ec0000)
No shared spaces configured.

Card table byte_map: [0x00007fe950df8000,0x00007fe951000000] byte_map_base: 0x00007fe9507ff000

Polling page: 0x00007fe95c11b000

Code Cache  [0x00007fe951000000, 0x00007fe951270000, 0x00007fe954000000)
 total_blobs=284 nmethods=13 adapters=234 free_code_cache=48685Kb largest_free_block=49831552

Compilation events (10 events):
Event: 0.733 Thread 0x00007fe9540b4800    9             java.io.UnixFileSystem::normalize (75 bytes)
Event: 0.740 Thread 0x00007fe9540b4800 nmethod 9 0x00007fe951068710 code [0x00007fe951068880, 0x00007fe951068b38]
Event: 0.787 Thread 0x00007fe9540b6800   10             java.lang.Object::<init> (1 bytes)
Event: 0.787 Thread 0x00007fe9540b6800 nmethod 10 0x00007fe95106f110 code [0x00007fe95106f240, 0x00007fe95106f2b8]
Event: 22.821 Thread 0x00007fe9540b6800   11             java.lang.String::equals (81 bytes)
Event: 22.826 Thread 0x00007fe9540b6800 nmethod 11 0x00007fe951073a10 code [0x00007fe951073b60, 0x00007fe951073e78]
Event: 22.826 Thread 0x00007fe9540b6800   12             java.lang.String::replace (127 bytes)
Event: 22.846 Thread 0x00007fe9540b6800 nmethod 12 0x00007fe951071ad0 code [0x00007fe951071c40, 0x00007fe951072138]
Event: 22.907 Thread 0x00007fe9540b4800   13             sun.net.www.ParseUtil::encodePath (336 bytes)
Event: 22.925 Thread 0x00007fe9540b4800 nmethod 13 0x00007fe951078450 code [0x00007fe9510786a0, 0x00007fe951079758]

GC Heap History (0 events):
No events

Deoptimization events (0 events):
No events

Internal exceptions (10 events):
Event: 22.915 Thread 0x00007fe95400e000 Threw 0x00000000bf6c3898 at /build/buildd/openjdk-7-7u71-2.5.3/build/openjdk/hotspot/src/share/vm/prims/jvm.cpp:1284
Event: 22.931 Thread 0x00007fe95400e000 Threw 0x00000000bf6dac38 at /build/buildd/openjdk-7-7u71-2.5.3/build/openjdk/hotspot/src/share/vm/prims/jvm.cpp:1284
Event: 22.945 Thread 0x00007fe95400e000 Threw 0x00000000bf6df440 at /build/buildd/openjdk-7-7u71-2.5.3/build/openjdk/hotspot/src/share/vm/prims/jvm.cpp:1284
Event: 23.069 Thread 0x00007fe95400e000 Threw 0x00000000bf6e3e38 at /build/buildd/openjdk-7-7u71-2.5.3/build/openjdk/hotspot/src/share/vm/prims/jvm.cpp:1284
Event: 23.071 Thread 0x00007fe95400e000 Threw 0x00000000bf6e8230 at /build/buildd/openjdk-7-7u71-2.5.3/build/openjdk/hotspot/src/share/vm/prims/jvm.cpp:1284
Event: 23.071 Thread 0x00007fe95400e000 Threw 0x00000000bf6ebef8 at /build/buildd/openjdk-7-7u71-2.5.3/build/openjdk/hotspot/src/share/vm/prims/jvm.cpp:1284
Event: 23.076 Thread 0x00007fe95400e000 Threw 0x00000000bf6f6d80 at /build/buildd/openjdk-7-7u71-2.5.3/build/openjdk/hotspot/src/share/vm/prims/jvm.cpp:1284
Event: 23.091 Thread 0x00007fe95400e000 Threw 0x00000000bf6fc350 at /build/buildd/openjdk-7-7u71-2.5.3/build/openjdk/hotspot/src/share/vm/prims/jvm.cpp:1284
Event: 23.125 Thread 0x00007fe95400e000 Threw 0x00000000bf703c68 at /build/buildd/openjdk-7-7u71-2.5.3/build/openjdk/hotspot/src/share/vm/prims/jvm.cpp:1284
Event: 78.366 Thread 0x00007fe95400e000 Threw 0x00000000bf70f040 at /build/buildd/openjdk-7-7u71-2.5.3/build/openjdk/hotspot/src/share/vm/prims/jvm.cpp:1284

Events (10 events):
Event: 103.245 Executing VM operation: GetCurrentLocation
Event: 103.245 Executing VM operation: GetCurrentLocation done
Event: 103.245 Executing VM operation: ChangeSingleStep
Event: 103.245 Executing VM operation: ChangeSingleStep done
Event: 103.246 Executing VM operation: ChangeSingleStep
Event: 103.246 Executing VM operation: ChangeSingleStep done
Event: 103.256 Executing VM operation: GetOrSetLocal
Event: 103.257 Executing VM operation: GetOrSetLocal done
Event: 103.274 Executing VM operation: GetOrSetLocal
Event: 103.274 Executing VM operation: GetOrSetLocal done


Dynamic libraries:
00400000-00401000 r-xp 00000000 08:01 451179                             /usr/lib/jvm/java-7-openjdk-amd64/jre/bin/java
00600000-00601000 r--p 00000000 08:01 451179                             /usr/lib/jvm/java-7-openjdk-amd64/jre/bin/java
00601000-00602000 rw-p 00001000 08:01 451179                             /usr/lib/jvm/java-7-openjdk-amd64/jre/bin/java
01019000-01298000 rw-p 00000000 00:00 0                                  [heap]
bf200000-c0420000 rw-p 00000000 00:00 0 
c0420000-d14a0000 rw-p 00000000 00:00 0 
d14a0000-d38f0000 rw-p 00000000 00:00 0 
d38f0000-f5a00000 rw-p 00000000 00:00 0 
f5a00000-f6ec0000 rw-p 00000000 00:00 0 
f6ec0000-100000000 rw-p 00000000 00:00 0 
7fe910000000-7fe9107d2000 rw-p 00000000 00:00 0 
7fe9107d2000-7fe914000000 ---p 00000000 00:00 0 
7fe918000000-7fe920000000 rw-p 00000000 00:00 0 
7fe920000000-7fe928000000 rw-p 00000000 00:00 0 
7fe928000000-7fe92c000000 rw-p 00000000 00:00 0 
7fe92d48a000-7fe92e111000 rw-p 00000000 00:00 0 
7fe92e111000-7fe92f77d000 r-xp 00000000 08:01 11065                      /usr/lib/x86_64-linux-gnu/libicudata.so.52.1
7fe92f77d000-7fe92f97c000 ---p 0166c000 08:01 11065                      /usr/lib/x86_64-linux-gnu/libicudata.so.52.1
7fe92f97c000-7fe92f97d000 r--p 0166b000 08:01 11065                      /usr/lib/x86_64-linux-gnu/libicudata.so.52.1
7fe92f97d000-7fe92f97e000 rw-p 0166c000 08:01 11065                      /usr/lib/x86_64-linux-gnu/libicudata.so.52.1
7fe92f97e000-7fe92fb77000 r-xp 00000000 08:01 11067                      /usr/lib/x86_64-linux-gnu/libicui18n.so.52.1
7fe92fb77000-7fe92fd77000 ---p 001f9000 08:01 11067                      /usr/lib/x86_64-linux-gnu/libicui18n.so.52.1
7fe92fd77000-7fe92fd84000 r--p 001f9000 08:01 11067                      /usr/lib/x86_64-linux-gnu/libicui18n.so.52.1
7fe92fd84000-7fe92fd85000 rw-p 00206000 08:01 11067                      /usr/lib/x86_64-linux-gnu/libicui18n.so.52.1
7fe92fd85000-7fe92fd86000 rw-p 00000000 00:00 0 
7fe92fd86000-7fe92feea000 r-xp 00000000 08:01 11079                      /usr/lib/x86_64-linux-gnu/libicuuc.so.52.1
7fe92feea000-7fe9300e9000 ---p 00164000 08:01 11079                      /usr/lib/x86_64-linux-gnu/libicuuc.so.52.1
7fe9300e9000-7fe9300fa000 r--p 00163000 08:01 11079                      /usr/lib/x86_64-linux-gnu/libicuuc.so.52.1
7fe9300fa000-7fe9300fb000 rw-p 00174000 08:01 11079                      /usr/lib/x86_64-linux-gnu/libicuuc.so.52.1
7fe9300fb000-7fe9300ff000 rw-p 00000000 00:00 0 
7fe9300ff000-7fe930200000 r-xp 00000000 08:01 1126                       /usr/lib/x86_64-linux-gnu/libboost_regex.so.1.54.0
7fe930200000-7fe9303ff000 ---p 00101000 08:01 1126                       /usr/lib/x86_64-linux-gnu/libboost_regex.so.1.54.0
7fe9303ff000-7fe930404000 r--p 00100000 08:01 1126                       /usr/lib/x86_64-linux-gnu/libboost_regex.so.1.54.0
7fe930404000-7fe930405000 rw-p 00105000 08:01 1126                       /usr/lib/x86_64-linux-gnu/libboost_regex.so.1.54.0
7fe930405000-7fe930406000 rw-p 00000000 00:00 0 
7fe930406000-7fe930698000 r-xp 00000000 08:01 450063                     /usr/local/lib/libfreeling-3.1.so
7fe930698000-7fe930898000 ---p 00292000 08:01 450063                     /usr/local/lib/libfreeling-3.1.so
7fe930898000-7fe93089d000 r--p 00292000 08:01 450063                     /usr/local/lib/libfreeling-3.1.so
7fe93089d000-7fe9308a1000 rw-p 00297000 08:01 450063                     /usr/local/lib/libfreeling-3.1.so
7fe9308a1000-7fe9320b9000 rw-p 00000000 00:00 0 
7fe9320b9000-7fe9320bc000 r-xp 00000000 08:01 10627                      /usr/lib/x86_64-linux-gnu/libboost_system.so.1.54.0
7fe9320bc000-7fe9322bb000 ---p 00003000 08:01 10627                      /usr/lib/x86_64-linux-gnu/libboost_system.so.1.54.0
7fe9322bb000-7fe9322bc000 r--p 00002000 08:01 10627                      /usr/lib/x86_64-linux-gnu/libboost_system.so.1.54.0
7fe9322bc000-7fe9322bd000 rw-p 00003000 08:01 10627                      /usr/lib/x86_64-linux-gnu/libboost_system.so.1.54.0
7fe9322bd000-7fe93237b000 r-xp 00000000 08:01 313559                     /pkg/freeling-3.1/APIs/java/libfreeling_javaAPI.so
7fe93237b000-7fe93257a000 ---p 000be000 08:01 313559                     /pkg/freeling-3.1/APIs/java/libfreeling_javaAPI.so
7fe93257a000-7fe93257b000 r--p 000bd000 08:01 313559                     /pkg/freeling-3.1/APIs/java/libfreeling_javaAPI.so
7fe93257b000-7fe93257f000 rw-p 000be000 08:01 313559                     /pkg/freeling-3.1/APIs/java/libfreeling_javaAPI.so
7fe93257f000-7fe9325bc000 r-xp 00000000 08:01 398443                     /lib/x86_64-linux-gnu/libpcre.so.3.13.1
7fe9325bc000-7fe9327bb000 ---p 0003d000 08:01 398443                     /lib/x86_64-linux-gnu/libpcre.so.3.13.1
7fe9327bb000-7fe9327bc000 r--p 0003c000 08:01 398443                     /lib/x86_64-linux-gnu/libpcre.so.3.13.1
7fe9327bc000-7fe9327bd000 rw-p 0003d000 08:01 398443                     /lib/x86_64-linux-gnu/libpcre.so.3.13.1
7fe9327bd000-7fe9327c4000 r-xp 00000000 08:01 10785                      /usr/lib/x86_64-linux-gnu/libffi.so.6.0.1
7fe9327c4000-7fe9329c3000 ---p 00007000 08:01 10785                      /usr/lib/x86_64-linux-gnu/libffi.so.6.0.1
7fe9329c3000-7fe9329c4000 r--p 00006000 08:01 10785                      /usr/lib/x86_64-linux-gnu/libffi.so.6.0.1
7fe9329c4000-7fe9329c5000 rw-p 00007000 08:01 10785                      /usr/lib/x86_64-linux-gnu/libffi.so.6.0.1
7fe9329c5000-7fe9329dc000 r-xp 00000000 08:01 400113                     /lib/x86_64-linux-gnu/libresolv-2.19.so
7fe9329dc000-7fe932bdc000 ---p 00017000 08:01 400113                     /lib/x86_64-linux-gnu/libresolv-2.19.so
7fe932bdc000-7fe932bdd000 r--p 00017000 08:01 400113                     /lib/x86_64-linux-gnu/libresolv-2.19.so
7fe932bdd000-7fe932bde000 rw-p 00018000 08:01 400113                     /lib/x86_64-linux-gnu/libresolv-2.19.so
7fe932bde000-7fe932be0000 rw-p 00000000 00:00 0 
7fe932be0000-7fe932c00000 r-xp 00000000 08:01 398470                     /lib/x86_64-linux-gnu/libselinux.so.1
7fe932c00000-7fe932dff000 ---p 00020000 08:01 398470                     /lib/x86_64-linux-gnu/libselinux.so.1
7fe932dff000-7fe932e00000 r--p 0001f000 08:01 398470                     /lib/x86_64-linux-gnu/libselinux.so.1
7fe932e00000-7fe932e01000 rw-p 00020000 08:01 398470                     /lib/x86_64-linux-gnu/libselinux.so.1
7fe932e01000-7fe932e03000 rw-p 00000000 00:00 0 
7fe932e03000-7fe932e06000 r-xp 00000000 08:01 3202                       /usr/lib/x86_64-linux-gnu/libgmodule-2.0.so.0.4002.0
7fe932e06000-7fe933005000 ---p 00003000 08:01 3202                       /usr/lib/x86_64-linux-gnu/libgmodule-2.0.so.0.4002.0
7fe933005000-7fe933006000 r--p 00002000 08:01 3202                       /usr/lib/x86_64-linux-gnu/libgmodule-2.0.so.0.4002.0
7fe933006000-7fe933007000 rw-p 00003000 08:01 3202                       /usr/lib/x86_64-linux-gnu/libgmodule-2.0.so.0.4002.0
7fe933007000-7fe93310d000 r-xp 00000000 08:01 398974                     /lib/x86_64-linux-gnu/libglib-2.0.so.0.4002.0
7fe93310d000-7fe93330c000 ---p 00106000 08:01 398974                     /lib/x86_64-linux-gnu/libglib-2.0.so.0.4002.0
7fe93330c000-7fe93330d000 r--p 00105000 08:01 398974                     /lib/x86_64-linux-gnu/libglib-2.0.so.0.4002.0
7fe93330d000-7fe93330e000 rw-p 00106000 08:01 398974                     /lib/x86_64-linux-gnu/libglib-2.0.so.0.4002.0
7fe93330e000-7fe93330f000 rw-p 00000000 00:00 0 
7fe93330f000-7fe93335e000 r-xp 00000000 08:01 3203                       /usr/lib/x86_64-linux-gnu/libgobject-2.0.so.0.4002.0
7fe93335e000-7fe93355e000 ---p 0004f000 08:01 3203                       /usr/lib/x86_64-linux-gnu/libgobject-2.0.so.0.4002.0
7fe93355e000-7fe93355f000 r--p 0004f000 08:01 3203                       /usr/lib/x86_64-linux-gnu/libgobject-2.0.so.0.4002.0
7fe93355f000-7fe933560000 rw-p 00050000 08:01 3203                       /usr/lib/x86_64-linux-gnu/libgobject-2.0.so.0.4002.0
7fe933560000-7fe9336cc000 r-xp 00000000 08:01 3205                       /usr/lib/x86_64-linux-gnu/libgio-2.0.so.0.4002.0
7fe9336cc000-7fe9338cb000 ---p 0016c000 08:01 3205                       /usr/lib/x86_64-linux-gnu/libgio-2.0.so.0.4002.0
7fe9338cb000-7fe9338cf000 r--p 0016b000 08:01 3205                       /usr/lib/x86_64-linux-gnu/libgio-2.0.so.0.4002.0
7fe9338cf000-7fe9338d1000 rw-p 0016f000 08:01 3205                       /usr/lib/x86_64-linux-gnu/libgio-2.0.so.0.4002.0
7fe9338d1000-7fe9338d3000 rw-p 00000000 00:00 0 
7fe9338d3000-7fe9338ea000 r-xp 00000000 08:01 437907                     /usr/lib/jvm/java-7-openjdk-amd64/jre/lib/amd64/libnet.so
7fe9338ea000-7fe933ae9000 ---p 00017000 08:01 437907                     /usr/lib/jvm/java-7-openjdk-amd64/jre/lib/amd64/libnet.so
7fe933ae9000-7fe933aea000 r--p 00016000 08:01 437907                     /usr/lib/jvm/java-7-openjdk-amd64/jre/lib/amd64/libnet.so
7fe933aea000-7fe933aeb000 rw-p 00017000 08:01 437907                     /usr/lib/jvm/java-7-openjdk-amd64/jre/lib/amd64/libnet.so
7fe933aeb000-7fe933afb000 r-xp 00000000 08:01 437922                     /usr/lib/jvm/java-7-openjdk-amd64/jre/lib/amd64/libnio.so
7fe933afb000-7fe933cfb000 ---p 00010000 08:01 437922                     /usr/lib/jvm/java-7-openjdk-amd64/jre/lib/amd64/libnio.so
7fe933cfb000-7fe933cfc000 r--p 00010000 08:01 437922                     /usr/lib/jvm/java-7-openjdk-amd64/jre/lib/amd64/libnio.so
7fe933cfc000-7fe933cfd000 rw-p 00011000 08:01 437922                     /usr/lib/jvm/java-7-openjdk-amd64/jre/lib/amd64/libnio.so
7fe933cfd000-7fe933cfe000 ---p 00000000 00:00 0 
7fe933cfe000-7fe933dfe000 rw-p 00000000 00:00 0                          [stack:4352]
7fe933dfe000-7fe933e01000 ---p 00000000 00:00 0 
7fe933e01000-7fe933eff000 rw-p 00000000 00:00 0                          [stack:4351]
7fe933eff000-7fe933f02000 ---p 00000000 00:00 0 
7fe933f02000-7fe934000000 rw-p 00000000 00:00 0                          [stack:4350]
7fe934000000-7fe934021000 rw-p 00000000 00:00 0 
7fe934021000-7fe938000000 ---p 00000000 00:00 0 
7fe938000000-7fe9380bb000 rw-p 00000000 00:00 0 
7fe9380bb000-7fe93c000000 ---p 00000000 00:00 0 
7fe93c000000-7fe93c021000 rw-p 00000000 00:00 0 
7fe93c021000-7fe940000000 ---p 00000000 00:00 0 
7fe940000000-7fe940021000 rw-p 00000000 00:00 0 
7fe940021000-7fe944000000 ---p 00000000 00:00 0 
7fe944000000-7fe944021000 rw-p 00000000 00:00 0 
7fe944021000-7fe948000000 ---p 00000000 00:00 0 
7fe948000000-7fe948021000 rw-p 00000000 00:00 0 
7fe948021000-7fe94c000000 ---p 00000000 00:00 0 
7fe94c000000-7fe94c021000 rw-p 00000000 00:00 0 
7fe94c021000-7fe950000000 ---p 00000000 00:00 0 
7fe950034000-7fe95003b000 r--s 00000000 08:01 162543                     /usr/lib/x86_64-linux-gnu/gconv/gconv-modules.cache
7fe95003b000-7fe950040000 r--s 0004c000 08:01 437947                     /usr/lib/jvm/java-7-openjdk-amd64/jre/lib/jsse.jar
7fe950040000-7fe95004d000 r--s 000a3000 08:01 67645                      /home/mmora/workspace/TextProcessing/lib/httpcomponents-client-4.4/lib/httpclient-4.4.jar
7fe95004d000-7fe95007f000 rw-p 00000000 00:00 0 
7fe95007f000-7fe950081000 r--s 0000e000 08:01 67651                      /home/mmora/workspace/TextProcessing/lib/httpcomponents-client-4.4/lib/commons-logging-1.2.jar
7fe950081000-7fe950088000 r--s 0003a000 08:01 67652                      /home/mmora/workspace/TextProcessing/lib/httpcomponents-client-4.4/lib/commons-codec-1.9.jar
7fe950088000-7fe95008f000 r--s 00048000 08:01 67650                      /home/mmora/workspace/TextProcessing/lib/httpcomponents-client-4.4/lib/httpcore-4.4.jar
7fe95008f000-7fe950091000 r--s 00007000 08:01 64607                      /home/mmora/workspace/TextProcessing/lib/google-api-translate-java-0.97.jar
7fe950091000-7fe950093000 r--s 0000a000 08:01 131110                     /home/mmora/workspace/TextProcessing/lib/json-20090211.jar
7fe950093000-7fe950097000 r--s 00021000 08:01 313639                     /pkg/freeling-3.1/APIs/java/freeling.jar
7fe950097000-7fe95009e000 r--s 0008a000 08:01 27983                      /home/mmora/workspace/TextProcessing/lib/postgresql-9.3-1102.jdbc41.jar
7fe95009e000-7fe9500a1000 r--s 00014000 08:01 27982                      /home/mmora/workspace/TextProcessing/lib/opennlp-uima-1.5.3.jar
7fe9500a1000-7fe9500a4000 ---p 00000000 00:00 0 
7fe9500a4000-7fe9501a2000 rw-p 00000000 00:00 0                          [stack:4349]
7fe9501a2000-7fe9501a5000 ---p 00000000 00:00 0 
7fe9501a5000-7fe9502a3000 rw-p 00000000 00:00 0                          [stack:4347]
7fe9502a3000-7fe9502a6000 ---p 00000000 00:00 0 
7fe9502a6000-7fe9503a4000 rw-p 00000000 00:00 0                          [stack:4346]
7fe9503a4000-7fe9503a7000 ---p 00000000 00:00 0 
7fe9503a7000-7fe9504a5000 rw-p 00000000 00:00 0                          [stack:4343]
7fe9504a5000-7fe9504a9000 r-xp 00000000 08:01 437913                     /usr/lib/jvm/java-7-openjdk-amd64/jre/lib/amd64/libdt_socket.so
7fe9504a9000-7fe9506a8000 ---p 00004000 08:01 437913                     /usr/lib/jvm/java-7-openjdk-amd64/jre/lib/amd64/libdt_socket.so
7fe9506a8000-7fe9506a9000 r--p 00003000 08:01 437913                     /usr/lib/jvm/java-7-openjdk-amd64/jre/lib/amd64/libdt_socket.so
7fe9506a9000-7fe9506aa000 rw-p 00004000 08:01 437913                     /usr/lib/jvm/java-7-openjdk-amd64/jre/lib/amd64/libdt_socket.so
7fe9506aa000-7fe9506ad000 ---p 00000000 00:00 0 
7fe9506ad000-7fe9507ab000 rw-p 00000000 00:00 0                          [stack:4341]
7fe9507ab000-7fe9507ae000 ---p 00000000 00:00 0 
7fe9507ae000-7fe9508ac000 rw-p 00000000 00:00 0                          [stack:4340]
7fe9508ac000-7fe9508af000 ---p 00000000 00:00 0 
7fe9508af000-7fe9509ad000 rw-p 00000000 00:00 0                          [stack:4339]
7fe9509ad000-7fe9509ae000 ---p 00000000 00:00 0 
7fe9509ae000-7fe950aae000 rw-p 00000000 00:00 0                          [stack:4338]
7fe950aae000-7fe950c5f000 r--s 01d25000 08:01 450807                     /usr/lib/jvm/java-7-openjdk-amd64/jre/lib/rt.jar
7fe950c5f000-7fe950ce8000 rw-p 00000000 00:00 0 
7fe950ce8000-7fe950df8000 rw-p 00000000 00:00 0 
7fe950df8000-7fe950e02000 rw-p 00000000 00:00 0 
7fe950e02000-7fe950e89000 rw-p 00000000 00:00 0 
7fe950e89000-7fe950e9c000 rw-p 00000000 00:00 0 
7fe950e9c000-7fe950fac000 rw-p 00000000 00:00 0 
7fe950fac000-7fe950fb7000 rw-p 00000000 00:00 0 
7fe950fb7000-7fe950fff000 rw-p 00000000 00:00 0 
7fe950fff000-7fe951000000 rw-p 00000000 00:00 0 
7fe951000000-7fe951270000 rwxp 00000000 00:00 0 
7fe951270000-7fe958000000 rw-p 00000000 00:00 0 
7fe958000000-7fe9580d7000 rw-p 00000000 00:00 0 
7fe9580d7000-7fe958120000 rw-p 00000000 00:00 0 
7fe958120000-7fe958128000 r-xp 00000000 08:01 437899                     /usr/lib/jvm/java-7-openjdk-amd64/jre/lib/amd64/libzip.so
7fe958128000-7fe958327000 ---p 00008000 08:01 437899                     /usr/lib/jvm/java-7-openjdk-amd64/jre/lib/amd64/libzip.so
7fe958327000-7fe958328000 r--p 00007000 08:01 437899                     /usr/lib/jvm/java-7-openjdk-amd64/jre/lib/amd64/libzip.so
7fe958328000-7fe958329000 rw-p 00008000 08:01 437899                     /usr/lib/jvm/java-7-openjdk-amd64/jre/lib/amd64/libzip.so
7fe958329000-7fe958334000 r-xp 00000000 08:01 400119                     /lib/x86_64-linux-gnu/libnss_files-2.19.so
7fe958334000-7fe958533000 ---p 0000b000 08:01 400119                     /lib/x86_64-linux-gnu/libnss_files-2.19.so
7fe958533000-7fe958534000 r--p 0000a000 08:01 400119                     /lib/x86_64-linux-gnu/libnss_files-2.19.so
7fe958534000-7fe958535000 rw-p 0000b000 08:01 400119                     /lib/x86_64-linux-gnu/libnss_files-2.19.so
7fe958535000-7fe958540000 r-xp 00000000 08:01 400115                     /lib/x86_64-linux-gnu/libnss_nis-2.19.so
7fe958540000-7fe95873f000 ---p 0000b000 08:01 400115                     /lib/x86_64-linux-gnu/libnss_nis-2.19.so
7fe95873f000-7fe958740000 r--p 0000a000 08:01 400115                     /lib/x86_64-linux-gnu/libnss_nis-2.19.so
7fe958740000-7fe958741000 rw-p 0000b000 08:01 400115                     /lib/x86_64-linux-gnu/libnss_nis-2.19.so
7fe958741000-7fe958758000 r-xp 00000000 08:01 400109                     /lib/x86_64-linux-gnu/libnsl-2.19.so
7fe958758000-7fe958957000 ---p 00017000 08:01 400109                     /lib/x86_64-linux-gnu/libnsl-2.19.so
7fe958957000-7fe958958000 r--p 00016000 08:01 400109                     /lib/x86_64-linux-gnu/libnsl-2.19.so
7fe958958000-7fe958959000 rw-p 00017000 08:01 400109                     /lib/x86_64-linux-gnu/libnsl-2.19.so
7fe958959000-7fe95895b000 rw-p 00000000 00:00 0 
7fe95895b000-7fe958964000 r-xp 00000000 08:01 400106                     /lib/x86_64-linux-gnu/libnss_compat-2.19.so
7fe958964000-7fe958b63000 ---p 00009000 08:01 400106                     /lib/x86_64-linux-gnu/libnss_compat-2.19.so
7fe958b63000-7fe958b64000 r--p 00008000 08:01 400106                     /lib/x86_64-linux-gnu/libnss_compat-2.19.so
7fe958b64000-7fe958b65000 rw-p 00009000 08:01 400106                     /lib/x86_64-linux-gnu/libnss_compat-2.19.so
7fe958b65000-7fe959247000 r--p 00000000 08:01 7563                       /usr/lib/locale/locale-archive
7fe959247000-7fe95924a000 r-xp 00000000 08:01 437924                     /usr/lib/jvm/java-7-openjdk-amd64/jre/lib/amd64/libnpt.so
7fe95924a000-7fe959449000 ---p 00003000 08:01 437924                     /usr/lib/jvm/java-7-openjdk-amd64/jre/lib/amd64/libnpt.so
7fe959449000-7fe95944a000 r--p 00002000 08:01 437924                     /usr/lib/jvm/java-7-openjdk-amd64/jre/lib/amd64/libnpt.so
7fe95944a000-7fe95944b000 rw-p 00003000 08:01 437924                     /usr/lib/jvm/java-7-openjdk-amd64/jre/lib/amd64/libnpt.so
7fe95944b000-7fe959485000 r-xp 00000000 08:01 437919                     /usr/lib/jvm/java-7-openjdk-amd64/jre/lib/amd64/libjdwp.so
7fe959485000-7fe959684000 ---p 0003a000 08:01 437919                     /usr/lib/jvm/java-7-openjdk-amd64/jre/lib/amd64/libjdwp.so
7fe959684000-7fe959685000 r--p 00039000 08:01 437919                     /usr/lib/jvm/java-7-openjdk-amd64/jre/lib/amd64/libjdwp.so
7fe959685000-7fe959686000 rw-p 0003a000 08:01 437919                     /usr/lib/jvm/java-7-openjdk-amd64/jre/lib/amd64/libjdwp.so
7fe959686000-7fe9596b1000 r-xp 00000000 08:01 437906                     /usr/lib/jvm/java-7-openjdk-amd64/jre/lib/amd64/libjava.so
7fe9596b1000-7fe9598b0000 ---p 0002b000 08:01 437906                     /usr/lib/jvm/java-7-openjdk-amd64/jre/lib/amd64/libjava.so
7fe9598b0000-7fe9598b1000 r--p 0002a000 08:01 437906                     /usr/lib/jvm/java-7-openjdk-amd64/jre/lib/amd64/libjava.so
7fe9598b1000-7fe9598b3000 rw-p 0002b000 08:01 437906                     /usr/lib/jvm/java-7-openjdk-amd64/jre/lib/amd64/libjava.so
7fe9598b3000-7fe9598c3000 r-xp 00000000 08:01 437921                     /usr/lib/jvm/java-7-openjdk-amd64/jre/lib/amd64/libverify.so
7fe9598c3000-7fe959ac2000 ---p 00010000 08:01 437921                     /usr/lib/jvm/java-7-openjdk-amd64/jre/lib/amd64/libverify.so
7fe959ac2000-7fe959ac4000 r--p 0000f000 08:01 437921                     /usr/lib/jvm/java-7-openjdk-amd64/jre/lib/amd64/libverify.so
7fe959ac4000-7fe959ac5000 rw-p 00011000 08:01 437921                     /usr/lib/jvm/java-7-openjdk-amd64/jre/lib/amd64/libverify.so
7fe959ac5000-7fe959acc000 r-xp 00000000 08:01 399258                     /lib/x86_64-linux-gnu/librt-2.19.so
7fe959acc000-7fe959ccb000 ---p 00007000 08:01 399258                     /lib/x86_64-linux-gnu/librt-2.19.so
7fe959ccb000-7fe959ccc000 r--p 00006000 08:01 399258                     /lib/x86_64-linux-gnu/librt-2.19.so
7fe959ccc000-7fe959ccd000 rw-p 00007000 08:01 399258                     /lib/x86_64-linux-gnu/librt-2.19.so
7fe959ccd000-7fe959ce3000 r-xp 00000000 08:01 398318                     /lib/x86_64-linux-gnu/libgcc_s.so.1
7fe959ce3000-7fe959ee2000 ---p 00016000 08:01 398318                     /lib/x86_64-linux-gnu/libgcc_s.so.1
7fe959ee2000-7fe959ee3000 rw-p 00015000 08:01 398318                     /lib/x86_64-linux-gnu/libgcc_s.so.1
7fe959ee3000-7fe959fe8000 r-xp 00000000 08:01 400108                     /lib/x86_64-linux-gnu/libm-2.19.so
7fe959fe8000-7fe95a1e7000 ---p 00105000 08:01 400108                     /lib/x86_64-linux-gnu/libm-2.19.so
7fe95a1e7000-7fe95a1e8000 r--p 00104000 08:01 400108                     /lib/x86_64-linux-gnu/libm-2.19.so
7fe95a1e8000-7fe95a1e9000 rw-p 00105000 08:01 400108                     /lib/x86_64-linux-gnu/libm-2.19.so
7fe95a1e9000-7fe95a2cf000 r-xp 00000000 08:01 11413                      /usr/lib/x86_64-linux-gnu/libstdc++.so.6.0.19
7fe95a2cf000-7fe95a4ce000 ---p 000e6000 08:01 11413                      /usr/lib/x86_64-linux-gnu/libstdc++.so.6.0.19
7fe95a4ce000-7fe95a4d6000 r--p 000e5000 08:01 11413                      /usr/lib/x86_64-linux-gnu/libstdc++.so.6.0.19
7fe95a4d6000-7fe95a4d8000 rw-p 000ed000 08:01 11413                      /usr/lib/x86_64-linux-gnu/libstdc++.so.6.0.19
7fe95a4d8000-7fe95a4ed000 rw-p 00000000 00:00 0 
7fe95a4ed000-7fe95b003000 r-xp 00000000 08:01 437928                     /usr/lib/jvm/java-7-openjdk-amd64/jre/lib/amd64/server/libjvm.so
7fe95b003000-7fe95b202000 ---p 00b16000 08:01 437928                     /usr/lib/jvm/java-7-openjdk-amd64/jre/lib/amd64/server/libjvm.so
7fe95b202000-7fe95b29c000 r--p 00b15000 08:01 437928                     /usr/lib/jvm/java-7-openjdk-amd64/jre/lib/amd64/server/libjvm.so
7fe95b29c000-7fe95b2bf000 rw-p 00baf000 08:01 437928                     /usr/lib/jvm/java-7-openjdk-amd64/jre/lib/amd64/server/libjvm.so
7fe95b2bf000-7fe95b2ed000 rw-p 00000000 00:00 0 
7fe95b2ed000-7fe95b305000 r-xp 00000000 08:01 398503                     /lib/x86_64-linux-gnu/libz.so.1.2.8
7fe95b305000-7fe95b504000 ---p 00018000 08:01 398503                     /lib/x86_64-linux-gnu/libz.so.1.2.8
7fe95b504000-7fe95b505000 r--p 00017000 08:01 398503                     /lib/x86_64-linux-gnu/libz.so.1.2.8
7fe95b505000-7fe95b506000 rw-p 00018000 08:01 398503                     /lib/x86_64-linux-gnu/libz.so.1.2.8
7fe95b506000-7fe95b51f000 r-xp 00000000 08:01 400118                     /lib/x86_64-linux-gnu/libpthread-2.19.so
7fe95b51f000-7fe95b71e000 ---p 00019000 08:01 400118                     /lib/x86_64-linux-gnu/libpthread-2.19.so
7fe95b71e000-7fe95b71f000 r--p 00018000 08:01 400118                     /lib/x86_64-linux-gnu/libpthread-2.19.so
7fe95b71f000-7fe95b720000 rw-p 00019000 08:01 400118                     /lib/x86_64-linux-gnu/libpthread-2.19.so
7fe95b720000-7fe95b724000 rw-p 00000000 00:00 0 
7fe95b724000-7fe95b727000 r-xp 00000000 08:01 400060                     /lib/x86_64-linux-gnu/libdl-2.19.so
7fe95b727000-7fe95b926000 ---p 00003000 08:01 400060                     /lib/x86_64-linux-gnu/libdl-2.19.so
7fe95b926000-7fe95b927000 r--p 00002000 08:01 400060                     /lib/x86_64-linux-gnu/libdl-2.19.so
7fe95b927000-7fe95b928000 rw-p 00003000 08:01 400060                     /lib/x86_64-linux-gnu/libdl-2.19.so
7fe95b928000-7fe95bae3000 r-xp 00000000 08:01 399256                     /lib/x86_64-linux-gnu/libc-2.19.so
7fe95bae3000-7fe95bce3000 ---p 001bb000 08:01 399256                     /lib/x86_64-linux-gnu/libc-2.19.so
7fe95bce3000-7fe95bce7000 r--p 001bb000 08:01 399256                     /lib/x86_64-linux-gnu/libc-2.19.so
7fe95bce7000-7fe95bce9000 rw-p 001bf000 08:01 399256                     /lib/x86_64-linux-gnu/libc-2.19.so
7fe95bce9000-7fe95bcee000 rw-p 00000000 00:00 0 
7fe95bcee000-7fe95bcfb000 r-xp 00000000 08:01 437904                     /usr/lib/jvm/java-7-openjdk-amd64/jre/lib/amd64/jli/libjli.so
7fe95bcfb000-7fe95befa000 ---p 0000d000 08:01 437904                     /usr/lib/jvm/java-7-openjdk-amd64/jre/lib/amd64/jli/libjli.so
7fe95befa000-7fe95befb000 r--p 0000c000 08:01 437904                     /usr/lib/jvm/java-7-openjdk-amd64/jre/lib/amd64/jli/libjli.so
7fe95befb000-7fe95befc000 rw-p 0000d000 08:01 437904                     /usr/lib/jvm/java-7-openjdk-amd64/jre/lib/amd64/jli/libjli.so
7fe95befc000-7fe95bf1f000 r-xp 00000000 08:01 399154                     /lib/x86_64-linux-gnu/ld-2.19.so
7fe95bf1f000-7fe95bf20000 rw-p 00000000 00:00 0 
7fe95bf20000-7fe95bf30000 r--s 000b9000 08:01 27980                      /home/mmora/workspace/TextProcessing/lib/opennlp-tools-1.5.3.jar
7fe95bf30000-7fe95bf33000 r--s 0001d000 08:01 27979                      /home/mmora/workspace/TextProcessing/lib/opennlp-maxent-3.0.3.jar
7fe95bf33000-7fe95bf38000 r--s 00025000 08:01 27978                      /home/mmora/workspace/TextProcessing/lib/jwnl-1.3.3.jar
7fe95bf38000-7fe95bf3c000 r--s 0003c000 08:01 450799                     /usr/lib/jvm/java-7-openjdk-amd64/jre/lib/ext/sunpkcs11.jar
7fe95bf3c000-7fe95bf3e000 r--s 00012000 08:01 450797                     /usr/lib/jvm/java-7-openjdk-amd64/jre/lib/ext/zipfs.jar
7fe95bf3e000-7fe95bf41000 r--s 0000f000 08:01 450794                     /usr/lib/jvm/java-7-openjdk-amd64/jre/lib/ext/icedtea-sound.jar
7fe95bf41000-7fe95bf4b000 rw-p 00000000 00:00 0 
7fe95bf4b000-7fe95c001000 rw-p 00000000 00:00 0 
7fe95c001000-7fe95c004000 ---p 00000000 00:00 0 
7fe95c004000-7fe95c107000 rw-p 00000000 00:00 0                          [stack:4330]
7fe95c107000-7fe95c108000 r--s 00002000 08:01 450805                     /usr/lib/jvm/java-7-openjdk-amd64/jre/lib/ext/dnsns.jar
7fe95c108000-7fe95c10c000 r--s 00034000 08:01 450803                     /usr/lib/jvm/java-7-openjdk-amd64/jre/lib/ext/sunjce_provider.jar
7fe95c10c000-7fe95c10e000 r--s 00006000 08:01 451480                     /usr/share/java/java-atk-wrapper.jar
7fe95c10e000-7fe95c112000 r--s 00085000 08:01 450801                     /usr/lib/jvm/java-7-openjdk-amd64/jre/lib/ext/localedata.jar
7fe95c112000-7fe95c11a000 rw-s 00000000 08:01 131109                     /tmp/hsperfdata_mmora/4328
7fe95c11a000-7fe95c11b000 rw-p 00000000 00:00 0 
7fe95c11b000-7fe95c11c000 r--p 00000000 00:00 0 
7fe95c11c000-7fe95c11e000 rw-p 00000000 00:00 0 
7fe95c11e000-7fe95c11f000 r--p 00022000 08:01 399154                     /lib/x86_64-linux-gnu/ld-2.19.so
7fe95c11f000-7fe95c120000 rw-p 00023000 08:01 399154                     /lib/x86_64-linux-gnu/ld-2.19.so
7fe95c120000-7fe95c121000 rw-p 00000000 00:00 0 
7fff54992000-7fff549b3000 rw-p 00000000 00:00 0                          [stack]
7fff549e0000-7fff549e2000 r-xp 00000000 00:00 0                          [vdso]
ffffffffff600000-ffffffffff601000 r-xp 00000000 00:00 0                  [vsyscall]

VM Arguments:
jvm_args: -agentlib:jdwp=transport=dt_socket,suspend=y,address=localhost:55236 -Djava.library.path=/home/mmora/workspace/TextProcessing/lib -Dfile.encoding=UTF-8 
java_command: TaxonDescriptionAnalyzer
Launcher Type: SUN_STANDARD

Environment Variables:
PATH=/usr/local/sbin:/usr/local/bin:/usr/sbin:/usr/bin:/sbin:/bin:/usr/games:/usr/local/games
LD_LIBRARY_PATH=/usr/local/lib:/pkg/freeling-3.1/APIs/java:
SHELL=/bin/bash
DISPLAY=:0

Signal Handlers:
SIGSEGV: [libjvm.so+0x9495e0], sa_mask[0]=0x7ffbfeff, sa_flags=0x10000004
SIGBUS: [libjvm.so+0x9495e0], sa_mask[0]=0x7ffbfeff, sa_flags=0x10000004
SIGFPE: [libjvm.so+0x7c3410], sa_mask[0]=0x7ffbfeff, sa_flags=0x10000004
SIGPIPE: [libjvm.so+0x7c3410], sa_mask[0]=0x7ffbfeff, sa_flags=0x10000004
SIGXFSZ: [libjvm.so+0x7c3410], sa_mask[0]=0x7ffbfeff, sa_flags=0x10000004
SIGILL: [libjvm.so+0x7c3410], sa_mask[0]=0x7ffbfeff, sa_flags=0x10000004
SIGUSR1: SIG_DFL, sa_mask[0]=0x00000000, sa_flags=0x00000000
SIGUSR2: [libjvm.so+0x7c32b0], sa_mask[0]=0x00000004, sa_flags=0x10000004
SIGHUP: [libjvm.so+0x7c3490], sa_mask[0]=0x7ffbfeff, sa_flags=0x10000004
SIGINT: [libjvm.so+0x7c3490], sa_mask[0]=0x7ffbfeff, sa_flags=0x10000004
SIGTERM: [libjvm.so+0x7c3490], sa_mask[0]=0x7ffbfeff, sa_flags=0x10000004
SIGQUIT: [libjvm.so+0x7c3490], sa_mask[0]=0x7ffbfeff, sa_flags=0x10000004
SIGTRAP: SIG_DFL, sa_mask[0]=0x00000000, sa_flags=0x00000000


---------------  S Y S T E M  ---------------

OS:Ubuntu 14.04 (trusty)
uname:Linux 3.13.0-44-generic #73-Ubuntu SMP Tue Dec 16 00:22:43 UTC 2014 x86_64
libc:glibc 2.19 NPTL 2.19 
rlimit: STACK 8192k, CORE 0k, NPROC 27683, NOFILE 4096, AS infinity
load average:0.96 0.45 0.34

/proc/meminfo:
MemTotal:        3565028 kB
MemFree:          603144 kB
Buffers:           98564 kB
Cached:          1045772 kB
SwapCached:            0 kB
Active:          2164200 kB
Inactive:         638436 kB
Active(anon):    1673196 kB
Inactive(anon):    29448 kB
Active(file):     491004 kB
Inactive(file):   608988 kB
Unevictable:          32 kB
Mlocked:              32 kB
SwapTotal:       1046524 kB
SwapFree:        1046524 kB
Dirty:                44 kB
Writeback:             0 kB
AnonPages:       1658424 kB
Mapped:           273104 kB
Shmem:             44252 kB
Slab:              88924 kB
SReclaimable:      68440 kB
SUnreclaim:        20484 kB
KernelStack:        3336 kB
PageTables:        32936 kB
NFS_Unstable:          0 kB
Bounce:                0 kB
WritebackTmp:          0 kB
CommitLimit:     2829036 kB
Committed_AS:    4104596 kB
VmallocTotal:   34359738367 kB
VmallocUsed:        9920 kB
VmallocChunk:   34359721603 kB
HardwareCorrupted:     0 kB
AnonHugePages:    690176 kB
HugePages_Total:       0
HugePages_Free:        0
HugePages_Rsvd:        0
HugePages_Surp:        0
Hugepagesize:       2048 kB
DirectMap4k:       40896 kB
DirectMap2M:     3663872 kB


CPU:total 1 (1 cores per cpu, 1 threads per core) family 6 model 58 stepping 9, cmov, cx8, fxsr, mmx, sse, sse2, sse3, ssse3, tsc

/proc/cpuinfo:
processor	: 0
vendor_id	: GenuineIntel
cpu family	: 6
model		: 58
model name	: Intel(R) Core(TM) i7-3520M CPU @ 2.90GHz
stepping	: 9
microcode	: 0x19
cpu MHz		: 2898.961
cache size	: 6144 KB
physical id	: 0
siblings	: 1
core id		: 0
cpu cores	: 1
apicid		: 0
initial apicid	: 0
fpu		: yes
fpu_exception	: yes
cpuid level	: 5
wp		: yes
flags		: fpu vme de pse tsc msr pae mce cx8 apic sep mtrr pge mca cmov pat pse36 clflush mmx fxsr sse sse2 syscall nx rdtscp lm constant_tsc rep_good nopl pni monitor ssse3 lahf_lm
bogomips	: 5797.92
clflush size	: 64
cache_alignment	: 64
address sizes	: 36 bits physical, 48 bits virtual
power management:



Memory: 4k page, physical 3565028k(603144k free), swap 1046524k(1046524k free)

vm_info: OpenJDK 64-Bit Server VM (24.65-b04) for linux-amd64 JRE (1.7.0_65-b32), built on Oct 22 2014 04:37:44 by "buildd" with gcc 4.8.2

time: Mon Sep 14 10:58:24 2015
elapsed time: 103 seconds

