#
# A fatal error has been detected by the Java Runtime Environment:
#
#  SIGSEGV (0xb) at pc=0x00007fb1b1683b87, pid=5682, tid=140400987633408
#
# JRE version: OpenJDK Runtime Environment (7.0_65-b32) (build 1.7.0_65-b32)
# Java VM: OpenJDK 64-Bit Server VM (24.65-b04 mixed mode linux-amd64 compressed oops)
# Derivative: IcedTea 2.5.3
# Distribution: Ubuntu 14.04 LTS, package 7u71-2.5.3-0ubuntu0.14.04.1
# Problematic frame:
# V  [libjvm.so+0x5e8b87]  java_lang_String::length(oopDesc*) [clone .part.108]+0x37
#
# Failed to write core dump. Core dumps have been disabled. To enable core dumping, try "ulimit -c unlimited" before starting Java again
#
# If you would like to submit a bug report, please include
# instructions on how to reproduce the bug and visit:
#   http://icedtea.classpath.org/bugzilla
#

---------------  T H R E A D  ---------------

Current thread (0x00007fb1ac0ae800):  JavaThread "JDWP Transport Listener: dt_socket" daemon [_thread_in_vm, id=5695, stack(0x00007fb1a6ee7000,0x00007fb1a6fe8000)]

siginfo:si_signo=SIGSEGV: si_errno=0, si_code=1 (SEGV_MAPERR), si_addr=0x000000000000000c

Registers:
RAX=0x0000000000000000, RBX=0x0000000000000001, RCX=0x00007fb1b22cd320, RDX=0x000000000000000c
RSP=0x00007fb1a6fe6a10, RBP=0x00007fb1a6fe6a10, RSI=0x00007fb194005408, RDI=0x00000000b8114498
R8 =0x0000000000000001, R9 =0x00007fb194000078, R10=0x0000000000000000, R11=0x0000000000000206
R12=0x0000000000000000, R13=0x0000000000000000, R14=0x00007fb1a6fe6b80, R15=0x0000000000000000
RIP=0x00007fb1b1683b87, EFLAGS=0x0000000000010246, CSGSFS=0x0000000000000033, ERR=0x0000000000000004
  TRAPNO=0x000000000000000e

Top of Stack: (sp=0x00007fb1a6fe6a10)
0x00007fb1a6fe6a10:   00007fb1a6fe6a40 00007fb1b1684655
0x00007fb1a6fe6a20:   00007fb1a6fe6a60 00007fb1ac0ae800
0x00007fb1a6fe6a30:   00007fb194005408 00000000b8114498
0x00007fb1a6fe6a40:   00007fb1a6fe6ab0 00007fb1b1694c82
0x00007fb1a6fe6a50:   00007fb1ac0ae9d8 00007fb1abffff00
0x00007fb1a6fe6a60:   00007fb1ac0ae800 0000000000000000
0x00007fb1a6fe6a70:   00007fb1ac0ae9d8 00007fb194005408
0x00007fb1a6fe6a80:   00007fb1a6fe6b50 00007fb1ac0ae9d8
0x00007fb1a6fe6a90:   00007fb1abffff00 00007fb194005408
0x00007fb1a6fe6aa0:   00007fb1a6fe6b80 00007fb1abffff00
0x00007fb1a6fe6ab0:   00007fb1a6fe6af0 00007fb1abdce022
0x00007fb1a6fe6ac0:   00007fb1a6fe6b50 0000000000010a00
0x00007fb1a6fe6ad0:   00007fb1a6fe6b50 000000000000000a
0x00007fb1a6fe6ae0:   00007fb1a6fe6b80 00007fb1abffff00
0x00007fb1a6fe6af0:   00007fb1a6fe6d40 00007fb1abdd6688
0x00007fb1a6fe6b00:   00000fd200000013 00007fb194010a00
0x00007fb1a6fe6b10:   00007fb18c054630 00007fb1b168e84c
0x00007fb1a6fe6b20:   00007fb1ac0b0b90 00007fb18c000b01
0x00007fb1a6fe6b30:   00000fd200000013 00007fb194010a00
0x00007fb1a6fe6b40:   00007fb18c054630 00007fb1ac0a5d88
0x00007fb1a6fe6b50:   00007fb18c054638 000000000000000b
0x00007fb1a6fe6b60:   00000fd200000013 00007fb194010a00
0x00007fb1a6fe6b70:   00007fb18c054630 00007fb1940086a0
0x00007fb1a6fe6b80:   00007fb1a6fe6bd0 000000000000012c
0x00007fb1a6fe6b90:   00007fb1a6fe6b98 00007fb100000000
0x00007fb1a6fe6ba0:   00007fb1a6fe6bd0 0000000000000000
0x00007fb1a6fe6bb0:   00007f0000000000 00000fd200000013
0x00007fb1a6fe6bc0:   00007fb100006c80 00007fb1a6fe6bd0
0x00007fb1a6fe6bd0:   6e69616d04000000 0000000000000000
0x00007fb1a6fe6be0:   7369687404000000 76616a4c12000000
0x00007fb1a6fe6bf0:   532f676e616c2f61 00003b676e697274
0x00007fb1a6fe6c00:   00000f0000000000 0000000000000000 

Instructions: (pc=0x00007fb1b1683b87)
0x00007fb1b1683b67:   8b 14 07 31 c0 85 d2 74 12 89 d0 48 8d 15 87 68
0x00007fb1b1683b77:   7d 00 8b 4a 08 48 d3 e0 48 03 02 ba 0c 00 00 00
0x00007fb1b1683b87:   8b 04 10 5d c3 0f 1f 40 00 48 8b 04 07 ba 10 00
0x00007fb1b1683b97:   00 00 5d 8b 04 10 c3 66 90 55 48 8d 46 10 48 89 

Register to memory mapping:

RAX=0x0000000000000000 is an unknown value
RBX=0x0000000000000001 is an unknown value
RCX=0x00007fb1b22cd320: <offset 0x219320> in /lib/x86_64-linux-gnu/libpthread.so.0 at 0x00007fb1b20b4000
RDX=0x000000000000000c is an unknown value
RSP=0x00007fb1a6fe6a10 is pointing into the stack for thread: 0x00007fb1ac0ae800
RBP=0x00007fb1a6fe6a10 is pointing into the stack for thread: 0x00007fb1ac0ae800
RSI=0x00007fb194005408 is a global jni handle
RDI=
[error occurred during error reporting (printing register info), id 0xb]

Stack: [0x00007fb1a6ee7000,0x00007fb1a6fe8000],  sp=0x00007fb1a6fe6a10,  free space=1022k
Native frames: (J=compiled Java code, j=interpreted, Vv=VM code, C=native code)
V  [libjvm.so+0x5e8b87]  java_lang_String::length(oopDesc*) [clone .part.108]+0x37
V  [libjvm.so+0x5e9655]  java_lang_String::utf8_length(oopDesc*)+0x95
V  [libjvm.so+0x5f9c82]  jni_GetStringUTFChars+0x72
C  [libjdwp.so+0x9022]
C  [libjdwp.so+0x11688]
C  [libjdwp.so+0x23795]
V  [libjvm.so+0x6aa58b]  JvmtiAgentThread::start_function_wrapper(JavaThread*, Thread*)+0x9b
V  [libjvm.so+0x8ffba0]  JavaThread::thread_main_inner()+0xf0
V  [libjvm.so+0x8ffe11]  JavaThread::run()+0x221
V  [libjvm.so+0x7c4ac2]  java_start(Thread*)+0xf2


---------------  P R O C E S S  ---------------

Java Threads: ( => current thread )
  0x00007fb1ac0b9800 JavaThread "Service Thread" daemon [_thread_blocked, id=5705, stack(0x00007fb1a69e2000,0x00007fb1a6ae3000)]
  0x00007fb1ac0b6800 JavaThread "C2 CompilerThread1" daemon [_thread_blocked, id=5704, stack(0x00007fb1a6ae3000,0x00007fb1a6be4000)]
  0x00007fb1ac0b4800 JavaThread "C2 CompilerThread0" daemon [_thread_blocked, id=5703, stack(0x00007fb1a6be4000,0x00007fb1a6ce5000)]
  0x00007fb194001000 JavaThread "JDWP Command Reader" daemon [_thread_in_native, id=5697, stack(0x00007fb1a6ce5000,0x00007fb1a6de6000)]
  0x00007fb1ac0b2000 JavaThread "JDWP Event Helper Thread" daemon [_thread_blocked, id=5696, stack(0x00007fb1a6de6000,0x00007fb1a6ee7000)]
=>0x00007fb1ac0ae800 JavaThread "JDWP Transport Listener: dt_socket" daemon [_thread_in_vm, id=5695, stack(0x00007fb1a6ee7000,0x00007fb1a6fe8000)]
  0x00007fb1ac0a1800 JavaThread "Signal Dispatcher" daemon [_thread_blocked, id=5693, stack(0x00007fb1a71ed000,0x00007fb1a72ee000)]
  0x00007fb1ac075800 JavaThread "Finalizer" daemon [_thread_blocked, id=5691, stack(0x00007fb1a72ee000,0x00007fb1a73ef000)]
  0x00007fb1ac073800 JavaThread "Reference Handler" daemon [_thread_blocked, id=5690, stack(0x00007fb1a73ef000,0x00007fb1a74f0000)]
  0x00007fb1ac00e000 JavaThread "main" [_thread_blocked, id=5684, stack(0x00007fb1b2baf000,0x00007fb1b2cb0000)]

Other Threads:
  0x00007fb1ac06f800 VMThread [stack: 0x00007fb1a74f0000,0x00007fb1a75f1000] [id=5689]
  0x00007fb1ac0c4000 WatcherThread [stack: 0x00007fb1a68e1000,0x00007fb1a69e2000] [id=5706]

VM state:not at safepoint (normal execution)

VM Mutex/Monitor currently owned by a thread: None

Heap
 def new generation   total 19008K, used 5507K [0x00000000b7c00000, 0x00000000b9090000, 0x00000000cc600000)
  eden space 16960K,  32% used [0x00000000b7c00000, 0x00000000b8160c28, 0x00000000b8c90000)
  from space 2048K,   0% used [0x00000000b8c90000, 0x00000000b8c90000, 0x00000000b8e90000)
  to   space 2048K,   0% used [0x00000000b8e90000, 0x00000000b8e90000, 0x00000000b9090000)
 tenured generation   total 42240K, used 0K [0x00000000cc600000, 0x00000000cef40000, 0x00000000f5a00000)
   the space 42240K,   0% used [0x00000000cc600000, 0x00000000cc600000, 0x00000000cc600200, 0x00000000cef40000)
 compacting perm gen  total 21248K, used 5961K [0x00000000f5a00000, 0x00000000f6ec0000, 0x0000000100000000)
   the space 21248K,  28% used [0x00000000f5a00000, 0x00000000f5fd27c8, 0x00000000f5fd2800, 0x00000000f6ec0000)
No shared spaces configured.

Card table byte_map: [0x00007fb1a7a5b000,0x00007fb1a7c9e000] byte_map_base: 0x00007fb1a749d000

Polling page: 0x00007fb1b2cc9000

Code Cache  [0x00007fb1a7c9e000, 0x00007fb1a7f0e000, 0x00007fb1aac9e000)
 total_blobs=250 nmethods=13 adapters=200 free_code_cache=48709Kb largest_free_block=49865792

Compilation events (10 events):
Event: 0,863 Thread 0x00007fb1ac0b4800    8             java.util.Properties$LineReader::readLine (452 bytes)
Event: 0,870 Thread 0x00007fb1ac0b4800 nmethod 8 0x00007fb1a7d06410 code [0x00007fb1a7d065c0, 0x00007fb1a7d06eb8]
Event: 0,928 Thread 0x00007fb1ac0b4800    9             java.io.UnixFileSystem::normalize (75 bytes)
Event: 0,931 Thread 0x00007fb1ac0b4800 nmethod 9 0x00007fb1a7d07550 code [0x00007fb1a7d076c0, 0x00007fb1a7d07978]
Event: 0,969 Thread 0x00007fb1ac0b4800   10             java.lang.Object::<init> (1 bytes)
Event: 0,969 Thread 0x00007fb1ac0b4800 nmethod 10 0x00007fb1a7d0a6d0 code [0x00007fb1a7d0a800, 0x00007fb1a7d0a878]
Event: 35,094 Thread 0x00007fb1ac0b4800   12             java.lang.String::replace (127 bytes)
Event: 35,108 Thread 0x00007fb1ac0b4800 nmethod 12 0x00007fb1a7d0b290 code [0x00007fb1a7d0b400, 0x00007fb1a7d0b8f8]
Event: 35,119 Thread 0x00007fb1ac0b6800   13             java.lang.String::equals (81 bytes)
Event: 35,126 Thread 0x00007fb1ac0b6800 nmethod 13 0x00007fb1a7d0f590 code [0x00007fb1a7d0f6e0, 0x00007fb1a7d0f9f8]

GC Heap History (0 events):
No events

Deoptimization events (0 events):
No events

Internal exceptions (10 events):
Event: 35,050 Thread 0x00007fb1ac00e000 Threw 0x00000000b804e918 at /build/buildd/openjdk-7-7u71-2.5.3/build/openjdk/hotspot/src/share/vm/prims/jvm.cpp:1284
Event: 35,059 Thread 0x00007fb1ac00e000 Threw 0x00000000b8053f48 at /build/buildd/openjdk-7-7u71-2.5.3/build/openjdk/hotspot/src/share/vm/prims/jvm.cpp:1284
Event: 35,088 Thread 0x00007fb1ac00e000 Threw 0x00000000b80b5758 at /build/buildd/openjdk-7-7u71-2.5.3/build/openjdk/hotspot/src/share/vm/prims/jvm.cpp:1284
Event: 35,089 Thread 0x00007fb1ac00e000 Threw 0x00000000b80c0508 at /build/buildd/openjdk-7-7u71-2.5.3/build/openjdk/hotspot/src/share/vm/prims/jvm.cpp:1284
Event: 35,090 Thread 0x00007fb1ac00e000 Threw 0x00000000b80cbd58 at /build/buildd/openjdk-7-7u71-2.5.3/build/openjdk/hotspot/src/share/vm/prims/jvm.cpp:1284
Event: 35,091 Thread 0x00007fb1ac00e000 Threw 0x00000000b80d0b10 at /build/buildd/openjdk-7-7u71-2.5.3/build/openjdk/hotspot/src/share/vm/prims/jvm.cpp:1284
Event: 35,101 Thread 0x00007fb1ac00e000 Threw 0x00000000b80d70c0 at /build/buildd/openjdk-7-7u71-2.5.3/build/openjdk/hotspot/src/share/vm/prims/jvm.cpp:1284
Event: 35,112 Thread 0x00007fb1ac00e000 Threw 0x00000000b80f6478 at /build/buildd/openjdk-7-7u71-2.5.3/build/openjdk/hotspot/src/share/vm/prims/jvm.cpp:1284
Event: 35,123 Thread 0x00007fb1ac00e000 Threw 0x00000000b80f9c38 at /build/buildd/openjdk-7-7u71-2.5.3/build/openjdk/hotspot/src/share/vm/prims/jvm.cpp:1284
Event: 35,131 Thread 0x00007fb1ac00e000 Threw 0x00000000b8111078 at /build/buildd/openjdk-7-7u71-2.5.3/build/openjdk/hotspot/src/share/vm/prims/jvm.cpp:1284

Events (10 events):
Event: 96,935 Executing VM operation: EnterInterpOnlyMode
Event: 96,935 Executing VM operation: EnterInterpOnlyMode done
Event: 96,935 Executing VM operation: GetCurrentLocation
Event: 96,935 Executing VM operation: GetCurrentLocation done
Event: 96,935 Executing VM operation: ChangeSingleStep
Event: 96,935 Executing VM operation: ChangeSingleStep done
Event: 96,936 Executing VM operation: ChangeSingleStep
Event: 96,936 Executing VM operation: ChangeSingleStep done
Event: 96,942 Executing VM operation: GetOrSetLocal
Event: 96,942 Executing VM operation: GetOrSetLocal done


Dynamic libraries:
00400000-00401000 r-xp 00000000 08:01 451179                             /usr/lib/jvm/java-7-openjdk-amd64/jre/bin/java
00600000-00601000 r--p 00000000 08:01 451179                             /usr/lib/jvm/java-7-openjdk-amd64/jre/bin/java
00601000-00602000 rw-p 00001000 08:01 451179                             /usr/lib/jvm/java-7-openjdk-amd64/jre/bin/java
01580000-01760000 rw-p 00000000 00:00 0                                  [heap]
b7c00000-b9090000 rw-p 00000000 00:00 0 
b9090000-cc600000 rw-p 00000000 00:00 0 
cc600000-cef40000 rw-p 00000000 00:00 0 
cef40000-f5a00000 rw-p 00000000 00:00 0 
f5a00000-f6ec0000 rw-p 00000000 00:00 0 
f6ec0000-100000000 rw-p 00000000 00:00 0 
7fb188000000-7fb188021000 rw-p 00000000 00:00 0 
7fb188021000-7fb18c000000 ---p 00000000 00:00 0 
7fb18c000000-7fb18c0b5000 rw-p 00000000 00:00 0 
7fb18c0b5000-7fb190000000 ---p 00000000 00:00 0 
7fb190000000-7fb190021000 rw-p 00000000 00:00 0 
7fb190021000-7fb194000000 ---p 00000000 00:00 0 
7fb194000000-7fb194021000 rw-p 00000000 00:00 0 
7fb194021000-7fb198000000 ---p 00000000 00:00 0 
7fb198000000-7fb198021000 rw-p 00000000 00:00 0 
7fb198021000-7fb19c000000 ---p 00000000 00:00 0 
7fb19c000000-7fb19c021000 rw-p 00000000 00:00 0 
7fb19c021000-7fb1a0000000 ---p 00000000 00:00 0 
7fb1a0000000-7fb1a0021000 rw-p 00000000 00:00 0 
7fb1a0021000-7fb1a4000000 ---p 00000000 00:00 0 
7fb1a4eca000-7fb1a5104000 rw-p 00000000 00:00 0 
7fb1a5104000-7fb1a5109000 r--s 0004c000 08:01 437947                     /usr/lib/jvm/java-7-openjdk-amd64/jre/lib/jsse.jar
7fb1a5109000-7fb1a5116000 r--s 000a3000 08:01 67645                      /home/mmora/workspace/TextProcessing/lib/httpcomponents-client-4.4/lib/httpclient-4.4.jar
7fb1a5116000-7fb1a5147000 rw-p 00000000 00:00 0 
7fb1a5147000-7fb1a5184000 r-xp 00000000 08:01 398443                     /lib/x86_64-linux-gnu/libpcre.so.3.13.1
7fb1a5184000-7fb1a5383000 ---p 0003d000 08:01 398443                     /lib/x86_64-linux-gnu/libpcre.so.3.13.1
7fb1a5383000-7fb1a5384000 r--p 0003c000 08:01 398443                     /lib/x86_64-linux-gnu/libpcre.so.3.13.1
7fb1a5384000-7fb1a5385000 rw-p 0003d000 08:01 398443                     /lib/x86_64-linux-gnu/libpcre.so.3.13.1
7fb1a5385000-7fb1a538c000 r-xp 00000000 08:01 10785                      /usr/lib/x86_64-linux-gnu/libffi.so.6.0.1
7fb1a538c000-7fb1a558b000 ---p 00007000 08:01 10785                      /usr/lib/x86_64-linux-gnu/libffi.so.6.0.1
7fb1a558b000-7fb1a558c000 r--p 00006000 08:01 10785                      /usr/lib/x86_64-linux-gnu/libffi.so.6.0.1
7fb1a558c000-7fb1a558d000 rw-p 00007000 08:01 10785                      /usr/lib/x86_64-linux-gnu/libffi.so.6.0.1
7fb1a558d000-7fb1a55a4000 r-xp 00000000 08:01 400113                     /lib/x86_64-linux-gnu/libresolv-2.19.so
7fb1a55a4000-7fb1a57a4000 ---p 00017000 08:01 400113                     /lib/x86_64-linux-gnu/libresolv-2.19.so
7fb1a57a4000-7fb1a57a5000 r--p 00017000 08:01 400113                     /lib/x86_64-linux-gnu/libresolv-2.19.so
7fb1a57a5000-7fb1a57a6000 rw-p 00018000 08:01 400113                     /lib/x86_64-linux-gnu/libresolv-2.19.so
7fb1a57a6000-7fb1a57a8000 rw-p 00000000 00:00 0 
7fb1a57a8000-7fb1a57c8000 r-xp 00000000 08:01 398470                     /lib/x86_64-linux-gnu/libselinux.so.1
7fb1a57c8000-7fb1a59c7000 ---p 00020000 08:01 398470                     /lib/x86_64-linux-gnu/libselinux.so.1
7fb1a59c7000-7fb1a59c8000 r--p 0001f000 08:01 398470                     /lib/x86_64-linux-gnu/libselinux.so.1
7fb1a59c8000-7fb1a59c9000 rw-p 00020000 08:01 398470                     /lib/x86_64-linux-gnu/libselinux.so.1
7fb1a59c9000-7fb1a59cb000 rw-p 00000000 00:00 0 
7fb1a59cb000-7fb1a59ce000 r-xp 00000000 08:01 3202                       /usr/lib/x86_64-linux-gnu/libgmodule-2.0.so.0.4002.0
7fb1a59ce000-7fb1a5bcd000 ---p 00003000 08:01 3202                       /usr/lib/x86_64-linux-gnu/libgmodule-2.0.so.0.4002.0
7fb1a5bcd000-7fb1a5bce000 r--p 00002000 08:01 3202                       /usr/lib/x86_64-linux-gnu/libgmodule-2.0.so.0.4002.0
7fb1a5bce000-7fb1a5bcf000 rw-p 00003000 08:01 3202                       /usr/lib/x86_64-linux-gnu/libgmodule-2.0.so.0.4002.0
7fb1a5bcf000-7fb1a5cd5000 r-xp 00000000 08:01 398974                     /lib/x86_64-linux-gnu/libglib-2.0.so.0.4002.0
7fb1a5cd5000-7fb1a5ed4000 ---p 00106000 08:01 398974                     /lib/x86_64-linux-gnu/libglib-2.0.so.0.4002.0
7fb1a5ed4000-7fb1a5ed5000 r--p 00105000 08:01 398974                     /lib/x86_64-linux-gnu/libglib-2.0.so.0.4002.0
7fb1a5ed5000-7fb1a5ed6000 rw-p 00106000 08:01 398974                     /lib/x86_64-linux-gnu/libglib-2.0.so.0.4002.0
7fb1a5ed6000-7fb1a5ed7000 rw-p 00000000 00:00 0 
7fb1a5ed7000-7fb1a5f26000 r-xp 00000000 08:01 3203                       /usr/lib/x86_64-linux-gnu/libgobject-2.0.so.0.4002.0
7fb1a5f26000-7fb1a6126000 ---p 0004f000 08:01 3203                       /usr/lib/x86_64-linux-gnu/libgobject-2.0.so.0.4002.0
7fb1a6126000-7fb1a6127000 r--p 0004f000 08:01 3203                       /usr/lib/x86_64-linux-gnu/libgobject-2.0.so.0.4002.0
7fb1a6127000-7fb1a6128000 rw-p 00050000 08:01 3203                       /usr/lib/x86_64-linux-gnu/libgobject-2.0.so.0.4002.0
7fb1a6128000-7fb1a6294000 r-xp 00000000 08:01 3205                       /usr/lib/x86_64-linux-gnu/libgio-2.0.so.0.4002.0
7fb1a6294000-7fb1a6493000 ---p 0016c000 08:01 3205                       /usr/lib/x86_64-linux-gnu/libgio-2.0.so.0.4002.0
7fb1a6493000-7fb1a6497000 r--p 0016b000 08:01 3205                       /usr/lib/x86_64-linux-gnu/libgio-2.0.so.0.4002.0
7fb1a6497000-7fb1a6499000 rw-p 0016f000 08:01 3205                       /usr/lib/x86_64-linux-gnu/libgio-2.0.so.0.4002.0
7fb1a6499000-7fb1a649b000 rw-p 00000000 00:00 0 
7fb1a649c000-7fb1a649e000 r--s 0000e000 08:01 67651                      /home/mmora/workspace/TextProcessing/lib/httpcomponents-client-4.4/lib/commons-logging-1.2.jar
7fb1a649e000-7fb1a64a5000 r--s 0003a000 08:01 67652                      /home/mmora/workspace/TextProcessing/lib/httpcomponents-client-4.4/lib/commons-codec-1.9.jar
7fb1a64a5000-7fb1a64ac000 r--s 00048000 08:01 67650                      /home/mmora/workspace/TextProcessing/lib/httpcomponents-client-4.4/lib/httpcore-4.4.jar
7fb1a64ac000-7fb1a64ae000 r--s 00007000 08:01 64607                      /home/mmora/workspace/TextProcessing/lib/google-api-translate-java-0.97.jar
7fb1a64ae000-7fb1a64b0000 r--s 0000a000 08:01 131110                     /home/mmora/workspace/TextProcessing/lib/json-20090211.jar
7fb1a64b0000-7fb1a64c7000 r-xp 00000000 08:01 437907                     /usr/lib/jvm/java-7-openjdk-amd64/jre/lib/amd64/libnet.so
7fb1a64c7000-7fb1a66c6000 ---p 00017000 08:01 437907                     /usr/lib/jvm/java-7-openjdk-amd64/jre/lib/amd64/libnet.so
7fb1a66c6000-7fb1a66c7000 r--p 00016000 08:01 437907                     /usr/lib/jvm/java-7-openjdk-amd64/jre/lib/amd64/libnet.so
7fb1a66c7000-7fb1a66c8000 rw-p 00017000 08:01 437907                     /usr/lib/jvm/java-7-openjdk-amd64/jre/lib/amd64/libnet.so
7fb1a66c8000-7fb1a66d8000 r-xp 00000000 08:01 437922                     /usr/lib/jvm/java-7-openjdk-amd64/jre/lib/amd64/libnio.so
7fb1a66d8000-7fb1a68d8000 ---p 00010000 08:01 437922                     /usr/lib/jvm/java-7-openjdk-amd64/jre/lib/amd64/libnio.so
7fb1a68d8000-7fb1a68d9000 r--p 00010000 08:01 437922                     /usr/lib/jvm/java-7-openjdk-amd64/jre/lib/amd64/libnio.so
7fb1a68d9000-7fb1a68da000 rw-p 00011000 08:01 437922                     /usr/lib/jvm/java-7-openjdk-amd64/jre/lib/amd64/libnio.so
7fb1a68da000-7fb1a68e1000 r--s 0008a000 08:01 27983                      /home/mmora/workspace/TextProcessing/lib/postgresql-9.3-1102.jdbc41.jar
7fb1a68e1000-7fb1a68e2000 ---p 00000000 00:00 0 
7fb1a68e2000-7fb1a69e2000 rw-p 00000000 00:00 0                          [stack:5706]
7fb1a69e2000-7fb1a69e5000 ---p 00000000 00:00 0 
7fb1a69e5000-7fb1a6ae3000 rw-p 00000000 00:00 0                          [stack:5705]
7fb1a6ae3000-7fb1a6ae6000 ---p 00000000 00:00 0 
7fb1a6ae6000-7fb1a6be4000 rw-p 00000000 00:00 0                          [stack:5704]
7fb1a6be4000-7fb1a6be7000 ---p 00000000 00:00 0 
7fb1a6be7000-7fb1a6ce5000 rw-p 00000000 00:00 0                          [stack:5703]
7fb1a6ce5000-7fb1a6ce8000 ---p 00000000 00:00 0 
7fb1a6ce8000-7fb1a6de6000 rw-p 00000000 00:00 0                          [stack:5697]
7fb1a6de6000-7fb1a6de9000 ---p 00000000 00:00 0 
7fb1a6de9000-7fb1a6ee7000 rw-p 00000000 00:00 0                          [stack:5696]
7fb1a6ee7000-7fb1a6eea000 ---p 00000000 00:00 0 
7fb1a6eea000-7fb1a6fe8000 rw-p 00000000 00:00 0                          [stack:5695]
7fb1a6fe8000-7fb1a6fec000 r-xp 00000000 08:01 437913                     /usr/lib/jvm/java-7-openjdk-amd64/jre/lib/amd64/libdt_socket.so
7fb1a6fec000-7fb1a71eb000 ---p 00004000 08:01 437913                     /usr/lib/jvm/java-7-openjdk-amd64/jre/lib/amd64/libdt_socket.so
7fb1a71eb000-7fb1a71ec000 r--p 00003000 08:01 437913                     /usr/lib/jvm/java-7-openjdk-amd64/jre/lib/amd64/libdt_socket.so
7fb1a71ec000-7fb1a71ed000 rw-p 00004000 08:01 437913                     /usr/lib/jvm/java-7-openjdk-amd64/jre/lib/amd64/libdt_socket.so
7fb1a71ed000-7fb1a71f0000 ---p 00000000 00:00 0 
7fb1a71f0000-7fb1a72ee000 rw-p 00000000 00:00 0                          [stack:5693]
7fb1a72ee000-7fb1a72f1000 ---p 00000000 00:00 0 
7fb1a72f1000-7fb1a73ef000 rw-p 00000000 00:00 0                          [stack:5691]
7fb1a73ef000-7fb1a73f2000 ---p 00000000 00:00 0 
7fb1a73f2000-7fb1a74f0000 rw-p 00000000 00:00 0                          [stack:5690]
7fb1a74f0000-7fb1a74f1000 ---p 00000000 00:00 0 
7fb1a74f1000-7fb1a763a000 rw-p 00000000 00:00 0                          [stack:5689]
7fb1a763a000-7fb1a77eb000 r--s 01d25000 08:01 450807                     /usr/lib/jvm/java-7-openjdk-amd64/jre/lib/rt.jar
7fb1a77eb000-7fb1a78c7000 rw-p 00000000 00:00 0 
7fb1a78c7000-7fb1a7910000 rw-p 00000000 00:00 0 
7fb1a7910000-7fb1a7925000 rw-p 00000000 00:00 0 
7fb1a7925000-7fb1a7a5b000 rw-p 00000000 00:00 0 
7fb1a7a5b000-7fb1a7a66000 rw-p 00000000 00:00 0 
7fb1a7a66000-7fb1a7b00000 rw-p 00000000 00:00 0 
7fb1a7b00000-7fb1a7b15000 rw-p 00000000 00:00 0 
7fb1a7b15000-7fb1a7c4a000 rw-p 00000000 00:00 0 
7fb1a7c4a000-7fb1a7c55000 rw-p 00000000 00:00 0 
7fb1a7c55000-7fb1a7c9d000 rw-p 00000000 00:00 0 
7fb1a7c9d000-7fb1a7c9e000 rw-p 00000000 00:00 0 
7fb1a7c9e000-7fb1a7f0e000 rwxp 00000000 00:00 0 
7fb1a7f0e000-7fb1aac9e000 rw-p 00000000 00:00 0 
7fb1aac9e000-7fb1aaca6000 r-xp 00000000 08:01 437899                     /usr/lib/jvm/java-7-openjdk-amd64/jre/lib/amd64/libzip.so
7fb1aaca6000-7fb1aaea5000 ---p 00008000 08:01 437899                     /usr/lib/jvm/java-7-openjdk-amd64/jre/lib/amd64/libzip.so
7fb1aaea5000-7fb1aaea6000 r--p 00007000 08:01 437899                     /usr/lib/jvm/java-7-openjdk-amd64/jre/lib/amd64/libzip.so
7fb1aaea6000-7fb1aaea7000 rw-p 00008000 08:01 437899                     /usr/lib/jvm/java-7-openjdk-amd64/jre/lib/amd64/libzip.so
7fb1aaea7000-7fb1aaeb2000 r-xp 00000000 08:01 400119                     /lib/x86_64-linux-gnu/libnss_files-2.19.so
7fb1aaeb2000-7fb1ab0b1000 ---p 0000b000 08:01 400119                     /lib/x86_64-linux-gnu/libnss_files-2.19.so
7fb1ab0b1000-7fb1ab0b2000 r--p 0000a000 08:01 400119                     /lib/x86_64-linux-gnu/libnss_files-2.19.so
7fb1ab0b2000-7fb1ab0b3000 rw-p 0000b000 08:01 400119                     /lib/x86_64-linux-gnu/libnss_files-2.19.so
7fb1ab0b3000-7fb1ab0be000 r-xp 00000000 08:01 400115                     /lib/x86_64-linux-gnu/libnss_nis-2.19.so
7fb1ab0be000-7fb1ab2bd000 ---p 0000b000 08:01 400115                     /lib/x86_64-linux-gnu/libnss_nis-2.19.so
7fb1ab2bd000-7fb1ab2be000 r--p 0000a000 08:01 400115                     /lib/x86_64-linux-gnu/libnss_nis-2.19.so
7fb1ab2be000-7fb1ab2bf000 rw-p 0000b000 08:01 400115                     /lib/x86_64-linux-gnu/libnss_nis-2.19.so
7fb1ab2bf000-7fb1ab2d6000 r-xp 00000000 08:01 400109                     /lib/x86_64-linux-gnu/libnsl-2.19.so
7fb1ab2d6000-7fb1ab4d5000 ---p 00017000 08:01 400109                     /lib/x86_64-linux-gnu/libnsl-2.19.so
7fb1ab4d5000-7fb1ab4d6000 r--p 00016000 08:01 400109                     /lib/x86_64-linux-gnu/libnsl-2.19.so
7fb1ab4d6000-7fb1ab4d7000 rw-p 00017000 08:01 400109                     /lib/x86_64-linux-gnu/libnsl-2.19.so
7fb1ab4d7000-7fb1ab4d9000 rw-p 00000000 00:00 0 
7fb1ab4d9000-7fb1ab4e2000 r-xp 00000000 08:01 400106                     /lib/x86_64-linux-gnu/libnss_compat-2.19.so
7fb1ab4e2000-7fb1ab6e1000 ---p 00009000 08:01 400106                     /lib/x86_64-linux-gnu/libnss_compat-2.19.so
7fb1ab6e1000-7fb1ab6e2000 r--p 00008000 08:01 400106                     /lib/x86_64-linux-gnu/libnss_compat-2.19.so
7fb1ab6e2000-7fb1ab6e3000 rw-p 00009000 08:01 400106                     /lib/x86_64-linux-gnu/libnss_compat-2.19.so
7fb1ab6e3000-7fb1abdc5000 r--p 00000000 08:01 7563                       /usr/lib/locale/locale-archive
7fb1abdc5000-7fb1abdff000 r-xp 00000000 08:01 437919                     /usr/lib/jvm/java-7-openjdk-amd64/jre/lib/amd64/libjdwp.so
7fb1abdff000-7fb1abffe000 ---p 0003a000 08:01 437919                     /usr/lib/jvm/java-7-openjdk-amd64/jre/lib/amd64/libjdwp.so
7fb1abffe000-7fb1abfff000 r--p 00039000 08:01 437919                     /usr/lib/jvm/java-7-openjdk-amd64/jre/lib/amd64/libjdwp.so
7fb1abfff000-7fb1ac000000 rw-p 0003a000 08:01 437919                     /usr/lib/jvm/java-7-openjdk-amd64/jre/lib/amd64/libjdwp.so
7fb1ac000000-7fb1ac2f9000 rw-p 00000000 00:00 0 
7fb1ac2f9000-7fb1b0000000 ---p 00000000 00:00 0 
7fb1b0000000-7fb1b0001000 rw-p 00000000 00:00 0 
7fb1b0001000-7fb1b0005000 r--s 00021000 08:01 313639                     /pkg/freeling-3.1/APIs/java/freeling.jar
7fb1b0005000-7fb1b0008000 r--s 00014000 08:01 27982                      /home/mmora/workspace/TextProcessing/lib/opennlp-uima-1.5.3.jar
7fb1b0008000-7fb1b0030000 rw-p 00000000 00:00 0 
7fb1b0030000-7fb1b0033000 r-xp 00000000 08:01 437924                     /usr/lib/jvm/java-7-openjdk-amd64/jre/lib/amd64/libnpt.so
7fb1b0033000-7fb1b0232000 ---p 00003000 08:01 437924                     /usr/lib/jvm/java-7-openjdk-amd64/jre/lib/amd64/libnpt.so
7fb1b0232000-7fb1b0233000 r--p 00002000 08:01 437924                     /usr/lib/jvm/java-7-openjdk-amd64/jre/lib/amd64/libnpt.so
7fb1b0233000-7fb1b0234000 rw-p 00003000 08:01 437924                     /usr/lib/jvm/java-7-openjdk-amd64/jre/lib/amd64/libnpt.so
7fb1b0234000-7fb1b025f000 r-xp 00000000 08:01 437906                     /usr/lib/jvm/java-7-openjdk-amd64/jre/lib/amd64/libjava.so
7fb1b025f000-7fb1b045e000 ---p 0002b000 08:01 437906                     /usr/lib/jvm/java-7-openjdk-amd64/jre/lib/amd64/libjava.so
7fb1b045e000-7fb1b045f000 r--p 0002a000 08:01 437906                     /usr/lib/jvm/java-7-openjdk-amd64/jre/lib/amd64/libjava.so
7fb1b045f000-7fb1b0461000 rw-p 0002b000 08:01 437906                     /usr/lib/jvm/java-7-openjdk-amd64/jre/lib/amd64/libjava.so
7fb1b0461000-7fb1b0471000 r-xp 00000000 08:01 437921                     /usr/lib/jvm/java-7-openjdk-amd64/jre/lib/amd64/libverify.so
7fb1b0471000-7fb1b0670000 ---p 00010000 08:01 437921                     /usr/lib/jvm/java-7-openjdk-amd64/jre/lib/amd64/libverify.so
7fb1b0670000-7fb1b0672000 r--p 0000f000 08:01 437921                     /usr/lib/jvm/java-7-openjdk-amd64/jre/lib/amd64/libverify.so
7fb1b0672000-7fb1b0673000 rw-p 00011000 08:01 437921                     /usr/lib/jvm/java-7-openjdk-amd64/jre/lib/amd64/libverify.so
7fb1b0673000-7fb1b067a000 r-xp 00000000 08:01 399258                     /lib/x86_64-linux-gnu/librt-2.19.so
7fb1b067a000-7fb1b0879000 ---p 00007000 08:01 399258                     /lib/x86_64-linux-gnu/librt-2.19.so
7fb1b0879000-7fb1b087a000 r--p 00006000 08:01 399258                     /lib/x86_64-linux-gnu/librt-2.19.so
7fb1b087a000-7fb1b087b000 rw-p 00007000 08:01 399258                     /lib/x86_64-linux-gnu/librt-2.19.so
7fb1b087b000-7fb1b0891000 r-xp 00000000 08:01 398318                     /lib/x86_64-linux-gnu/libgcc_s.so.1
7fb1b0891000-7fb1b0a90000 ---p 00016000 08:01 398318                     /lib/x86_64-linux-gnu/libgcc_s.so.1
7fb1b0a90000-7fb1b0a91000 rw-p 00015000 08:01 398318                     /lib/x86_64-linux-gnu/libgcc_s.so.1
7fb1b0a91000-7fb1b0b96000 r-xp 00000000 08:01 400108                     /lib/x86_64-linux-gnu/libm-2.19.so
7fb1b0b96000-7fb1b0d95000 ---p 00105000 08:01 400108                     /lib/x86_64-linux-gnu/libm-2.19.so
7fb1b0d95000-7fb1b0d96000 r--p 00104000 08:01 400108                     /lib/x86_64-linux-gnu/libm-2.19.so
7fb1b0d96000-7fb1b0d97000 rw-p 00105000 08:01 400108                     /lib/x86_64-linux-gnu/libm-2.19.so
7fb1b0d97000-7fb1b0e7d000 r-xp 00000000 08:01 11413                      /usr/lib/x86_64-linux-gnu/libstdc++.so.6.0.19
7fb1b0e7d000-7fb1b107c000 ---p 000e6000 08:01 11413                      /usr/lib/x86_64-linux-gnu/libstdc++.so.6.0.19
7fb1b107c000-7fb1b1084000 r--p 000e5000 08:01 11413                      /usr/lib/x86_64-linux-gnu/libstdc++.so.6.0.19
7fb1b1084000-7fb1b1086000 rw-p 000ed000 08:01 11413                      /usr/lib/x86_64-linux-gnu/libstdc++.so.6.0.19
7fb1b1086000-7fb1b109b000 rw-p 00000000 00:00 0 
7fb1b109b000-7fb1b1bb1000 r-xp 00000000 08:01 437928                     /usr/lib/jvm/java-7-openjdk-amd64/jre/lib/amd64/server/libjvm.so
7fb1b1bb1000-7fb1b1db0000 ---p 00b16000 08:01 437928                     /usr/lib/jvm/java-7-openjdk-amd64/jre/lib/amd64/server/libjvm.so
7fb1b1db0000-7fb1b1e4a000 r--p 00b15000 08:01 437928                     /usr/lib/jvm/java-7-openjdk-amd64/jre/lib/amd64/server/libjvm.so
7fb1b1e4a000-7fb1b1e6d000 rw-p 00baf000 08:01 437928                     /usr/lib/jvm/java-7-openjdk-amd64/jre/lib/amd64/server/libjvm.so
7fb1b1e6d000-7fb1b1e9b000 rw-p 00000000 00:00 0 
7fb1b1e9b000-7fb1b1eb3000 r-xp 00000000 08:01 398503                     /lib/x86_64-linux-gnu/libz.so.1.2.8
7fb1b1eb3000-7fb1b20b2000 ---p 00018000 08:01 398503                     /lib/x86_64-linux-gnu/libz.so.1.2.8
7fb1b20b2000-7fb1b20b3000 r--p 00017000 08:01 398503                     /lib/x86_64-linux-gnu/libz.so.1.2.8
7fb1b20b3000-7fb1b20b4000 rw-p 00018000 08:01 398503                     /lib/x86_64-linux-gnu/libz.so.1.2.8
7fb1b20b4000-7fb1b20cd000 r-xp 00000000 08:01 400118                     /lib/x86_64-linux-gnu/libpthread-2.19.so
7fb1b20cd000-7fb1b22cc000 ---p 00019000 08:01 400118                     /lib/x86_64-linux-gnu/libpthread-2.19.so
7fb1b22cc000-7fb1b22cd000 r--p 00018000 08:01 400118                     /lib/x86_64-linux-gnu/libpthread-2.19.so
7fb1b22cd000-7fb1b22ce000 rw-p 00019000 08:01 400118                     /lib/x86_64-linux-gnu/libpthread-2.19.so
7fb1b22ce000-7fb1b22d2000 rw-p 00000000 00:00 0 
7fb1b22d2000-7fb1b22d5000 r-xp 00000000 08:01 400060                     /lib/x86_64-linux-gnu/libdl-2.19.so
7fb1b22d5000-7fb1b24d4000 ---p 00003000 08:01 400060                     /lib/x86_64-linux-gnu/libdl-2.19.so
7fb1b24d4000-7fb1b24d5000 r--p 00002000 08:01 400060                     /lib/x86_64-linux-gnu/libdl-2.19.so
7fb1b24d5000-7fb1b24d6000 rw-p 00003000 08:01 400060                     /lib/x86_64-linux-gnu/libdl-2.19.so
7fb1b24d6000-7fb1b2691000 r-xp 00000000 08:01 399256                     /lib/x86_64-linux-gnu/libc-2.19.so
7fb1b2691000-7fb1b2891000 ---p 001bb000 08:01 399256                     /lib/x86_64-linux-gnu/libc-2.19.so
7fb1b2891000-7fb1b2895000 r--p 001bb000 08:01 399256                     /lib/x86_64-linux-gnu/libc-2.19.so
7fb1b2895000-7fb1b2897000 rw-p 001bf000 08:01 399256                     /lib/x86_64-linux-gnu/libc-2.19.so
7fb1b2897000-7fb1b289c000 rw-p 00000000 00:00 0 
7fb1b289c000-7fb1b28a9000 r-xp 00000000 08:01 437904                     /usr/lib/jvm/java-7-openjdk-amd64/jre/lib/amd64/jli/libjli.so
7fb1b28a9000-7fb1b2aa8000 ---p 0000d000 08:01 437904                     /usr/lib/jvm/java-7-openjdk-amd64/jre/lib/amd64/jli/libjli.so
7fb1b2aa8000-7fb1b2aa9000 r--p 0000c000 08:01 437904                     /usr/lib/jvm/java-7-openjdk-amd64/jre/lib/amd64/jli/libjli.so
7fb1b2aa9000-7fb1b2aaa000 rw-p 0000d000 08:01 437904                     /usr/lib/jvm/java-7-openjdk-amd64/jre/lib/amd64/jli/libjli.so
7fb1b2aaa000-7fb1b2acd000 r-xp 00000000 08:01 399154                     /lib/x86_64-linux-gnu/ld-2.19.so
7fb1b2acd000-7fb1b2ace000 rw-p 00000000 00:00 0 
7fb1b2ace000-7fb1b2ade000 r--s 000b9000 08:01 27980                      /home/mmora/workspace/TextProcessing/lib/opennlp-tools-1.5.3.jar
7fb1b2ade000-7fb1b2ae1000 r--s 0001d000 08:01 27979                      /home/mmora/workspace/TextProcessing/lib/opennlp-maxent-3.0.3.jar
7fb1b2ae1000-7fb1b2ae6000 r--s 00025000 08:01 27978                      /home/mmora/workspace/TextProcessing/lib/jwnl-1.3.3.jar
7fb1b2ae6000-7fb1b2aea000 r--s 0003c000 08:01 450799                     /usr/lib/jvm/java-7-openjdk-amd64/jre/lib/ext/sunpkcs11.jar
7fb1b2aea000-7fb1b2aec000 r--s 00012000 08:01 450797                     /usr/lib/jvm/java-7-openjdk-amd64/jre/lib/ext/zipfs.jar
7fb1b2aec000-7fb1b2aef000 r--s 0000f000 08:01 450794                     /usr/lib/jvm/java-7-openjdk-amd64/jre/lib/ext/icedtea-sound.jar
7fb1b2aef000-7fb1b2af9000 rw-p 00000000 00:00 0 
7fb1b2af9000-7fb1b2baf000 rw-p 00000000 00:00 0 
7fb1b2baf000-7fb1b2bb2000 ---p 00000000 00:00 0 
7fb1b2bb2000-7fb1b2cb5000 rw-p 00000000 00:00 0                          [stack:5684]
7fb1b2cb5000-7fb1b2cb6000 r--s 00002000 08:01 450805                     /usr/lib/jvm/java-7-openjdk-amd64/jre/lib/ext/dnsns.jar
7fb1b2cb6000-7fb1b2cba000 r--s 00034000 08:01 450803                     /usr/lib/jvm/java-7-openjdk-amd64/jre/lib/ext/sunjce_provider.jar
7fb1b2cba000-7fb1b2cbc000 r--s 00006000 08:01 451480                     /usr/share/java/java-atk-wrapper.jar
7fb1b2cbc000-7fb1b2cc0000 r--s 00085000 08:01 450801                     /usr/lib/jvm/java-7-openjdk-amd64/jre/lib/ext/localedata.jar
7fb1b2cc0000-7fb1b2cc8000 rw-s 00000000 08:01 131112                     /tmp/hsperfdata_mmora/5682
7fb1b2cc8000-7fb1b2cc9000 rw-p 00000000 00:00 0 
7fb1b2cc9000-7fb1b2cca000 r--p 00000000 00:00 0 
7fb1b2cca000-7fb1b2ccc000 rw-p 00000000 00:00 0 
7fb1b2ccc000-7fb1b2ccd000 r--p 00022000 08:01 399154                     /lib/x86_64-linux-gnu/ld-2.19.so
7fb1b2ccd000-7fb1b2cce000 rw-p 00023000 08:01 399154                     /lib/x86_64-linux-gnu/ld-2.19.so
7fb1b2cce000-7fb1b2ccf000 rw-p 00000000 00:00 0 
7fffd747a000-7fffd749b000 rw-p 00000000 00:00 0                          [stack]
7fffd75fe000-7fffd7600000 r-xp 00000000 00:00 0                          [vdso]
ffffffffff600000-ffffffffff601000 r-xp 00000000 00:00 0                  [vsyscall]

VM Arguments:
jvm_args: -agentlib:jdwp=transport=dt_socket,suspend=y,address=localhost:40954 -Djava.library.path=/home/mmora/workspace/TextProcessing/lib -Dfile.encoding=UTF-8 
java_command: TaxonDescriptionAnalyzer
Launcher Type: SUN_STANDARD

Environment Variables:
PATH=/usr/local/sbin:/usr/local/bin:/usr/sbin:/usr/bin:/sbin:/bin:/usr/games:/usr/local/games
LD_LIBRARY_PATH=/usr/local/lib:/pkg/freeling-3.1/APIs/java:
SHELL=/bin/bash
DISPLAY=:0

Signal Handlers:
SIGSEGV: [libjvm.so+0x9495e0], sa_mask[0]=0x7ffbfeff, sa_flags=0x10000004
SIGBUS: [libjvm.so+0x9495e0], sa_mask[0]=0x7ffbfeff, sa_flags=0x10000004
SIGFPE: [libjvm.so+0x7c3410], sa_mask[0]=0x7ffbfeff, sa_flags=0x10000004
SIGPIPE: [libjvm.so+0x7c3410], sa_mask[0]=0x7ffbfeff, sa_flags=0x10000004
SIGXFSZ: [libjvm.so+0x7c3410], sa_mask[0]=0x7ffbfeff, sa_flags=0x10000004
SIGILL: [libjvm.so+0x7c3410], sa_mask[0]=0x7ffbfeff, sa_flags=0x10000004
SIGUSR1: SIG_DFL, sa_mask[0]=0x00000000, sa_flags=0x00000000
SIGUSR2: [libjvm.so+0x7c32b0], sa_mask[0]=0x00000004, sa_flags=0x10000004
SIGHUP: [libjvm.so+0x7c3490], sa_mask[0]=0x7ffbfeff, sa_flags=0x10000004
SIGINT: [libjvm.so+0x7c3490], sa_mask[0]=0x7ffbfeff, sa_flags=0x10000004
SIGTERM: [libjvm.so+0x7c3490], sa_mask[0]=0x7ffbfeff, sa_flags=0x10000004
SIGQUIT: [libjvm.so+0x7c3490], sa_mask[0]=0x7ffbfeff, sa_flags=0x10000004
SIGTRAP: SIG_DFL, sa_mask[0]=0x00000000, sa_flags=0x00000000


---------------  S Y S T E M  ---------------

OS:Ubuntu 14.04 (trusty)
uname:Linux 3.13.0-44-generic #73-Ubuntu SMP Tue Dec 16 00:22:43 UTC 2014 x86_64
libc:glibc 2.19 NPTL 2.19 
rlimit: STACK 8192k, CORE 0k, NPROC 31458, NOFILE 4096, AS infinity
load average:1,45 1,02 0,66

/proc/meminfo:
MemTotal:        4048348 kB
MemFree:         1045316 kB
Buffers:           81856 kB
Cached:          1285640 kB
SwapCached:           12 kB
Active:          2033216 kB
Inactive:         804960 kB
Active(anon):    1377676 kB
Inactive(anon):   195352 kB
Active(file):     655540 kB
Inactive(file):   609608 kB
Unevictable:          32 kB
Mlocked:              32 kB
SwapTotal:       1046524 kB
SwapFree:        1046396 kB
Dirty:                32 kB
Writeback:             0 kB
AnonPages:       1470776 kB
Mapped:           277712 kB
Shmem:            102268 kB
Slab:              93836 kB
SReclaimable:      72956 kB
SUnreclaim:        20880 kB
KernelStack:        3352 kB
PageTables:        32020 kB
NFS_Unstable:          0 kB
Bounce:                0 kB
WritebackTmp:          0 kB
CommitLimit:     3070696 kB
Committed_AS:    4274532 kB
VmallocTotal:   34359738367 kB
VmallocUsed:        9952 kB
VmallocChunk:   34359721355 kB
HardwareCorrupted:     0 kB
AnonHugePages:    749568 kB
HugePages_Total:       0
HugePages_Free:        0
HugePages_Rsvd:        0
HugePages_Surp:        0
Hugepagesize:       2048 kB
DirectMap4k:       42944 kB
DirectMap2M:     4151296 kB


CPU:total 1 (1 cores per cpu, 1 threads per core) family 6 model 58 stepping 9, cmov, cx8, fxsr, mmx, sse, sse2, sse3, ssse3, tsc

/proc/cpuinfo:
processor	: 0
vendor_id	: GenuineIntel
cpu family	: 6
model		: 58
model name	: Intel(R) Core(TM) i7-3520M CPU @ 2.90GHz
stepping	: 9
microcode	: 0x19
cpu MHz		: 2901.268
cache size	: 6144 KB
physical id	: 0
siblings	: 1
core id		: 0
cpu cores	: 1
apicid		: 0
initial apicid	: 0
fpu		: yes
fpu_exception	: yes
cpuid level	: 5
wp		: yes
flags		: fpu vme de pse tsc msr pae mce cx8 apic sep mtrr pge mca cmov pat pse36 clflush mmx fxsr sse sse2 syscall nx rdtscp lm constant_tsc rep_good nopl pni monitor ssse3 lahf_lm
bogomips	: 5802.53
clflush size	: 64
cache_alignment	: 64
address sizes	: 36 bits physical, 48 bits virtual
power management:



Memory: 4k page, physical 4048348k(1045316k free), swap 1046524k(1046396k free)

vm_info: OpenJDK 64-Bit Server VM (24.65-b04) for linux-amd64 JRE (1.7.0_65-b32), built on Oct 22 2014 04:37:44 by "buildd" with gcc 4.8.2

time: Thu Feb 11 21:29:55 2016
elapsed time: 97 seconds

