#
# A fatal error has been detected by the Java Runtime Environment:
#
#  SIGSEGV (0xb) at pc=0x00007fdfd60ffaf0, pid=2394, tid=140600073651968
#
# JRE version: OpenJDK Runtime Environment (7.0_65-b32) (build 1.7.0_65-b32)
# Java VM: OpenJDK 64-Bit Server VM (24.65-b04 mixed mode linux-amd64 compressed oops)
# Derivative: IcedTea 2.5.3
# Distribution: Ubuntu 14.04 LTS, package 7u71-2.5.3-0ubuntu0.14.04.1
# Problematic frame:
# C  [libfreeling-3.1.so+0x74af0]  freeling::word::get_n_analysis() const+0x10
#
# Failed to write core dump. Core dumps have been disabled. To enable core dumping, try "ulimit -c unlimited" before starting Java again
#
# If you would like to submit a bug report, please include
# instructions on how to reproduce the bug and visit:
#   http://icedtea.classpath.org/bugzilla
# The crash happened outside the Java Virtual Machine in native code.
# See problematic frame for where to report the bug.
#

---------------  T H R E A D  ---------------

Current thread (0x00007fdff800a800):  JavaThread "main" [_thread_in_native, id=2396, stack(0x00007fe001620000,0x00007fe001721000)]

siginfo:si_signo=SIGSEGV: si_errno=0, si_code=1 (SEGV_MAPERR), si_addr=0x00000053555f6e65

Registers:
RAX=0x0000000000000003, RBX=0x00007fe00171f450, RCX=0x00007fdfb6e4c5b0, RDX=0x00000053555f6e65
RSP=0x00007fe00171f3c8, RBP=0x00007fdfb6e4c5b0, RSI=0x00007fdfb6e4c5b0, RDI=0x00007fdfb6e4c5b0
R8 =0x000000000000000a, R9 =0x00000000a9218db8, R10=0x00007fdff50e7495, R11=0x0000000000000011
R12=0x0000000000000000, R13=0x0000000000000008, R14=0x00007fe00171f4c0, R15=0x00007fdff800a800
RIP=0x00007fdfd60ffaf0, EFLAGS=0x0000000000010216, CSGSFS=0x0000000000000033, ERR=0x0000000000000004
  TRAPNO=0x000000000000000e

Top of Stack: (sp=0x00007fe00171f3c8)
0x00007fe00171f3c8:   00007fdfd6100289 000000000000000c
0x00007fe00171f3d8:   00007fe00171f4c0 00007fdff800a800
0x00007fe00171f3e8:   00007fdfff8c4e7f 0000000000000009
0x00007fe00171f3f8:   00007fe00171f480 0000000000000000
0x00007fe00171f408:   00007fdfd7dae30e 00007fe00171f498
0x00007fe00171f418:   00007fdfb6e4c5b0 00007fe00171f4c0
0x00007fe00171f428:   00007fdff800a9d8 000000000000000c
0x00007fe00171f438:   0000000800000008 00007fdfffb0b418
0x00007fe00171f448:   0000000800000001 00007fdfceb63128
0x00007fe00171f458:   0000000000000000 00007fdfb6e4c5b0
0x00007fe00171f468:   00007fdfbe868f30 0000000000000000
0x00007fe00171f478:   0000000000000009 00007fe00171f4d0
0x00007fe00171f488:   00007fdff50e7507 00007fe00171f4c0
0x00007fe00171f498:   00000000a9218d70 00007fe00171f570
0x00007fe00171f4a8:   0000000000000072 0000000000000000
0x00007fe00171f4b8:   000000000000000c 00000000c2a0c6c0
0x00007fe00171f4c8:   00007fdff5061e05 00000000c2a00b38
0x00007fe00171f4d8:   00007fdff51c9894 00000000c2a21e48
0x00007fe00171f4e8:   00000000c2a47ec8 00000000c2a47ec8
0x00007fe00171f4f8:   00007fe00171f598 00007fe00171f560
0x00007fe00171f508:   00007fdfd7da0149 00000000c2a47ec8
0x00007fe00171f518:   00007fe00171f4c8 00007fe00171f509
0x00007fe00171f528:   00000000c2a00aa8 00000000c2a00b48
0x00007fe00171f538:   0000000800000001 00000000ac130910
0x00007fe00171f548:   00000000c2a22728 00000000ac130920
0x00007fe00171f558:   00000000a9218a38 00000000a9218c30
0x00007fe00171f568:   00000000a9218bb8 00000000a9218d70
0x00007fe00171f578:   00000000c2a21e48 00000000a9218db8
0x00007fe00171f588:   00000000a9218cd0 0000000000000000
0x00007fe00171f598:   0000000000000001 00000000c2a0c6c0
0x00007fe00171f5a8:   00007fdff5061e05 0000000000000000
0x00007fe00171f5b8:   00007fdff51cac94 00000000c2a22788 

Instructions: (pc=0x00007fdfd60ffaf0)
0x00007fdfd60ffad0:   0f b6 47 61 c3 90 66 2e 0f 1f 84 00 00 00 00 00
0x00007fdfd60ffae0:   48 8b 17 48 39 d7 74 16 31 c0 66 0f 1f 44 00 00
0x00007fdfd60ffaf0:   48 8b 12 48 83 c0 01 48 39 d7 75 f4 f3 c3 31 c0
0x00007fdfd60ffb00:   c3 90 66 66 66 66 66 2e 0f 1f 84 00 00 00 00 00 

Register to memory mapping:

RAX=0x0000000000000003 is an unknown value
RBX=0x00007fe00171f450 is pointing into the stack for thread: 0x00007fdff800a800
RCX=0x00007fdfb6e4c5b0 is an unknown value
RDX=0x00000053555f6e65 is an unknown value
RSP=0x00007fe00171f3c8 is pointing into the stack for thread: 0x00007fdff800a800
RBP=0x00007fdfb6e4c5b0 is an unknown value
RSI=0x00007fdfb6e4c5b0 is an unknown value
RDI=0x00007fdfb6e4c5b0 is an unknown value
R8 =0x000000000000000a is an unknown value
R9 =0x00000000a9218db8 is an oop
java.lang.StringBuilder 
 - klass: 'java/lang/StringBuilder'
R10=0x00007fdff50e7495 is at entry_point+85 in (nmethod*)0x00007fdff50e72d0
R11=0x0000000000000011 is an unknown value
R12=0x0000000000000000 is an unknown value
R13=0x0000000000000008 is an unknown value
R14=0x00007fe00171f4c0 is pointing into the stack for thread: 0x00007fdff800a800
R15=0x00007fdff800a800 is a thread


Stack: [0x00007fe001620000,0x00007fe001721000],  sp=0x00007fe00171f3c8,  free space=1020k
Native frames: (J=compiled Java code, j=interpreted, Vv=VM code, C=native code)
C  [libfreeling-3.1.so+0x74af0]  freeling::word::get_n_analysis() const+0x10

Java frames: (J=compiled Java code, j=interpreted, Vv=VM code)
J 216  edu.upc.freeling.freelingJNI.Word_getLemma__SWIG_1(JLedu/upc/freeling/Word;)Ljava/lang/String; (0 bytes) @ 0x00007fdff50e7495 [0x00007fdff50e7440+0x55]
J 484 C2 TaxonDescriptionAnalyzer.evaluateDepTreeChunkCategory1(Ljava/sql/Connection;ILedu/upc/freeling/TreeDepnode;Ledu/upc/freeling/TreeDepnode;Ljava/lang/Integer;Ljava/lang/Integer;Ljava/lang/Integer;Ljava/lang/Integer;LTokenParser;Ljava/lang/String;Ljava/lang/String;Ljava/lang/String;Ljava/lang/Boolean;Ljava/lang/String;Ljava/lang/String;)V (2247 bytes) @ 0x00007fdff51c9894 [0x00007fdff51c8d40+0xb54]
J 484 C2 TaxonDescriptionAnalyzer.evaluateDepTreeChunkCategory1(Ljava/sql/Connection;ILedu/upc/freeling/TreeDepnode;Ledu/upc/freeling/TreeDepnode;Ljava/lang/Integer;Ljava/lang/Integer;Ljava/lang/Integer;Ljava/lang/Integer;LTokenParser;Ljava/lang/String;Ljava/lang/String;Ljava/lang/String;Ljava/lang/Boolean;Ljava/lang/String;Ljava/lang/String;)V (2247 bytes) @ 0x00007fdff51cac94 [0x00007fdff51c8d40+0x1f54]
J 578 C2 TaxonDescriptionAnalyzer.evaluateDependencyTree(Ljava/sql/Connection;Ljava/lang/Integer;Ljava/lang/Integer;Ljava/lang/Integer;Ledu/upc/freeling/ListSentence;Ljava/lang/Integer;Ljava/lang/Boolean;Ljava/lang/String;)V (99 bytes) @ 0x00007fdff51fe3e4 [0x00007fdff51fdd00+0x6e4]
j  TaxonDescriptionAnalyzer.semanticAnalisys(Ljava/sql/Connection;Ljava/lang/Integer;Ljava/lang/Integer;Ljava/lang/Integer;)V+688
j  TaxonDescriptionAnalyzer.theExperiment(Ljava/sql/Connection;Ljava/lang/Integer;)V+204
j  TaxonDescriptionAnalyzer.main([Ljava/lang/String;)V+9
v  ~StubRoutines::call_stub

---------------  P R O C E S S  ---------------

Java Threads: ( => current thread )
  0x00007fdff80a7000 JavaThread "Service Thread" daemon [_thread_blocked, id=2407, stack(0x00007fdffccdf000,0x00007fdffcde0000)]
  0x00007fdff80a4800 JavaThread "C2 CompilerThread1" daemon [_thread_blocked, id=2406, stack(0x00007fdffcde0000,0x00007fdffcee1000)]
  0x00007fdff80a2000 JavaThread "C2 CompilerThread0" daemon [_thread_blocked, id=2405, stack(0x00007fdffcee1000,0x00007fdffcfe2000)]
  0x00007fdff80a0000 JavaThread "Signal Dispatcher" daemon [_thread_blocked, id=2404, stack(0x00007fdffcfe2000,0x00007fdffd0e3000)]
  0x00007fdff8072800 JavaThread "Finalizer" daemon [_thread_in_native, id=2403, stack(0x00007fdffd7c5000,0x00007fdffd8c6000)]
  0x00007fdff8070800 JavaThread "Reference Handler" daemon [_thread_blocked, id=2402, stack(0x00007fdffd8c6000,0x00007fdffd9c7000)]
=>0x00007fdff800a800 JavaThread "main" [_thread_in_native, id=2396, stack(0x00007fe001620000,0x00007fe001721000)]

Other Threads:
  0x00007fdff806c000 VMThread [stack: 0x00007fdffd9c7000,0x00007fdffdac8000] [id=2401]
  0x00007fdff80b2000 WatcherThread [stack: 0x00007fdffcbde000,0x00007fdffccdf000] [id=2408]

VM state:not at safepoint (normal execution)

VM Mutex/Monitor currently owned by a thread: None

Heap
 def new generation   total 48320K, used 6175K [0x00000000a9200000, 0x00000000ac660000, 0x00000000c2a00000)
  eden space 43008K,   2% used [0x00000000a9200000, 0x00000000a92d7f68, 0x00000000abc00000)
  from space 5312K, 100% used [0x00000000ac130000, 0x00000000ac660000, 0x00000000ac660000)
  to   space 5312K,   0% used [0x00000000abc00000, 0x00000000abc00000, 0x00000000ac130000)
 tenured generation   total 107228K, used 100878K [0x00000000c2a00000, 0x00000000c92b7000, 0x00000000f5a00000)
   the space 107228K,  94% used [0x00000000c2a00000, 0x00000000c8c83aa8, 0x00000000c8c83c00, 0x00000000c92b7000)
 compacting perm gen  total 21248K, used 6976K [0x00000000f5a00000, 0x00000000f6ec0000, 0x0000000100000000)
   the space 21248K,  32% used [0x00000000f5a00000, 0x00000000f60d02c0, 0x00000000f60d0400, 0x00000000f6ec0000)
No shared spaces configured.

Card table byte_map: [0x00007fdffdfa8000,0x00007fdffe260000] byte_map_base: 0x00007fdffda5f000

Polling page: 0x00007fe00173a000

Code Cache  [0x00007fdff5000000, 0x00007fdff5270000, 0x00007fdff8000000)
 total_blobs=831 nmethods=542 adapters=243 free_code_cache=47038Kb largest_free_block=48055296

Compilation events (10 events):
Event: 3350.007 Thread 0x00007fdff80a4800  574             java.util.regex.Pattern$Curly::match (86 bytes)
Event: 3350.773 Thread 0x00007fdff80a4800 nmethod 574 0x00007fdff5211510 code [0x00007fdff52120c0, 0x00007fdff521a9a8]
Event: 3390.710 Thread 0x00007fdff80a2000  575             edu.upc.freeling.LangIdent::identifyLanguage (10 bytes)
Event: 3390.711 Thread 0x00007fdff80a2000 nmethod 575 0x00007fdff50fab10 code [0x00007fdff50fac60, 0x00007fdff50face8]
Event: 3414.483 Thread 0x00007fdff80a2000  576             edu.upc.freeling.Tokenizer::tokenize (18 bytes)
Event: 3414.484 Thread 0x00007fdff80a2000 nmethod 576 0x00007fdff50a3090 code [0x00007fdff50a31e0, 0x00007fdff50a32e8]
Event: 3419.519 Thread 0x00007fdff80a2000  577             edu.upc.freeling.HmmTagger::analyze (14 bytes)
Event: 3419.520 Thread 0x00007fdff80a2000 nmethod 577 0x00007fdff51ab450 code [0x00007fdff51ab5a0, 0x00007fdff51ab648]
Event: 3441.807 Thread 0x00007fdff80a2000  578             TaxonDescriptionAnalyzer::evaluateDependencyTree (99 bytes)
Event: 3441.860 Thread 0x00007fdff80a2000 nmethod 578 0x00007fdff51fda90 code [0x00007fdff51fdd00, 0x00007fdff51fed68]

GC Heap History (10 events):
Event: 3242.643 GC heap before
{Heap before GC invocations=72 (full 11):
 def new generation   total 48320K, used 48319K [0x00000000a9200000, 0x00000000ac660000, 0x00000000c2a00000)
  eden space 43008K, 100% used [0x00000000a9200000, 0x00000000abc00000, 0x00000000abc00000)
  from space 5312K,  99% used [0x00000000abc00000, 0x00000000ac12fff8, 0x00000000ac130000)
  to   space 5312K,   0% used [0x00000000ac130000, 0x00000000ac130000, 0x00000000ac660000)
 tenured generation   total 107228K, used 48847K [0x00000000c2a00000, 0x00000000c92b7000, 0x00000000f5a00000)
   the space 107228K,  45% used [0x00000000c2a00000, 0x00000000c59b3d30, 0x00000000c59b3e00, 0x00000000c92b7000)
 compacting perm gen  total 21248K, used 6975K [0x00000000f5a00000, 0x00000000f6ec0000, 0x0000000100000000)
   the space 21248K,  32% used [0x00000000f5a00000, 0x00000000f60cff98, 0x00000000f60d0000, 0x00000000f6ec0000)
No shared spaces configured.
Event: 3242.712 GC heap after
Heap after GC invocations=73 (full 11):
 def new generation   total 48320K, used 5312K [0x00000000a9200000, 0x00000000ac660000, 0x00000000c2a00000)
  eden space 43008K,   0% used [0x00000000a9200000, 0x00000000a9200000, 0x00000000abc00000)
  from space 5312K, 100% used [0x00000000ac130000, 0x00000000ac660000, 0x00000000ac660000)
  to   space 5312K,   0% used [0x00000000abc00000, 0x00000000abc00000, 0x00000000ac130000)
 tenured generation   total 107228K, used 59335K [0x00000000c2a00000, 0x00000000c92b7000, 0x00000000f5a00000)
   the space 107228K,  55% used [0x00000000c2a00000, 0x00000000c63f1da0, 0x00000000c63f1e00, 0x00000000c92b7000)
 compacting perm gen  total 21248K, used 6975K [0x00000000f5a00000, 0x00000000f6ec0000, 0x0000000100000000)
   the space 21248K,  32% used [0x00000000f5a00000, 0x00000000f60cff98, 0x00000000f60d0000, 0x00000000f6ec0000)
No shared spaces configured.
}
Event: 3287.389 GC heap before
{Heap before GC invocations=73 (full 11):
 def new generation   total 48320K, used 48320K [0x00000000a9200000, 0x00000000ac660000, 0x00000000c2a00000)
  eden space 43008K, 100% used [0x00000000a9200000, 0x00000000abc00000, 0x00000000abc00000)
  from space 5312K, 100% used [0x00000000ac130000, 0x00000000ac660000, 0x00000000ac660000)
  to   space 5312K,   0% used [0x00000000abc00000, 0x00000000abc00000, 0x00000000ac130000)
 tenured generation   total 107228K, used 59335K [0x00000000c2a00000, 0x00000000c92b7000, 0x00000000f5a00000)
   the space 107228K,  55% used [0x00000000c2a00000, 0x00000000c63f1da0, 0x00000000c63f1e00, 0x00000000c92b7000)
 compacting perm gen  total 21248K, used 6975K [0x00000000f5a00000, 0x00000000f6ec0000, 0x0000000100000000)
   the space 21248K,  32% used [0x00000000f5a00000, 0x00000000f60cff98, 0x00000000f60d0000, 0x00000000f6ec0000)
No shared spaces configured.
Event: 3287.451 GC heap after
Heap after GC invocations=74 (full 11):
 def new generation   total 48320K, used 5312K [0x00000000a9200000, 0x00000000ac660000, 0x00000000c2a00000)
  eden space 43008K,   0% used [0x00000000a9200000, 0x00000000a9200000, 0x00000000abc00000)
  from space 5312K, 100% used [0x00000000abc00000, 0x00000000ac130000, 0x00000000ac130000)
  to   space 5312K,   0% used [0x00000000ac130000, 0x00000000ac130000, 0x00000000ac660000)
 tenured generation   total 107228K, used 69769K [0x00000000c2a00000, 0x00000000c92b7000, 0x00000000f5a00000)
   the space 107228K,  65% used [0x00000000c2a00000, 0x00000000c6e22448, 0x00000000c6e22600, 0x00000000c92b7000)
 compacting perm gen  total 21248K, used 6975K [0x00000000f5a00000, 0x00000000f6ec0000, 0x0000000100000000)
   the space 21248K,  32% used [0x00000000f5a00000, 0x00000000f60cff98, 0x00000000f60d0000, 0x00000000f6ec0000)
No shared spaces configured.
}
Event: 3340.809 GC heap before
{Heap before GC invocations=74 (full 11):
 def new generation   total 48320K, used 48320K [0x00000000a9200000, 0x00000000ac660000, 0x00000000c2a00000)
  eden space 43008K, 100% used [0x00000000a9200000, 0x00000000abc00000, 0x00000000abc00000)
  from space 5312K, 100% used [0x00000000abc00000, 0x00000000ac130000, 0x00000000ac130000)
  to   space 5312K,   0% used [0x00000000ac130000, 0x00000000ac130000, 0x00000000ac660000)
 tenured generation   total 107228K, used 69769K [0x00000000c2a00000, 0x00000000c92b7000, 0x00000000f5a00000)
   the space 107228K,  65% used [0x00000000c2a00000, 0x00000000c6e22448, 0x00000000c6e22600, 0x00000000c92b7000)
 compacting perm gen  total 21248K, used 6975K [0x00000000f5a00000, 0x00000000f6ec0000, 0x0000000100000000)
   the space 21248K,  32% used [0x00000000f5a00000, 0x00000000f60cff98, 0x00000000f60d0000, 0x00000000f6ec0000)
No shared spaces configured.
Event: 3340.874 GC heap after
Heap after GC invocations=75 (full 11):
 def new generation   total 48320K, used 5312K [0x00000000a9200000, 0x00000000ac660000, 0x00000000c2a00000)
  eden space 43008K,   0% used [0x00000000a9200000, 0x00000000a9200000, 0x00000000abc00000)
  from space 5312K, 100% used [0x00000000ac130000, 0x00000000ac660000, 0x00000000ac660000)
  to   space 5312K,   0% used [0x00000000abc00000, 0x00000000abc00000, 0x00000000ac130000)
 tenured generation   total 107228K, used 80209K [0x00000000c2a00000, 0x00000000c92b7000, 0x00000000f5a00000)
   the space 107228K,  74% used [0x00000000c2a00000, 0x00000000c7854748, 0x00000000c7854800, 0x00000000c92b7000)
 compacting perm gen  total 21248K, used 6975K [0x00000000f5a00000, 0x00000000f6ec0000, 0x0000000100000000)
   the space 21248K,  32% used [0x00000000f5a00000, 0x00000000f60cff98, 0x00000000f60d0000, 0x00000000f6ec0000)
No shared spaces configured.
}
Event: 3395.199 GC heap before
{Heap before GC invocations=75 (full 11):
 def new generation   total 48320K, used 48320K [0x00000000a9200000, 0x00000000ac660000, 0x00000000c2a00000)
  eden space 43008K, 100% used [0x00000000a9200000, 0x00000000abc00000, 0x00000000abc00000)
  from space 5312K, 100% used [0x00000000ac130000, 0x00000000ac660000, 0x00000000ac660000)
  to   space 5312K,   0% used [0x00000000abc00000, 0x00000000abc00000, 0x00000000ac130000)
 tenured generation   total 107228K, used 80209K [0x00000000c2a00000, 0x00000000c92b7000, 0x00000000f5a00000)
   the space 107228K,  74% used [0x00000000c2a00000, 0x00000000c7854748, 0x00000000c7854800, 0x00000000c92b7000)
 compacting perm gen  total 21248K, used 6976K [0x00000000f5a00000, 0x00000000f6ec0000, 0x0000000100000000)
   the space 21248K,  32% used [0x00000000f5a00000, 0x00000000f60d02c0, 0x00000000f60d0400, 0x00000000f6ec0000)
No shared spaces configured.
Event: 3395.253 GC heap after
Heap after GC invocations=76 (full 11):
 def new generation   total 48320K, used 5311K [0x00000000a9200000, 0x00000000ac660000, 0x00000000c2a00000)
  eden space 43008K,   0% used [0x00000000a9200000, 0x00000000a9200000, 0x00000000abc00000)
  from space 5312K,  99% used [0x00000000abc00000, 0x00000000ac12fff8, 0x00000000ac130000)
  to   space 5312K,   0% used [0x00000000ac130000, 0x00000000ac130000, 0x00000000ac660000)
 tenured generation   total 107228K, used 90602K [0x00000000c2a00000, 0x00000000c92b7000, 0x00000000f5a00000)
   the space 107228K,  84% used [0x00000000c2a00000, 0x00000000c827a810, 0x00000000c827aa00, 0x00000000c92b7000)
 compacting perm gen  total 21248K, used 6976K [0x00000000f5a00000, 0x00000000f6ec0000, 0x0000000100000000)
   the space 21248K,  32% used [0x00000000f5a00000, 0x00000000f60d02c0, 0x00000000f60d0400, 0x00000000f6ec0000)
No shared spaces configured.
}
Event: 3445.891 GC heap before
{Heap before GC invocations=76 (full 11):
 def new generation   total 48320K, used 48319K [0x00000000a9200000, 0x00000000ac660000, 0x00000000c2a00000)
  eden space 43008K, 100% used [0x00000000a9200000, 0x00000000abc00000, 0x00000000abc00000)
  from space 5312K,  99% used [0x00000000abc00000, 0x00000000ac12fff8, 0x00000000ac130000)
  to   space 5312K,   0% used [0x00000000ac130000, 0x00000000ac130000, 0x00000000ac660000)
 tenured generation   total 107228K, used 90602K [0x00000000c2a00000, 0x00000000c92b7000, 0x00000000f5a00000)
   the space 107228K,  84% used [0x00000000c2a00000, 0x00000000c827a810, 0x00000000c827aa00, 0x00000000c92b7000)
 compacting perm gen  total 21248K, used 6976K [0x00000000f5a00000, 0x00000000f6ec0000, 0x0000000100000000)
   the space 21248K,  32% used [0x00000000f5a00000, 0x00000000f60d02c0, 0x00000000f60d0400, 0x00000000f6ec0000)
No shared spaces configured.
Event: 3445.945 GC heap after
Heap after GC invocations=77 (full 11):
 def new generation   total 48320K, used 5312K [0x00000000a9200000, 0x00000000ac660000, 0x00000000c2a00000)
  eden space 43008K,   0% used [0x00000000a9200000, 0x00000000a9200000, 0x00000000abc00000)
  from space 5312K, 100% used [0x00000000ac130000, 0x00000000ac660000, 0x00000000ac660000)
  to   space 5312K,   0% used [0x00000000abc00000, 0x00000000abc00000, 0x00000000ac130000)
 tenured generation   total 107228K, used 100878K [0x00000000c2a00000, 0x00000000c92b7000, 0x00000000f5a00000)
   the space 107228K,  94% used [0x00000000c2a00000, 0x00000000c8c83aa8, 0x00000000c8c83c00, 0x00000000c92b7000)
 compacting perm gen  total 21248K, used 6976K [0x00000000f5a00000, 0x00000000f6ec0000, 0x0000000100000000)
   the space 21248K,  32% used [0x00000000f5a00000, 0x00000000f60d02c0, 0x00000000f60d0400, 0x00000000f6ec0000)
No shared spaces configured.
}

Deoptimization events (10 events):
Event: 1910.026 Thread 0x00007fdff800a800 Uncommon trap: reason=class_check action=maybe_recompile pc=0x00007fdff50fb06c method=java.util.regex.Matcher.search(I)Z @ 86
Event: 1910.026 Thread 0x00007fdff800a800 Uncommon trap: reason=class_check action=maybe_recompile pc=0x00007fdff50fb06c method=java.util.regex.Matcher.search(I)Z @ 86
Event: 1911.848 Thread 0x00007fdff800a800 Uncommon trap: reason=class_check action=maybe_recompile pc=0x00007fdff50fafa4 method=java.util.regex.Pattern$Start.match(Ljava/util/regex/Matcher;ILjava/lang/CharSequence;)Z @ 44
Event: 1911.848 Thread 0x00007fdff800a800 Uncommon trap: reason=class_check action=maybe_recompile pc=0x00007fdff50fafa4 method=java.util.regex.Pattern$Start.match(Ljava/util/regex/Matcher;ILjava/lang/CharSequence;)Z @ 44
Event: 1914.032 Thread 0x00007fdff8072800 Uncommon trap: reason=unreached action=reinterpret pc=0x00007fdff50cc6c4 method=java.lang.ref.ReferenceQueue.poll()Ljava/lang/ref/Reference; @ 4
Event: 1915.287 Thread 0x00007fdff800a800 Uncommon trap: reason=class_check action=maybe_recompile pc=0x00007fdff50c2090 method=java.util.regex.Pattern$Start.match(Ljava/util/regex/Matcher;ILjava/lang/CharSequence;)Z @ 44
Event: 1996.608 Thread 0x00007fdff800a800 Uncommon trap: reason=array_check action=maybe_recompile pc=0x00007fdff51aadec method=java.util.AbstractCollection.toArray([Ljava/lang/Object;)[Ljava/lang/Object; @ 119
Event: 1996.608 Thread 0x00007fdff800a800 Uncommon trap: reason=array_check action=maybe_recompile pc=0x00007fdff51aadec method=java.util.AbstractCollection.toArray([Ljava/lang/Object;)[Ljava/lang/Object; @ 119
Event: 1996.625 Thread 0x00007fdff800a800 Uncommon trap: reason=array_check action=maybe_recompile pc=0x00007fdff51aadec method=java.util.AbstractCollection.toArray([Ljava/lang/Object;)[Ljava/lang/Object; @ 119
Event: 1996.648 Thread 0x00007fdff800a800 Uncommon trap: reason=array_check action=maybe_recompile pc=0x00007fdff51aadec method=java.util.AbstractCollection.toArray([Ljava/lang/Object;)[Ljava/lang/Object; @ 119

Internal exceptions (10 events):
Event: 67.871 Thread 0x00007fdff800a800 Threw 0x00000000a9f34bb8 at /build/buildd/openjdk-7-7u71-2.5.3/build/openjdk/hotspot/src/share/vm/prims/jvm.cpp:1284
Event: 67.938 Thread 0x00007fdff800a800 Threw 0x00000000a9f38960 at /build/buildd/openjdk-7-7u71-2.5.3/build/openjdk/hotspot/src/share/vm/prims/jvm.cpp:1284
Event: 69.488 Thread 0x00007fdff800a800 Threw 0x00000000a9f3c458 at /build/buildd/openjdk-7-7u71-2.5.3/build/openjdk/hotspot/src/share/vm/prims/jvm.cpp:1284
Event: 69.749 Thread 0x00007fdff800a800 Threw 0x00000000a9f3fd28 at /build/buildd/openjdk-7-7u71-2.5.3/build/openjdk/hotspot/src/share/vm/prims/jvm.cpp:1284
Event: 70.736 Thread 0x00007fdff800a800 Threw 0x00000000a9f43670 at /build/buildd/openjdk-7-7u71-2.5.3/build/openjdk/hotspot/src/share/vm/prims/jvm.cpp:1284
Event: 72.883 Thread 0x00007fdff800a800 Threw 0x00000000aa00bb38 at /build/buildd/openjdk-7-7u71-2.5.3/build/openjdk/hotspot/src/share/vm/prims/jvm.cpp:1284
Event: 715.326 Thread 0x00007fdff800a800 Threw 0x00000000aad709a0 at /build/buildd/openjdk-7-7u71-2.5.3/build/openjdk/hotspot/src/share/vm/prims/jvm.cpp:1284
Event: 715.330 Thread 0x00007fdff800a800 Threw 0x00000000aad7a030 at /build/buildd/openjdk-7-7u71-2.5.3/build/openjdk/hotspot/src/share/vm/prims/jvm.cpp:1284
Event: 1909.733 Thread 0x00007fdff800a800 Threw 0x00000000ab68fee8 at /build/buildd/openjdk-7-7u71-2.5.3/build/openjdk/hotspot/src/share/vm/prims/jvm.cpp:1284
Event: 1910.004 Thread 0x00007fdff800a800 Implicit null exception at 0x00007fdff50c39a6 to 0x00007fdff50c3db1

Events (10 events):
Event: 3242.713 Executing VM operation: GenCollectForAllocation done
Event: 3287.389 Executing VM operation: GenCollectForAllocation
Event: 3287.451 Executing VM operation: GenCollectForAllocation done
Event: 3340.809 Executing VM operation: GenCollectForAllocation
Event: 3340.874 Executing VM operation: GenCollectForAllocation done
Event: 3395.199 Executing VM operation: GenCollectForAllocation
Event: 3395.253 Executing VM operation: GenCollectForAllocation done
Event: 3414.484 Thread 0x00007fdff80a2000 flushing nmethod 0x00007fdff51aa650
Event: 3445.891 Executing VM operation: GenCollectForAllocation
Event: 3445.945 Executing VM operation: GenCollectForAllocation done


Dynamic libraries:
00400000-00401000 r-xp 00000000 08:01 451179                             /usr/lib/jvm/java-7-openjdk-amd64/jre/bin/java
00600000-00601000 r--p 00000000 08:01 451179                             /usr/lib/jvm/java-7-openjdk-amd64/jre/bin/java
00601000-00602000 rw-p 00001000 08:01 451179                             /usr/lib/jvm/java-7-openjdk-amd64/jre/bin/java
00e96000-01016000 rw-p 00000000 00:00 0                                  [heap]
a9200000-ac660000 rw-p 00000000 00:00 0 
ac660000-c2a00000 rw-p 00000000 00:00 0 
c2a00000-c92b7000 rw-p 00000000 00:00 0 
c92b7000-c99a7000 ---p 00000000 00:00 0 
c99a7000-f5a00000 rw-p 00000000 00:00 0 
f5a00000-f6ec0000 rw-p 00000000 00:00 0 
f6ec0000-100000000 rw-p 00000000 00:00 0 
7fdf94000000-7fdf950fa000 rw-p 00000000 00:00 0 
7fdf950fa000-7fdf98000000 ---p 00000000 00:00 0 
7fdf9c000000-7fdf9f8cb000 rw-p 00000000 00:00 0 
7fdf9f8cb000-7fdfa0000000 ---p 00000000 00:00 0 
7fdfa4000000-7fdfac000000 rw-p 00000000 00:00 0 
7fdfac000000-7fdfb4000000 rw-p 00000000 00:00 0 
7fdfb4000000-7fdfb8000000 rw-p 00000000 00:00 0 
7fdfbc000000-7fdfc4000000 rw-p 00000000 00:00 0 
7fdfc4000000-7fdfcc000000 rw-p 00000000 00:00 0 
7fdfcc000000-7fdfd0000000 rw-p 00000000 00:00 0 
7fdfd3d96000-7fdfd5402000 r-xp 00000000 08:01 11065                      /usr/lib/x86_64-linux-gnu/libicudata.so.52.1
7fdfd5402000-7fdfd5601000 ---p 0166c000 08:01 11065                      /usr/lib/x86_64-linux-gnu/libicudata.so.52.1
7fdfd5601000-7fdfd5602000 r--p 0166b000 08:01 11065                      /usr/lib/x86_64-linux-gnu/libicudata.so.52.1
7fdfd5602000-7fdfd5603000 rw-p 0166c000 08:01 11065                      /usr/lib/x86_64-linux-gnu/libicudata.so.52.1
7fdfd5603000-7fdfd57fc000 r-xp 00000000 08:01 11067                      /usr/lib/x86_64-linux-gnu/libicui18n.so.52.1
7fdfd57fc000-7fdfd59fc000 ---p 001f9000 08:01 11067                      /usr/lib/x86_64-linux-gnu/libicui18n.so.52.1
7fdfd59fc000-7fdfd5a09000 r--p 001f9000 08:01 11067                      /usr/lib/x86_64-linux-gnu/libicui18n.so.52.1
7fdfd5a09000-7fdfd5a0a000 rw-p 00206000 08:01 11067                      /usr/lib/x86_64-linux-gnu/libicui18n.so.52.1
7fdfd5a0a000-7fdfd5a0b000 rw-p 00000000 00:00 0 
7fdfd5a0b000-7fdfd5b6f000 r-xp 00000000 08:01 11079                      /usr/lib/x86_64-linux-gnu/libicuuc.so.52.1
7fdfd5b6f000-7fdfd5d6e000 ---p 00164000 08:01 11079                      /usr/lib/x86_64-linux-gnu/libicuuc.so.52.1
7fdfd5d6e000-7fdfd5d7f000 r--p 00163000 08:01 11079                      /usr/lib/x86_64-linux-gnu/libicuuc.so.52.1
7fdfd5d7f000-7fdfd5d80000 rw-p 00174000 08:01 11079                      /usr/lib/x86_64-linux-gnu/libicuuc.so.52.1
7fdfd5d80000-7fdfd5d84000 rw-p 00000000 00:00 0 
7fdfd5d84000-7fdfd5e85000 r-xp 00000000 08:01 1126                       /usr/lib/x86_64-linux-gnu/libboost_regex.so.1.54.0
7fdfd5e85000-7fdfd6084000 ---p 00101000 08:01 1126                       /usr/lib/x86_64-linux-gnu/libboost_regex.so.1.54.0
7fdfd6084000-7fdfd6089000 r--p 00100000 08:01 1126                       /usr/lib/x86_64-linux-gnu/libboost_regex.so.1.54.0
7fdfd6089000-7fdfd608a000 rw-p 00105000 08:01 1126                       /usr/lib/x86_64-linux-gnu/libboost_regex.so.1.54.0
7fdfd608a000-7fdfd608b000 rw-p 00000000 00:00 0 
7fdfd608b000-7fdfd631d000 r-xp 00000000 08:01 450063                     /usr/local/lib/libfreeling-3.1.so
7fdfd631d000-7fdfd651d000 ---p 00292000 08:01 450063                     /usr/local/lib/libfreeling-3.1.so
7fdfd651d000-7fdfd6522000 r--p 00292000 08:01 450063                     /usr/local/lib/libfreeling-3.1.so
7fdfd6522000-7fdfd6526000 rw-p 00297000 08:01 450063                     /usr/local/lib/libfreeling-3.1.so
7fdfd6526000-7fdfd7d3e000 rw-p 00000000 00:00 0 
7fdfd7d3e000-7fdfd7dfc000 r-xp 00000000 08:01 313559                     /pkg/freeling-3.1/APIs/java/libfreeling_javaAPI.so
7fdfd7dfc000-7fdfd7ffb000 ---p 000be000 08:01 313559                     /pkg/freeling-3.1/APIs/java/libfreeling_javaAPI.so
7fdfd7ffb000-7fdfd7ffc000 r--p 000bd000 08:01 313559                     /pkg/freeling-3.1/APIs/java/libfreeling_javaAPI.so
7fdfd7ffc000-7fdfd8000000 rw-p 000be000 08:01 313559                     /pkg/freeling-3.1/APIs/java/libfreeling_javaAPI.so
7fdfd8000000-7fdfd9599000 rw-p 00000000 00:00 0 
7fdfd9599000-7fdfdc000000 ---p 00000000 00:00 0 
7fdfdc000000-7fdfdc021000 rw-p 00000000 00:00 0 
7fdfdc021000-7fdfe0000000 ---p 00000000 00:00 0 
7fdfe0000000-7fdfe0021000 rw-p 00000000 00:00 0 
7fdfe0021000-7fdfe4000000 ---p 00000000 00:00 0 
7fdfe4000000-7fdfe6dc4000 rw-p 00000000 00:00 0 
7fdfe6dc4000-7fdfe8000000 ---p 00000000 00:00 0 
7fdfe8000000-7fdfe8021000 rw-p 00000000 00:00 0 
7fdfe8021000-7fdfec000000 ---p 00000000 00:00 0 
7fdfec000000-7fdfec0b4000 rw-p 00000000 00:00 0 
7fdfec0b4000-7fdff0000000 ---p 00000000 00:00 0 
7fdff0000000-7fdff0330000 rw-p 00000000 00:00 0 
7fdff0330000-7fdff4000000 ---p 00000000 00:00 0 
7fdff406c000-7fdff406f000 r-xp 00000000 08:01 10627                      /usr/lib/x86_64-linux-gnu/libboost_system.so.1.54.0
7fdff406f000-7fdff426e000 ---p 00003000 08:01 10627                      /usr/lib/x86_64-linux-gnu/libboost_system.so.1.54.0
7fdff426e000-7fdff426f000 r--p 00002000 08:01 10627                      /usr/lib/x86_64-linux-gnu/libboost_system.so.1.54.0
7fdff426f000-7fdff4270000 rw-p 00003000 08:01 10627                      /usr/lib/x86_64-linux-gnu/libboost_system.so.1.54.0
7fdff4270000-7fdff42ad000 r-xp 00000000 08:01 398443                     /lib/x86_64-linux-gnu/libpcre.so.3.13.1
7fdff42ad000-7fdff44ac000 ---p 0003d000 08:01 398443                     /lib/x86_64-linux-gnu/libpcre.so.3.13.1
7fdff44ac000-7fdff44ad000 r--p 0003c000 08:01 398443                     /lib/x86_64-linux-gnu/libpcre.so.3.13.1
7fdff44ad000-7fdff44ae000 rw-p 0003d000 08:01 398443                     /lib/x86_64-linux-gnu/libpcre.so.3.13.1
7fdff44ae000-7fdff44b5000 r-xp 00000000 08:01 10785                      /usr/lib/x86_64-linux-gnu/libffi.so.6.0.1
7fdff44b5000-7fdff46b4000 ---p 00007000 08:01 10785                      /usr/lib/x86_64-linux-gnu/libffi.so.6.0.1
7fdff46b4000-7fdff46b5000 r--p 00006000 08:01 10785                      /usr/lib/x86_64-linux-gnu/libffi.so.6.0.1
7fdff46b5000-7fdff46b6000 rw-p 00007000 08:01 10785                      /usr/lib/x86_64-linux-gnu/libffi.so.6.0.1
7fdff46b6000-7fdff46cd000 r-xp 00000000 08:01 400113                     /lib/x86_64-linux-gnu/libresolv-2.19.so
7fdff46cd000-7fdff48cd000 ---p 00017000 08:01 400113                     /lib/x86_64-linux-gnu/libresolv-2.19.so
7fdff48cd000-7fdff48ce000 r--p 00017000 08:01 400113                     /lib/x86_64-linux-gnu/libresolv-2.19.so
7fdff48ce000-7fdff48cf000 rw-p 00018000 08:01 400113                     /lib/x86_64-linux-gnu/libresolv-2.19.so
7fdff48cf000-7fdff48d1000 rw-p 00000000 00:00 0 
7fdff48d1000-7fdff48f1000 r-xp 00000000 08:01 398470                     /lib/x86_64-linux-gnu/libselinux.so.1
7fdff48f1000-7fdff4af0000 ---p 00020000 08:01 398470                     /lib/x86_64-linux-gnu/libselinux.so.1
7fdff4af0000-7fdff4af1000 r--p 0001f000 08:01 398470                     /lib/x86_64-linux-gnu/libselinux.so.1
7fdff4af1000-7fdff4af2000 rw-p 00020000 08:01 398470                     /lib/x86_64-linux-gnu/libselinux.so.1
7fdff4af2000-7fdff4af4000 rw-p 00000000 00:00 0 
7fdff4af4000-7fdff4af7000 r-xp 00000000 08:01 3202                       /usr/lib/x86_64-linux-gnu/libgmodule-2.0.so.0.4002.0
7fdff4af7000-7fdff4cf6000 ---p 00003000 08:01 3202                       /usr/lib/x86_64-linux-gnu/libgmodule-2.0.so.0.4002.0
7fdff4cf6000-7fdff4cf7000 r--p 00002000 08:01 3202                       /usr/lib/x86_64-linux-gnu/libgmodule-2.0.so.0.4002.0
7fdff4cf7000-7fdff4cf8000 rw-p 00003000 08:01 3202                       /usr/lib/x86_64-linux-gnu/libgmodule-2.0.so.0.4002.0
7fdff4cf8000-7fdff4dfe000 r-xp 00000000 08:01 398974                     /lib/x86_64-linux-gnu/libglib-2.0.so.0.4002.0
7fdff4dfe000-7fdff4ffd000 ---p 00106000 08:01 398974                     /lib/x86_64-linux-gnu/libglib-2.0.so.0.4002.0
7fdff4ffd000-7fdff4ffe000 r--p 00105000 08:01 398974                     /lib/x86_64-linux-gnu/libglib-2.0.so.0.4002.0
7fdff4ffe000-7fdff4fff000 rw-p 00106000 08:01 398974                     /lib/x86_64-linux-gnu/libglib-2.0.so.0.4002.0
7fdff4fff000-7fdff5000000 rw-p 00000000 00:00 0 
7fdff5000000-7fdff5270000 rwxp 00000000 00:00 0 
7fdff5270000-7fdffc000000 rw-p 00000000 00:00 0 
7fdffc14a000-7fdffc14d000 ---p 00000000 00:00 0 
7fdffc14d000-7fdffc183000 rw-p 00000000 00:00 0 
7fdffc183000-7fdffc18a000 r--s 00000000 08:01 162543                     /usr/lib/x86_64-linux-gnu/gconv/gconv-modules.cache
7fdffc18a000-7fdffc18f000 r--s 0004c000 08:01 437947                     /usr/lib/jvm/java-7-openjdk-amd64/jre/lib/jsse.jar
7fdffc18f000-7fdffc19c000 r--s 000a3000 08:01 67645                      /home/mmora/workspace/TextProcessing/lib/httpcomponents-client-4.4/lib/httpclient-4.4.jar
7fdffc19c000-7fdffc1cd000 rw-p 00000000 00:00 0 
7fdffc1cd000-7fdffc21c000 r-xp 00000000 08:01 3203                       /usr/lib/x86_64-linux-gnu/libgobject-2.0.so.0.4002.0
7fdffc21c000-7fdffc41c000 ---p 0004f000 08:01 3203                       /usr/lib/x86_64-linux-gnu/libgobject-2.0.so.0.4002.0
7fdffc41c000-7fdffc41d000 r--p 0004f000 08:01 3203                       /usr/lib/x86_64-linux-gnu/libgobject-2.0.so.0.4002.0
7fdffc41d000-7fdffc41e000 rw-p 00050000 08:01 3203                       /usr/lib/x86_64-linux-gnu/libgobject-2.0.so.0.4002.0
7fdffc41e000-7fdffc58a000 r-xp 00000000 08:01 3205                       /usr/lib/x86_64-linux-gnu/libgio-2.0.so.0.4002.0
7fdffc58a000-7fdffc789000 ---p 0016c000 08:01 3205                       /usr/lib/x86_64-linux-gnu/libgio-2.0.so.0.4002.0
7fdffc789000-7fdffc78d000 r--p 0016b000 08:01 3205                       /usr/lib/x86_64-linux-gnu/libgio-2.0.so.0.4002.0
7fdffc78d000-7fdffc78f000 rw-p 0016f000 08:01 3205                       /usr/lib/x86_64-linux-gnu/libgio-2.0.so.0.4002.0
7fdffc78f000-7fdffc791000 rw-p 00000000 00:00 0 
7fdffc792000-7fdffc794000 r--s 0000e000 08:01 67651                      /home/mmora/workspace/TextProcessing/lib/httpcomponents-client-4.4/lib/commons-logging-1.2.jar
7fdffc794000-7fdffc79b000 r--s 0003a000 08:01 67652                      /home/mmora/workspace/TextProcessing/lib/httpcomponents-client-4.4/lib/commons-codec-1.9.jar
7fdffc79b000-7fdffc7a2000 r--s 00048000 08:01 67650                      /home/mmora/workspace/TextProcessing/lib/httpcomponents-client-4.4/lib/httpcore-4.4.jar
7fdffc7a2000-7fdffc7a4000 r--s 00007000 08:01 64607                      /home/mmora/workspace/TextProcessing/lib/google-api-translate-java-0.97.jar
7fdffc7a4000-7fdffc7a6000 r--s 0000a000 08:01 131110                     /home/mmora/workspace/TextProcessing/lib/json-20090211.jar
7fdffc7a6000-7fdffc7bd000 r-xp 00000000 08:01 437907                     /usr/lib/jvm/java-7-openjdk-amd64/jre/lib/amd64/libnet.so
7fdffc7bd000-7fdffc9bc000 ---p 00017000 08:01 437907                     /usr/lib/jvm/java-7-openjdk-amd64/jre/lib/amd64/libnet.so
7fdffc9bc000-7fdffc9bd000 r--p 00016000 08:01 437907                     /usr/lib/jvm/java-7-openjdk-amd64/jre/lib/amd64/libnet.so
7fdffc9bd000-7fdffc9be000 rw-p 00017000 08:01 437907                     /usr/lib/jvm/java-7-openjdk-amd64/jre/lib/amd64/libnet.so
7fdffc9be000-7fdffc9ce000 r-xp 00000000 08:01 437922                     /usr/lib/jvm/java-7-openjdk-amd64/jre/lib/amd64/libnio.so
7fdffc9ce000-7fdffcbce000 ---p 00010000 08:01 437922                     /usr/lib/jvm/java-7-openjdk-amd64/jre/lib/amd64/libnio.so
7fdffcbce000-7fdffcbcf000 r--p 00010000 08:01 437922                     /usr/lib/jvm/java-7-openjdk-amd64/jre/lib/amd64/libnio.so
7fdffcbcf000-7fdffcbd0000 rw-p 00011000 08:01 437922                     /usr/lib/jvm/java-7-openjdk-amd64/jre/lib/amd64/libnio.so
7fdffcbd0000-7fdffcbd4000 r--s 00021000 08:01 313639                     /pkg/freeling-3.1/APIs/java/freeling.jar
7fdffcbd4000-7fdffcbdb000 r--s 0008a000 08:01 27983                      /home/mmora/workspace/TextProcessing/lib/postgresql-9.3-1102.jdbc41.jar
7fdffcbdb000-7fdffcbde000 r--s 00014000 08:01 27982                      /home/mmora/workspace/TextProcessing/lib/opennlp-uima-1.5.3.jar
7fdffcbde000-7fdffcbdf000 ---p 00000000 00:00 0 
7fdffcbdf000-7fdffccdf000 rw-p 00000000 00:00 0                          [stack:2408]
7fdffccdf000-7fdffcce2000 ---p 00000000 00:00 0 
7fdffcce2000-7fdffcde0000 rw-p 00000000 00:00 0                          [stack:2407]
7fdffcde0000-7fdffcde3000 ---p 00000000 00:00 0 
7fdffcde3000-7fdffcee1000 rw-p 00000000 00:00 0                          [stack:2406]
7fdffcee1000-7fdffcee4000 ---p 00000000 00:00 0 
7fdffcee4000-7fdffcfe2000 rw-p 00000000 00:00 0                          [stack:2405]
7fdffcfe2000-7fdffcfe5000 ---p 00000000 00:00 0 
7fdffcfe5000-7fdffd0e3000 rw-p 00000000 00:00 0                          [stack:2404]
7fdffd0e3000-7fdffd7c5000 r--p 00000000 08:01 7563                       /usr/lib/locale/locale-archive
7fdffd7c5000-7fdffd7c8000 ---p 00000000 00:00 0 
7fdffd7c8000-7fdffd8c6000 rw-p 00000000 00:00 0                          [stack:2403]
7fdffd8c6000-7fdffd8c9000 ---p 00000000 00:00 0 
7fdffd8c9000-7fdffd9c7000 rw-p 00000000 00:00 0                          [stack:2402]
7fdffd9c7000-7fdffd9c8000 ---p 00000000 00:00 0 
7fdffd9c8000-7fdffdb11000 rw-p 00000000 00:00 0                          [stack:2401]
7fdffdb11000-7fdffdcc2000 r--s 01d25000 08:01 450807                     /usr/lib/jvm/java-7-openjdk-amd64/jre/lib/rt.jar
7fdffdcc2000-7fdffddc6000 rw-p 00000000 00:00 0 
7fdffddc6000-7fdffde0f000 rw-p 00000000 00:00 0 
7fdffde0f000-7fdffde44000 rw-p 00000000 00:00 0 
7fdffde44000-7fdffde47000 ---p 00000000 00:00 0 
7fdffde47000-7fdffdfa8000 rw-p 00000000 00:00 0 
7fdffdfa8000-7fdffdfc3000 rw-p 00000000 00:00 0 
7fdffdfc3000-7fdffe074000 rw-p 00000000 00:00 0 
7fdffe074000-7fdffe0a9000 rw-p 00000000 00:00 0 
7fdffe0a9000-7fdffe0ac000 ---p 00000000 00:00 0 
7fdffe0ac000-7fdffe20c000 rw-p 00000000 00:00 0 
7fdffe20c000-7fdffe217000 rw-p 00000000 00:00 0 
7fdffe217000-7fdffe25f000 rw-p 00000000 00:00 0 
7fdffe25f000-7fdffe260000 rw-p 00000000 00:00 0 
7fdffe260000-7fdffe268000 r-xp 00000000 08:01 437899                     /usr/lib/jvm/java-7-openjdk-amd64/jre/lib/amd64/libzip.so
7fdffe268000-7fdffe467000 ---p 00008000 08:01 437899                     /usr/lib/jvm/java-7-openjdk-amd64/jre/lib/amd64/libzip.so
7fdffe467000-7fdffe468000 r--p 00007000 08:01 437899                     /usr/lib/jvm/java-7-openjdk-amd64/jre/lib/amd64/libzip.so
7fdffe468000-7fdffe469000 rw-p 00008000 08:01 437899                     /usr/lib/jvm/java-7-openjdk-amd64/jre/lib/amd64/libzip.so
7fdffe469000-7fdffe474000 r-xp 00000000 08:01 400119                     /lib/x86_64-linux-gnu/libnss_files-2.19.so
7fdffe474000-7fdffe673000 ---p 0000b000 08:01 400119                     /lib/x86_64-linux-gnu/libnss_files-2.19.so
7fdffe673000-7fdffe674000 r--p 0000a000 08:01 400119                     /lib/x86_64-linux-gnu/libnss_files-2.19.so
7fdffe674000-7fdffe675000 rw-p 0000b000 08:01 400119                     /lib/x86_64-linux-gnu/libnss_files-2.19.so
7fdffe675000-7fdffe680000 r-xp 00000000 08:01 400115                     /lib/x86_64-linux-gnu/libnss_nis-2.19.so
7fdffe680000-7fdffe87f000 ---p 0000b000 08:01 400115                     /lib/x86_64-linux-gnu/libnss_nis-2.19.so
7fdffe87f000-7fdffe880000 r--p 0000a000 08:01 400115                     /lib/x86_64-linux-gnu/libnss_nis-2.19.so
7fdffe880000-7fdffe881000 rw-p 0000b000 08:01 400115                     /lib/x86_64-linux-gnu/libnss_nis-2.19.so
7fdffe881000-7fdffe898000 r-xp 00000000 08:01 400109                     /lib/x86_64-linux-gnu/libnsl-2.19.so
7fdffe898000-7fdffea97000 ---p 00017000 08:01 400109                     /lib/x86_64-linux-gnu/libnsl-2.19.so
7fdffea97000-7fdffea98000 r--p 00016000 08:01 400109                     /lib/x86_64-linux-gnu/libnsl-2.19.so
7fdffea98000-7fdffea99000 rw-p 00017000 08:01 400109                     /lib/x86_64-linux-gnu/libnsl-2.19.so
7fdffea99000-7fdffea9b000 rw-p 00000000 00:00 0 
7fdffea9b000-7fdffeaa4000 r-xp 00000000 08:01 400106                     /lib/x86_64-linux-gnu/libnss_compat-2.19.so
7fdffeaa4000-7fdffeca3000 ---p 00009000 08:01 400106                     /lib/x86_64-linux-gnu/libnss_compat-2.19.so
7fdffeca3000-7fdffeca4000 r--p 00008000 08:01 400106                     /lib/x86_64-linux-gnu/libnss_compat-2.19.so
7fdffeca4000-7fdffeca5000 rw-p 00009000 08:01 400106                     /lib/x86_64-linux-gnu/libnss_compat-2.19.so
7fdffeca5000-7fdffecd0000 r-xp 00000000 08:01 437906                     /usr/lib/jvm/java-7-openjdk-amd64/jre/lib/amd64/libjava.so
7fdffecd0000-7fdffeecf000 ---p 0002b000 08:01 437906                     /usr/lib/jvm/java-7-openjdk-amd64/jre/lib/amd64/libjava.so
7fdffeecf000-7fdffeed0000 r--p 0002a000 08:01 437906                     /usr/lib/jvm/java-7-openjdk-amd64/jre/lib/amd64/libjava.so
7fdffeed0000-7fdffeed2000 rw-p 0002b000 08:01 437906                     /usr/lib/jvm/java-7-openjdk-amd64/jre/lib/amd64/libjava.so
7fdffeed2000-7fdffeee2000 r-xp 00000000 08:01 437921                     /usr/lib/jvm/java-7-openjdk-amd64/jre/lib/amd64/libverify.so
7fdffeee2000-7fdfff0e1000 ---p 00010000 08:01 437921                     /usr/lib/jvm/java-7-openjdk-amd64/jre/lib/amd64/libverify.so
7fdfff0e1000-7fdfff0e3000 r--p 0000f000 08:01 437921                     /usr/lib/jvm/java-7-openjdk-amd64/jre/lib/amd64/libverify.so
7fdfff0e3000-7fdfff0e4000 rw-p 00011000 08:01 437921                     /usr/lib/jvm/java-7-openjdk-amd64/jre/lib/amd64/libverify.so
7fdfff0e4000-7fdfff0eb000 r-xp 00000000 08:01 399258                     /lib/x86_64-linux-gnu/librt-2.19.so
7fdfff0eb000-7fdfff2ea000 ---p 00007000 08:01 399258                     /lib/x86_64-linux-gnu/librt-2.19.so
7fdfff2ea000-7fdfff2eb000 r--p 00006000 08:01 399258                     /lib/x86_64-linux-gnu/librt-2.19.so
7fdfff2eb000-7fdfff2ec000 rw-p 00007000 08:01 399258                     /lib/x86_64-linux-gnu/librt-2.19.so
7fdfff2ec000-7fdfff302000 r-xp 00000000 08:01 398318                     /lib/x86_64-linux-gnu/libgcc_s.so.1
7fdfff302000-7fdfff501000 ---p 00016000 08:01 398318                     /lib/x86_64-linux-gnu/libgcc_s.so.1
7fdfff501000-7fdfff502000 rw-p 00015000 08:01 398318                     /lib/x86_64-linux-gnu/libgcc_s.so.1
7fdfff502000-7fdfff607000 r-xp 00000000 08:01 400108                     /lib/x86_64-linux-gnu/libm-2.19.so
7fdfff607000-7fdfff806000 ---p 00105000 08:01 400108                     /lib/x86_64-linux-gnu/libm-2.19.so
7fdfff806000-7fdfff807000 r--p 00104000 08:01 400108                     /lib/x86_64-linux-gnu/libm-2.19.so
7fdfff807000-7fdfff808000 rw-p 00105000 08:01 400108                     /lib/x86_64-linux-gnu/libm-2.19.so
7fdfff808000-7fdfff8ee000 r-xp 00000000 08:01 11413                      /usr/lib/x86_64-linux-gnu/libstdc++.so.6.0.19
7fdfff8ee000-7fdfffaed000 ---p 000e6000 08:01 11413                      /usr/lib/x86_64-linux-gnu/libstdc++.so.6.0.19
7fdfffaed000-7fdfffaf5000 r--p 000e5000 08:01 11413                      /usr/lib/x86_64-linux-gnu/libstdc++.so.6.0.19
7fdfffaf5000-7fdfffaf7000 rw-p 000ed000 08:01 11413                      /usr/lib/x86_64-linux-gnu/libstdc++.so.6.0.19
7fdfffaf7000-7fdfffb0c000 rw-p 00000000 00:00 0 
7fdfffb0c000-7fe000622000 r-xp 00000000 08:01 437928                     /usr/lib/jvm/java-7-openjdk-amd64/jre/lib/amd64/server/libjvm.so
7fe000622000-7fe000821000 ---p 00b16000 08:01 437928                     /usr/lib/jvm/java-7-openjdk-amd64/jre/lib/amd64/server/libjvm.so
7fe000821000-7fe0008bb000 r--p 00b15000 08:01 437928                     /usr/lib/jvm/java-7-openjdk-amd64/jre/lib/amd64/server/libjvm.so
7fe0008bb000-7fe0008de000 rw-p 00baf000 08:01 437928                     /usr/lib/jvm/java-7-openjdk-amd64/jre/lib/amd64/server/libjvm.so
7fe0008de000-7fe00090c000 rw-p 00000000 00:00 0 
7fe00090c000-7fe000924000 r-xp 00000000 08:01 398503                     /lib/x86_64-linux-gnu/libz.so.1.2.8
7fe000924000-7fe000b23000 ---p 00018000 08:01 398503                     /lib/x86_64-linux-gnu/libz.so.1.2.8
7fe000b23000-7fe000b24000 r--p 00017000 08:01 398503                     /lib/x86_64-linux-gnu/libz.so.1.2.8
7fe000b24000-7fe000b25000 rw-p 00018000 08:01 398503                     /lib/x86_64-linux-gnu/libz.so.1.2.8
7fe000b25000-7fe000b3e000 r-xp 00000000 08:01 400118                     /lib/x86_64-linux-gnu/libpthread-2.19.so
7fe000b3e000-7fe000d3d000 ---p 00019000 08:01 400118                     /lib/x86_64-linux-gnu/libpthread-2.19.so
7fe000d3d000-7fe000d3e000 r--p 00018000 08:01 400118                     /lib/x86_64-linux-gnu/libpthread-2.19.so
7fe000d3e000-7fe000d3f000 rw-p 00019000 08:01 400118                     /lib/x86_64-linux-gnu/libpthread-2.19.so
7fe000d3f000-7fe000d43000 rw-p 00000000 00:00 0 
7fe000d43000-7fe000d46000 r-xp 00000000 08:01 400060                     /lib/x86_64-linux-gnu/libdl-2.19.so
7fe000d46000-7fe000f45000 ---p 00003000 08:01 400060                     /lib/x86_64-linux-gnu/libdl-2.19.so
7fe000f45000-7fe000f46000 r--p 00002000 08:01 400060                     /lib/x86_64-linux-gnu/libdl-2.19.so
7fe000f46000-7fe000f47000 rw-p 00003000 08:01 400060                     /lib/x86_64-linux-gnu/libdl-2.19.so
7fe000f47000-7fe001102000 r-xp 00000000 08:01 399256                     /lib/x86_64-linux-gnu/libc-2.19.so
7fe001102000-7fe001302000 ---p 001bb000 08:01 399256                     /lib/x86_64-linux-gnu/libc-2.19.so
7fe001302000-7fe001306000 r--p 001bb000 08:01 399256                     /lib/x86_64-linux-gnu/libc-2.19.so
7fe001306000-7fe001308000 rw-p 001bf000 08:01 399256                     /lib/x86_64-linux-gnu/libc-2.19.so
7fe001308000-7fe00130d000 rw-p 00000000 00:00 0 
7fe00130d000-7fe00131a000 r-xp 00000000 08:01 437904                     /usr/lib/jvm/java-7-openjdk-amd64/jre/lib/amd64/jli/libjli.so
7fe00131a000-7fe001519000 ---p 0000d000 08:01 437904                     /usr/lib/jvm/java-7-openjdk-amd64/jre/lib/amd64/jli/libjli.so
7fe001519000-7fe00151a000 r--p 0000c000 08:01 437904                     /usr/lib/jvm/java-7-openjdk-amd64/jre/lib/amd64/jli/libjli.so
7fe00151a000-7fe00151b000 rw-p 0000d000 08:01 437904                     /usr/lib/jvm/java-7-openjdk-amd64/jre/lib/amd64/jli/libjli.so
7fe00151b000-7fe00153e000 r-xp 00000000 08:01 399154                     /lib/x86_64-linux-gnu/ld-2.19.so
7fe00153f000-7fe00154f000 r--s 000b9000 08:01 27980                      /home/mmora/workspace/TextProcessing/lib/opennlp-tools-1.5.3.jar
7fe00154f000-7fe001552000 r--s 0001d000 08:01 27979                      /home/mmora/workspace/TextProcessing/lib/opennlp-maxent-3.0.3.jar
7fe001552000-7fe001557000 r--s 00025000 08:01 27978                      /home/mmora/workspace/TextProcessing/lib/jwnl-1.3.3.jar
7fe001557000-7fe00155b000 r--s 0003c000 08:01 450799                     /usr/lib/jvm/java-7-openjdk-amd64/jre/lib/ext/sunpkcs11.jar
7fe00155b000-7fe00155d000 r--s 00012000 08:01 450797                     /usr/lib/jvm/java-7-openjdk-amd64/jre/lib/ext/zipfs.jar
7fe00155d000-7fe001560000 r--s 0000f000 08:01 450794                     /usr/lib/jvm/java-7-openjdk-amd64/jre/lib/ext/icedtea-sound.jar
7fe001560000-7fe00156a000 rw-p 00000000 00:00 0 
7fe00156a000-7fe001620000 rw-p 00000000 00:00 0 
7fe001620000-7fe001623000 ---p 00000000 00:00 0 
7fe001623000-7fe001726000 rw-p 00000000 00:00 0                          [stack:2396]
7fe001726000-7fe001727000 r--s 00002000 08:01 450805                     /usr/lib/jvm/java-7-openjdk-amd64/jre/lib/ext/dnsns.jar
7fe001727000-7fe00172b000 r--s 00034000 08:01 450803                     /usr/lib/jvm/java-7-openjdk-amd64/jre/lib/ext/sunjce_provider.jar
7fe00172b000-7fe00172d000 r--s 00006000 08:01 451480                     /usr/share/java/java-atk-wrapper.jar
7fe00172d000-7fe001731000 r--s 00085000 08:01 450801                     /usr/lib/jvm/java-7-openjdk-amd64/jre/lib/ext/localedata.jar
7fe001731000-7fe001739000 rw-s 00000000 08:01 131112                     /tmp/hsperfdata_mmora/2394
7fe001739000-7fe00173a000 rw-p 00000000 00:00 0 
7fe00173a000-7fe00173b000 r--p 00000000 00:00 0 
7fe00173b000-7fe00173d000 rw-p 00000000 00:00 0 
7fe00173d000-7fe00173e000 r--p 00022000 08:01 399154                     /lib/x86_64-linux-gnu/ld-2.19.so
7fe00173e000-7fe00173f000 rw-p 00023000 08:01 399154                     /lib/x86_64-linux-gnu/ld-2.19.so
7fe00173f000-7fe001740000 rw-p 00000000 00:00 0 
7fff98b1b000-7fff98b3c000 rw-p 00000000 00:00 0                          [stack]
7fff98b5d000-7fff98b5f000 r-xp 00000000 00:00 0                          [vdso]
ffffffffff600000-ffffffffff601000 r-xp 00000000 00:00 0                  [vsyscall]

VM Arguments:
jvm_args: -Djava.library.path=/home/mmora/workspace/TextProcessing/lib -Dfile.encoding=UTF-8 
java_command: TaxonDescriptionAnalyzer
Launcher Type: SUN_STANDARD

Environment Variables:
PATH=/usr/local/sbin:/usr/local/bin:/usr/sbin:/usr/bin:/sbin:/bin:/usr/games:/usr/local/games
LD_LIBRARY_PATH=/usr/local/lib:/pkg/freeling-3.1/APIs/java:
SHELL=/bin/bash
DISPLAY=:0

Signal Handlers:
SIGSEGV: [libjvm.so+0x9495e0], sa_mask[0]=0x7ffbfeff, sa_flags=0x10000004
SIGBUS: [libjvm.so+0x9495e0], sa_mask[0]=0x7ffbfeff, sa_flags=0x10000004
SIGFPE: [libjvm.so+0x7c3410], sa_mask[0]=0x7ffbfeff, sa_flags=0x10000004
SIGPIPE: [libjvm.so+0x7c3410], sa_mask[0]=0x7ffbfeff, sa_flags=0x10000004
SIGXFSZ: [libjvm.so+0x7c3410], sa_mask[0]=0x7ffbfeff, sa_flags=0x10000004
SIGILL: [libjvm.so+0x7c3410], sa_mask[0]=0x7ffbfeff, sa_flags=0x10000004
SIGUSR1: SIG_DFL, sa_mask[0]=0x00000000, sa_flags=0x00000000
SIGUSR2: [libjvm.so+0x7c32b0], sa_mask[0]=0x00000004, sa_flags=0x10000004
SIGHUP: [libjvm.so+0x7c3490], sa_mask[0]=0x7ffbfeff, sa_flags=0x10000004
SIGINT: [libjvm.so+0x7c3490], sa_mask[0]=0x7ffbfeff, sa_flags=0x10000004
SIGTERM: [libjvm.so+0x7c3490], sa_mask[0]=0x7ffbfeff, sa_flags=0x10000004
SIGQUIT: [libjvm.so+0x7c3490], sa_mask[0]=0x7ffbfeff, sa_flags=0x10000004
SIGTRAP: SIG_DFL, sa_mask[0]=0x00000000, sa_flags=0x00000000


---------------  S Y S T E M  ---------------

OS:Ubuntu 14.04 (trusty)
uname:Linux 3.13.0-44-generic #73-Ubuntu SMP Tue Dec 16 00:22:43 UTC 2014 x86_64
libc:glibc 2.19 NPTL 2.19 
rlimit: STACK 8192k, CORE 0k, NPROC 38978, NOFILE 4096, AS infinity
load average:2.76 2.64 2.47

/proc/meminfo:
MemTotal:        5010908 kB
MemFree:         1794700 kB
Buffers:           59256 kB
Cached:          1237888 kB
SwapCached:            0 kB
Active:          2112832 kB
Inactive:         977548 kB
Active(anon):    1836228 kB
Inactive(anon):    64292 kB
Active(file):     276604 kB
Inactive(file):   913256 kB
Unevictable:          32 kB
Mlocked:              32 kB
SwapTotal:       1046524 kB
SwapFree:        1046524 kB
Dirty:               116 kB
Writeback:             0 kB
AnonPages:       1793264 kB
Mapped:           211084 kB
Shmem:            107288 kB
Slab:              48968 kB
SReclaimable:      30460 kB
SUnreclaim:        18508 kB
KernelStack:        2904 kB
PageTables:        28920 kB
NFS_Unstable:          0 kB
Bounce:                0 kB
WritebackTmp:          0 kB
CommitLimit:     3551976 kB
Committed_AS:    3137556 kB
VmallocTotal:   34359738367 kB
VmallocUsed:       17140 kB
VmallocChunk:   34359715171 kB
HardwareCorrupted:     0 kB
AnonHugePages:   1529856 kB
HugePages_Total:       0
HugePages_Free:        0
HugePages_Rsvd:        0
HugePages_Surp:        0
Hugepagesize:       2048 kB
DirectMap4k:       44992 kB
DirectMap2M:     5128192 kB


CPU:total 1 (1 cores per cpu, 1 threads per core) family 6 model 58 stepping 9, cmov, cx8, fxsr, mmx, sse, sse2, sse3, ssse3, tsc

/proc/cpuinfo:
processor	: 0
vendor_id	: GenuineIntel
cpu family	: 6
model		: 58
model name	: Intel(R) Core(TM) i7-3520M CPU @ 2.90GHz
stepping	: 9
microcode	: 0x19
cpu MHz		: 2901.776
cache size	: 6144 KB
physical id	: 0
siblings	: 1
core id		: 0
cpu cores	: 1
apicid		: 0
initial apicid	: 0
fpu		: yes
fpu_exception	: yes
cpuid level	: 5
wp		: yes
flags		: fpu vme de pse tsc msr pae mce cx8 apic sep mtrr pge mca cmov pat pse36 clflush mmx fxsr sse sse2 syscall nx rdtscp lm constant_tsc rep_good nopl pni monitor ssse3 lahf_lm
bogomips	: 5803.55
clflush size	: 64
cache_alignment	: 64
address sizes	: 36 bits physical, 48 bits virtual
power management:



Memory: 4k page, physical 5010908k(1794700k free), swap 1046524k(1046524k free)

vm_info: OpenJDK 64-Bit Server VM (24.65-b04) for linux-amd64 JRE (1.7.0_65-b32), built on Oct 22 2014 04:37:44 by "buildd" with gcc 4.8.2

time: Mon Dec 21 10:34:24 2015
elapsed time: 3446 seconds

