#
# A fatal error has been detected by the Java Runtime Environment:
#
#  SIGSEGV (0xb) at pc=0x00007fec623c1af0, pid=13226, tid=140653920433920
#
# JRE version: OpenJDK Runtime Environment (7.0_65-b32) (build 1.7.0_65-b32)
# Java VM: OpenJDK 64-Bit Server VM (24.65-b04 mixed mode linux-amd64 compressed oops)
# Derivative: IcedTea 2.5.3
# Distribution: Ubuntu 14.04 LTS, package 7u71-2.5.3-0ubuntu0.14.04.1
# Problematic frame:
# C  [libfreeling-3.1.so+0x74af0]  freeling::word::get_n_analysis() const+0x10
#
# Failed to write core dump. Core dumps have been disabled. To enable core dumping, try "ulimit -c unlimited" before starting Java again
#
# If you would like to submit a bug report, please include
# instructions on how to reproduce the bug and visit:
#   http://icedtea.classpath.org/bugzilla
# The crash happened outside the Java Virtual Machine in native code.
# See problematic frame for where to report the bug.
#

---------------  T H R E A D  ---------------

Current thread (0x00007fec8400a800):  JavaThread "main" [_thread_in_native, id=13228, stack(0x00007fec8ae6b000,0x00007fec8af6c000)]

siginfo:si_signo=SIGSEGV: si_errno=0, si_code=128 (), si_addr=0x0000000000000000

Registers:
RAX=0x0000000000000002, RBX=0x00007fec8af6a460, RCX=0x00007fec359f6850, RDX=0x402a000000000000
RSP=0x00007fec8af6a3d8, RBP=0x00007fec359f6850, RSI=0x00007fec359f6850, RDI=0x00007fec359f6850
R8 =0x00000000a920cec0, R9 =0x00000000a920cea8, R10=0x00007fec80b1ffd5, R11=0x0000000000000008
R12=0x0000000000000000, R13=0x00000000c2a47128, R14=0x00007fec8af6a4d0, R15=0x00007fec8400a800
RIP=0x00007fec623c1af0, EFLAGS=0x0000000000010287, CSGSFS=0x0000000000000033, ERR=0x0000000000000000
  TRAPNO=0x000000000000000d

Top of Stack: (sp=0x00007fec8af6a3d8)
0x00007fec8af6a3d8:   00007fec623c2289 00000000c2a47128
0x00007fec8af6a3e8:   00007fec8af6a4d0 00007fec8400a800
0x00007fec8af6a3f8:   00007fec8910fe7f 0000000000000007
0x00007fec8af6a408:   00007fec8af6a490 0000000000000000
0x00007fec8af6a418:   00007fec799f130e 00007fec8af6a4a8
0x00007fec8af6a428:   00007fec359f6850 00007fec8af6a4d0
0x00007fec8af6a438:   00007fec8400a9d8 000000000000000f
0x00007fec8af6a448:   0000000600000006 00007fec89356418
0x00007fec8af6a458:   0000000800000001 00007fec32aedc18
0x00007fec8af6a468:   0000000000000000 00007fec359f6850
0x00007fec8af6a478:   00007fec5aed8e40 0000000000000000
0x00007fec8af6a488:   0000000000000007 00007fec8af6a4e0
0x00007fec8af6a498:   00007fec80b20047 00007fec8af6a4d0
0x00007fec8af6a4a8:   00000000a920ce60 00007fec8af6a580
0x00007fec8af6a4b8:   000000000000006f 0000000000000000
0x00007fec8af6a4c8:   00000000c2a47128 00000000c2a0ccb0
0x00007fec8af6a4d8:   00007fec80a40e05 00000000c2a297f0
0x00007fec8af6a4e8:   00007fec80b086dc 00000000c2a619e8
0x00007fec8af6a4f8:   00000000c2a54e40 00000000c2a54e40
0x00007fec8af6a508:   00007fec8af6a5a8 00007fec8af6a570
0x00007fec8af6a518:   00007fec799e0149 00000000c2a54e40
0x00007fec8af6a528:   00007fec8af6a4d8 00007fec8af6a519
0x00007fec8af6a538:   00000000c2a01480 00000000c2a29800
0x00007fec8af6a548:   0000000600000001 00000000aa9100d0
0x00007fec8af6a558:   00000000c2a24788 00000000a920cb10
0x00007fec8af6a568:   00000000aa9100e0 00000000a920cd10
0x00007fec8af6a578:   00000000a920cc90 00000000a920ce60
0x00007fec8af6a588:   00000000c2a47128 00000000a920cea8
0x00007fec8af6a598:   00000000a920cdb8 0000000000000000
0x00007fec8af6a5a8:   00000000c2a47128 00000000c2a0ccb0
0x00007fec8af6a5b8:   00007fec80a40e05 0000000000000000
0x00007fec8af6a5c8:   00007fec80b09d24 00000000c2a247b8 

Instructions: (pc=0x00007fec623c1af0)
0x00007fec623c1ad0:   0f b6 47 61 c3 90 66 2e 0f 1f 84 00 00 00 00 00
0x00007fec623c1ae0:   48 8b 17 48 39 d7 74 16 31 c0 66 0f 1f 44 00 00
0x00007fec623c1af0:   48 8b 12 48 83 c0 01 48 39 d7 75 f4 f3 c3 31 c0
0x00007fec623c1b00:   c3 90 66 66 66 66 66 2e 0f 1f 84 00 00 00 00 00 

Register to memory mapping:

RAX=0x0000000000000002 is an unknown value
RBX=0x00007fec8af6a460 is pointing into the stack for thread: 0x00007fec8400a800
RCX=0x00007fec359f6850 is an unknown value
RDX=0x402a000000000000 is an unknown value
RSP=0x00007fec8af6a3d8 is pointing into the stack for thread: 0x00007fec8400a800
RBP=0x00007fec359f6850 is an unknown value
RSI=0x00007fec359f6850 is an unknown value
RDI=0x00007fec359f6850 is an unknown value
R8 =0x00000000a920cec0 is an oop
[C 
 - klass: {type array char}
 - length: 17
R9 =0x00000000a920cea8 is an oop
java.lang.StringBuilder 
 - klass: 'java/lang/StringBuilder'
R10=0x00007fec80b1ffd5 is at entry_point+85 in (nmethod*)0x00007fec80b1fe10
R11=0x0000000000000008 is an unknown value
R12=0x0000000000000000 is an unknown value
R13=0x00000000c2a47128 is an oop
java.io.PrintStream 
 - klass: 'java/io/PrintStream'
R14=0x00007fec8af6a4d0 is pointing into the stack for thread: 0x00007fec8400a800
R15=0x00007fec8400a800 is a thread


Stack: [0x00007fec8ae6b000,0x00007fec8af6c000],  sp=0x00007fec8af6a3d8,  free space=1020k
Native frames: (J=compiled Java code, j=interpreted, Vv=VM code, C=native code)
C  [libfreeling-3.1.so+0x74af0]  freeling::word::get_n_analysis() const+0x10

Java frames: (J=compiled Java code, j=interpreted, Vv=VM code)
J 275  edu.upc.freeling.freelingJNI.Word_getLemma__SWIG_1(JLedu/upc/freeling/Word;)Ljava/lang/String; (0 bytes) @ 0x00007fec80b1ffd5 [0x00007fec80b1ff80+0x55]
J 229 C2 TaxonDescriptionAnalyzer.evaluateDepTreeChunkCategory1(Ljava/sql/Connection;ILedu/upc/freeling/TreeDepnode;Ledu/upc/freeling/TreeDepnode;Ljava/lang/Integer;Ljava/lang/Integer;Ljava/lang/Integer;Ljava/lang/Integer;LTokenParser;Ljava/lang/String;Ljava/lang/String;Ljava/lang/String;Ljava/lang/Boolean;Ljava/lang/String;Ljava/lang/String;)V (2247 bytes) @ 0x00007fec80b086dc [0x00007fec80b07b80+0xb5c]
J 229 C2 TaxonDescriptionAnalyzer.evaluateDepTreeChunkCategory1(Ljava/sql/Connection;ILedu/upc/freeling/TreeDepnode;Ledu/upc/freeling/TreeDepnode;Ljava/lang/Integer;Ljava/lang/Integer;Ljava/lang/Integer;Ljava/lang/Integer;LTokenParser;Ljava/lang/String;Ljava/lang/String;Ljava/lang/String;Ljava/lang/Boolean;Ljava/lang/String;Ljava/lang/String;)V (2247 bytes) @ 0x00007fec80b09d24 [0x00007fec80b07b80+0x21a4]
J 415 C2 TaxonDescriptionAnalyzer.evaluateDependencyTree(Ljava/sql/Connection;Ljava/lang/Integer;Ljava/lang/Integer;Ljava/lang/Integer;Ledu/upc/freeling/ListSentence;Ljava/lang/Integer;Ljava/lang/Boolean;Ljava/lang/String;)V (99 bytes) @ 0x00007fec80b79ad8 [0x00007fec80b792c0+0x818]
j  TaxonDescriptionAnalyzer.semanticAnalisys(Ljava/sql/Connection;Ljava/lang/Integer;Ljava/lang/Integer;Ljava/lang/Integer;)V+688
j  TaxonDescriptionAnalyzer.theExperiment(Ljava/sql/Connection;Ljava/lang/Integer;)V+136
j  TaxonDescriptionAnalyzer.main([Ljava/lang/String;)V+9
v  ~StubRoutines::call_stub

---------------  P R O C E S S  ---------------

Java Threads: ( => current thread )
  0x00007fec840a7000 JavaThread "Service Thread" daemon [_thread_blocked, id=13239, stack(0x00007fec7b51a000,0x00007fec7b61b000)]
  0x00007fec840a4800 JavaThread "C2 CompilerThread1" daemon [_thread_blocked, id=13238, stack(0x00007fec7b61b000,0x00007fec7b71c000)]
  0x00007fec840a2000 JavaThread "C2 CompilerThread0" daemon [_thread_blocked, id=13237, stack(0x00007fec7b71c000,0x00007fec7b81d000)]
  0x00007fec840a0000 JavaThread "Signal Dispatcher" daemon [_thread_blocked, id=13236, stack(0x00007fec7b81d000,0x00007fec7b91e000)]
  0x00007fec84072800 JavaThread "Finalizer" daemon [_thread_in_native, id=13235, stack(0x00007fec80009000,0x00007fec8010a000)]
  0x00007fec84070800 JavaThread "Reference Handler" daemon [_thread_blocked, id=13234, stack(0x00007fec8010a000,0x00007fec8020b000)]
=>0x00007fec8400a800 JavaThread "main" [_thread_in_native, id=13228, stack(0x00007fec8ae6b000,0x00007fec8af6c000)]

Other Threads:
  0x00007fec8406c000 VMThread [stack: 0x00007fec8020b000,0x00007fec8030c000] [id=13229]
  0x00007fec840b2000 WatcherThread [stack: 0x00007fec7b419000,0x00007fec7b51a000] [id=13240]

VM state:not at safepoint (normal execution)

VM Mutex/Monitor currently owned by a thread: None

Heap
 def new generation   total 23616K, used 2982K [0x00000000a9200000, 0x00000000aab90000, 0x00000000c2a00000)
  eden space 21056K,   2% used [0x00000000a9200000, 0x00000000a9269b78, 0x00000000aa690000)
  from space 2560K, 100% used [0x00000000aa910000, 0x00000000aab90000, 0x00000000aab90000)
  to   space 2560K,   0% used [0x00000000aa690000, 0x00000000aa690000, 0x00000000aa910000)
 tenured generation   total 52224K, used 41415K [0x00000000c2a00000, 0x00000000c5d00000, 0x00000000f5a00000)
   the space 52224K,  79% used [0x00000000c2a00000, 0x00000000c5271f38, 0x00000000c5272000, 0x00000000c5d00000)
 compacting perm gen  total 21248K, used 6650K [0x00000000f5a00000, 0x00000000f6ec0000, 0x0000000100000000)
   the space 21248K,  31% used [0x00000000f5a00000, 0x00000000f607ead8, 0x00000000f607ec00, 0x00000000f6ec0000)
No shared spaces configured.

Card table byte_map: [0x00007fec80727000,0x00007fec809df000] byte_map_base: 0x00007fec801de000

Polling page: 0x00007fec8af85000

Code Cache  [0x00007fec809df000, 0x00007fec80c4f000, 0x00007fec839df000)
 total_blobs=693 nmethods=409 adapters=238 free_code_cache=47395Kb largest_free_block=48491136

Compilation events (10 events):
Event: 2013.255 Thread 0x00007fec840a2000  409   !         TextDatabase::getUsePreviousAssignedStructureIndicator (54 bytes)
Event: 2013.285 Thread 0x00007fec840a2000 nmethod 409 0x00007fec80b70450 code [0x00007fec80b70640, 0x00007fec80b70c88]
Event: 2045.987 Thread 0x00007fec840a4800  410             TokenParser::getTokenTreeId (5 bytes)
Event: 2045.996 Thread 0x00007fec840a4800 nmethod 410 0x00007fec80b6eb10 code [0x00007fec80b6ec40, 0x00007fec80b6ec98]
Event: 2065.514 Thread 0x00007fec840a2000  411   !         org.postgresql.jdbc2.TimestampUtils::loadCalendar (860 bytes)
Event: 2065.848 Thread 0x00007fec840a2000 nmethod 411 0x00007fec80b99550 code [0x00007fec80b99960, 0x00007fec80b9d6e0]
Event: 2160.281 Thread 0x00007fec840a4800  412             TokenParser::isStructure (83 bytes)
Event: 2160.291 Thread 0x00007fec840a4800 nmethod 412 0x00007fec80b6f650 code [0x00007fec80b6f800, 0x00007fec80b6ff18]
Event: 2294.552 Thread 0x00007fec840a2000  415             TaxonDescriptionAnalyzer::evaluateDependencyTree (99 bytes)
Event: 2294.591 Thread 0x00007fec840a2000 nmethod 415 0x00007fec80b79010 code [0x00007fec80b792c0, 0x00007fec80b7a578]

GC Heap History (10 events):
Event: 2243.450 GC heap before
{Heap before GC invocations=82 (full 9):
 def new generation   total 23616K, used 23616K [0x00000000a9200000, 0x00000000aab90000, 0x00000000c2a00000)
  eden space 21056K, 100% used [0x00000000a9200000, 0x00000000aa690000, 0x00000000aa690000)
  from space 2560K, 100% used [0x00000000aa690000, 0x00000000aa910000, 0x00000000aa910000)
  to   space 2560K,   0% used [0x00000000aa910000, 0x00000000aa910000, 0x00000000aab90000)
 tenured generation   total 52224K, used 14452K [0x00000000c2a00000, 0x00000000c5d00000, 0x00000000f5a00000)
   the space 52224K,  27% used [0x00000000c2a00000, 0x00000000c381d190, 0x00000000c381d200, 0x00000000c5d00000)
 compacting perm gen  total 21248K, used 6648K [0x00000000f5a00000, 0x00000000f6ec0000, 0x0000000100000000)
   the space 21248K,  31% used [0x00000000f5a00000, 0x00000000f607e1c8, 0x00000000f607e200, 0x00000000f6ec0000)
No shared spaces configured.
Event: 2243.476 GC heap after
Heap after GC invocations=83 (full 9):
 def new generation   total 23616K, used 2559K [0x00000000a9200000, 0x00000000aab90000, 0x00000000c2a00000)
  eden space 21056K,   0% used [0x00000000a9200000, 0x00000000a9200000, 0x00000000aa690000)
  from space 2560K,  99% used [0x00000000aa910000, 0x00000000aab8fff8, 0x00000000aab90000)
  to   space 2560K,   0% used [0x00000000aa690000, 0x00000000aa690000, 0x00000000aa910000)
 tenured generation   total 52224K, used 19701K [0x00000000c2a00000, 0x00000000c5d00000, 0x00000000f5a00000)
   the space 52224K,  37% used [0x00000000c2a00000, 0x00000000c3d3d6a8, 0x00000000c3d3d800, 0x00000000c5d00000)
 compacting perm gen  total 21248K, used 6648K [0x00000000f5a00000, 0x00000000f6ec0000, 0x0000000100000000)
   the space 21248K,  31% used [0x00000000f5a00000, 0x00000000f607e1c8, 0x00000000f607e200, 0x00000000f6ec0000)
No shared spaces configured.
}
Event: 2257.770 GC heap before
{Heap before GC invocations=83 (full 9):
 def new generation   total 23616K, used 23615K [0x00000000a9200000, 0x00000000aab90000, 0x00000000c2a00000)
  eden space 21056K, 100% used [0x00000000a9200000, 0x00000000aa690000, 0x00000000aa690000)
  from space 2560K,  99% used [0x00000000aa910000, 0x00000000aab8fff8, 0x00000000aab90000)
  to   space 2560K,   0% used [0x00000000aa690000, 0x00000000aa690000, 0x00000000aa910000)
 tenured generation   total 52224K, used 19701K [0x00000000c2a00000, 0x00000000c5d00000, 0x00000000f5a00000)
   the space 52224K,  37% used [0x00000000c2a00000, 0x00000000c3d3d6a8, 0x00000000c3d3d800, 0x00000000c5d00000)
 compacting perm gen  total 21248K, used 6648K [0x00000000f5a00000, 0x00000000f6ec0000, 0x0000000100000000)
   the space 21248K,  31% used [0x00000000f5a00000, 0x00000000f607e1c8, 0x00000000f607e200, 0x00000000f6ec0000)
No shared spaces configured.
Event: 2257.795 GC heap after
Heap after GC invocations=84 (full 9):
 def new generation   total 23616K, used 2559K [0x00000000a9200000, 0x00000000aab90000, 0x00000000c2a00000)
  eden space 21056K,   0% used [0x00000000a9200000, 0x00000000a9200000, 0x00000000aa690000)
  from space 2560K,  99% used [0x00000000aa690000, 0x00000000aa90fff8, 0x00000000aa910000)
  to   space 2560K,   0% used [0x00000000aa910000, 0x00000000aa910000, 0x00000000aab90000)
 tenured generation   total 52224K, used 25037K [0x00000000c2a00000, 0x00000000c5d00000, 0x00000000f5a00000)
   the space 52224K,  47% used [0x00000000c2a00000, 0x00000000c42735b0, 0x00000000c4273600, 0x00000000c5d00000)
 compacting perm gen  total 21248K, used 6648K [0x00000000f5a00000, 0x00000000f6ec0000, 0x0000000100000000)
   the space 21248K,  31% used [0x00000000f5a00000, 0x00000000f607e1c8, 0x00000000f607e200, 0x00000000f6ec0000)
No shared spaces configured.
}
Event: 2272.886 GC heap before
{Heap before GC invocations=84 (full 9):
 def new generation   total 23616K, used 23615K [0x00000000a9200000, 0x00000000aab90000, 0x00000000c2a00000)
  eden space 21056K, 100% used [0x00000000a9200000, 0x00000000aa690000, 0x00000000aa690000)
  from space 2560K,  99% used [0x00000000aa690000, 0x00000000aa90fff8, 0x00000000aa910000)
  to   space 2560K,   0% used [0x00000000aa910000, 0x00000000aa910000, 0x00000000aab90000)
 tenured generation   total 52224K, used 25037K [0x00000000c2a00000, 0x00000000c5d00000, 0x00000000f5a00000)
   the space 52224K,  47% used [0x00000000c2a00000, 0x00000000c42735b0, 0x00000000c4273600, 0x00000000c5d00000)
 compacting perm gen  total 21248K, used 6648K [0x00000000f5a00000, 0x00000000f6ec0000, 0x0000000100000000)
   the space 21248K,  31% used [0x00000000f5a00000, 0x00000000f607e1c8, 0x00000000f607e200, 0x00000000f6ec0000)
No shared spaces configured.
Event: 2272.913 GC heap after
Heap after GC invocations=85 (full 9):
 def new generation   total 23616K, used 2560K [0x00000000a9200000, 0x00000000aab90000, 0x00000000c2a00000)
  eden space 21056K,   0% used [0x00000000a9200000, 0x00000000a9200000, 0x00000000aa690000)
  from space 2560K, 100% used [0x00000000aa910000, 0x00000000aab90000, 0x00000000aab90000)
  to   space 2560K,   0% used [0x00000000aa690000, 0x00000000aa690000, 0x00000000aa910000)
 tenured generation   total 52224K, used 30406K [0x00000000c2a00000, 0x00000000c5d00000, 0x00000000f5a00000)
   the space 52224K,  58% used [0x00000000c2a00000, 0x00000000c47b1a48, 0x00000000c47b1c00, 0x00000000c5d00000)
 compacting perm gen  total 21248K, used 6648K [0x00000000f5a00000, 0x00000000f6ec0000, 0x0000000100000000)
   the space 21248K,  31% used [0x00000000f5a00000, 0x00000000f607e1c8, 0x00000000f607e200, 0x00000000f6ec0000)
No shared spaces configured.
}
Event: 2287.550 GC heap before
{Heap before GC invocations=85 (full 9):
 def new generation   total 23616K, used 23616K [0x00000000a9200000, 0x00000000aab90000, 0x00000000c2a00000)
  eden space 21056K, 100% used [0x00000000a9200000, 0x00000000aa690000, 0x00000000aa690000)
  from space 2560K, 100% used [0x00000000aa910000, 0x00000000aab90000, 0x00000000aab90000)
  to   space 2560K,   0% used [0x00000000aa690000, 0x00000000aa690000, 0x00000000aa910000)
 tenured generation   total 52224K, used 30406K [0x00000000c2a00000, 0x00000000c5d00000, 0x00000000f5a00000)
   the space 52224K,  58% used [0x00000000c2a00000, 0x00000000c47b1a48, 0x00000000c47b1c00, 0x00000000c5d00000)
 compacting perm gen  total 21248K, used 6650K [0x00000000f5a00000, 0x00000000f6ec0000, 0x0000000100000000)
   the space 21248K,  31% used [0x00000000f5a00000, 0x00000000f607e9b8, 0x00000000f607ea00, 0x00000000f6ec0000)
No shared spaces configured.
Event: 2287.571 GC heap after
Heap after GC invocations=86 (full 9):
 def new generation   total 23616K, used 2560K [0x00000000a9200000, 0x00000000aab90000, 0x00000000c2a00000)
  eden space 21056K,   0% used [0x00000000a9200000, 0x00000000a9200000, 0x00000000aa690000)
  from space 2560K, 100% used [0x00000000aa690000, 0x00000000aa910000, 0x00000000aa910000)
  to   space 2560K,   0% used [0x00000000aa910000, 0x00000000aa910000, 0x00000000aab90000)
 tenured generation   total 52224K, used 36009K [0x00000000c2a00000, 0x00000000c5d00000, 0x00000000f5a00000)
   the space 52224K,  68% used [0x00000000c2a00000, 0x00000000c4d2a790, 0x00000000c4d2a800, 0x00000000c5d00000)
 compacting perm gen  total 21248K, used 6650K [0x00000000f5a00000, 0x00000000f6ec0000, 0x0000000100000000)
   the space 21248K,  31% used [0x00000000f5a00000, 0x00000000f607e9b8, 0x00000000f607ea00, 0x00000000f6ec0000)
No shared spaces configured.
}
Event: 2302.920 GC heap before
{Heap before GC invocations=86 (full 9):
 def new generation   total 23616K, used 23616K [0x00000000a9200000, 0x00000000aab90000, 0x00000000c2a00000)
  eden space 21056K, 100% used [0x00000000a9200000, 0x00000000aa690000, 0x00000000aa690000)
  from space 2560K, 100% used [0x00000000aa690000, 0x00000000aa910000, 0x00000000aa910000)
  to   space 2560K,   0% used [0x00000000aa910000, 0x00000000aa910000, 0x00000000aab90000)
 tenured generation   total 52224K, used 36009K [0x00000000c2a00000, 0x00000000c5d00000, 0x00000000f5a00000)
   the space 52224K,  68% used [0x00000000c2a00000, 0x00000000c4d2a790, 0x00000000c4d2a800, 0x00000000c5d00000)
 compacting perm gen  total 21248K, used 6650K [0x00000000f5a00000, 0x00000000f6ec0000, 0x0000000100000000)
   the space 21248K,  31% used [0x00000000f5a00000, 0x00000000f607ead8, 0x00000000f607ec00, 0x00000000f6ec0000)
No shared spaces configured.
Event: 2302.951 GC heap after
Heap after GC invocations=87 (full 9):
 def new generation   total 23616K, used 2560K [0x00000000a9200000, 0x00000000aab90000, 0x00000000c2a00000)
  eden space 21056K,   0% used [0x00000000a9200000, 0x00000000a9200000, 0x00000000aa690000)
  from space 2560K, 100% used [0x00000000aa910000, 0x00000000aab90000, 0x00000000aab90000)
  to   space 2560K,   0% used [0x00000000aa690000, 0x00000000aa690000, 0x00000000aa910000)
 tenured generation   total 52224K, used 41415K [0x00000000c2a00000, 0x00000000c5d00000, 0x00000000f5a00000)
   the space 52224K,  79% used [0x00000000c2a00000, 0x00000000c5271f38, 0x00000000c5272000, 0x00000000c5d00000)
 compacting perm gen  total 21248K, used 6650K [0x00000000f5a00000, 0x00000000f6ec0000, 0x0000000100000000)
   the space 21248K,  31% used [0x00000000f5a00000, 0x00000000f607ead8, 0x00000000f607ec00, 0x00000000f6ec0000)
No shared spaces configured.
}

Deoptimization events (10 events):
Event: 835.615 Thread 0x00007fec84070800 Uncommon trap: reason=unreached action=reinterpret pc=0x00007fec80a54a48 method=java.lang.ref.ReferenceQueue.enqueue(Ljava/lang/ref/Reference;)Z @ 37
Event: 835.637 Thread 0x00007fec84072800 Uncommon trap: reason=unreached action=reinterpret pc=0x00007fec80a54284 method=java.lang.ref.ReferenceQueue.reallyPoll()Ljava/lang/ref/Reference; @ 18
Event: 1246.782 Thread 0x00007fec8400a800 Uncommon trap: reason=array_check action=maybe_recompile pc=0x00007fec80b5ae2c method=java.util.AbstractCollection.toArray([Ljava/lang/Object;)[Ljava/lang/Object; @ 119
Event: 1246.782 Thread 0x00007fec8400a800 Uncommon trap: reason=array_check action=maybe_recompile pc=0x00007fec80b5ae2c method=java.util.AbstractCollection.toArray([Ljava/lang/Object;)[Ljava/lang/Object; @ 119
Event: 1246.800 Thread 0x00007fec8400a800 Uncommon trap: reason=array_check action=maybe_recompile pc=0x00007fec80b5ae2c method=java.util.AbstractCollection.toArray([Ljava/lang/Object;)[Ljava/lang/Object; @ 119
Event: 1246.808 Thread 0x00007fec8400a800 Uncommon trap: reason=array_check action=maybe_recompile pc=0x00007fec80b5ae2c method=java.util.AbstractCollection.toArray([Ljava/lang/Object;)[Ljava/lang/Object; @ 119
Event: 1267.697 Thread 0x00007fec84070800 Uncommon trap: reason=unreached action=reinterpret pc=0x00007fec80abd708 method=java.lang.ref.Reference$ReferenceHandler.run()V @ 96
Event: 1460.366 Thread 0x00007fec8400a800 Uncommon trap: reason=unreached action=reinterpret pc=0x00007fec80a6d9d0 method=java.lang.ref.SoftReference.get()Ljava/lang/Object; @ 6
Event: 1465.804 Thread 0x00007fec8400a800 Uncommon trap: reason=bimorphic action=maybe_recompile pc=0x00007fec80acea2c method=java.lang.String.valueOf(Ljava/lang/Object;)Ljava/lang/String; @ 10
Event: 2081.055 Thread 0x00007fec8400a800 Uncommon trap: reason=bimorphic action=maybe_recompile pc=0x00007fec80acea2c method=java.lang.String.valueOf(Ljava/lang/Object;)Ljava/lang/String; @ 10

Internal exceptions (10 events):
Event: 806.901 Thread 0x00007fec8400a800 Threw 0x00000000a97b6cb8 at /build/buildd/openjdk-7-7u71-2.5.3/build/openjdk/hotspot/src/share/vm/prims/jvm.cpp:1284
Event: 807.188 Thread 0x00007fec8400a800 Threw 0x00000000a97bb6b0 at /build/buildd/openjdk-7-7u71-2.5.3/build/openjdk/hotspot/src/share/vm/prims/jvm.cpp:1284
Event: 807.189 Thread 0x00007fec8400a800 Threw 0x00000000a97bfaa8 at /build/buildd/openjdk-7-7u71-2.5.3/build/openjdk/hotspot/src/share/vm/prims/jvm.cpp:1284
Event: 807.189 Thread 0x00007fec8400a800 Threw 0x00000000a97c3770 at /build/buildd/openjdk-7-7u71-2.5.3/build/openjdk/hotspot/src/share/vm/prims/jvm.cpp:1284
Event: 807.190 Thread 0x00007fec8400a800 Threw 0x00000000a97ce5f8 at /build/buildd/openjdk-7-7u71-2.5.3/build/openjdk/hotspot/src/share/vm/prims/jvm.cpp:1284
Event: 807.200 Thread 0x00007fec8400a800 Threw 0x00000000a97d4b48 at /build/buildd/openjdk-7-7u71-2.5.3/build/openjdk/hotspot/src/share/vm/prims/jvm.cpp:1284
Event: 807.218 Thread 0x00007fec8400a800 Threw 0x00000000a97de320 at /build/buildd/openjdk-7-7u71-2.5.3/build/openjdk/hotspot/src/share/vm/prims/jvm.cpp:1284
Event: 807.255 Thread 0x00007fec8400a800 Threw 0x00000000a97f41c0 at /build/buildd/openjdk-7-7u71-2.5.3/build/openjdk/hotspot/src/share/vm/prims/jvm.cpp:1284
Event: 807.348 Thread 0x00007fec8400a800 Threw 0x00000000a9814378 at /build/buildd/openjdk-7-7u71-2.5.3/build/openjdk/hotspot/src/share/vm/prims/jvm.cpp:1284
Event: 815.504 Thread 0x00007fec8400a800 Threw 0x00000000aa044aa8 at /build/buildd/openjdk-7-7u71-2.5.3/build/openjdk/hotspot/src/share/vm/prims/jvm.cpp:1284

Events (10 events):
Event: 2243.450 Executing VM operation: GenCollectForAllocation
Event: 2243.476 Executing VM operation: GenCollectForAllocation done
Event: 2257.769 Executing VM operation: GenCollectForAllocation
Event: 2257.795 Executing VM operation: GenCollectForAllocation done
Event: 2272.886 Executing VM operation: GenCollectForAllocation
Event: 2272.913 Executing VM operation: GenCollectForAllocation done
Event: 2287.550 Executing VM operation: GenCollectForAllocation
Event: 2287.571 Executing VM operation: GenCollectForAllocation done
Event: 2302.920 Executing VM operation: GenCollectForAllocation
Event: 2302.951 Executing VM operation: GenCollectForAllocation done


Dynamic libraries:
00400000-00401000 r-xp 00000000 08:01 451179                             /usr/lib/jvm/java-7-openjdk-amd64/jre/bin/java
00600000-00601000 r--p 00000000 08:01 451179                             /usr/lib/jvm/java-7-openjdk-amd64/jre/bin/java
00601000-00602000 rw-p 00001000 08:01 451179                             /usr/lib/jvm/java-7-openjdk-amd64/jre/bin/java
017e0000-01801000 rw-p 00000000 00:00 0                                  [heap]
a9200000-aab90000 rw-p 00000000 00:00 0 
aab90000-c2a00000 rw-p 00000000 00:00 0 
c2a00000-c5d00000 rw-p 00000000 00:00 0 
c5d00000-c61b0000 ---p 00000000 00:00 0 
c61b0000-f5a00000 rw-p 00000000 00:00 0 
f5a00000-f6ec0000 rw-p 00000000 00:00 0 
f6ec0000-100000000 rw-p 00000000 00:00 0 
7fec30000000-7fec370c6000 rw-p 00000000 00:00 0 
7fec370c6000-7fec38000000 ---p 00000000 00:00 0 
7fec38000000-7fec40000000 rw-p 00000000 00:00 0 
7fec40000000-7fec48000000 rw-p 00000000 00:00 0 
7fec48000000-7fec50000000 rw-p 00000000 00:00 0 
7fec50000000-7fec58000000 rw-p 00000000 00:00 0 
7fec58000000-7fec5c000000 rw-p 00000000 00:00 0 
7fec5c000000-7fec5c021000 rw-p 00000000 00:00 0 
7fec5c021000-7fec60000000 ---p 00000000 00:00 0 
7fec60ae0000-7fec6214c000 r-xp 00000000 08:01 11065                      /usr/lib/x86_64-linux-gnu/libicudata.so.52.1
7fec6214c000-7fec6234b000 ---p 0166c000 08:01 11065                      /usr/lib/x86_64-linux-gnu/libicudata.so.52.1
7fec6234b000-7fec6234c000 r--p 0166b000 08:01 11065                      /usr/lib/x86_64-linux-gnu/libicudata.so.52.1
7fec6234c000-7fec6234d000 rw-p 0166c000 08:01 11065                      /usr/lib/x86_64-linux-gnu/libicudata.so.52.1
7fec6234d000-7fec625df000 r-xp 00000000 08:01 450063                     /usr/local/lib/libfreeling-3.1.so
7fec625df000-7fec627df000 ---p 00292000 08:01 450063                     /usr/local/lib/libfreeling-3.1.so
7fec627df000-7fec627e4000 r--p 00292000 08:01 450063                     /usr/local/lib/libfreeling-3.1.so
7fec627e4000-7fec627e8000 rw-p 00297000 08:01 450063                     /usr/local/lib/libfreeling-3.1.so
7fec627e8000-7fec64000000 rw-p 00000000 00:00 0 
7fec64000000-7fec6595a000 rw-p 00000000 00:00 0 
7fec6595a000-7fec68000000 ---p 00000000 00:00 0 
7fec68000000-7fec687c1000 rw-p 00000000 00:00 0 
7fec687c1000-7fec6c000000 ---p 00000000 00:00 0 
7fec6c000000-7fec6c021000 rw-p 00000000 00:00 0 
7fec6c021000-7fec70000000 ---p 00000000 00:00 0 
7fec70000000-7fec70021000 rw-p 00000000 00:00 0 
7fec70021000-7fec74000000 ---p 00000000 00:00 0 
7fec74000000-7fec740a4000 rw-p 00000000 00:00 0 
7fec740a4000-7fec78000000 ---p 00000000 00:00 0 
7fec78ce0000-7fec78ed9000 r-xp 00000000 08:01 11067                      /usr/lib/x86_64-linux-gnu/libicui18n.so.52.1
7fec78ed9000-7fec790d9000 ---p 001f9000 08:01 11067                      /usr/lib/x86_64-linux-gnu/libicui18n.so.52.1
7fec790d9000-7fec790e6000 r--p 001f9000 08:01 11067                      /usr/lib/x86_64-linux-gnu/libicui18n.so.52.1
7fec790e6000-7fec790e7000 rw-p 00206000 08:01 11067                      /usr/lib/x86_64-linux-gnu/libicui18n.so.52.1
7fec790e7000-7fec790e8000 rw-p 00000000 00:00 0 
7fec790e8000-7fec7924c000 r-xp 00000000 08:01 11079                      /usr/lib/x86_64-linux-gnu/libicuuc.so.52.1
7fec7924c000-7fec7944b000 ---p 00164000 08:01 11079                      /usr/lib/x86_64-linux-gnu/libicuuc.so.52.1
7fec7944b000-7fec7945c000 r--p 00163000 08:01 11079                      /usr/lib/x86_64-linux-gnu/libicuuc.so.52.1
7fec7945c000-7fec7945d000 rw-p 00174000 08:01 11079                      /usr/lib/x86_64-linux-gnu/libicuuc.so.52.1
7fec7945d000-7fec79461000 rw-p 00000000 00:00 0 
7fec79461000-7fec79562000 r-xp 00000000 08:01 1126                       /usr/lib/x86_64-linux-gnu/libboost_regex.so.1.54.0
7fec79562000-7fec79761000 ---p 00101000 08:01 1126                       /usr/lib/x86_64-linux-gnu/libboost_regex.so.1.54.0
7fec79761000-7fec79766000 r--p 00100000 08:01 1126                       /usr/lib/x86_64-linux-gnu/libboost_regex.so.1.54.0
7fec79766000-7fec79767000 rw-p 00105000 08:01 1126                       /usr/lib/x86_64-linux-gnu/libboost_regex.so.1.54.0
7fec79767000-7fec79768000 rw-p 00000000 00:00 0 
7fec79768000-7fec7976b000 r-xp 00000000 08:01 10627                      /usr/lib/x86_64-linux-gnu/libboost_system.so.1.54.0
7fec7976b000-7fec7996a000 ---p 00003000 08:01 10627                      /usr/lib/x86_64-linux-gnu/libboost_system.so.1.54.0
7fec7996a000-7fec7996b000 r--p 00002000 08:01 10627                      /usr/lib/x86_64-linux-gnu/libboost_system.so.1.54.0
7fec7996b000-7fec7996c000 rw-p 00003000 08:01 10627                      /usr/lib/x86_64-linux-gnu/libboost_system.so.1.54.0
7fec7997a000-7fec79981000 r--s 00000000 08:01 162543                     /usr/lib/x86_64-linux-gnu/gconv/gconv-modules.cache
7fec79981000-7fec79a3f000 r-xp 00000000 08:01 313559                     /pkg/freeling-3.1/APIs/java/libfreeling_javaAPI.so
7fec79a3f000-7fec79c3e000 ---p 000be000 08:01 313559                     /pkg/freeling-3.1/APIs/java/libfreeling_javaAPI.so
7fec79c3e000-7fec79c3f000 r--p 000bd000 08:01 313559                     /pkg/freeling-3.1/APIs/java/libfreeling_javaAPI.so
7fec79c3f000-7fec79c43000 rw-p 000be000 08:01 313559                     /pkg/freeling-3.1/APIs/java/libfreeling_javaAPI.so
7fec79c43000-7fec79c48000 r--s 0004c000 08:01 437947                     /usr/lib/jvm/java-7-openjdk-amd64/jre/lib/jsse.jar
7fec79c48000-7fec79c55000 r--s 000a3000 08:01 67645                      /home/mmora/workspace/TextProcessing/lib/httpcomponents-client-4.4/lib/httpclient-4.4.jar
7fec79c55000-7fec79c86000 rw-p 00000000 00:00 0 
7fec79c86000-7fec79cc3000 r-xp 00000000 08:01 398443                     /lib/x86_64-linux-gnu/libpcre.so.3.13.1
7fec79cc3000-7fec79ec2000 ---p 0003d000 08:01 398443                     /lib/x86_64-linux-gnu/libpcre.so.3.13.1
7fec79ec2000-7fec79ec3000 r--p 0003c000 08:01 398443                     /lib/x86_64-linux-gnu/libpcre.so.3.13.1
7fec79ec3000-7fec79ec4000 rw-p 0003d000 08:01 398443                     /lib/x86_64-linux-gnu/libpcre.so.3.13.1
7fec79ec4000-7fec79ecb000 r-xp 00000000 08:01 10785                      /usr/lib/x86_64-linux-gnu/libffi.so.6.0.1
7fec79ecb000-7fec7a0ca000 ---p 00007000 08:01 10785                      /usr/lib/x86_64-linux-gnu/libffi.so.6.0.1
7fec7a0ca000-7fec7a0cb000 r--p 00006000 08:01 10785                      /usr/lib/x86_64-linux-gnu/libffi.so.6.0.1
7fec7a0cb000-7fec7a0cc000 rw-p 00007000 08:01 10785                      /usr/lib/x86_64-linux-gnu/libffi.so.6.0.1
7fec7a0cc000-7fec7a0e3000 r-xp 00000000 08:01 400113                     /lib/x86_64-linux-gnu/libresolv-2.19.so
7fec7a0e3000-7fec7a2e3000 ---p 00017000 08:01 400113                     /lib/x86_64-linux-gnu/libresolv-2.19.so
7fec7a2e3000-7fec7a2e4000 r--p 00017000 08:01 400113                     /lib/x86_64-linux-gnu/libresolv-2.19.so
7fec7a2e4000-7fec7a2e5000 rw-p 00018000 08:01 400113                     /lib/x86_64-linux-gnu/libresolv-2.19.so
7fec7a2e5000-7fec7a2e7000 rw-p 00000000 00:00 0 
7fec7a2e7000-7fec7a307000 r-xp 00000000 08:01 398470                     /lib/x86_64-linux-gnu/libselinux.so.1
7fec7a307000-7fec7a506000 ---p 00020000 08:01 398470                     /lib/x86_64-linux-gnu/libselinux.so.1
7fec7a506000-7fec7a507000 r--p 0001f000 08:01 398470                     /lib/x86_64-linux-gnu/libselinux.so.1
7fec7a507000-7fec7a508000 rw-p 00020000 08:01 398470                     /lib/x86_64-linux-gnu/libselinux.so.1
7fec7a508000-7fec7a50a000 rw-p 00000000 00:00 0 
7fec7a50a000-7fec7a50d000 r-xp 00000000 08:01 3202                       /usr/lib/x86_64-linux-gnu/libgmodule-2.0.so.0.4002.0
7fec7a50d000-7fec7a70c000 ---p 00003000 08:01 3202                       /usr/lib/x86_64-linux-gnu/libgmodule-2.0.so.0.4002.0
7fec7a70c000-7fec7a70d000 r--p 00002000 08:01 3202                       /usr/lib/x86_64-linux-gnu/libgmodule-2.0.so.0.4002.0
7fec7a70d000-7fec7a70e000 rw-p 00003000 08:01 3202                       /usr/lib/x86_64-linux-gnu/libgmodule-2.0.so.0.4002.0
7fec7a70e000-7fec7a814000 r-xp 00000000 08:01 398974                     /lib/x86_64-linux-gnu/libglib-2.0.so.0.4002.0
7fec7a814000-7fec7aa13000 ---p 00106000 08:01 398974                     /lib/x86_64-linux-gnu/libglib-2.0.so.0.4002.0
7fec7aa13000-7fec7aa14000 r--p 00105000 08:01 398974                     /lib/x86_64-linux-gnu/libglib-2.0.so.0.4002.0
7fec7aa14000-7fec7aa15000 rw-p 00106000 08:01 398974                     /lib/x86_64-linux-gnu/libglib-2.0.so.0.4002.0
7fec7aa15000-7fec7aa16000 rw-p 00000000 00:00 0 
7fec7aa16000-7fec7aa65000 r-xp 00000000 08:01 3203                       /usr/lib/x86_64-linux-gnu/libgobject-2.0.so.0.4002.0
7fec7aa65000-7fec7ac65000 ---p 0004f000 08:01 3203                       /usr/lib/x86_64-linux-gnu/libgobject-2.0.so.0.4002.0
7fec7ac65000-7fec7ac66000 r--p 0004f000 08:01 3203                       /usr/lib/x86_64-linux-gnu/libgobject-2.0.so.0.4002.0
7fec7ac66000-7fec7ac67000 rw-p 00050000 08:01 3203                       /usr/lib/x86_64-linux-gnu/libgobject-2.0.so.0.4002.0
7fec7ac67000-7fec7add3000 r-xp 00000000 08:01 3205                       /usr/lib/x86_64-linux-gnu/libgio-2.0.so.0.4002.0
7fec7add3000-7fec7afd2000 ---p 0016c000 08:01 3205                       /usr/lib/x86_64-linux-gnu/libgio-2.0.so.0.4002.0
7fec7afd2000-7fec7afd6000 r--p 0016b000 08:01 3205                       /usr/lib/x86_64-linux-gnu/libgio-2.0.so.0.4002.0
7fec7afd6000-7fec7afd8000 rw-p 0016f000 08:01 3205                       /usr/lib/x86_64-linux-gnu/libgio-2.0.so.0.4002.0
7fec7afd8000-7fec7afda000 rw-p 00000000 00:00 0 
7fec7afdd000-7fec7afdf000 r--s 0000e000 08:01 67651                      /home/mmora/workspace/TextProcessing/lib/httpcomponents-client-4.4/lib/commons-logging-1.2.jar
7fec7afdf000-7fec7afe6000 r--s 0003a000 08:01 67652                      /home/mmora/workspace/TextProcessing/lib/httpcomponents-client-4.4/lib/commons-codec-1.9.jar
7fec7afe6000-7fec7afed000 r--s 00048000 08:01 67650                      /home/mmora/workspace/TextProcessing/lib/httpcomponents-client-4.4/lib/httpcore-4.4.jar
7fec7afed000-7fec7afef000 r--s 00007000 08:01 64607                      /home/mmora/workspace/TextProcessing/lib/google-api-translate-java-0.97.jar
7fec7afef000-7fec7b006000 r-xp 00000000 08:01 437907                     /usr/lib/jvm/java-7-openjdk-amd64/jre/lib/amd64/libnet.so
7fec7b006000-7fec7b205000 ---p 00017000 08:01 437907                     /usr/lib/jvm/java-7-openjdk-amd64/jre/lib/amd64/libnet.so
7fec7b205000-7fec7b206000 r--p 00016000 08:01 437907                     /usr/lib/jvm/java-7-openjdk-amd64/jre/lib/amd64/libnet.so
7fec7b206000-7fec7b207000 rw-p 00017000 08:01 437907                     /usr/lib/jvm/java-7-openjdk-amd64/jre/lib/amd64/libnet.so
7fec7b207000-7fec7b217000 r-xp 00000000 08:01 437922                     /usr/lib/jvm/java-7-openjdk-amd64/jre/lib/amd64/libnio.so
7fec7b217000-7fec7b417000 ---p 00010000 08:01 437922                     /usr/lib/jvm/java-7-openjdk-amd64/jre/lib/amd64/libnio.so
7fec7b417000-7fec7b418000 r--p 00010000 08:01 437922                     /usr/lib/jvm/java-7-openjdk-amd64/jre/lib/amd64/libnio.so
7fec7b418000-7fec7b419000 rw-p 00011000 08:01 437922                     /usr/lib/jvm/java-7-openjdk-amd64/jre/lib/amd64/libnio.so
7fec7b419000-7fec7b41a000 ---p 00000000 00:00 0 
7fec7b41a000-7fec7b51a000 rw-p 00000000 00:00 0                          [stack:13240]
7fec7b51a000-7fec7b51d000 ---p 00000000 00:00 0 
7fec7b51d000-7fec7b61b000 rw-p 00000000 00:00 0                          [stack:13239]
7fec7b61b000-7fec7b61e000 ---p 00000000 00:00 0 
7fec7b61e000-7fec7b71c000 rw-p 00000000 00:00 0                          [stack:13238]
7fec7b71c000-7fec7b71f000 ---p 00000000 00:00 0 
7fec7b71f000-7fec7b81d000 rw-p 00000000 00:00 0                          [stack:13237]
7fec7b81d000-7fec7b820000 ---p 00000000 00:00 0 
7fec7b820000-7fec7b91e000 rw-p 00000000 00:00 0                          [stack:13236]
7fec7b91e000-7fec7c000000 r--p 00000000 08:01 7563                       /usr/lib/locale/locale-archive
7fec7c000000-7fec7c03a000 rw-p 00000000 00:00 0 
7fec7c03a000-7fec80000000 ---p 00000000 00:00 0 
7fec80000000-7fec80002000 r--s 0000a000 08:01 131110                     /home/mmora/workspace/TextProcessing/lib/json-20090211.jar
7fec80002000-7fec80009000 r--s 0008a000 08:01 27983                      /home/mmora/workspace/TextProcessing/lib/postgresql-9.3-1102.jdbc41.jar
7fec80009000-7fec8000c000 ---p 00000000 00:00 0 
7fec8000c000-7fec8010a000 rw-p 00000000 00:00 0                          [stack:13235]
7fec8010a000-7fec8010d000 ---p 00000000 00:00 0 
7fec8010d000-7fec8020b000 rw-p 00000000 00:00 0                          [stack:13234]
7fec8020b000-7fec8020c000 ---p 00000000 00:00 0 
7fec8020c000-7fec8030c000 rw-p 00000000 00:00 0                          [stack:13229]
7fec8030c000-7fec804bd000 r--s 01d25000 08:01 450807                     /usr/lib/jvm/java-7-openjdk-amd64/jre/lib/rt.jar
7fec804bd000-7fec805a8000 rw-p 00000000 00:00 0 
7fec805a8000-7fec805aa000 ---p 00000000 00:00 0 
7fec805aa000-7fec80727000 rw-p 00000000 00:00 0 
7fec80727000-7fec80734000 rw-p 00000000 00:00 0 
7fec80734000-7fec807f3000 rw-p 00000000 00:00 0 
7fec807f3000-7fec8080d000 rw-p 00000000 00:00 0 
7fec8080d000-7fec8080f000 ---p 00000000 00:00 0 
7fec8080f000-7fec8098b000 rw-p 00000000 00:00 0 
7fec8098b000-7fec80996000 rw-p 00000000 00:00 0 
7fec80996000-7fec809de000 rw-p 00000000 00:00 0 
7fec809de000-7fec809df000 rw-p 00000000 00:00 0 
7fec809df000-7fec80c4f000 rwxp 00000000 00:00 0 
7fec80c4f000-7fec839df000 rw-p 00000000 00:00 0 
7fec839df000-7fec839e7000 r-xp 00000000 08:01 437899                     /usr/lib/jvm/java-7-openjdk-amd64/jre/lib/amd64/libzip.so
7fec839e7000-7fec83be6000 ---p 00008000 08:01 437899                     /usr/lib/jvm/java-7-openjdk-amd64/jre/lib/amd64/libzip.so
7fec83be6000-7fec83be7000 r--p 00007000 08:01 437899                     /usr/lib/jvm/java-7-openjdk-amd64/jre/lib/amd64/libzip.so
7fec83be7000-7fec83be8000 rw-p 00008000 08:01 437899                     /usr/lib/jvm/java-7-openjdk-amd64/jre/lib/amd64/libzip.so
7fec83be8000-7fec83bf3000 r-xp 00000000 08:01 400119                     /lib/x86_64-linux-gnu/libnss_files-2.19.so
7fec83bf3000-7fec83df2000 ---p 0000b000 08:01 400119                     /lib/x86_64-linux-gnu/libnss_files-2.19.so
7fec83df2000-7fec83df3000 r--p 0000a000 08:01 400119                     /lib/x86_64-linux-gnu/libnss_files-2.19.so
7fec83df3000-7fec83df4000 rw-p 0000b000 08:01 400119                     /lib/x86_64-linux-gnu/libnss_files-2.19.so
7fec83df4000-7fec83dff000 r-xp 00000000 08:01 400115                     /lib/x86_64-linux-gnu/libnss_nis-2.19.so
7fec83dff000-7fec83ffe000 ---p 0000b000 08:01 400115                     /lib/x86_64-linux-gnu/libnss_nis-2.19.so
7fec83ffe000-7fec83fff000 r--p 0000a000 08:01 400115                     /lib/x86_64-linux-gnu/libnss_nis-2.19.so
7fec83fff000-7fec84000000 rw-p 0000b000 08:01 400115                     /lib/x86_64-linux-gnu/libnss_nis-2.19.so
7fec84000000-7fec88000000 rw-p 00000000 00:00 0 
7fec88000000-7fec88004000 r--s 00021000 08:01 313639                     /pkg/freeling-3.1/APIs/java/freeling.jar
7fec88004000-7fec88007000 r--s 00014000 08:01 27982                      /home/mmora/workspace/TextProcessing/lib/opennlp-uima-1.5.3.jar
7fec88007000-7fec88083000 rw-p 00000000 00:00 0 
7fec88083000-7fec880cc000 rw-p 00000000 00:00 0 
7fec880cc000-7fec880e3000 r-xp 00000000 08:01 400109                     /lib/x86_64-linux-gnu/libnsl-2.19.so
7fec880e3000-7fec882e2000 ---p 00017000 08:01 400109                     /lib/x86_64-linux-gnu/libnsl-2.19.so
7fec882e2000-7fec882e3000 r--p 00016000 08:01 400109                     /lib/x86_64-linux-gnu/libnsl-2.19.so
7fec882e3000-7fec882e4000 rw-p 00017000 08:01 400109                     /lib/x86_64-linux-gnu/libnsl-2.19.so
7fec882e4000-7fec882e6000 rw-p 00000000 00:00 0 
7fec882e6000-7fec882ef000 r-xp 00000000 08:01 400106                     /lib/x86_64-linux-gnu/libnss_compat-2.19.so
7fec882ef000-7fec884ee000 ---p 00009000 08:01 400106                     /lib/x86_64-linux-gnu/libnss_compat-2.19.so
7fec884ee000-7fec884ef000 r--p 00008000 08:01 400106                     /lib/x86_64-linux-gnu/libnss_compat-2.19.so
7fec884ef000-7fec884f0000 rw-p 00009000 08:01 400106                     /lib/x86_64-linux-gnu/libnss_compat-2.19.so
7fec884f0000-7fec8851b000 r-xp 00000000 08:01 437906                     /usr/lib/jvm/java-7-openjdk-amd64/jre/lib/amd64/libjava.so
7fec8851b000-7fec8871a000 ---p 0002b000 08:01 437906                     /usr/lib/jvm/java-7-openjdk-amd64/jre/lib/amd64/libjava.so
7fec8871a000-7fec8871b000 r--p 0002a000 08:01 437906                     /usr/lib/jvm/java-7-openjdk-amd64/jre/lib/amd64/libjava.so
7fec8871b000-7fec8871d000 rw-p 0002b000 08:01 437906                     /usr/lib/jvm/java-7-openjdk-amd64/jre/lib/amd64/libjava.so
7fec8871d000-7fec8872d000 r-xp 00000000 08:01 437921                     /usr/lib/jvm/java-7-openjdk-amd64/jre/lib/amd64/libverify.so
7fec8872d000-7fec8892c000 ---p 00010000 08:01 437921                     /usr/lib/jvm/java-7-openjdk-amd64/jre/lib/amd64/libverify.so
7fec8892c000-7fec8892e000 r--p 0000f000 08:01 437921                     /usr/lib/jvm/java-7-openjdk-amd64/jre/lib/amd64/libverify.so
7fec8892e000-7fec8892f000 rw-p 00011000 08:01 437921                     /usr/lib/jvm/java-7-openjdk-amd64/jre/lib/amd64/libverify.so
7fec8892f000-7fec88936000 r-xp 00000000 08:01 399258                     /lib/x86_64-linux-gnu/librt-2.19.so
7fec88936000-7fec88b35000 ---p 00007000 08:01 399258                     /lib/x86_64-linux-gnu/librt-2.19.so
7fec88b35000-7fec88b36000 r--p 00006000 08:01 399258                     /lib/x86_64-linux-gnu/librt-2.19.so
7fec88b36000-7fec88b37000 rw-p 00007000 08:01 399258                     /lib/x86_64-linux-gnu/librt-2.19.so
7fec88b37000-7fec88b4d000 r-xp 00000000 08:01 398318                     /lib/x86_64-linux-gnu/libgcc_s.so.1
7fec88b4d000-7fec88d4c000 ---p 00016000 08:01 398318                     /lib/x86_64-linux-gnu/libgcc_s.so.1
7fec88d4c000-7fec88d4d000 rw-p 00015000 08:01 398318                     /lib/x86_64-linux-gnu/libgcc_s.so.1
7fec88d4d000-7fec88e52000 r-xp 00000000 08:01 400108                     /lib/x86_64-linux-gnu/libm-2.19.so
7fec88e52000-7fec89051000 ---p 00105000 08:01 400108                     /lib/x86_64-linux-gnu/libm-2.19.so
7fec89051000-7fec89052000 r--p 00104000 08:01 400108                     /lib/x86_64-linux-gnu/libm-2.19.so
7fec89052000-7fec89053000 rw-p 00105000 08:01 400108                     /lib/x86_64-linux-gnu/libm-2.19.so
7fec89053000-7fec89139000 r-xp 00000000 08:01 11413                      /usr/lib/x86_64-linux-gnu/libstdc++.so.6.0.19
7fec89139000-7fec89338000 ---p 000e6000 08:01 11413                      /usr/lib/x86_64-linux-gnu/libstdc++.so.6.0.19
7fec89338000-7fec89340000 r--p 000e5000 08:01 11413                      /usr/lib/x86_64-linux-gnu/libstdc++.so.6.0.19
7fec89340000-7fec89342000 rw-p 000ed000 08:01 11413                      /usr/lib/x86_64-linux-gnu/libstdc++.so.6.0.19
7fec89342000-7fec89357000 rw-p 00000000 00:00 0 
7fec89357000-7fec89e6d000 r-xp 00000000 08:01 437928                     /usr/lib/jvm/java-7-openjdk-amd64/jre/lib/amd64/server/libjvm.so
7fec89e6d000-7fec8a06c000 ---p 00b16000 08:01 437928                     /usr/lib/jvm/java-7-openjdk-amd64/jre/lib/amd64/server/libjvm.so
7fec8a06c000-7fec8a106000 r--p 00b15000 08:01 437928                     /usr/lib/jvm/java-7-openjdk-amd64/jre/lib/amd64/server/libjvm.so
7fec8a106000-7fec8a129000 rw-p 00baf000 08:01 437928                     /usr/lib/jvm/java-7-openjdk-amd64/jre/lib/amd64/server/libjvm.so
7fec8a129000-7fec8a157000 rw-p 00000000 00:00 0 
7fec8a157000-7fec8a16f000 r-xp 00000000 08:01 398503                     /lib/x86_64-linux-gnu/libz.so.1.2.8
7fec8a16f000-7fec8a36e000 ---p 00018000 08:01 398503                     /lib/x86_64-linux-gnu/libz.so.1.2.8
7fec8a36e000-7fec8a36f000 r--p 00017000 08:01 398503                     /lib/x86_64-linux-gnu/libz.so.1.2.8
7fec8a36f000-7fec8a370000 rw-p 00018000 08:01 398503                     /lib/x86_64-linux-gnu/libz.so.1.2.8
7fec8a370000-7fec8a389000 r-xp 00000000 08:01 400118                     /lib/x86_64-linux-gnu/libpthread-2.19.so
7fec8a389000-7fec8a588000 ---p 00019000 08:01 400118                     /lib/x86_64-linux-gnu/libpthread-2.19.so
7fec8a588000-7fec8a589000 r--p 00018000 08:01 400118                     /lib/x86_64-linux-gnu/libpthread-2.19.so
7fec8a589000-7fec8a58a000 rw-p 00019000 08:01 400118                     /lib/x86_64-linux-gnu/libpthread-2.19.so
7fec8a58a000-7fec8a58e000 rw-p 00000000 00:00 0 
7fec8a58e000-7fec8a591000 r-xp 00000000 08:01 400060                     /lib/x86_64-linux-gnu/libdl-2.19.so
7fec8a591000-7fec8a790000 ---p 00003000 08:01 400060                     /lib/x86_64-linux-gnu/libdl-2.19.so
7fec8a790000-7fec8a791000 r--p 00002000 08:01 400060                     /lib/x86_64-linux-gnu/libdl-2.19.so
7fec8a791000-7fec8a792000 rw-p 00003000 08:01 400060                     /lib/x86_64-linux-gnu/libdl-2.19.so
7fec8a792000-7fec8a94d000 r-xp 00000000 08:01 399256                     /lib/x86_64-linux-gnu/libc-2.19.so
7fec8a94d000-7fec8ab4d000 ---p 001bb000 08:01 399256                     /lib/x86_64-linux-gnu/libc-2.19.so
7fec8ab4d000-7fec8ab51000 r--p 001bb000 08:01 399256                     /lib/x86_64-linux-gnu/libc-2.19.so
7fec8ab51000-7fec8ab53000 rw-p 001bf000 08:01 399256                     /lib/x86_64-linux-gnu/libc-2.19.so
7fec8ab53000-7fec8ab58000 rw-p 00000000 00:00 0 
7fec8ab58000-7fec8ab65000 r-xp 00000000 08:01 437904                     /usr/lib/jvm/java-7-openjdk-amd64/jre/lib/amd64/jli/libjli.so
7fec8ab65000-7fec8ad64000 ---p 0000d000 08:01 437904                     /usr/lib/jvm/java-7-openjdk-amd64/jre/lib/amd64/jli/libjli.so
7fec8ad64000-7fec8ad65000 r--p 0000c000 08:01 437904                     /usr/lib/jvm/java-7-openjdk-amd64/jre/lib/amd64/jli/libjli.so
7fec8ad65000-7fec8ad66000 rw-p 0000d000 08:01 437904                     /usr/lib/jvm/java-7-openjdk-amd64/jre/lib/amd64/jli/libjli.so
7fec8ad66000-7fec8ad89000 r-xp 00000000 08:01 399154                     /lib/x86_64-linux-gnu/ld-2.19.so
7fec8ad8a000-7fec8ad9a000 r--s 000b9000 08:01 27980                      /home/mmora/workspace/TextProcessing/lib/opennlp-tools-1.5.3.jar
7fec8ad9a000-7fec8ad9d000 r--s 0001d000 08:01 27979                      /home/mmora/workspace/TextProcessing/lib/opennlp-maxent-3.0.3.jar
7fec8ad9d000-7fec8ada2000 r--s 00025000 08:01 27978                      /home/mmora/workspace/TextProcessing/lib/jwnl-1.3.3.jar
7fec8ada2000-7fec8ada6000 r--s 0003c000 08:01 450799                     /usr/lib/jvm/java-7-openjdk-amd64/jre/lib/ext/sunpkcs11.jar
7fec8ada6000-7fec8ada8000 r--s 00012000 08:01 450797                     /usr/lib/jvm/java-7-openjdk-amd64/jre/lib/ext/zipfs.jar
7fec8ada8000-7fec8adab000 r--s 0000f000 08:01 450794                     /usr/lib/jvm/java-7-openjdk-amd64/jre/lib/ext/icedtea-sound.jar
7fec8adab000-7fec8adb5000 rw-p 00000000 00:00 0 
7fec8adb5000-7fec8ae6b000 rw-p 00000000 00:00 0 
7fec8ae6b000-7fec8ae6e000 ---p 00000000 00:00 0 
7fec8ae6e000-7fec8af71000 rw-p 00000000 00:00 0                          [stack:13228]
7fec8af71000-7fec8af72000 r--s 00002000 08:01 450805                     /usr/lib/jvm/java-7-openjdk-amd64/jre/lib/ext/dnsns.jar
7fec8af72000-7fec8af76000 r--s 00034000 08:01 450803                     /usr/lib/jvm/java-7-openjdk-amd64/jre/lib/ext/sunjce_provider.jar
7fec8af76000-7fec8af78000 r--s 00006000 08:01 451480                     /usr/share/java/java-atk-wrapper.jar
7fec8af78000-7fec8af7c000 r--s 00085000 08:01 450801                     /usr/lib/jvm/java-7-openjdk-amd64/jre/lib/ext/localedata.jar
7fec8af7c000-7fec8af84000 rw-s 00000000 08:01 131112                     /tmp/hsperfdata_mmora/13226
7fec8af84000-7fec8af85000 rw-p 00000000 00:00 0 
7fec8af85000-7fec8af86000 r--p 00000000 00:00 0 
7fec8af86000-7fec8af88000 rw-p 00000000 00:00 0 
7fec8af88000-7fec8af89000 r--p 00022000 08:01 399154                     /lib/x86_64-linux-gnu/ld-2.19.so
7fec8af89000-7fec8af8a000 rw-p 00023000 08:01 399154                     /lib/x86_64-linux-gnu/ld-2.19.so
7fec8af8a000-7fec8af8b000 rw-p 00000000 00:00 0 
7fff63a8a000-7fff63aab000 rw-p 00000000 00:00 0                          [stack]
7fff63af9000-7fff63afb000 r-xp 00000000 00:00 0                          [vdso]
ffffffffff600000-ffffffffff601000 r-xp 00000000 00:00 0                  [vsyscall]

VM Arguments:
jvm_args: -Djava.library.path=/home/mmora/workspace/TextProcessing/lib -Dfile.encoding=UTF-8 
java_command: TaxonDescriptionAnalyzer
Launcher Type: SUN_STANDARD

Environment Variables:
PATH=/usr/local/sbin:/usr/local/bin:/usr/sbin:/usr/bin:/sbin:/bin:/usr/games:/usr/local/games
LD_LIBRARY_PATH=/usr/local/lib:/pkg/freeling-3.1/APIs/java:
SHELL=/bin/bash
DISPLAY=:0

Signal Handlers:
SIGSEGV: [libjvm.so+0x9495e0], sa_mask[0]=0x7ffbfeff, sa_flags=0x10000004
SIGBUS: [libjvm.so+0x9495e0], sa_mask[0]=0x7ffbfeff, sa_flags=0x10000004
SIGFPE: [libjvm.so+0x7c3410], sa_mask[0]=0x7ffbfeff, sa_flags=0x10000004
SIGPIPE: [libjvm.so+0x7c3410], sa_mask[0]=0x7ffbfeff, sa_flags=0x10000004
SIGXFSZ: [libjvm.so+0x7c3410], sa_mask[0]=0x7ffbfeff, sa_flags=0x10000004
SIGILL: [libjvm.so+0x7c3410], sa_mask[0]=0x7ffbfeff, sa_flags=0x10000004
SIGUSR1: SIG_DFL, sa_mask[0]=0x00000000, sa_flags=0x00000000
SIGUSR2: [libjvm.so+0x7c32b0], sa_mask[0]=0x00000004, sa_flags=0x10000004
SIGHUP: [libjvm.so+0x7c3490], sa_mask[0]=0x7ffbfeff, sa_flags=0x10000004
SIGINT: [libjvm.so+0x7c3490], sa_mask[0]=0x7ffbfeff, sa_flags=0x10000004
SIGTERM: [libjvm.so+0x7c3490], sa_mask[0]=0x7ffbfeff, sa_flags=0x10000004
SIGQUIT: [libjvm.so+0x7c3490], sa_mask[0]=0x7ffbfeff, sa_flags=0x10000004
SIGTRAP: SIG_DFL, sa_mask[0]=0x00000000, sa_flags=0x00000000


---------------  S Y S T E M  ---------------

OS:Ubuntu 14.04 (trusty)
uname:Linux 3.13.0-44-generic #73-Ubuntu SMP Tue Dec 16 00:22:43 UTC 2014 x86_64
libc:glibc 2.19 NPTL 2.19 
rlimit: STACK 8192k, CORE 0k, NPROC 38978, NOFILE 4096, AS infinity
load average:2.58 2.55 2.33

/proc/meminfo:
MemTotal:        5010908 kB
MemFree:         2087572 kB
Buffers:           67612 kB
Cached:          1009416 kB
SwapCached:            0 kB
Active:          2325372 kB
Inactive:         472172 kB
Active(anon):    1777408 kB
Inactive(anon):    42568 kB
Active(file):     547964 kB
Inactive(file):   429604 kB
Unevictable:          32 kB
Mlocked:              32 kB
SwapTotal:       1046524 kB
SwapFree:        1046524 kB
Dirty:               132 kB
Writeback:             0 kB
AnonPages:       1720620 kB
Mapped:           192364 kB
Shmem:             99388 kB
Slab:              49276 kB
SReclaimable:      30180 kB
SUnreclaim:        19096 kB
KernelStack:        3000 kB
PageTables:        28508 kB
NFS_Unstable:          0 kB
Bounce:                0 kB
WritebackTmp:          0 kB
CommitLimit:     3551976 kB
Committed_AS:    3147496 kB
VmallocTotal:   34359738367 kB
VmallocUsed:       17140 kB
VmallocChunk:   34359714787 kB
HardwareCorrupted:     0 kB
AnonHugePages:   1099776 kB
HugePages_Total:       0
HugePages_Free:        0
HugePages_Rsvd:        0
HugePages_Surp:        0
Hugepagesize:       2048 kB
DirectMap4k:       34752 kB
DirectMap2M:     5138432 kB


CPU:total 1 (1 cores per cpu, 1 threads per core) family 6 model 58 stepping 9, cmov, cx8, fxsr, mmx, sse, sse2, sse3, ssse3, tsc

/proc/cpuinfo:
processor	: 0
vendor_id	: GenuineIntel
cpu family	: 6
model		: 58
model name	: Intel(R) Core(TM) i7-3520M CPU @ 2.90GHz
stepping	: 9
microcode	: 0x19
cpu MHz		: 2899.288
cache size	: 6144 KB
physical id	: 0
siblings	: 1
core id		: 0
cpu cores	: 1
apicid		: 0
initial apicid	: 0
fpu		: yes
fpu_exception	: yes
cpuid level	: 5
wp		: yes
flags		: fpu vme de pse tsc msr pae mce cx8 apic sep mtrr pge mca cmov pat pse36 clflush mmx fxsr sse sse2 syscall nx rdtscp lm constant_tsc rep_good nopl pni monitor ssse3 lahf_lm
bogomips	: 5798.57
clflush size	: 64
cache_alignment	: 64
address sizes	: 36 bits physical, 48 bits virtual
power management:



Memory: 4k page, physical 5010908k(2087572k free), swap 1046524k(1046524k free)

vm_info: OpenJDK 64-Bit Server VM (24.65-b04) for linux-amd64 JRE (1.7.0_65-b32), built on Oct 22 2014 04:37:44 by "buildd" with gcc 4.8.2

time: Mon Dec 21 18:43:04 2015
elapsed time: 2302 seconds

