#
# A fatal error has been detected by the Java Runtime Environment:
#
#  SIGSEGV (0xb) at pc=0x00007f04120ffaf0, pid=4923, tid=139656184964864
#
# JRE version: OpenJDK Runtime Environment (7.0_65-b32) (build 1.7.0_65-b32)
# Java VM: OpenJDK 64-Bit Server VM (24.65-b04 mixed mode linux-amd64 compressed oops)
# Derivative: IcedTea 2.5.3
# Distribution: Ubuntu 14.04 LTS, package 7u71-2.5.3-0ubuntu0.14.04.1
# Problematic frame:
# C  [libfreeling-3.1.so+0x74af0]  freeling::word::get_n_analysis() const+0x10
#
# Failed to write core dump. Core dumps have been disabled. To enable core dumping, try "ulimit -c unlimited" before starting Java again
#
# If you would like to submit a bug report, please include
# instructions on how to reproduce the bug and visit:
#   http://icedtea.classpath.org/bugzilla
# The crash happened outside the Java Virtual Machine in native code.
# See problematic frame for where to report the bug.
#

---------------  T H R E A D  ---------------

Current thread (0x00007f043400a800):  JavaThread "main" [_thread_in_native, id=4924, stack(0x00007f043d3ba000,0x00007f043d4bb000)]

siginfo:si_signo=SIGSEGV: si_errno=0, si_code=128 (), si_addr=0x0000000000000000

Registers:
RAX=0x0000000000000002, RBX=0x00007f043d4b9380, RCX=0x00007f03fe51e070, RDX=0x405c000000000000
RSP=0x00007f043d4b92f8, RBP=0x00007f03fe51e070, RSI=0x00007f03fe51e070, RDI=0x00007f03fe51e070
R8 =0x00000000d14a0cf0, R9 =0x00000000d14a0cf0, R10=0x00007f04310e2695, R11=0x00007f04310e2030
R12=0x0000000000000000, R13=0x00007f043d4b9440, R14=0x00007f043d4b93f0, R15=0x00007f043400a800
RIP=0x00007f04120ffaf0, EFLAGS=0x0000000000010283, CSGSFS=0x0000000000000033, ERR=0x0000000000000000
  TRAPNO=0x000000000000000d

Top of Stack: (sp=0x00007f043d4b92f8)
0x00007f043d4b92f8:   00007f0412100289 00007f043d4b9440
0x00007f043d4b9308:   00007f043d4b93f0 00007f043400a800
0x00007f043d4b9318:   00007f043b65ee7f 00000000f5ff9510
0x00007f043d4b9328:   00007f043d4b93b0 0000000000000000
0x00007f043d4b9338:   00007f0413dae30e 00007f043d4b93c8
0x00007f043d4b9348:   00007f03fe51e070 00007f043d4b93f0
0x00007f043d4b9358:   00007f043400a9d8 00007f043d4b9300
0x00007f043d4b9368:   0000000500000005 00007f043b8a5418
0x00007f043d4b9378:   00007f043400a800 00007f03fef49d48
0x00007f043d4b9388:   0000000000000000 00007f03fe51e070
0x00007f043d4b9398:   00007f03ec12f770 00007f043d4b93d0
0x00007f043d4b93a8:   00000000f5ff9510 00007f043d4b9400
0x00007f043d4b93b8:   00007f04310e2707 0000000000000000
0x00007f043d4b93c8:   00000000bf208040 00000000bf208088
0x00007f043d4b93d8:   00007f04310695c4 0000000000000001
0x00007f043d4b93e8:   00007f043108054c 00000000d14abae0
0x00007f043d4b93f8:   0000000000000019 00007f043d4b9498
0x00007f043d4b9408:   00007f04310e2048 00007f043d4b9498
0x00007f043d4b9418:   00007f04311aff08 00007f043d4b9498
0x00007f043d4b9428:   00007f0431006233 00007f0431006058
0x00007f043d4b9438:   00007f0431006233 00000000bf208040
0x00007f043d4b9448:   00000000bf208088 00000000d14c14e0
0x00007f043d4b9458:   00007f043d4b9458 00000000f5cb5bc2
0x00007f043d4b9468:   00007f043d4b94f8 00000000f5ce6d10
0x00007f043d4b9478:   0000000000000000 00000000f5cb5cb8
0x00007f043d4b9488:   00007f043d4b9440 00007f043d4b9500
0x00007f043d4b9498:   00000000bf203de8 00007f04311d420c
0x00007f043d4b94a8:   00000000bf208040 00000000bf207fc0
0x00007f043d4b94b8:   00000000bf207f48 00000000d291b968
0x00007f043d4b94c8:   00000000bf207e40 0000000000000000
0x00007f043d4b94d8:   00000000c1700178 00000000d14a0cb8
0x00007f043d4b94e8:   00000000c17001d0 00000000bf2007c8 

Instructions: (pc=0x00007f04120ffaf0)
0x00007f04120ffad0:   0f b6 47 61 c3 90 66 2e 0f 1f 84 00 00 00 00 00
0x00007f04120ffae0:   48 8b 17 48 39 d7 74 16 31 c0 66 0f 1f 44 00 00
0x00007f04120ffaf0:   48 8b 12 48 83 c0 01 48 39 d7 75 f4 f3 c3 31 c0
0x00007f04120ffb00:   c3 90 66 66 66 66 66 2e 0f 1f 84 00 00 00 00 00 

Register to memory mapping:

RAX=0x0000000000000002 is an unknown value
RBX=0x00007f043d4b9380 is pointing into the stack for thread: 0x00007f043400a800
RCX=0x00007f03fe51e070 is an unknown value
RDX=0x405c000000000000 is an unknown value
RSP=0x00007f043d4b92f8 is pointing into the stack for thread: 0x00007f043400a800
RBP=0x00007f03fe51e070 is an unknown value
RSI=0x00007f03fe51e070 is an unknown value
RDI=0x00007f03fe51e070 is an unknown value
R8 =0x00000000d14a0cf0 is an oop
[C 
 - klass: {type array char}
 - length: 1
R9 =0x00000000d14a0cf0 is an oop
[C 
 - klass: {type array char}
 - length: 1
R10=0x00007f04310e2695 is at entry_point+85 in (nmethod*)0x00007f04310e24d0
R11=0x00007f04310e2030 is at entry_point+16 in (nmethod*)0x00007f04310e1ed0
R12=0x0000000000000000 is an unknown value
R13=0x00007f043d4b9440 is pointing into the stack for thread: 0x00007f043400a800
R14=0x00007f043d4b93f0 is pointing into the stack for thread: 0x00007f043400a800
R15=0x00007f043400a800 is a thread


Stack: [0x00007f043d3ba000,0x00007f043d4bb000],  sp=0x00007f043d4b92f8,  free space=1020k
Native frames: (J=compiled Java code, j=interpreted, Vv=VM code, C=native code)
C  [libfreeling-3.1.so+0x74af0]  freeling::word::get_n_analysis() const+0x10

Java frames: (J=compiled Java code, j=interpreted, Vv=VM code)
J 217  edu.upc.freeling.freelingJNI.Word_getLemma__SWIG_1(JLedu/upc/freeling/Word;)Ljava/lang/String; (0 bytes) @ 0x00007f04310e2695 [0x00007f04310e2640+0x55]
J 220 C2 edu.upc.freeling.Word.getLemma()Ljava/lang/String; (9 bytes) @ 0x00007f04310e2048 [0x00007f04310e2020+0x28]
j  TaxonDescriptionAnalyzer.tokenLeftmostChild(Ljava/sql/Connection;LTokenParser;Ledu/upc/freeling/TreeDepnode;Ljava/lang/Integer;LTokenParser;)LTokenParser;+106
J 490 C2 TaxonDescriptionAnalyzer.evaluateDepTreeChunkCategory1(Ljava/sql/Connection;ILedu/upc/freeling/TreeDepnode;Ledu/upc/freeling/TreeDepnode;Ljava/lang/Integer;Ljava/lang/Integer;Ljava/lang/Integer;Ljava/lang/Integer;LTokenParser;Ljava/lang/String;Ljava/lang/String;Ljava/lang/String;Ljava/lang/Boolean;Ljava/lang/String;Ljava/lang/String;)V (2211 bytes) @ 0x00007f04311d420c [0x00007f04311cf000+0x520c]
J 490 C2 TaxonDescriptionAnalyzer.evaluateDepTreeChunkCategory1(Ljava/sql/Connection;ILedu/upc/freeling/TreeDepnode;Ledu/upc/freeling/TreeDepnode;Ljava/lang/Integer;Ljava/lang/Integer;Ljava/lang/Integer;Ljava/lang/Integer;LTokenParser;Ljava/lang/String;Ljava/lang/String;Ljava/lang/String;Ljava/lang/Boolean;Ljava/lang/String;Ljava/lang/String;)V (2211 bytes) @ 0x00007f04311d1ab4 [0x00007f04311cf000+0x2ab4]
J 575 C2 TaxonDescriptionAnalyzer.evaluateDependencyTree(Ljava/sql/Connection;Ljava/lang/Integer;Ljava/lang/Integer;Ljava/lang/Integer;Ledu/upc/freeling/ListSentence;Ljava/lang/Integer;Ljava/lang/Boolean;Ljava/lang/String;)V (99 bytes) @ 0x00007f04311fc704 [0x00007f04311fbce0+0xa24]
j  TaxonDescriptionAnalyzer.semanticAnalisys(Ljava/sql/Connection;Ljava/lang/Integer;Ljava/lang/Integer;Ljava/lang/Integer;)V+688
j  TaxonDescriptionAnalyzer.theExperiment(Ljava/sql/Connection;Ljava/lang/Integer;)V+176
j  TaxonDescriptionAnalyzer.main([Ljava/lang/String;)V+9
v  ~StubRoutines::call_stub

---------------  P R O C E S S  ---------------

Java Threads: ( => current thread )
  0x00007f04340a7000 JavaThread "Service Thread" daemon [_thread_blocked, id=4938, stack(0x00007f0438b9f000,0x00007f0438ca0000)]
  0x00007f04340a4800 JavaThread "C2 CompilerThread1" daemon [_thread_blocked, id=4937, stack(0x00007f0438ca0000,0x00007f0438da1000)]
  0x00007f04340a2000 JavaThread "C2 CompilerThread0" daemon [_thread_blocked, id=4936, stack(0x00007f0438da1000,0x00007f0438ea2000)]
  0x00007f04340a0000 JavaThread "Signal Dispatcher" daemon [_thread_blocked, id=4935, stack(0x00007f0438ea2000,0x00007f0438fa3000)]
  0x00007f0434072800 JavaThread "Finalizer" daemon [_thread_blocked, id=4932, stack(0x00007f0439685000,0x00007f0439786000)]
  0x00007f0434070800 JavaThread "Reference Handler" daemon [_thread_blocked, id=4931, stack(0x00007f0439786000,0x00007f0439887000)]
=>0x00007f043400a800 JavaThread "main" [_thread_in_native, id=4924, stack(0x00007f043d3ba000,0x00007f043d4bb000)]

Other Threads:
  0x00007f043406c000 VMThread [stack: 0x00007f0439887000,0x00007f0439988000] [id=4930]
  0x00007f04340b2000 WatcherThread [stack: 0x00007f0438a9e000,0x00007f0438b9f000] [id=4939]

VM state:not at safepoint (normal execution)

VM Mutex/Monitor currently owned by a thread: None

Heap
 def new generation   total 37888K, used 4838K [0x00000000bf200000, 0x00000000c1b10000, 0x00000000d14a0000)
  eden space 33728K,   2% used [0x00000000bf200000, 0x00000000bf2a9b18, 0x00000000c12f0000)
  from space 4160K,  99% used [0x00000000c1700000, 0x00000000c1b0fff8, 0x00000000c1b10000)
  to   space 4160K,   0% used [0x00000000c12f0000, 0x00000000c12f0000, 0x00000000c1700000)
 tenured generation   total 84032K, used 42125K [0x00000000d14a0000, 0x00000000d66b0000, 0x00000000f5a00000)
   the space 84032K,  50% used [0x00000000d14a0000, 0x00000000d3dc3680, 0x00000000d3dc3800, 0x00000000d66b0000)
 compacting perm gen  total 21248K, used 7053K [0x00000000f5a00000, 0x00000000f6ec0000, 0x0000000100000000)
   the space 21248K,  33% used [0x00000000f5a00000, 0x00000000f60e3718, 0x00000000f60e3800, 0x00000000f6ec0000)
No shared spaces configured.

Card table byte_map: [0x00007f0439df2000,0x00007f0439ffa000] byte_map_base: 0x00007f04397f9000

Polling page: 0x00007f043d4d4000

Code Cache  [0x00007f0431000000, 0x00007f0431270000, 0x00007f0434000000)
 total_blobs=829 nmethods=540 adapters=243 free_code_cache=47080Kb largest_free_block=48127424

Compilation events (10 events):
Event: 3260.676 Thread 0x00007f04340a4800  573             java.util.regex.ASCII::getType (17 bytes)
Event: 3260.677 Thread 0x00007f04340a4800 nmethod 573 0x00007f043110e310 code [0x00007f043110e440, 0x00007f043110e4b8]
Event: 3281.589 Thread 0x00007f04340a4800  574             java.util.regex.Pattern$Ctype::isSatisfiedBy (24 bytes)
Event: 3281.590 Thread 0x00007f04340a4800 nmethod 574 0x00007f04311cbc10 code [0x00007f04311cbd40, 0x00007f04311cbdd8]
Event: 3319.239 Thread 0x00007f04340a2000  575             TaxonDescriptionAnalyzer::evaluateDependencyTree (99 bytes)
Event: 3319.344 Thread 0x00007f04340a2000 nmethod 575 0x00007f04311fba10 code [0x00007f04311fbce0, 0x00007f04311fd1c8]
Event: 3319.598 Thread 0x00007f04340a4800  576   !         org.postgresql.jdbc2.TimestampUtils::loadCalendar (860 bytes)
Event: 3319.826 Thread 0x00007f04340a4800 nmethod 576 0x00007f0431213210 code [0x00007f0431213620, 0x00007f04312173a0]
Event: 3326.634 Thread 0x00007f04340a2000  577   !         TextDatabase::getUsePreviousAssignedStructureIndicator (54 bytes)
Event: 3326.665 Thread 0x00007f04340a2000 nmethod 577 0x00007f04310a3f10 code [0x00007f04310a4120, 0x00007f04310a4830]

GC Heap History (10 events):
Event: 3244.460 GC heap before
{Heap before GC invocations=92 (full 15):
 def new generation   total 37888K, used 37887K [0x00000000bf200000, 0x00000000c1b10000, 0x00000000d14a0000)
  eden space 33728K, 100% used [0x00000000bf200000, 0x00000000c12f0000, 0x00000000c12f0000)
  from space 4160K,  99% used [0x00000000c12f0000, 0x00000000c16ffff8, 0x00000000c1700000)
  to   space 4160K,   0% used [0x00000000c1700000, 0x00000000c1700000, 0x00000000c1b10000)
 tenured generation   total 84032K, used 51786K [0x00000000d14a0000, 0x00000000d66b0000, 0x00000000f5a00000)
   the space 84032K,  61% used [0x00000000d14a0000, 0x00000000d4732b68, 0x00000000d4732c00, 0x00000000d66b0000)
 compacting perm gen  total 21248K, used 7051K [0x00000000f5a00000, 0x00000000f6ec0000, 0x0000000100000000)
   the space 21248K,  33% used [0x00000000f5a00000, 0x00000000f60e2e80, 0x00000000f60e3000, 0x00000000f6ec0000)
No shared spaces configured.
Event: 3244.505 GC heap after
Heap after GC invocations=93 (full 15):
 def new generation   total 37888K, used 4159K [0x00000000bf200000, 0x00000000c1b10000, 0x00000000d14a0000)
  eden space 33728K,   0% used [0x00000000bf200000, 0x00000000bf200000, 0x00000000c12f0000)
  from space 4160K,  99% used [0x00000000c1700000, 0x00000000c1b0fff8, 0x00000000c1b10000)
  to   space 4160K,   0% used [0x00000000c12f0000, 0x00000000c12f0000, 0x00000000c1700000)
 tenured generation   total 84032K, used 60205K [0x00000000d14a0000, 0x00000000d66b0000, 0x00000000f5a00000)
   the space 84032K,  71% used [0x00000000d14a0000, 0x00000000d4f6b420, 0x00000000d4f6b600, 0x00000000d66b0000)
 compacting perm gen  total 21248K, used 7051K [0x00000000f5a00000, 0x00000000f6ec0000, 0x0000000100000000)
   the space 21248K,  33% used [0x00000000f5a00000, 0x00000000f60e2e80, 0x00000000f60e3000, 0x00000000f6ec0000)
No shared spaces configured.
}
Event: 3271.657 GC heap before
{Heap before GC invocations=93 (full 15):
 def new generation   total 37888K, used 37887K [0x00000000bf200000, 0x00000000c1b10000, 0x00000000d14a0000)
  eden space 33728K, 100% used [0x00000000bf200000, 0x00000000c12f0000, 0x00000000c12f0000)
  from space 4160K,  99% used [0x00000000c1700000, 0x00000000c1b0fff8, 0x00000000c1b10000)
  to   space 4160K,   0% used [0x00000000c12f0000, 0x00000000c12f0000, 0x00000000c1700000)
 tenured generation   total 84032K, used 60205K [0x00000000d14a0000, 0x00000000d66b0000, 0x00000000f5a00000)
   the space 84032K,  71% used [0x00000000d14a0000, 0x00000000d4f6b420, 0x00000000d4f6b600, 0x00000000d66b0000)
 compacting perm gen  total 21248K, used 7052K [0x00000000f5a00000, 0x00000000f6ec0000, 0x0000000100000000)
   the space 21248K,  33% used [0x00000000f5a00000, 0x00000000f60e32c8, 0x00000000f60e3400, 0x00000000f6ec0000)
No shared spaces configured.
Event: 3271.698 GC heap after
Heap after GC invocations=94 (full 15):
 def new generation   total 37888K, used 4159K [0x00000000bf200000, 0x00000000c1b10000, 0x00000000d14a0000)
  eden space 33728K,   0% used [0x00000000bf200000, 0x00000000bf200000, 0x00000000c12f0000)
  from space 4160K,  99% used [0x00000000c12f0000, 0x00000000c16ffff8, 0x00000000c1700000)
  to   space 4160K,   0% used [0x00000000c1700000, 0x00000000c1700000, 0x00000000c1b10000)
 tenured generation   total 84032K, used 68648K [0x00000000d14a0000, 0x00000000d66b0000, 0x00000000f5a00000)
   the space 84032K,  81% used [0x00000000d14a0000, 0x00000000d57aa240, 0x00000000d57aa400, 0x00000000d66b0000)
 compacting perm gen  total 21248K, used 7052K [0x00000000f5a00000, 0x00000000f6ec0000, 0x0000000100000000)
   the space 21248K,  33% used [0x00000000f5a00000, 0x00000000f60e32c8, 0x00000000f60e3400, 0x00000000f6ec0000)
No shared spaces configured.
}
Event: 3298.657 GC heap before
{Heap before GC invocations=94 (full 15):
 def new generation   total 37888K, used 37887K [0x00000000bf200000, 0x00000000c1b10000, 0x00000000d14a0000)
  eden space 33728K, 100% used [0x00000000bf200000, 0x00000000c12f0000, 0x00000000c12f0000)
  from space 4160K,  99% used [0x00000000c12f0000, 0x00000000c16ffff8, 0x00000000c1700000)
  to   space 4160K,   0% used [0x00000000c1700000, 0x00000000c1700000, 0x00000000c1b10000)
 tenured generation   total 84032K, used 68648K [0x00000000d14a0000, 0x00000000d66b0000, 0x00000000f5a00000)
   the space 84032K,  81% used [0x00000000d14a0000, 0x00000000d57aa240, 0x00000000d57aa400, 0x00000000d66b0000)
 compacting perm gen  total 21248K, used 7053K [0x00000000f5a00000, 0x00000000f6ec0000, 0x0000000100000000)
   the space 21248K,  33% used [0x00000000f5a00000, 0x00000000f60e34a0, 0x00000000f60e3600, 0x00000000f6ec0000)
No shared spaces configured.
Event: 3298.692 GC heap after
Heap after GC invocations=95 (full 15):
 def new generation   total 37888K, used 4160K [0x00000000bf200000, 0x00000000c1b10000, 0x00000000d14a0000)
  eden space 33728K,   0% used [0x00000000bf200000, 0x00000000bf200000, 0x00000000c12f0000)
  from space 4160K, 100% used [0x00000000c1700000, 0x00000000c1b10000, 0x00000000c1b10000)
  to   space 4160K,   0% used [0x00000000c12f0000, 0x00000000c12f0000, 0x00000000c1700000)
 tenured generation   total 84032K, used 77002K [0x00000000d14a0000, 0x00000000d66b0000, 0x00000000f5a00000)
   the space 84032K,  91% used [0x00000000d14a0000, 0x00000000d5fd2a10, 0x00000000d5fd2c00, 0x00000000d66b0000)
 compacting perm gen  total 21248K, used 7053K [0x00000000f5a00000, 0x00000000f6ec0000, 0x0000000100000000)
   the space 21248K,  33% used [0x00000000f5a00000, 0x00000000f60e34a0, 0x00000000f60e3600, 0x00000000f6ec0000)
No shared spaces configured.
}
Event: 3326.998 GC heap before
{Heap before GC invocations=95 (full 15):
 def new generation   total 37888K, used 37888K [0x00000000bf200000, 0x00000000c1b10000, 0x00000000d14a0000)
  eden space 33728K, 100% used [0x00000000bf200000, 0x00000000c12f0000, 0x00000000c12f0000)
  from space 4160K, 100% used [0x00000000c1700000, 0x00000000c1b10000, 0x00000000c1b10000)
  to   space 4160K,   0% used [0x00000000c12f0000, 0x00000000c12f0000, 0x00000000c1700000)
 tenured generation   total 84032K, used 77002K [0x00000000d14a0000, 0x00000000d66b0000, 0x00000000f5a00000)
   the space 84032K,  91% used [0x00000000d14a0000, 0x00000000d5fd2a10, 0x00000000d5fd2c00, 0x00000000d66b0000)
 compacting perm gen  total 21248K, used 7053K [0x00000000f5a00000, 0x00000000f6ec0000, 0x0000000100000000)
   the space 21248K,  33% used [0x00000000f5a00000, 0x00000000f60e3758, 0x00000000f60e3800, 0x00000000f6ec0000)
No shared spaces configured.
Event: 3327.173 GC heap after
Heap after GC invocations=96 (full 16):
 def new generation   total 37888K, used 0K [0x00000000bf200000, 0x00000000c1b10000, 0x00000000d14a0000)
  eden space 33728K,   0% used [0x00000000bf200000, 0x00000000bf200000, 0x00000000c12f0000)
  from space 4160K,   0% used [0x00000000c12f0000, 0x00000000c12f0000, 0x00000000c1700000)
  to   space 4160K,   0% used [0x00000000c1700000, 0x00000000c1700000, 0x00000000c1b10000)
 tenured generation   total 84032K, used 34036K [0x00000000d14a0000, 0x00000000d66b0000, 0x00000000f5a00000)
   the space 84032K,  40% used [0x00000000d14a0000, 0x00000000d35dd310, 0x00000000d35dd400, 0x00000000d66b0000)
 compacting perm gen  total 21248K, used 7053K [0x00000000f5a00000, 0x00000000f6ec0000, 0x0000000100000000)
   the space 21248K,  33% used [0x00000000f5a00000, 0x00000000f60e3718, 0x00000000f60e3800, 0x00000000f6ec0000)
No shared spaces configured.
}
Event: 3355.258 GC heap before
{Heap before GC invocations=96 (full 16):
 def new generation   total 37888K, used 33728K [0x00000000bf200000, 0x00000000c1b10000, 0x00000000d14a0000)
  eden space 33728K, 100% used [0x00000000bf200000, 0x00000000c12f0000, 0x00000000c12f0000)
  from space 4160K,   0% used [0x00000000c12f0000, 0x00000000c12f0000, 0x00000000c1700000)
  to   space 4160K,   0% used [0x00000000c1700000, 0x00000000c1700000, 0x00000000c1b10000)
 tenured generation   total 84032K, used 34036K [0x00000000d14a0000, 0x00000000d66b0000, 0x00000000f5a00000)
   the space 84032K,  40% used [0x00000000d14a0000, 0x00000000d35dd310, 0x00000000d35dd400, 0x00000000d66b0000)
 compacting perm gen  total 21248K, used 7053K [0x00000000f5a00000, 0x00000000f6ec0000, 0x0000000100000000)
   the space 21248K,  33% used [0x00000000f5a00000, 0x00000000f60e3718, 0x00000000f60e3800, 0x00000000f6ec0000)
No shared spaces configured.
Event: 3355.301 GC heap after
Heap after GC invocations=97 (full 16):
 def new generation   total 37888K, used 4159K [0x00000000bf200000, 0x00000000c1b10000, 0x00000000d14a0000)
  eden space 33728K,   0% used [0x00000000bf200000, 0x00000000bf200000, 0x00000000c12f0000)
  from space 4160K,  99% used [0x00000000c1700000, 0x00000000c1b0fff8, 0x00000000c1b10000)
  to   space 4160K,   0% used [0x00000000c12f0000, 0x00000000c12f0000, 0x00000000c1700000)
 tenured generation   total 84032K, used 42125K [0x00000000d14a0000, 0x00000000d66b0000, 0x00000000f5a00000)
   the space 84032K,  50% used [0x00000000d14a0000, 0x00000000d3dc3680, 0x00000000d3dc3800, 0x00000000d66b0000)
 compacting perm gen  total 21248K, used 7053K [0x00000000f5a00000, 0x00000000f6ec0000, 0x0000000100000000)
   the space 21248K,  33% used [0x00000000f5a00000, 0x00000000f60e3718, 0x00000000f60e3800, 0x00000000f6ec0000)
No shared spaces configured.
}

Deoptimization events (10 events):
Event: 2342.859 Thread 0x00007f043400a800 Uncommon trap: reason=bimorphic action=maybe_recompile pc=0x00007f043108f740 method=java.lang.String.valueOf(Ljava/lang/Object;)Ljava/lang/String; @ 10
Event: 2342.859 Thread 0x00007f043400a800 Uncommon trap: reason=bimorphic action=maybe_recompile pc=0x00007f043108f740 method=java.lang.String.valueOf(Ljava/lang/Object;)Ljava/lang/String; @ 10
Event: 2342.860 Thread 0x00007f043400a800 Uncommon trap: reason=unreached action=reinterpret pc=0x00007f04310a481c method=org.postgresql.jdbc2.AbstractJdbc2Statement$StatementResultHandler.handleCompletion()V @ 4
Event: 2342.862 Thread 0x00007f043400a800 Uncommon trap: reason=bimorphic action=maybe_recompile pc=0x00007f043108f740 method=java.lang.String.valueOf(Ljava/lang/Object;)Ljava/lang/String; @ 10
Event: 2342.862 Thread 0x00007f043400a800 Uncommon trap: reason=bimorphic action=maybe_recompile pc=0x00007f043108f740 method=java.lang.String.valueOf(Ljava/lang/Object;)Ljava/lang/String; @ 10
Event: 2343.189 Thread 0x00007f043400a800 Uncommon trap: reason=unreached action=reinterpret pc=0x00007f043111a284 method=org.postgresql.jdbc2.AbstractJdbc2Statement$StatementResultHandler.handleCompletion()V @ 4
Event: 2537.661 Thread 0x00007f043400a800 Uncommon trap: reason=array_check action=maybe_recompile pc=0x00007f04310b43ac method=java.util.AbstractCollection.toArray([Ljava/lang/Object;)[Ljava/lang/Object; @ 119
Event: 2537.895 Thread 0x00007f043400a800 Uncommon trap: reason=array_check action=maybe_recompile pc=0x00007f04310b43ac method=java.util.AbstractCollection.toArray([Ljava/lang/Object;)[Ljava/lang/Object; @ 119
Event: 2537.911 Thread 0x00007f043400a800 Uncommon trap: reason=array_check action=maybe_recompile pc=0x00007f04310b43ac method=java.util.AbstractCollection.toArray([Ljava/lang/Object;)[Ljava/lang/Object; @ 119
Event: 2538.296 Thread 0x00007f043400a800 Uncommon trap: reason=array_check action=maybe_recompile pc=0x00007f04310b43ac method=java.util.AbstractCollection.toArray([Ljava/lang/Object;)[Ljava/lang/Object; @ 119

Internal exceptions (10 events):
Event: 2332.056 Thread 0x00007f043400a800 Implicit null exception at 0x00007f043111b566 to 0x00007f043111b971
Event: 2342.850 Thread 0x00007f043400a800 Threw 0x00000000bfe5d8a8 at /build/buildd/openjdk-7-7u71-2.5.3/build/openjdk/hotspot/src/share/vm/prims/jvm.cpp:1284
Event: 2342.851 Thread 0x00007f043400a800 Threw 0x00000000bfe65518 at /build/buildd/openjdk-7-7u71-2.5.3/build/openjdk/hotspot/src/share/vm/prims/jvm.cpp:1284
Event: 2342.858 Thread 0x00007f043400a800 Threw 0x00000000bfe69b20 at /build/buildd/openjdk-7-7u71-2.5.3/build/openjdk/hotspot/src/share/vm/prims/jvm.cpp:1284
Event: 2342.858 Thread 0x00007f043400a800 Threw 0x00000000bfe6b800 at /build/buildd/openjdk-7-7u71-2.5.3/build/openjdk/hotspot/src/share/vm/prims/jvm.cpp:1284
Event: 2342.859 Thread 0x00007f043400a800 Threw 0x00000000bfe6efe0 at /build/buildd/openjdk-7-7u71-2.5.3/build/openjdk/hotspot/src/share/vm/prims/jvm.cpp:1284
Event: 2342.859 Thread 0x00007f043400a800 Threw 0x00000000bfe70eb8 at /build/buildd/openjdk-7-7u71-2.5.3/build/openjdk/hotspot/src/share/vm/prims/jvm.cpp:1284
Event: 2342.859 Thread 0x00007f043400a800 Threw 0x00000000bfe749b8 at /build/buildd/openjdk-7-7u71-2.5.3/build/openjdk/hotspot/src/share/vm/prims/jvm.cpp:1284
Event: 2342.859 Thread 0x00007f043400a800 Threw 0x00000000bfe76988 at /build/buildd/openjdk-7-7u71-2.5.3/build/openjdk/hotspot/src/share/vm/prims/jvm.cpp:1284
Event: 2342.860 Thread 0x00007f043400a800 Threw 0x00000000bfe7b748 at /build/buildd/openjdk-7-7u71-2.5.3/build/openjdk/hotspot/src/share/vm/prims/jvm.cpp:1284

Events (10 events):
Event: 3244.460 Executing VM operation: GenCollectForAllocation
Event: 3244.505 Executing VM operation: GenCollectForAllocation done
Event: 3271.656 Executing VM operation: GenCollectForAllocation
Event: 3271.698 Executing VM operation: GenCollectForAllocation done
Event: 3298.657 Executing VM operation: GenCollectForAllocation
Event: 3298.692 Executing VM operation: GenCollectForAllocation done
Event: 3326.997 Executing VM operation: GenCollectForAllocation
Event: 3327.173 Executing VM operation: GenCollectForAllocation done
Event: 3355.258 Executing VM operation: GenCollectForAllocation
Event: 3355.301 Executing VM operation: GenCollectForAllocation done


Dynamic libraries:
00400000-00401000 r-xp 00000000 08:01 451179                             /usr/lib/jvm/java-7-openjdk-amd64/jre/bin/java
00600000-00601000 r--p 00000000 08:01 451179                             /usr/lib/jvm/java-7-openjdk-amd64/jre/bin/java
00601000-00602000 rw-p 00001000 08:01 451179                             /usr/lib/jvm/java-7-openjdk-amd64/jre/bin/java
008a6000-00a26000 rw-p 00000000 00:00 0                                  [heap]
bf200000-c1b10000 rw-p 00000000 00:00 0 
c1b10000-d14a0000 rw-p 00000000 00:00 0 
d14a0000-d66b0000 rw-p 00000000 00:00 0 
d66b0000-d6bf0000 ---p 00000000 00:00 0 
d6bf0000-f5a00000 rw-p 00000000 00:00 0 
f5a00000-f6ec0000 rw-p 00000000 00:00 0 
f6ec0000-100000000 rw-p 00000000 00:00 0 
7f03d8000000-7f03db8c9000 rw-p 00000000 00:00 0 
7f03db8c9000-7f03dc000000 ---p 00000000 00:00 0 
7f03e0000000-7f03e8000000 rw-p 00000000 00:00 0 
7f03e8000000-7f03efffe000 rw-p 00000000 00:00 0 
7f03efffe000-7f03f0000000 ---p 00000000 00:00 0 
7f03f0000000-7f03f3ffe000 rw-p 00000000 00:00 0 
7f03f3ffe000-7f03f4000000 ---p 00000000 00:00 0 
7f03f8000000-7f0400000000 rw-p 00000000 00:00 0 
7f0400000000-7f0408000000 rw-p 00000000 00:00 0 
7f0408000000-7f040c000000 rw-p 00000000 00:00 0 
7f040fd96000-7f0411402000 r-xp 00000000 08:01 11065                      /usr/lib/x86_64-linux-gnu/libicudata.so.52.1
7f0411402000-7f0411601000 ---p 0166c000 08:01 11065                      /usr/lib/x86_64-linux-gnu/libicudata.so.52.1
7f0411601000-7f0411602000 r--p 0166b000 08:01 11065                      /usr/lib/x86_64-linux-gnu/libicudata.so.52.1
7f0411602000-7f0411603000 rw-p 0166c000 08:01 11065                      /usr/lib/x86_64-linux-gnu/libicudata.so.52.1
7f0411603000-7f04117fc000 r-xp 00000000 08:01 11067                      /usr/lib/x86_64-linux-gnu/libicui18n.so.52.1
7f04117fc000-7f04119fc000 ---p 001f9000 08:01 11067                      /usr/lib/x86_64-linux-gnu/libicui18n.so.52.1
7f04119fc000-7f0411a09000 r--p 001f9000 08:01 11067                      /usr/lib/x86_64-linux-gnu/libicui18n.so.52.1
7f0411a09000-7f0411a0a000 rw-p 00206000 08:01 11067                      /usr/lib/x86_64-linux-gnu/libicui18n.so.52.1
7f0411a0a000-7f0411a0b000 rw-p 00000000 00:00 0 
7f0411a0b000-7f0411b6f000 r-xp 00000000 08:01 11079                      /usr/lib/x86_64-linux-gnu/libicuuc.so.52.1
7f0411b6f000-7f0411d6e000 ---p 00164000 08:01 11079                      /usr/lib/x86_64-linux-gnu/libicuuc.so.52.1
7f0411d6e000-7f0411d7f000 r--p 00163000 08:01 11079                      /usr/lib/x86_64-linux-gnu/libicuuc.so.52.1
7f0411d7f000-7f0411d80000 rw-p 00174000 08:01 11079                      /usr/lib/x86_64-linux-gnu/libicuuc.so.52.1
7f0411d80000-7f0411d84000 rw-p 00000000 00:00 0 
7f0411d84000-7f0411e85000 r-xp 00000000 08:01 1126                       /usr/lib/x86_64-linux-gnu/libboost_regex.so.1.54.0
7f0411e85000-7f0412084000 ---p 00101000 08:01 1126                       /usr/lib/x86_64-linux-gnu/libboost_regex.so.1.54.0
7f0412084000-7f0412089000 r--p 00100000 08:01 1126                       /usr/lib/x86_64-linux-gnu/libboost_regex.so.1.54.0
7f0412089000-7f041208a000 rw-p 00105000 08:01 1126                       /usr/lib/x86_64-linux-gnu/libboost_regex.so.1.54.0
7f041208a000-7f041208b000 rw-p 00000000 00:00 0 
7f041208b000-7f041231d000 r-xp 00000000 08:01 450063                     /usr/local/lib/libfreeling-3.1.so
7f041231d000-7f041251d000 ---p 00292000 08:01 450063                     /usr/local/lib/libfreeling-3.1.so
7f041251d000-7f0412522000 r--p 00292000 08:01 450063                     /usr/local/lib/libfreeling-3.1.so
7f0412522000-7f0412526000 rw-p 00297000 08:01 450063                     /usr/local/lib/libfreeling-3.1.so
7f0412526000-7f0413d3e000 rw-p 00000000 00:00 0 
7f0413d3e000-7f0413dfc000 r-xp 00000000 08:01 313559                     /pkg/freeling-3.1/APIs/java/libfreeling_javaAPI.so
7f0413dfc000-7f0413ffb000 ---p 000be000 08:01 313559                     /pkg/freeling-3.1/APIs/java/libfreeling_javaAPI.so
7f0413ffb000-7f0413ffc000 r--p 000bd000 08:01 313559                     /pkg/freeling-3.1/APIs/java/libfreeling_javaAPI.so
7f0413ffc000-7f0414000000 rw-p 000be000 08:01 313559                     /pkg/freeling-3.1/APIs/java/libfreeling_javaAPI.so
7f0414000000-7f0416b7c000 rw-p 00000000 00:00 0 
7f0416b7c000-7f0418000000 ---p 00000000 00:00 0 
7f0418000000-7f0418021000 rw-p 00000000 00:00 0 
7f0418021000-7f041c000000 ---p 00000000 00:00 0 
7f041c000000-7f041c021000 rw-p 00000000 00:00 0 
7f041c021000-7f0420000000 ---p 00000000 00:00 0 
7f0420000000-7f0421591000 rw-p 00000000 00:00 0 
7f0421591000-7f0424000000 ---p 00000000 00:00 0 
7f0424000000-7f0424021000 rw-p 00000000 00:00 0 
7f0424021000-7f0428000000 ---p 00000000 00:00 0 
7f0428000000-7f04280b4000 rw-p 00000000 00:00 0 
7f04280b4000-7f042c000000 ---p 00000000 00:00 0 
7f042c000000-7f042c28b000 rw-p 00000000 00:00 0 
7f042c28b000-7f0430000000 ---p 00000000 00:00 0 
7f043006c000-7f043006f000 r-xp 00000000 08:01 10627                      /usr/lib/x86_64-linux-gnu/libboost_system.so.1.54.0
7f043006f000-7f043026e000 ---p 00003000 08:01 10627                      /usr/lib/x86_64-linux-gnu/libboost_system.so.1.54.0
7f043026e000-7f043026f000 r--p 00002000 08:01 10627                      /usr/lib/x86_64-linux-gnu/libboost_system.so.1.54.0
7f043026f000-7f0430270000 rw-p 00003000 08:01 10627                      /usr/lib/x86_64-linux-gnu/libboost_system.so.1.54.0
7f0430270000-7f04302ad000 r-xp 00000000 08:01 398443                     /lib/x86_64-linux-gnu/libpcre.so.3.13.1
7f04302ad000-7f04304ac000 ---p 0003d000 08:01 398443                     /lib/x86_64-linux-gnu/libpcre.so.3.13.1
7f04304ac000-7f04304ad000 r--p 0003c000 08:01 398443                     /lib/x86_64-linux-gnu/libpcre.so.3.13.1
7f04304ad000-7f04304ae000 rw-p 0003d000 08:01 398443                     /lib/x86_64-linux-gnu/libpcre.so.3.13.1
7f04304ae000-7f04304b5000 r-xp 00000000 08:01 10785                      /usr/lib/x86_64-linux-gnu/libffi.so.6.0.1
7f04304b5000-7f04306b4000 ---p 00007000 08:01 10785                      /usr/lib/x86_64-linux-gnu/libffi.so.6.0.1
7f04306b4000-7f04306b5000 r--p 00006000 08:01 10785                      /usr/lib/x86_64-linux-gnu/libffi.so.6.0.1
7f04306b5000-7f04306b6000 rw-p 00007000 08:01 10785                      /usr/lib/x86_64-linux-gnu/libffi.so.6.0.1
7f04306b6000-7f04306cd000 r-xp 00000000 08:01 400113                     /lib/x86_64-linux-gnu/libresolv-2.19.so
7f04306cd000-7f04308cd000 ---p 00017000 08:01 400113                     /lib/x86_64-linux-gnu/libresolv-2.19.so
7f04308cd000-7f04308ce000 r--p 00017000 08:01 400113                     /lib/x86_64-linux-gnu/libresolv-2.19.so
7f04308ce000-7f04308cf000 rw-p 00018000 08:01 400113                     /lib/x86_64-linux-gnu/libresolv-2.19.so
7f04308cf000-7f04308d1000 rw-p 00000000 00:00 0 
7f04308d1000-7f04308f1000 r-xp 00000000 08:01 398470                     /lib/x86_64-linux-gnu/libselinux.so.1
7f04308f1000-7f0430af0000 ---p 00020000 08:01 398470                     /lib/x86_64-linux-gnu/libselinux.so.1
7f0430af0000-7f0430af1000 r--p 0001f000 08:01 398470                     /lib/x86_64-linux-gnu/libselinux.so.1
7f0430af1000-7f0430af2000 rw-p 00020000 08:01 398470                     /lib/x86_64-linux-gnu/libselinux.so.1
7f0430af2000-7f0430af4000 rw-p 00000000 00:00 0 
7f0430af4000-7f0430af7000 r-xp 00000000 08:01 3202                       /usr/lib/x86_64-linux-gnu/libgmodule-2.0.so.0.4002.0
7f0430af7000-7f0430cf6000 ---p 00003000 08:01 3202                       /usr/lib/x86_64-linux-gnu/libgmodule-2.0.so.0.4002.0
7f0430cf6000-7f0430cf7000 r--p 00002000 08:01 3202                       /usr/lib/x86_64-linux-gnu/libgmodule-2.0.so.0.4002.0
7f0430cf7000-7f0430cf8000 rw-p 00003000 08:01 3202                       /usr/lib/x86_64-linux-gnu/libgmodule-2.0.so.0.4002.0
7f0430cf8000-7f0430dfe000 r-xp 00000000 08:01 398974                     /lib/x86_64-linux-gnu/libglib-2.0.so.0.4002.0
7f0430dfe000-7f0430ffd000 ---p 00106000 08:01 398974                     /lib/x86_64-linux-gnu/libglib-2.0.so.0.4002.0
7f0430ffd000-7f0430ffe000 r--p 00105000 08:01 398974                     /lib/x86_64-linux-gnu/libglib-2.0.so.0.4002.0
7f0430ffe000-7f0430fff000 rw-p 00106000 08:01 398974                     /lib/x86_64-linux-gnu/libglib-2.0.so.0.4002.0
7f0430fff000-7f0431000000 rw-p 00000000 00:00 0 
7f0431000000-7f0431270000 rwxp 00000000 00:00 0 
7f0431270000-7f0438000000 rw-p 00000000 00:00 0 
7f043800a000-7f043800d000 ---p 00000000 00:00 0 
7f043800d000-7f0438043000 rw-p 00000000 00:00 0 
7f0438043000-7f043804a000 r--s 00000000 08:01 162543                     /usr/lib/x86_64-linux-gnu/gconv/gconv-modules.cache
7f043804a000-7f043804f000 r--s 0004c000 08:01 437947                     /usr/lib/jvm/java-7-openjdk-amd64/jre/lib/jsse.jar
7f043804f000-7f043805c000 r--s 000a3000 08:01 67645                      /home/mmora/workspace/TextProcessing/lib/httpcomponents-client-4.4/lib/httpclient-4.4.jar
7f043805c000-7f043808d000 rw-p 00000000 00:00 0 
7f043808d000-7f04380dc000 r-xp 00000000 08:01 3203                       /usr/lib/x86_64-linux-gnu/libgobject-2.0.so.0.4002.0
7f04380dc000-7f04382dc000 ---p 0004f000 08:01 3203                       /usr/lib/x86_64-linux-gnu/libgobject-2.0.so.0.4002.0
7f04382dc000-7f04382dd000 r--p 0004f000 08:01 3203                       /usr/lib/x86_64-linux-gnu/libgobject-2.0.so.0.4002.0
7f04382dd000-7f04382de000 rw-p 00050000 08:01 3203                       /usr/lib/x86_64-linux-gnu/libgobject-2.0.so.0.4002.0
7f04382de000-7f043844a000 r-xp 00000000 08:01 3205                       /usr/lib/x86_64-linux-gnu/libgio-2.0.so.0.4002.0
7f043844a000-7f0438649000 ---p 0016c000 08:01 3205                       /usr/lib/x86_64-linux-gnu/libgio-2.0.so.0.4002.0
7f0438649000-7f043864d000 r--p 0016b000 08:01 3205                       /usr/lib/x86_64-linux-gnu/libgio-2.0.so.0.4002.0
7f043864d000-7f043864f000 rw-p 0016f000 08:01 3205                       /usr/lib/x86_64-linux-gnu/libgio-2.0.so.0.4002.0
7f043864f000-7f0438651000 rw-p 00000000 00:00 0 
7f0438652000-7f0438654000 r--s 0000e000 08:01 67651                      /home/mmora/workspace/TextProcessing/lib/httpcomponents-client-4.4/lib/commons-logging-1.2.jar
7f0438654000-7f043865b000 r--s 0003a000 08:01 67652                      /home/mmora/workspace/TextProcessing/lib/httpcomponents-client-4.4/lib/commons-codec-1.9.jar
7f043865b000-7f0438662000 r--s 00048000 08:01 67650                      /home/mmora/workspace/TextProcessing/lib/httpcomponents-client-4.4/lib/httpcore-4.4.jar
7f0438662000-7f0438664000 r--s 00007000 08:01 64607                      /home/mmora/workspace/TextProcessing/lib/google-api-translate-java-0.97.jar
7f0438664000-7f0438666000 r--s 0000a000 08:01 131110                     /home/mmora/workspace/TextProcessing/lib/json-20090211.jar
7f0438666000-7f043867d000 r-xp 00000000 08:01 437907                     /usr/lib/jvm/java-7-openjdk-amd64/jre/lib/amd64/libnet.so
7f043867d000-7f043887c000 ---p 00017000 08:01 437907                     /usr/lib/jvm/java-7-openjdk-amd64/jre/lib/amd64/libnet.so
7f043887c000-7f043887d000 r--p 00016000 08:01 437907                     /usr/lib/jvm/java-7-openjdk-amd64/jre/lib/amd64/libnet.so
7f043887d000-7f043887e000 rw-p 00017000 08:01 437907                     /usr/lib/jvm/java-7-openjdk-amd64/jre/lib/amd64/libnet.so
7f043887e000-7f043888e000 r-xp 00000000 08:01 437922                     /usr/lib/jvm/java-7-openjdk-amd64/jre/lib/amd64/libnio.so
7f043888e000-7f0438a8e000 ---p 00010000 08:01 437922                     /usr/lib/jvm/java-7-openjdk-amd64/jre/lib/amd64/libnio.so
7f0438a8e000-7f0438a8f000 r--p 00010000 08:01 437922                     /usr/lib/jvm/java-7-openjdk-amd64/jre/lib/amd64/libnio.so
7f0438a8f000-7f0438a90000 rw-p 00011000 08:01 437922                     /usr/lib/jvm/java-7-openjdk-amd64/jre/lib/amd64/libnio.so
7f0438a90000-7f0438a94000 r--s 00021000 08:01 313639                     /pkg/freeling-3.1/APIs/java/freeling.jar
7f0438a94000-7f0438a9b000 r--s 0008a000 08:01 27983                      /home/mmora/workspace/TextProcessing/lib/postgresql-9.3-1102.jdbc41.jar
7f0438a9b000-7f0438a9e000 r--s 00014000 08:01 27982                      /home/mmora/workspace/TextProcessing/lib/opennlp-uima-1.5.3.jar
7f0438a9e000-7f0438a9f000 ---p 00000000 00:00 0 
7f0438a9f000-7f0438b9f000 rw-p 00000000 00:00 0                          [stack:4939]
7f0438b9f000-7f0438ba2000 ---p 00000000 00:00 0 
7f0438ba2000-7f0438ca0000 rw-p 00000000 00:00 0                          [stack:4938]
7f0438ca0000-7f0438ca3000 ---p 00000000 00:00 0 
7f0438ca3000-7f0438da1000 rw-p 00000000 00:00 0                          [stack:4937]
7f0438da1000-7f0438da4000 ---p 00000000 00:00 0 
7f0438da4000-7f0438ea2000 rw-p 00000000 00:00 0                          [stack:4936]
7f0438ea2000-7f0438ea5000 ---p 00000000 00:00 0 
7f0438ea5000-7f0438fa3000 rw-p 00000000 00:00 0                          [stack:4935]
7f0438fa3000-7f0439685000 r--p 00000000 08:01 7563                       /usr/lib/locale/locale-archive
7f0439685000-7f0439688000 ---p 00000000 00:00 0 
7f0439688000-7f0439786000 rw-p 00000000 00:00 0                          [stack:4932]
7f0439786000-7f0439789000 ---p 00000000 00:00 0 
7f0439789000-7f0439887000 rw-p 00000000 00:00 0                          [stack:4931]
7f0439887000-7f0439888000 ---p 00000000 00:00 0 
7f0439888000-7f04399d1000 rw-p 00000000 00:00 0                          [stack:4930]
7f04399d1000-7f0439b82000 r--s 01d25000 08:01 450807                     /usr/lib/jvm/java-7-openjdk-amd64/jre/lib/rt.jar
7f0439b82000-7f0439c86000 rw-p 00000000 00:00 0 
7f0439c86000-7f0439ccf000 rw-p 00000000 00:00 0 
7f0439ccf000-7f0439cf9000 rw-p 00000000 00:00 0 
7f0439cf9000-7f0439cfb000 ---p 00000000 00:00 0 
7f0439cfb000-7f0439df2000 rw-p 00000000 00:00 0 
7f0439df2000-7f0439e07000 rw-p 00000000 00:00 0 
7f0439e07000-7f0439e83000 rw-p 00000000 00:00 0 
7f0439e83000-7f0439ead000 rw-p 00000000 00:00 0 
7f0439ead000-7f0439eaf000 ---p 00000000 00:00 0 
7f0439eaf000-7f0439fa6000 rw-p 00000000 00:00 0 
7f0439fa6000-7f0439fb1000 rw-p 00000000 00:00 0 
7f0439fb1000-7f0439ff9000 rw-p 00000000 00:00 0 
7f0439ff9000-7f0439ffa000 rw-p 00000000 00:00 0 
7f0439ffa000-7f043a002000 r-xp 00000000 08:01 437899                     /usr/lib/jvm/java-7-openjdk-amd64/jre/lib/amd64/libzip.so
7f043a002000-7f043a201000 ---p 00008000 08:01 437899                     /usr/lib/jvm/java-7-openjdk-amd64/jre/lib/amd64/libzip.so
7f043a201000-7f043a202000 r--p 00007000 08:01 437899                     /usr/lib/jvm/java-7-openjdk-amd64/jre/lib/amd64/libzip.so
7f043a202000-7f043a203000 rw-p 00008000 08:01 437899                     /usr/lib/jvm/java-7-openjdk-amd64/jre/lib/amd64/libzip.so
7f043a203000-7f043a20e000 r-xp 00000000 08:01 400119                     /lib/x86_64-linux-gnu/libnss_files-2.19.so
7f043a20e000-7f043a40d000 ---p 0000b000 08:01 400119                     /lib/x86_64-linux-gnu/libnss_files-2.19.so
7f043a40d000-7f043a40e000 r--p 0000a000 08:01 400119                     /lib/x86_64-linux-gnu/libnss_files-2.19.so
7f043a40e000-7f043a40f000 rw-p 0000b000 08:01 400119                     /lib/x86_64-linux-gnu/libnss_files-2.19.so
7f043a40f000-7f043a41a000 r-xp 00000000 08:01 400115                     /lib/x86_64-linux-gnu/libnss_nis-2.19.so
7f043a41a000-7f043a619000 ---p 0000b000 08:01 400115                     /lib/x86_64-linux-gnu/libnss_nis-2.19.so
7f043a619000-7f043a61a000 r--p 0000a000 08:01 400115                     /lib/x86_64-linux-gnu/libnss_nis-2.19.so
7f043a61a000-7f043a61b000 rw-p 0000b000 08:01 400115                     /lib/x86_64-linux-gnu/libnss_nis-2.19.so
7f043a61b000-7f043a632000 r-xp 00000000 08:01 400109                     /lib/x86_64-linux-gnu/libnsl-2.19.so
7f043a632000-7f043a831000 ---p 00017000 08:01 400109                     /lib/x86_64-linux-gnu/libnsl-2.19.so
7f043a831000-7f043a832000 r--p 00016000 08:01 400109                     /lib/x86_64-linux-gnu/libnsl-2.19.so
7f043a832000-7f043a833000 rw-p 00017000 08:01 400109                     /lib/x86_64-linux-gnu/libnsl-2.19.so
7f043a833000-7f043a835000 rw-p 00000000 00:00 0 
7f043a835000-7f043a83e000 r-xp 00000000 08:01 400106                     /lib/x86_64-linux-gnu/libnss_compat-2.19.so
7f043a83e000-7f043aa3d000 ---p 00009000 08:01 400106                     /lib/x86_64-linux-gnu/libnss_compat-2.19.so
7f043aa3d000-7f043aa3e000 r--p 00008000 08:01 400106                     /lib/x86_64-linux-gnu/libnss_compat-2.19.so
7f043aa3e000-7f043aa3f000 rw-p 00009000 08:01 400106                     /lib/x86_64-linux-gnu/libnss_compat-2.19.so
7f043aa3f000-7f043aa6a000 r-xp 00000000 08:01 437906                     /usr/lib/jvm/java-7-openjdk-amd64/jre/lib/amd64/libjava.so
7f043aa6a000-7f043ac69000 ---p 0002b000 08:01 437906                     /usr/lib/jvm/java-7-openjdk-amd64/jre/lib/amd64/libjava.so
7f043ac69000-7f043ac6a000 r--p 0002a000 08:01 437906                     /usr/lib/jvm/java-7-openjdk-amd64/jre/lib/amd64/libjava.so
7f043ac6a000-7f043ac6c000 rw-p 0002b000 08:01 437906                     /usr/lib/jvm/java-7-openjdk-amd64/jre/lib/amd64/libjava.so
7f043ac6c000-7f043ac7c000 r-xp 00000000 08:01 437921                     /usr/lib/jvm/java-7-openjdk-amd64/jre/lib/amd64/libverify.so
7f043ac7c000-7f043ae7b000 ---p 00010000 08:01 437921                     /usr/lib/jvm/java-7-openjdk-amd64/jre/lib/amd64/libverify.so
7f043ae7b000-7f043ae7d000 r--p 0000f000 08:01 437921                     /usr/lib/jvm/java-7-openjdk-amd64/jre/lib/amd64/libverify.so
7f043ae7d000-7f043ae7e000 rw-p 00011000 08:01 437921                     /usr/lib/jvm/java-7-openjdk-amd64/jre/lib/amd64/libverify.so
7f043ae7e000-7f043ae85000 r-xp 00000000 08:01 399258                     /lib/x86_64-linux-gnu/librt-2.19.so
7f043ae85000-7f043b084000 ---p 00007000 08:01 399258                     /lib/x86_64-linux-gnu/librt-2.19.so
7f043b084000-7f043b085000 r--p 00006000 08:01 399258                     /lib/x86_64-linux-gnu/librt-2.19.so
7f043b085000-7f043b086000 rw-p 00007000 08:01 399258                     /lib/x86_64-linux-gnu/librt-2.19.so
7f043b086000-7f043b09c000 r-xp 00000000 08:01 398318                     /lib/x86_64-linux-gnu/libgcc_s.so.1
7f043b09c000-7f043b29b000 ---p 00016000 08:01 398318                     /lib/x86_64-linux-gnu/libgcc_s.so.1
7f043b29b000-7f043b29c000 rw-p 00015000 08:01 398318                     /lib/x86_64-linux-gnu/libgcc_s.so.1
7f043b29c000-7f043b3a1000 r-xp 00000000 08:01 400108                     /lib/x86_64-linux-gnu/libm-2.19.so
7f043b3a1000-7f043b5a0000 ---p 00105000 08:01 400108                     /lib/x86_64-linux-gnu/libm-2.19.so
7f043b5a0000-7f043b5a1000 r--p 00104000 08:01 400108                     /lib/x86_64-linux-gnu/libm-2.19.so
7f043b5a1000-7f043b5a2000 rw-p 00105000 08:01 400108                     /lib/x86_64-linux-gnu/libm-2.19.so
7f043b5a2000-7f043b688000 r-xp 00000000 08:01 11413                      /usr/lib/x86_64-linux-gnu/libstdc++.so.6.0.19
7f043b688000-7f043b887000 ---p 000e6000 08:01 11413                      /usr/lib/x86_64-linux-gnu/libstdc++.so.6.0.19
7f043b887000-7f043b88f000 r--p 000e5000 08:01 11413                      /usr/lib/x86_64-linux-gnu/libstdc++.so.6.0.19
7f043b88f000-7f043b891000 rw-p 000ed000 08:01 11413                      /usr/lib/x86_64-linux-gnu/libstdc++.so.6.0.19
7f043b891000-7f043b8a6000 rw-p 00000000 00:00 0 
7f043b8a6000-7f043c3bc000 r-xp 00000000 08:01 437928                     /usr/lib/jvm/java-7-openjdk-amd64/jre/lib/amd64/server/libjvm.so
7f043c3bc000-7f043c5bb000 ---p 00b16000 08:01 437928                     /usr/lib/jvm/java-7-openjdk-amd64/jre/lib/amd64/server/libjvm.so
7f043c5bb000-7f043c655000 r--p 00b15000 08:01 437928                     /usr/lib/jvm/java-7-openjdk-amd64/jre/lib/amd64/server/libjvm.so
7f043c655000-7f043c678000 rw-p 00baf000 08:01 437928                     /usr/lib/jvm/java-7-openjdk-amd64/jre/lib/amd64/server/libjvm.so
7f043c678000-7f043c6a6000 rw-p 00000000 00:00 0 
7f043c6a6000-7f043c6be000 r-xp 00000000 08:01 398503                     /lib/x86_64-linux-gnu/libz.so.1.2.8
7f043c6be000-7f043c8bd000 ---p 00018000 08:01 398503                     /lib/x86_64-linux-gnu/libz.so.1.2.8
7f043c8bd000-7f043c8be000 r--p 00017000 08:01 398503                     /lib/x86_64-linux-gnu/libz.so.1.2.8
7f043c8be000-7f043c8bf000 rw-p 00018000 08:01 398503                     /lib/x86_64-linux-gnu/libz.so.1.2.8
7f043c8bf000-7f043c8d8000 r-xp 00000000 08:01 400118                     /lib/x86_64-linux-gnu/libpthread-2.19.so
7f043c8d8000-7f043cad7000 ---p 00019000 08:01 400118                     /lib/x86_64-linux-gnu/libpthread-2.19.so
7f043cad7000-7f043cad8000 r--p 00018000 08:01 400118                     /lib/x86_64-linux-gnu/libpthread-2.19.so
7f043cad8000-7f043cad9000 rw-p 00019000 08:01 400118                     /lib/x86_64-linux-gnu/libpthread-2.19.so
7f043cad9000-7f043cadd000 rw-p 00000000 00:00 0 
7f043cadd000-7f043cae0000 r-xp 00000000 08:01 400060                     /lib/x86_64-linux-gnu/libdl-2.19.so
7f043cae0000-7f043ccdf000 ---p 00003000 08:01 400060                     /lib/x86_64-linux-gnu/libdl-2.19.so
7f043ccdf000-7f043cce0000 r--p 00002000 08:01 400060                     /lib/x86_64-linux-gnu/libdl-2.19.so
7f043cce0000-7f043cce1000 rw-p 00003000 08:01 400060                     /lib/x86_64-linux-gnu/libdl-2.19.so
7f043cce1000-7f043ce9c000 r-xp 00000000 08:01 399256                     /lib/x86_64-linux-gnu/libc-2.19.so
7f043ce9c000-7f043d09c000 ---p 001bb000 08:01 399256                     /lib/x86_64-linux-gnu/libc-2.19.so
7f043d09c000-7f043d0a0000 r--p 001bb000 08:01 399256                     /lib/x86_64-linux-gnu/libc-2.19.so
7f043d0a0000-7f043d0a2000 rw-p 001bf000 08:01 399256                     /lib/x86_64-linux-gnu/libc-2.19.so
7f043d0a2000-7f043d0a7000 rw-p 00000000 00:00 0 
7f043d0a7000-7f043d0b4000 r-xp 00000000 08:01 437904                     /usr/lib/jvm/java-7-openjdk-amd64/jre/lib/amd64/jli/libjli.so
7f043d0b4000-7f043d2b3000 ---p 0000d000 08:01 437904                     /usr/lib/jvm/java-7-openjdk-amd64/jre/lib/amd64/jli/libjli.so
7f043d2b3000-7f043d2b4000 r--p 0000c000 08:01 437904                     /usr/lib/jvm/java-7-openjdk-amd64/jre/lib/amd64/jli/libjli.so
7f043d2b4000-7f043d2b5000 rw-p 0000d000 08:01 437904                     /usr/lib/jvm/java-7-openjdk-amd64/jre/lib/amd64/jli/libjli.so
7f043d2b5000-7f043d2d8000 r-xp 00000000 08:01 399154                     /lib/x86_64-linux-gnu/ld-2.19.so
7f043d2d9000-7f043d2e9000 r--s 000b9000 08:01 27980                      /home/mmora/workspace/TextProcessing/lib/opennlp-tools-1.5.3.jar
7f043d2e9000-7f043d2ec000 r--s 0001d000 08:01 27979                      /home/mmora/workspace/TextProcessing/lib/opennlp-maxent-3.0.3.jar
7f043d2ec000-7f043d2f1000 r--s 00025000 08:01 27978                      /home/mmora/workspace/TextProcessing/lib/jwnl-1.3.3.jar
7f043d2f1000-7f043d2f5000 r--s 0003c000 08:01 450799                     /usr/lib/jvm/java-7-openjdk-amd64/jre/lib/ext/sunpkcs11.jar
7f043d2f5000-7f043d2f7000 r--s 00012000 08:01 450797                     /usr/lib/jvm/java-7-openjdk-amd64/jre/lib/ext/zipfs.jar
7f043d2f7000-7f043d2fa000 r--s 0000f000 08:01 450794                     /usr/lib/jvm/java-7-openjdk-amd64/jre/lib/ext/icedtea-sound.jar
7f043d2fa000-7f043d304000 rw-p 00000000 00:00 0 
7f043d304000-7f043d3ba000 rw-p 00000000 00:00 0 
7f043d3ba000-7f043d3bd000 ---p 00000000 00:00 0 
7f043d3bd000-7f043d4c0000 rw-p 00000000 00:00 0                          [stack:4924]
7f043d4c0000-7f043d4c1000 r--s 00002000 08:01 450805                     /usr/lib/jvm/java-7-openjdk-amd64/jre/lib/ext/dnsns.jar
7f043d4c1000-7f043d4c5000 r--s 00034000 08:01 450803                     /usr/lib/jvm/java-7-openjdk-amd64/jre/lib/ext/sunjce_provider.jar
7f043d4c5000-7f043d4c7000 r--s 00006000 08:01 451480                     /usr/share/java/java-atk-wrapper.jar
7f043d4c7000-7f043d4cb000 r--s 00085000 08:01 450801                     /usr/lib/jvm/java-7-openjdk-amd64/jre/lib/ext/localedata.jar
7f043d4cb000-7f043d4d3000 rw-s 00000000 08:01 131112                     /tmp/hsperfdata_mmora/4923
7f043d4d3000-7f043d4d4000 rw-p 00000000 00:00 0 
7f043d4d4000-7f043d4d5000 r--p 00000000 00:00 0 
7f043d4d5000-7f043d4d7000 rw-p 00000000 00:00 0 
7f043d4d7000-7f043d4d8000 r--p 00022000 08:01 399154                     /lib/x86_64-linux-gnu/ld-2.19.so
7f043d4d8000-7f043d4d9000 rw-p 00023000 08:01 399154                     /lib/x86_64-linux-gnu/ld-2.19.so
7f043d4d9000-7f043d4da000 rw-p 00000000 00:00 0 
7fff266dc000-7fff266fd000 rw-p 00000000 00:00 0                          [stack]
7fff2671d000-7fff2671f000 r-xp 00000000 00:00 0                          [vdso]
ffffffffff600000-ffffffffff601000 r-xp 00000000 00:00 0                  [vsyscall]

VM Arguments:
jvm_args: -Djava.library.path=/home/mmora/workspace/TextProcessing/lib -Dfile.encoding=UTF-8 
java_command: TaxonDescriptionAnalyzer
Launcher Type: SUN_STANDARD

Environment Variables:
PATH=/usr/local/sbin:/usr/local/bin:/usr/sbin:/usr/bin:/sbin:/bin:/usr/games:/usr/local/games
LD_LIBRARY_PATH=/usr/local/lib:/pkg/freeling-3.1/APIs/java:
SHELL=/bin/bash
DISPLAY=:0

Signal Handlers:
SIGSEGV: [libjvm.so+0x9495e0], sa_mask[0]=0x7ffbfeff, sa_flags=0x10000004
SIGBUS: [libjvm.so+0x9495e0], sa_mask[0]=0x7ffbfeff, sa_flags=0x10000004
SIGFPE: [libjvm.so+0x7c3410], sa_mask[0]=0x7ffbfeff, sa_flags=0x10000004
SIGPIPE: [libjvm.so+0x7c3410], sa_mask[0]=0x7ffbfeff, sa_flags=0x10000004
SIGXFSZ: [libjvm.so+0x7c3410], sa_mask[0]=0x7ffbfeff, sa_flags=0x10000004
SIGILL: [libjvm.so+0x7c3410], sa_mask[0]=0x7ffbfeff, sa_flags=0x10000004
SIGUSR1: SIG_DFL, sa_mask[0]=0x00000000, sa_flags=0x00000000
SIGUSR2: [libjvm.so+0x7c32b0], sa_mask[0]=0x00000004, sa_flags=0x10000004
SIGHUP: [libjvm.so+0x7c3490], sa_mask[0]=0x7ffbfeff, sa_flags=0x10000004
SIGINT: [libjvm.so+0x7c3490], sa_mask[0]=0x7ffbfeff, sa_flags=0x10000004
SIGTERM: [libjvm.so+0x7c3490], sa_mask[0]=0x7ffbfeff, sa_flags=0x10000004
SIGQUIT: [libjvm.so+0x7c3490], sa_mask[0]=0x7ffbfeff, sa_flags=0x10000004
SIGTRAP: SIG_DFL, sa_mask[0]=0x00000000, sa_flags=0x00000000


---------------  S Y S T E M  ---------------

OS:Ubuntu 14.04 (trusty)
uname:Linux 3.13.0-44-generic #73-Ubuntu SMP Tue Dec 16 00:22:43 UTC 2014 x86_64
libc:glibc 2.19 NPTL 2.19 
rlimit: STACK 8192k, CORE 0k, NPROC 27683, NOFILE 4096, AS infinity
load average:2.58 2.92 2.59

/proc/meminfo:
MemTotal:        3565028 kB
MemFree:          160624 kB
Buffers:           30584 kB
Cached:           626024 kB
SwapCached:            4 kB
Active:          2663392 kB
Inactive:         576732 kB
Active(anon):    2383988 kB
Inactive(anon):   287904 kB
Active(file):     279404 kB
Inactive(file):   288828 kB
Unevictable:          32 kB
Mlocked:              32 kB
SwapTotal:       1046524 kB
SwapFree:        1046044 kB
Dirty:               268 kB
Writeback:             0 kB
AnonPages:       2583564 kB
Mapped:           267588 kB
Shmem:             88356 kB
Slab:              91664 kB
SReclaimable:      70336 kB
SUnreclaim:        21328 kB
KernelStack:        3664 kB
PageTables:        36384 kB
NFS_Unstable:          0 kB
Bounce:                0 kB
WritebackTmp:          0 kB
CommitLimit:     2829036 kB
Committed_AS:    4614380 kB
VmallocTotal:   34359738367 kB
VmallocUsed:        9984 kB
VmallocChunk:   34359722371 kB
HardwareCorrupted:     0 kB
AnonHugePages:   1320960 kB
HugePages_Total:       0
HugePages_Free:        0
HugePages_Rsvd:        0
HugePages_Surp:        0
Hugepagesize:       2048 kB
DirectMap4k:       47040 kB
DirectMap2M:     3657728 kB


CPU:total 1 (1 cores per cpu, 1 threads per core) family 6 model 58 stepping 9, cmov, cx8, fxsr, mmx, sse, sse2, sse3, ssse3, tsc

/proc/cpuinfo:
processor	: 0
vendor_id	: GenuineIntel
cpu family	: 6
model		: 58
model name	: Intel(R) Core(TM) i7-3520M CPU @ 2.90GHz
stepping	: 9
microcode	: 0x19
cpu MHz		: 2895.742
cache size	: 6144 KB
physical id	: 0
siblings	: 1
core id		: 0
cpu cores	: 1
apicid		: 0
initial apicid	: 0
fpu		: yes
fpu_exception	: yes
cpuid level	: 5
wp		: yes
flags		: fpu vme de pse tsc msr pae mce cx8 apic sep mtrr pge mca cmov pat pse36 clflush mmx fxsr sse sse2 syscall nx rdtscp lm constant_tsc rep_good nopl pni monitor ssse3 lahf_lm
bogomips	: 5791.48
clflush size	: 64
cache_alignment	: 64
address sizes	: 36 bits physical, 48 bits virtual
power management:



Memory: 4k page, physical 3565028k(160624k free), swap 1046524k(1046044k free)

vm_info: OpenJDK 64-Bit Server VM (24.65-b04) for linux-amd64 JRE (1.7.0_65-b32), built on Oct 22 2014 04:37:44 by "buildd" with gcc 4.8.2

time: Sun Nov 22 19:20:12 2015
elapsed time: 3355 seconds

