#
# A fatal error has been detected by the Java Runtime Environment:
#
#  SIGSEGV (0xb) at pc=0x00007fafadab5af0, pid=14641, tid=140393236223744
#
# JRE version: OpenJDK Runtime Environment (7.0_65-b32) (build 1.7.0_65-b32)
# Java VM: OpenJDK 64-Bit Server VM (24.65-b04 mixed mode linux-amd64 compressed oops)
# Derivative: IcedTea 2.5.3
# Distribution: Ubuntu 14.04 LTS, package 7u71-2.5.3-0ubuntu0.14.04.1
# Problematic frame:
# C  [libfreeling-3.1.so+0x74af0]  freeling::word::get_n_analysis() const+0x10
#
# Failed to write core dump. Core dumps have been disabled. To enable core dumping, try "ulimit -c unlimited" before starting Java again
#
# If you would like to submit a bug report, please include
# instructions on how to reproduce the bug and visit:
#   http://icedtea.classpath.org/bugzilla
# The crash happened outside the Java Virtual Machine in native code.
# See problematic frame for where to report the bug.
#

---------------  T H R E A D  ---------------

Current thread (0x00007fafd000a800):  JavaThread "main" [_thread_in_native, id=14647, stack(0x00007fafd8e95000,0x00007fafd8f96000)]

siginfo:si_signo=SIGSEGV: si_errno=0, si_code=1 (SEGV_MAPERR), si_addr=0x00000000000000b0

Registers:
RAX=0x0000000000000003, RBX=0x00007fafd8f94490, RCX=0x00007faf74d76980, RDX=0x00000000000000b0
RSP=0x00007fafd8f94408, RBP=0x00007faf74d76980, RSI=0x00007faf74d76980, RDI=0x00007faf74d76980
R8 =0x0000000000000011, R9 =0x0000000000000004, R10=0x00007fafcd0dda95, R11=0x00000000bf200b90
R12=0x0000000000000000, R13=0x00000000d14dd500, R14=0x00007fafd8f94500, R15=0x00007fafd000a800
RIP=0x00007fafadab5af0, EFLAGS=0x0000000000010202, CSGSFS=0x0000000000000033, ERR=0x0000000000000004
  TRAPNO=0x000000000000000e

Top of Stack: (sp=0x00007fafd8f94408)
0x00007fafd8f94408:   00007fafadab6289 00000000d14dd500
0x00007fafd8f94418:   00007fafd8f94500 00007fafd000a800
0x00007fafd8f94428:   00007fafd7139e7f 00000000bf200b90
0x00007fafd8f94438:   00007fafd8f944c0 0000000000000000
0x00007fafd8f94448:   00007fafaf96830e 00007fafd8f944d8
0x00007fafd8f94458:   00007faf74d76980 00007fafd8f94500
0x00007fafd8f94468:   00007fafd000a9d8 0000000000000001
0x00007fafd8f94478:   0000000200000002 00007fafd7380418
0x00007fafd8f94488:   0000000800000001 00007fafa16d0cb8
0x00007fafd8f94498:   0000000000000000 00007faf74d76980
0x00007fafd8f944a8:   00007faf9bd26ee0 0000000000000000
0x00007fafd8f944b8:   00000000bf200b90 00007fafd8f94510
0x00007fafd8f944c8:   00007fafcd0ddb07 00007fafd8f94500
0x00007fafd8f944d8:   00000000bf200b30 00000000d14ed838
0x00007fafd8f944e8:   0000000080000000 0000000000000000
0x00007fafd8f944f8:   00000000d14dd500 00000000d14a0e18
0x00007fafd8f94508:   00007fafcd061e05 00000000d14ab9c8
0x00007fafd8f94518:   00007fafcd18b0b0 00000002d14dd500
0x00007fafd8f94528:   0000000000000001 00000000bf200b78
0x00007fafd8f94538:   00000000d14ab9d8 00000000bf200bc8
0x00007fafd8f94548:   00000000bf200b30 00000000d14ab9c8
0x00007fafd8f94558:   00007fafd000a9d8 00000000d14e67f0
0x00007fafd8f94568:   00007fafd000a800 0000000000000000
0x00007fafd8f94578:   00000000d14dd500 00007fafd8f945c0
0x00007fafd8f94588:   00007fafd000a800 00007fafd8f945c0
0x00007fafd8f94598:   00007fafd7bd419f 00000000d14ed838
0x00007fafd8f945a8:   00007fafd8f945b8 0000000000000000
0x00007fafd8f945b8:   00000000d14dd500 00000000d15383d0
0x00007fafd8f945c8:   00007fafcd061e05 00000000d15383d0
0x00007fafd8f945d8:   00007fafcd18aa40 00000000bf200450
0x00007fafd8f945e8:   0000000000000002 0000000000000001
0x00007fafd8f945f8:   00000000d14ab9d8 00000000d14c5e30 

Instructions: (pc=0x00007fafadab5af0)
0x00007fafadab5ad0:   0f b6 47 61 c3 90 66 2e 0f 1f 84 00 00 00 00 00
0x00007fafadab5ae0:   48 8b 17 48 39 d7 74 16 31 c0 66 0f 1f 44 00 00
0x00007fafadab5af0:   48 8b 12 48 83 c0 01 48 39 d7 75 f4 f3 c3 31 c0
0x00007fafadab5b00:   c3 90 66 66 66 66 66 2e 0f 1f 84 00 00 00 00 00 

Register to memory mapping:

RAX=0x0000000000000003 is an unknown value
RBX=0x00007fafd8f94490 is pointing into the stack for thread: 0x00007fafd000a800
RCX=0x00007faf74d76980 is an unknown value
RDX=0x00000000000000b0 is an unknown value
RSP=0x00007fafd8f94408 is pointing into the stack for thread: 0x00007fafd000a800
RBP=0x00007faf74d76980 is an unknown value
RSI=0x00007faf74d76980 is an unknown value
RDI=0x00007faf74d76980 is an unknown value
R8 =0x0000000000000011 is an unknown value
R9 =0x0000000000000004 is an unknown value
R10=0x00007fafcd0dda95 is at entry_point+85 in (nmethod*)0x00007fafcd0dd8d0
R11=0x00000000bf200b90 is an oop
[C 
 - klass: {type array char}
 - length: 17
R12=0x0000000000000000 is an unknown value
R13=0x00000000d14dd500 is an oop
java.io.PrintStream 
 - klass: 'java/io/PrintStream'
R14=0x00007fafd8f94500 is pointing into the stack for thread: 0x00007fafd000a800
R15=0x00007fafd000a800 is a thread


Stack: [0x00007fafd8e95000,0x00007fafd8f96000],  sp=0x00007fafd8f94408,  free space=1021k
Native frames: (J=compiled Java code, j=interpreted, Vv=VM code, C=native code)
C  [libfreeling-3.1.so+0x74af0]  freeling::word::get_n_analysis() const+0x10

Java frames: (J=compiled Java code, j=interpreted, Vv=VM code)
J 210  edu.upc.freeling.freelingJNI.Word_getLemma__SWIG_1(JLedu/upc/freeling/Word;)Ljava/lang/String; (0 bytes) @ 0x00007fafcd0dda95 [0x00007fafcd0dda40+0x55]
J 426 C2 TaxonDescriptionAnalyzer.printParseTree(ILedu/upc/freeling/TreeNode;)V (266 bytes) @ 0x00007fafcd18b0b0 [0x00007fafcd18a3a0+0xd10]
J 426 C2 TaxonDescriptionAnalyzer.printParseTree(ILedu/upc/freeling/TreeNode;)V (266 bytes) @ 0x00007fafcd18aa40 [0x00007fafcd18a3a0+0x6a0]
J 426 C2 TaxonDescriptionAnalyzer.printParseTree(ILedu/upc/freeling/TreeNode;)V (266 bytes) @ 0x00007fafcd18aa40 [0x00007fafcd18a3a0+0x6a0]
J 456 C2 TaxonDescriptionAnalyzer.printResults(Ledu/upc/freeling/ListSentence;Ljava/lang/String;)V (241 bytes) @ 0x00007fafcd185020 [0x00007fafcd184de0+0x240]
j  TaxonDescriptionAnalyzer.semanticAnalisys(Ljava/sql/Connection;Ljava/lang/Integer;Ljava/lang/Integer;Ljava/lang/Integer;)V+595
j  TaxonDescriptionAnalyzer.theExperiment(Ljava/sql/Connection;Ljava/lang/Integer;)V+189
j  TaxonDescriptionAnalyzer.main([Ljava/lang/String;)V+9
v  ~StubRoutines::call_stub

---------------  P R O C E S S  ---------------

Java Threads: ( => current thread )
  0x00007fafd00a7000 JavaThread "Service Thread" daemon [_thread_blocked, id=14654, stack(0x00007fafd467a000,0x00007fafd477b000)]
  0x00007fafd00a4800 JavaThread "C2 CompilerThread1" daemon [_thread_blocked, id=14653, stack(0x00007fafd477b000,0x00007fafd487c000)]
  0x00007fafd00a2000 JavaThread "C2 CompilerThread0" daemon [_thread_blocked, id=14652, stack(0x00007fafd487c000,0x00007fafd497d000)]
  0x00007fafd00a0000 JavaThread "Signal Dispatcher" daemon [_thread_blocked, id=14651, stack(0x00007fafd497d000,0x00007fafd4a7e000)]
  0x00007fafd0072800 JavaThread "Finalizer" daemon [_thread_in_native, id=14650, stack(0x00007fafd5160000,0x00007fafd5261000)]
  0x00007fafd0070800 JavaThread "Reference Handler" daemon [_thread_blocked, id=14649, stack(0x00007fafd5261000,0x00007fafd5362000)]
=>0x00007fafd000a800 JavaThread "main" [_thread_in_native, id=14647, stack(0x00007fafd8e95000,0x00007fafd8f96000)]

Other Threads:
  0x00007fafd006c000 VMThread [stack: 0x00007fafd5362000,0x00007fafd5463000] [id=14648]
  0x00007fafd00b2000 WatcherThread [stack: 0x00007fafd4579000,0x00007fafd467a000] [id=14655]

VM state:not at safepoint (normal execution)

VM Mutex/Monitor currently owned by a thread: None

Heap
 def new generation   total 38400K, used 4912K [0x00000000bf200000, 0x00000000c1ba0000, 0x00000000d14a0000)
  eden space 34176K,   2% used [0x00000000bf200000, 0x00000000bf2ac138, 0x00000000c1360000)
  from space 4224K, 100% used [0x00000000c1360000, 0x00000000c1780000, 0x00000000c1780000)
  to   space 4224K,   0% used [0x00000000c1780000, 0x00000000c1780000, 0x00000000c1ba0000)
 tenured generation   total 85220K, used 50767K [0x00000000d14a0000, 0x00000000d67d9000, 0x00000000f5a00000)
   the space 85220K,  59% used [0x00000000d14a0000, 0x00000000d4633f08, 0x00000000d4634000, 0x00000000d67d9000)
 compacting perm gen  total 21248K, used 6921K [0x00000000f5a00000, 0x00000000f6ec0000, 0x0000000100000000)
   the space 21248K,  32% used [0x00000000f5a00000, 0x00000000f60c26f8, 0x00000000f60c2800, 0x00000000f6ec0000)
No shared spaces configured.

Card table byte_map: [0x00007fafd58cd000,0x00007fafd5ad5000] byte_map_base: 0x00007fafd52d4000

Polling page: 0x00007fafd8faf000

Code Cache  [0x00007fafcd000000, 0x00007fafcd270000, 0x00007fafd0000000)
 total_blobs=776 nmethods=487 adapters=243 free_code_cache=47210Kb largest_free_block=48267648

Compilation events (10 events):
Event: 2540.968 Thread 0x00007fafd00a4800  518             java.lang.String::split (326 bytes)
Event: 2541.185 Thread 0x00007fafd00a4800 nmethod 518 0x00007fafcd1f1dd0 code [0x00007fafcd1f2240, 0x00007fafcd1f4fc8]
Event: 2580.260 Thread 0x00007fafd00a2000  519             edu.upc.freeling.ListSentenceIterator::<init> (14 bytes)
Event: 2580.261 Thread 0x00007fafd00a2000 nmethod 519 0x00007fafcd1a6290 code [0x00007fafcd1a63e0, 0x00007fafcd1a6488]
Event: 2580.261 Thread 0x00007fafd00a2000  520             edu.upc.freeling.ListSentenceIterator::<init> (15 bytes)
Event: 2580.261 Thread 0x00007fafd00a2000 nmethod 520 0x00007fafcd0d2b50 code [0x00007fafcd0d2c80, 0x00007fafcd0d2cf8]
Event: 2591.697 Thread 0x00007fafd00a2000  521             edu.upc.freeling.TreeDepnode::numChildren (9 bytes)
Event: 2591.697 Thread 0x00007fafd00a2000 nmethod 521 0x00007fafcd136450 code [0x00007fafcd1365a0, 0x00007fafcd136628]
Event: 2600.655 Thread 0x00007fafd00a2000  522             java.lang.Long::longValue (5 bytes)
Event: 2600.655 Thread 0x00007fafd00a2000 nmethod 522 0x00007fafcd0a2c50 code [0x00007fafcd0a2d80, 0x00007fafcd0a2dd8]

GC Heap History (10 events):
Event: 2486.946 GC heap before
{Heap before GC invocations=61 (full 10):
 def new generation   total 38400K, used 38400K [0x00000000bf200000, 0x00000000c1ba0000, 0x00000000d14a0000)
  eden space 34176K, 100% used [0x00000000bf200000, 0x00000000c1360000, 0x00000000c1360000)
  from space 4224K, 100% used [0x00000000c1780000, 0x00000000c1ba0000, 0x00000000c1ba0000)
  to   space 4224K,   0% used [0x00000000c1360000, 0x00000000c1360000, 0x00000000c1780000)
 tenured generation   total 85220K, used 60823K [0x00000000d14a0000, 0x00000000d67d9000, 0x00000000f5a00000)
   the space 85220K,  71% used [0x00000000d14a0000, 0x00000000d5005c38, 0x00000000d5005e00, 0x00000000d67d9000)
 compacting perm gen  total 21248K, used 6909K [0x00000000f5a00000, 0x00000000f6ec0000, 0x0000000100000000)
   the space 21248K,  32% used [0x00000000f5a00000, 0x00000000f60bf638, 0x00000000f60bf800, 0x00000000f6ec0000)
No shared spaces configured.
Event: 2486.994 GC heap after
Heap after GC invocations=62 (full 10):
 def new generation   total 38400K, used 4224K [0x00000000bf200000, 0x00000000c1ba0000, 0x00000000d14a0000)
  eden space 34176K,   0% used [0x00000000bf200000, 0x00000000bf200000, 0x00000000c1360000)
  from space 4224K, 100% used [0x00000000c1360000, 0x00000000c1780000, 0x00000000c1780000)
  to   space 4224K,   0% used [0x00000000c1780000, 0x00000000c1780000, 0x00000000c1ba0000)
 tenured generation   total 85220K, used 69713K [0x00000000d14a0000, 0x00000000d67d9000, 0x00000000f5a00000)
   the space 85220K,  81% used [0x00000000d14a0000, 0x00000000d58b4420, 0x00000000d58b4600, 0x00000000d67d9000)
 compacting perm gen  total 21248K, used 6909K [0x00000000f5a00000, 0x00000000f6ec0000, 0x0000000100000000)
   the space 21248K,  32% used [0x00000000f5a00000, 0x00000000f60bf638, 0x00000000f60bf800, 0x00000000f6ec0000)
No shared spaces configured.
}
Event: 2518.231 GC heap before
{Heap before GC invocations=62 (full 10):
 def new generation   total 38400K, used 38400K [0x00000000bf200000, 0x00000000c1ba0000, 0x00000000d14a0000)
  eden space 34176K, 100% used [0x00000000bf200000, 0x00000000c1360000, 0x00000000c1360000)
  from space 4224K, 100% used [0x00000000c1360000, 0x00000000c1780000, 0x00000000c1780000)
  to   space 4224K,   0% used [0x00000000c1780000, 0x00000000c1780000, 0x00000000c1ba0000)
 tenured generation   total 85220K, used 69713K [0x00000000d14a0000, 0x00000000d67d9000, 0x00000000f5a00000)
   the space 85220K,  81% used [0x00000000d14a0000, 0x00000000d58b4420, 0x00000000d58b4600, 0x00000000d67d9000)
 compacting perm gen  total 21248K, used 6909K [0x00000000f5a00000, 0x00000000f6ec0000, 0x0000000100000000)
   the space 21248K,  32% used [0x00000000f5a00000, 0x00000000f60bf738, 0x00000000f60bf800, 0x00000000f6ec0000)
No shared spaces configured.
Event: 2518.298 GC heap after
Heap after GC invocations=63 (full 10):
 def new generation   total 38400K, used 4223K [0x00000000bf200000, 0x00000000c1ba0000, 0x00000000d14a0000)
  eden space 34176K,   0% used [0x00000000bf200000, 0x00000000bf200000, 0x00000000c1360000)
  from space 4224K,  99% used [0x00000000c1780000, 0x00000000c1b9fff8, 0x00000000c1ba0000)
  to   space 4224K,   0% used [0x00000000c1360000, 0x00000000c1360000, 0x00000000c1780000)
 tenured generation   total 85220K, used 78357K [0x00000000d14a0000, 0x00000000d67d9000, 0x00000000f5a00000)
   the space 85220K,  91% used [0x00000000d14a0000, 0x00000000d6125768, 0x00000000d6125800, 0x00000000d67d9000)
 compacting perm gen  total 21248K, used 6909K [0x00000000f5a00000, 0x00000000f6ec0000, 0x0000000100000000)
   the space 21248K,  32% used [0x00000000f5a00000, 0x00000000f60bf738, 0x00000000f60bf800, 0x00000000f6ec0000)
No shared spaces configured.
}
Event: 2547.177 GC heap before
{Heap before GC invocations=63 (full 10):
 def new generation   total 38400K, used 38399K [0x00000000bf200000, 0x00000000c1ba0000, 0x00000000d14a0000)
  eden space 34176K, 100% used [0x00000000bf200000, 0x00000000c1360000, 0x00000000c1360000)
  from space 4224K,  99% used [0x00000000c1780000, 0x00000000c1b9fff8, 0x00000000c1ba0000)
  to   space 4224K,   0% used [0x00000000c1360000, 0x00000000c1360000, 0x00000000c1780000)
 tenured generation   total 85220K, used 78357K [0x00000000d14a0000, 0x00000000d67d9000, 0x00000000f5a00000)
   the space 85220K,  91% used [0x00000000d14a0000, 0x00000000d6125768, 0x00000000d6125800, 0x00000000d67d9000)
 compacting perm gen  total 21248K, used 6920K [0x00000000f5a00000, 0x00000000f6ec0000, 0x0000000100000000)
   the space 21248K,  32% used [0x00000000f5a00000, 0x00000000f60c21c0, 0x00000000f60c2200, 0x00000000f6ec0000)
No shared spaces configured.
Event: 2547.392 GC heap after
Heap after GC invocations=64 (full 11):
 def new generation   total 38400K, used 0K [0x00000000bf200000, 0x00000000c1ba0000, 0x00000000d14a0000)
  eden space 34176K,   0% used [0x00000000bf200000, 0x00000000bf200000, 0x00000000c1360000)
  from space 4224K,   0% used [0x00000000c1360000, 0x00000000c1360000, 0x00000000c1780000)
  to   space 4224K,   0% used [0x00000000c1780000, 0x00000000c1780000, 0x00000000c1ba0000)
 tenured generation   total 85220K, used 33300K [0x00000000d14a0000, 0x00000000d67d9000, 0x00000000f5a00000)
   the space 85220K,  39% used [0x00000000d14a0000, 0x00000000d35252f0, 0x00000000d3525400, 0x00000000d67d9000)
 compacting perm gen  total 21248K, used 6920K [0x00000000f5a00000, 0x00000000f6ec0000, 0x0000000100000000)
   the space 21248K,  32% used [0x00000000f5a00000, 0x00000000f60c21c0, 0x00000000f60c2200, 0x00000000f6ec0000)
No shared spaces configured.
}
Event: 2575.466 GC heap before
{Heap before GC invocations=64 (full 11):
 def new generation   total 38400K, used 34176K [0x00000000bf200000, 0x00000000c1ba0000, 0x00000000d14a0000)
  eden space 34176K, 100% used [0x00000000bf200000, 0x00000000c1360000, 0x00000000c1360000)
  from space 4224K,   0% used [0x00000000c1360000, 0x00000000c1360000, 0x00000000c1780000)
  to   space 4224K,   0% used [0x00000000c1780000, 0x00000000c1780000, 0x00000000c1ba0000)
 tenured generation   total 85220K, used 33300K [0x00000000d14a0000, 0x00000000d67d9000, 0x00000000f5a00000)
   the space 85220K,  39% used [0x00000000d14a0000, 0x00000000d35252f0, 0x00000000d3525400, 0x00000000d67d9000)
 compacting perm gen  total 21248K, used 6921K [0x00000000f5a00000, 0x00000000f6ec0000, 0x0000000100000000)
   the space 21248K,  32% used [0x00000000f5a00000, 0x00000000f60c26f8, 0x00000000f60c2800, 0x00000000f6ec0000)
No shared spaces configured.
Event: 2575.499 GC heap after
Heap after GC invocations=65 (full 11):
 def new generation   total 38400K, used 4224K [0x00000000bf200000, 0x00000000c1ba0000, 0x00000000d14a0000)
  eden space 34176K,   0% used [0x00000000bf200000, 0x00000000bf200000, 0x00000000c1360000)
  from space 4224K, 100% used [0x00000000c1780000, 0x00000000c1ba0000, 0x00000000c1ba0000)
  to   space 4224K,   0% used [0x00000000c1360000, 0x00000000c1360000, 0x00000000c1780000)
 tenured generation   total 85220K, used 42166K [0x00000000d14a0000, 0x00000000d67d9000, 0x00000000f5a00000)
   the space 85220K,  49% used [0x00000000d14a0000, 0x00000000d3dcdbb0, 0x00000000d3dcdc00, 0x00000000d67d9000)
 compacting perm gen  total 21248K, used 6921K [0x00000000f5a00000, 0x00000000f6ec0000, 0x0000000100000000)
   the space 21248K,  32% used [0x00000000f5a00000, 0x00000000f60c26f8, 0x00000000f60c2800, 0x00000000f6ec0000)
No shared spaces configured.
}
Event: 2604.969 GC heap before
{Heap before GC invocations=65 (full 11):
 def new generation   total 38400K, used 38400K [0x00000000bf200000, 0x00000000c1ba0000, 0x00000000d14a0000)
  eden space 34176K, 100% used [0x00000000bf200000, 0x00000000c1360000, 0x00000000c1360000)
  from space 4224K, 100% used [0x00000000c1780000, 0x00000000c1ba0000, 0x00000000c1ba0000)
  to   space 4224K,   0% used [0x00000000c1360000, 0x00000000c1360000, 0x00000000c1780000)
 tenured generation   total 85220K, used 42166K [0x00000000d14a0000, 0x00000000d67d9000, 0x00000000f5a00000)
   the space 85220K,  49% used [0x00000000d14a0000, 0x00000000d3dcdbb0, 0x00000000d3dcdc00, 0x00000000d67d9000)
 compacting perm gen  total 21248K, used 6921K [0x00000000f5a00000, 0x00000000f6ec0000, 0x0000000100000000)
   the space 21248K,  32% used [0x00000000f5a00000, 0x00000000f60c26f8, 0x00000000f60c2800, 0x00000000f6ec0000)
No shared spaces configured.
Event: 2605.003 GC heap after
Heap after GC invocations=66 (full 11):
 def new generation   total 38400K, used 4224K [0x00000000bf200000, 0x00000000c1ba0000, 0x00000000d14a0000)
  eden space 34176K,   0% used [0x00000000bf200000, 0x00000000bf200000, 0x00000000c1360000)
  from space 4224K, 100% used [0x00000000c1360000, 0x00000000c1780000, 0x00000000c1780000)
  to   space 4224K,   0% used [0x00000000c1780000, 0x00000000c1780000, 0x00000000c1ba0000)
 tenured generation   total 85220K, used 50767K [0x00000000d14a0000, 0x00000000d67d9000, 0x00000000f5a00000)
   the space 85220K,  59% used [0x00000000d14a0000, 0x00000000d4633f08, 0x00000000d4634000, 0x00000000d67d9000)
 compacting perm gen  total 21248K, used 6921K [0x00000000f5a00000, 0x00000000f6ec0000, 0x0000000100000000)
   the space 21248K,  32% used [0x00000000f5a00000, 0x00000000f60c26f8, 0x00000000f60c2800, 0x00000000f6ec0000)
No shared spaces configured.
}

Deoptimization events (10 events):
Event: 2073.230 Thread 0x00007fafd000a800 Uncommon trap: reason=class_check action=maybe_recompile pc=0x00007fafcd08d3a4 method=java.util.regex.Pattern$Start.match(Ljava/util/regex/Matcher;ILjava/lang/CharSequence;)Z @ 44
Event: 2074.433 Thread 0x00007fafd000a800 Uncommon trap: reason=class_check action=maybe_recompile pc=0x00007fafcd1448e8 method=java.util.regex.Pattern$BmpCharProperty.match(Ljava/util/regex/Matcher;ILjava/lang/CharSequence;)Z @ 16
Event: 2074.433 Thread 0x00007fafd000a800 Uncommon trap: reason=class_check action=maybe_recompile pc=0x00007fafcd1448e8 method=java.util.regex.Pattern$BmpCharProperty.match(Ljava/util/regex/Matcher;ILjava/lang/CharSequence;)Z @ 16
Event: 2074.434 Thread 0x00007fafd000a800 Uncommon trap: reason=class_check action=maybe_recompile pc=0x00007fafcd1448e8 method=java.util.regex.Pattern$BmpCharProperty.match(Ljava/util/regex/Matcher;ILjava/lang/CharSequence;)Z @ 16
Event: 2074.434 Thread 0x00007fafd000a800 Uncommon trap: reason=class_check action=maybe_recompile pc=0x00007fafcd1448e8 method=java.util.regex.Pattern$BmpCharProperty.match(Ljava/util/regex/Matcher;ILjava/lang/CharSequence;)Z @ 16
Event: 2098.269 Thread 0x00007fafd000a800 Uncommon trap: reason=class_check action=maybe_recompile pc=0x00007fafcd133724 method=java.util.regex.Pattern$Start.match(Ljava/util/regex/Matcher;ILjava/lang/CharSequence;)Z @ 44
Event: 2225.272 Thread 0x00007fafd000a800 Uncommon trap: reason=array_check action=maybe_recompile pc=0x00007fafcd16d8ac method=java.util.AbstractCollection.toArray([Ljava/lang/Object;)[Ljava/lang/Object; @ 119
Event: 2225.272 Thread 0x00007fafd000a800 Uncommon trap: reason=array_check action=maybe_recompile pc=0x00007fafcd16d8ac method=java.util.AbstractCollection.toArray([Ljava/lang/Object;)[Ljava/lang/Object; @ 119
Event: 2225.383 Thread 0x00007fafd000a800 Uncommon trap: reason=array_check action=maybe_recompile pc=0x00007fafcd16d8ac method=java.util.AbstractCollection.toArray([Ljava/lang/Object;)[Ljava/lang/Object; @ 119
Event: 2225.383 Thread 0x00007fafd000a800 Uncommon trap: reason=array_check action=maybe_recompile pc=0x00007fafcd16d8ac method=java.util.AbstractCollection.toArray([Ljava/lang/Object;)[Ljava/lang/Object; @ 119

Internal exceptions (10 events):
Event: 59.721 Thread 0x00007fafd000a800 Threw 0x00000000bf51a290 at /build/buildd/openjdk-7-7u71-2.5.3/build/openjdk/hotspot/src/share/vm/prims/jvm.cpp:1284
Event: 59.907 Thread 0x00007fafd000a800 Threw 0x00000000bf51db60 at /build/buildd/openjdk-7-7u71-2.5.3/build/openjdk/hotspot/src/share/vm/prims/jvm.cpp:1284
Event: 61.009 Thread 0x00007fafd000a800 Threw 0x00000000bf5214a8 at /build/buildd/openjdk-7-7u71-2.5.3/build/openjdk/hotspot/src/share/vm/prims/jvm.cpp:1284
Event: 63.230 Thread 0x00007fafd000a800 Threw 0x00000000bf5d19d8 at /build/buildd/openjdk-7-7u71-2.5.3/build/openjdk/hotspot/src/share/vm/prims/jvm.cpp:1284
Event: 347.169 Thread 0x00007fafd000a800 Threw 0x00000000bf54d5f8 at /build/buildd/openjdk-7-7u71-2.5.3/build/openjdk/hotspot/src/share/vm/prims/jvm.cpp:1284
Event: 953.224 Thread 0x00007fafd000a800 Implicit null exception at 0x00007fafcd0a3099 to 0x00007fafcd0a4645
Event: 1001.283 Thread 0x00007fafd000a800 Threw 0x00000000bfed9c90 at /build/buildd/openjdk-7-7u71-2.5.3/build/openjdk/hotspot/src/share/vm/prims/jvm.cpp:1284
Event: 1001.293 Thread 0x00007fafd000a800 Threw 0x00000000bfee37b8 at /build/buildd/openjdk-7-7u71-2.5.3/build/openjdk/hotspot/src/share/vm/prims/jvm.cpp:1284
Event: 2071.994 Thread 0x00007fafd000a800 Implicit null exception at 0x00007fafcd140d66 to 0x00007fafcd141171
Event: 2072.339 Thread 0x00007fafd000a800 Threw 0x00000000c077c688 at /build/buildd/openjdk-7-7u71-2.5.3/build/openjdk/hotspot/src/share/vm/prims/jvm.cpp:1284

Events (10 events):
Event: 2486.946 Executing VM operation: GenCollectForAllocation
Event: 2486.994 Executing VM operation: GenCollectForAllocation done
Event: 2518.231 Executing VM operation: GenCollectForAllocation
Event: 2518.299 Executing VM operation: GenCollectForAllocation done
Event: 2547.177 Executing VM operation: GenCollectForAllocation
Event: 2547.392 Executing VM operation: GenCollectForAllocation done
Event: 2575.466 Executing VM operation: GenCollectForAllocation
Event: 2575.499 Executing VM operation: GenCollectForAllocation done
Event: 2604.969 Executing VM operation: GenCollectForAllocation
Event: 2605.003 Executing VM operation: GenCollectForAllocation done


Dynamic libraries:
00400000-00401000 r-xp 00000000 08:01 451179                             /usr/lib/jvm/java-7-openjdk-amd64/jre/bin/java
00600000-00601000 r--p 00000000 08:01 451179                             /usr/lib/jvm/java-7-openjdk-amd64/jre/bin/java
00601000-00602000 rw-p 00001000 08:01 451179                             /usr/lib/jvm/java-7-openjdk-amd64/jre/bin/java
0238f000-0250f000 rw-p 00000000 00:00 0                                  [heap]
bf200000-c1ba0000 rw-p 00000000 00:00 0 
c1ba0000-d14a0000 rw-p 00000000 00:00 0 
d14a0000-d67d9000 rw-p 00000000 00:00 0 
d67d9000-d69e9000 ---p 00000000 00:00 0 
d69e9000-f5a00000 rw-p 00000000 00:00 0 
f5a00000-f6ec0000 rw-p 00000000 00:00 0 
f6ec0000-100000000 rw-p 00000000 00:00 0 
7faf74000000-7faf78bb7000 rw-p 00000000 00:00 0 
7faf78bb7000-7faf7c000000 ---p 00000000 00:00 0 
7faf7c000000-7faf84000000 rw-p 00000000 00:00 0 
7faf84000000-7faf8c000000 rw-p 00000000 00:00 0 
7faf8c000000-7faf8fffc000 rw-p 00000000 00:00 0 
7faf8fffc000-7faf90000000 ---p 00000000 00:00 0 
7faf94000000-7faf9c000000 rw-p 00000000 00:00 0 
7faf9c000000-7fafa4000000 rw-p 00000000 00:00 0 
7fafa4000000-7fafa8000000 rw-p 00000000 00:00 0 
7fafab74c000-7fafacdb8000 r-xp 00000000 08:01 11065                      /usr/lib/x86_64-linux-gnu/libicudata.so.52.1
7fafacdb8000-7fafacfb7000 ---p 0166c000 08:01 11065                      /usr/lib/x86_64-linux-gnu/libicudata.so.52.1
7fafacfb7000-7fafacfb8000 r--p 0166b000 08:01 11065                      /usr/lib/x86_64-linux-gnu/libicudata.so.52.1
7fafacfb8000-7fafacfb9000 rw-p 0166c000 08:01 11065                      /usr/lib/x86_64-linux-gnu/libicudata.so.52.1
7fafacfb9000-7fafad1b2000 r-xp 00000000 08:01 11067                      /usr/lib/x86_64-linux-gnu/libicui18n.so.52.1
7fafad1b2000-7fafad3b2000 ---p 001f9000 08:01 11067                      /usr/lib/x86_64-linux-gnu/libicui18n.so.52.1
7fafad3b2000-7fafad3bf000 r--p 001f9000 08:01 11067                      /usr/lib/x86_64-linux-gnu/libicui18n.so.52.1
7fafad3bf000-7fafad3c0000 rw-p 00206000 08:01 11067                      /usr/lib/x86_64-linux-gnu/libicui18n.so.52.1
7fafad3c0000-7fafad3c1000 rw-p 00000000 00:00 0 
7fafad3c1000-7fafad525000 r-xp 00000000 08:01 11079                      /usr/lib/x86_64-linux-gnu/libicuuc.so.52.1
7fafad525000-7fafad724000 ---p 00164000 08:01 11079                      /usr/lib/x86_64-linux-gnu/libicuuc.so.52.1
7fafad724000-7fafad735000 r--p 00163000 08:01 11079                      /usr/lib/x86_64-linux-gnu/libicuuc.so.52.1
7fafad735000-7fafad736000 rw-p 00174000 08:01 11079                      /usr/lib/x86_64-linux-gnu/libicuuc.so.52.1
7fafad736000-7fafad73a000 rw-p 00000000 00:00 0 
7fafad73a000-7fafad83b000 r-xp 00000000 08:01 1126                       /usr/lib/x86_64-linux-gnu/libboost_regex.so.1.54.0
7fafad83b000-7fafada3a000 ---p 00101000 08:01 1126                       /usr/lib/x86_64-linux-gnu/libboost_regex.so.1.54.0
7fafada3a000-7fafada3f000 r--p 00100000 08:01 1126                       /usr/lib/x86_64-linux-gnu/libboost_regex.so.1.54.0
7fafada3f000-7fafada40000 rw-p 00105000 08:01 1126                       /usr/lib/x86_64-linux-gnu/libboost_regex.so.1.54.0
7fafada40000-7fafada41000 rw-p 00000000 00:00 0 
7fafada41000-7fafadcd3000 r-xp 00000000 08:01 450063                     /usr/local/lib/libfreeling-3.1.so
7fafadcd3000-7fafaded3000 ---p 00292000 08:01 450063                     /usr/local/lib/libfreeling-3.1.so
7fafaded3000-7fafaded8000 r--p 00292000 08:01 450063                     /usr/local/lib/libfreeling-3.1.so
7fafaded8000-7fafadedc000 rw-p 00297000 08:01 450063                     /usr/local/lib/libfreeling-3.1.so
7fafadedc000-7fafaf6f4000 rw-p 00000000 00:00 0 
7fafaf6f4000-7fafaf6f7000 r-xp 00000000 08:01 10627                      /usr/lib/x86_64-linux-gnu/libboost_system.so.1.54.0
7fafaf6f7000-7fafaf8f6000 ---p 00003000 08:01 10627                      /usr/lib/x86_64-linux-gnu/libboost_system.so.1.54.0
7fafaf8f6000-7fafaf8f7000 r--p 00002000 08:01 10627                      /usr/lib/x86_64-linux-gnu/libboost_system.so.1.54.0
7fafaf8f7000-7fafaf8f8000 rw-p 00003000 08:01 10627                      /usr/lib/x86_64-linux-gnu/libboost_system.so.1.54.0
7fafaf8f8000-7fafaf9b6000 r-xp 00000000 08:01 313559                     /pkg/freeling-3.1/APIs/java/libfreeling_javaAPI.so
7fafaf9b6000-7fafafbb5000 ---p 000be000 08:01 313559                     /pkg/freeling-3.1/APIs/java/libfreeling_javaAPI.so
7fafafbb5000-7fafafbb6000 r--p 000bd000 08:01 313559                     /pkg/freeling-3.1/APIs/java/libfreeling_javaAPI.so
7fafafbb6000-7fafafbba000 rw-p 000be000 08:01 313559                     /pkg/freeling-3.1/APIs/java/libfreeling_javaAPI.so
7fafafbba000-7fafafbf7000 r-xp 00000000 08:01 398443                     /lib/x86_64-linux-gnu/libpcre.so.3.13.1
7fafafbf7000-7fafafdf6000 ---p 0003d000 08:01 398443                     /lib/x86_64-linux-gnu/libpcre.so.3.13.1
7fafafdf6000-7fafafdf7000 r--p 0003c000 08:01 398443                     /lib/x86_64-linux-gnu/libpcre.so.3.13.1
7fafafdf7000-7fafafdf8000 rw-p 0003d000 08:01 398443                     /lib/x86_64-linux-gnu/libpcre.so.3.13.1
7fafafdf8000-7fafafdff000 r-xp 00000000 08:01 10785                      /usr/lib/x86_64-linux-gnu/libffi.so.6.0.1
7fafafdff000-7fafafffe000 ---p 00007000 08:01 10785                      /usr/lib/x86_64-linux-gnu/libffi.so.6.0.1
7fafafffe000-7fafaffff000 r--p 00006000 08:01 10785                      /usr/lib/x86_64-linux-gnu/libffi.so.6.0.1
7fafaffff000-7fafb0000000 rw-p 00007000 08:01 10785                      /usr/lib/x86_64-linux-gnu/libffi.so.6.0.1
7fafb0000000-7fafb1058000 rw-p 00000000 00:00 0 
7fafb1058000-7fafb4000000 ---p 00000000 00:00 0 
7fafb4000000-7fafb4021000 rw-p 00000000 00:00 0 
7fafb4021000-7fafb8000000 ---p 00000000 00:00 0 
7fafb8000000-7fafb8021000 rw-p 00000000 00:00 0 
7fafb8021000-7fafbc000000 ---p 00000000 00:00 0 
7fafbc000000-7fafbed4e000 rw-p 00000000 00:00 0 
7fafbed4e000-7fafc0000000 ---p 00000000 00:00 0 
7fafc0000000-7fafc0021000 rw-p 00000000 00:00 0 
7fafc0021000-7fafc4000000 ---p 00000000 00:00 0 
7fafc4000000-7fafc40b0000 rw-p 00000000 00:00 0 
7fafc40b0000-7fafc8000000 ---p 00000000 00:00 0 
7fafc8000000-7fafc8263000 rw-p 00000000 00:00 0 
7fafc8263000-7fafcc000000 ---p 00000000 00:00 0 
7fafcc0f2000-7fafcc109000 r-xp 00000000 08:01 400113                     /lib/x86_64-linux-gnu/libresolv-2.19.so
7fafcc109000-7fafcc309000 ---p 00017000 08:01 400113                     /lib/x86_64-linux-gnu/libresolv-2.19.so
7fafcc309000-7fafcc30a000 r--p 00017000 08:01 400113                     /lib/x86_64-linux-gnu/libresolv-2.19.so
7fafcc30a000-7fafcc30b000 rw-p 00018000 08:01 400113                     /lib/x86_64-linux-gnu/libresolv-2.19.so
7fafcc30b000-7fafcc30d000 rw-p 00000000 00:00 0 
7fafcc30d000-7fafcc32d000 r-xp 00000000 08:01 398470                     /lib/x86_64-linux-gnu/libselinux.so.1
7fafcc32d000-7fafcc52c000 ---p 00020000 08:01 398470                     /lib/x86_64-linux-gnu/libselinux.so.1
7fafcc52c000-7fafcc52d000 r--p 0001f000 08:01 398470                     /lib/x86_64-linux-gnu/libselinux.so.1
7fafcc52d000-7fafcc52e000 rw-p 00020000 08:01 398470                     /lib/x86_64-linux-gnu/libselinux.so.1
7fafcc52e000-7fafcc530000 rw-p 00000000 00:00 0 
7fafcc530000-7fafcc533000 r-xp 00000000 08:01 3202                       /usr/lib/x86_64-linux-gnu/libgmodule-2.0.so.0.4002.0
7fafcc533000-7fafcc732000 ---p 00003000 08:01 3202                       /usr/lib/x86_64-linux-gnu/libgmodule-2.0.so.0.4002.0
7fafcc732000-7fafcc733000 r--p 00002000 08:01 3202                       /usr/lib/x86_64-linux-gnu/libgmodule-2.0.so.0.4002.0
7fafcc733000-7fafcc734000 rw-p 00003000 08:01 3202                       /usr/lib/x86_64-linux-gnu/libgmodule-2.0.so.0.4002.0
7fafcc734000-7fafcc83a000 r-xp 00000000 08:01 398974                     /lib/x86_64-linux-gnu/libglib-2.0.so.0.4002.0
7fafcc83a000-7fafcca39000 ---p 00106000 08:01 398974                     /lib/x86_64-linux-gnu/libglib-2.0.so.0.4002.0
7fafcca39000-7fafcca3a000 r--p 00105000 08:01 398974                     /lib/x86_64-linux-gnu/libglib-2.0.so.0.4002.0
7fafcca3a000-7fafcca3b000 rw-p 00106000 08:01 398974                     /lib/x86_64-linux-gnu/libglib-2.0.so.0.4002.0
7fafcca3b000-7fafcca3c000 rw-p 00000000 00:00 0 
7fafcca3c000-7fafcca8b000 r-xp 00000000 08:01 3203                       /usr/lib/x86_64-linux-gnu/libgobject-2.0.so.0.4002.0
7fafcca8b000-7fafccc8b000 ---p 0004f000 08:01 3203                       /usr/lib/x86_64-linux-gnu/libgobject-2.0.so.0.4002.0
7fafccc8b000-7fafccc8c000 r--p 0004f000 08:01 3203                       /usr/lib/x86_64-linux-gnu/libgobject-2.0.so.0.4002.0
7fafccc8c000-7fafccc8d000 rw-p 00050000 08:01 3203                       /usr/lib/x86_64-linux-gnu/libgobject-2.0.so.0.4002.0
7fafccc8d000-7fafccdf9000 r-xp 00000000 08:01 3205                       /usr/lib/x86_64-linux-gnu/libgio-2.0.so.0.4002.0
7fafccdf9000-7fafccff8000 ---p 0016c000 08:01 3205                       /usr/lib/x86_64-linux-gnu/libgio-2.0.so.0.4002.0
7fafccff8000-7fafccffc000 r--p 0016b000 08:01 3205                       /usr/lib/x86_64-linux-gnu/libgio-2.0.so.0.4002.0
7fafccffc000-7fafccffe000 rw-p 0016f000 08:01 3205                       /usr/lib/x86_64-linux-gnu/libgio-2.0.so.0.4002.0
7fafccffe000-7fafcd000000 rw-p 00000000 00:00 0 
7fafcd000000-7fafcd270000 rwxp 00000000 00:00 0 
7fafcd270000-7fafd4000000 rw-p 00000000 00:00 0 
7fafd40a9000-7fafd40ac000 ---p 00000000 00:00 0 
7fafd40ac000-7fafd40e2000 rw-p 00000000 00:00 0 
7fafd40e2000-7fafd40e9000 r--s 00000000 08:01 162543                     /usr/lib/x86_64-linux-gnu/gconv/gconv-modules.cache
7fafd40e9000-7fafd40ee000 r--s 0004c000 08:01 437947                     /usr/lib/jvm/java-7-openjdk-amd64/jre/lib/jsse.jar
7fafd40ee000-7fafd40fb000 r--s 000a3000 08:01 67645                      /home/mmora/workspace/TextProcessing/lib/httpcomponents-client-4.4/lib/httpclient-4.4.jar
7fafd40fb000-7fafd412c000 rw-p 00000000 00:00 0 
7fafd412d000-7fafd412f000 r--s 0000e000 08:01 67651                      /home/mmora/workspace/TextProcessing/lib/httpcomponents-client-4.4/lib/commons-logging-1.2.jar
7fafd412f000-7fafd4136000 r--s 0003a000 08:01 67652                      /home/mmora/workspace/TextProcessing/lib/httpcomponents-client-4.4/lib/commons-codec-1.9.jar
7fafd4136000-7fafd413d000 r--s 00048000 08:01 67650                      /home/mmora/workspace/TextProcessing/lib/httpcomponents-client-4.4/lib/httpcore-4.4.jar
7fafd413d000-7fafd413f000 r--s 00007000 08:01 64607                      /home/mmora/workspace/TextProcessing/lib/google-api-translate-java-0.97.jar
7fafd413f000-7fafd4141000 r--s 0000a000 08:01 131110                     /home/mmora/workspace/TextProcessing/lib/json-20090211.jar
7fafd4141000-7fafd4158000 r-xp 00000000 08:01 437907                     /usr/lib/jvm/java-7-openjdk-amd64/jre/lib/amd64/libnet.so
7fafd4158000-7fafd4357000 ---p 00017000 08:01 437907                     /usr/lib/jvm/java-7-openjdk-amd64/jre/lib/amd64/libnet.so
7fafd4357000-7fafd4358000 r--p 00016000 08:01 437907                     /usr/lib/jvm/java-7-openjdk-amd64/jre/lib/amd64/libnet.so
7fafd4358000-7fafd4359000 rw-p 00017000 08:01 437907                     /usr/lib/jvm/java-7-openjdk-amd64/jre/lib/amd64/libnet.so
7fafd4359000-7fafd4369000 r-xp 00000000 08:01 437922                     /usr/lib/jvm/java-7-openjdk-amd64/jre/lib/amd64/libnio.so
7fafd4369000-7fafd4569000 ---p 00010000 08:01 437922                     /usr/lib/jvm/java-7-openjdk-amd64/jre/lib/amd64/libnio.so
7fafd4569000-7fafd456a000 r--p 00010000 08:01 437922                     /usr/lib/jvm/java-7-openjdk-amd64/jre/lib/amd64/libnio.so
7fafd456a000-7fafd456b000 rw-p 00011000 08:01 437922                     /usr/lib/jvm/java-7-openjdk-amd64/jre/lib/amd64/libnio.so
7fafd456b000-7fafd456f000 r--s 00021000 08:01 313639                     /pkg/freeling-3.1/APIs/java/freeling.jar
7fafd456f000-7fafd4576000 r--s 0008a000 08:01 27983                      /home/mmora/workspace/TextProcessing/lib/postgresql-9.3-1102.jdbc41.jar
7fafd4576000-7fafd4579000 r--s 00014000 08:01 27982                      /home/mmora/workspace/TextProcessing/lib/opennlp-uima-1.5.3.jar
7fafd4579000-7fafd457a000 ---p 00000000 00:00 0 
7fafd457a000-7fafd467a000 rw-p 00000000 00:00 0                          [stack:14655]
7fafd467a000-7fafd467d000 ---p 00000000 00:00 0 
7fafd467d000-7fafd477b000 rw-p 00000000 00:00 0                          [stack:14654]
7fafd477b000-7fafd477e000 ---p 00000000 00:00 0 
7fafd477e000-7fafd487c000 rw-p 00000000 00:00 0                          [stack:14653]
7fafd487c000-7fafd487f000 ---p 00000000 00:00 0 
7fafd487f000-7fafd497d000 rw-p 00000000 00:00 0                          [stack:14652]
7fafd497d000-7fafd4980000 ---p 00000000 00:00 0 
7fafd4980000-7fafd4a7e000 rw-p 00000000 00:00 0                          [stack:14651]
7fafd4a7e000-7fafd5160000 r--p 00000000 08:01 7563                       /usr/lib/locale/locale-archive
7fafd5160000-7fafd5163000 ---p 00000000 00:00 0 
7fafd5163000-7fafd5261000 rw-p 00000000 00:00 0                          [stack:14650]
7fafd5261000-7fafd5264000 ---p 00000000 00:00 0 
7fafd5264000-7fafd5362000 rw-p 00000000 00:00 0                          [stack:14649]
7fafd5362000-7fafd5363000 ---p 00000000 00:00 0 
7fafd5363000-7fafd54ac000 rw-p 00000000 00:00 0                          [stack:14648]
7fafd54ac000-7fafd565d000 r--s 01d25000 08:01 450807                     /usr/lib/jvm/java-7-openjdk-amd64/jre/lib/rt.jar
7fafd565d000-7fafd5761000 rw-p 00000000 00:00 0 
7fafd5761000-7fafd57aa000 rw-p 00000000 00:00 0 
7fafd57aa000-7fafd57d4000 rw-p 00000000 00:00 0 
7fafd57d4000-7fafd57d5000 ---p 00000000 00:00 0 
7fafd57d5000-7fafd58cd000 rw-p 00000000 00:00 0 
7fafd58cd000-7fafd58e2000 rw-p 00000000 00:00 0 
7fafd58e2000-7fafd595e000 rw-p 00000000 00:00 0 
7fafd595e000-7fafd5988000 rw-p 00000000 00:00 0 
7fafd5988000-7fafd5989000 ---p 00000000 00:00 0 
7fafd5989000-7fafd5a81000 rw-p 00000000 00:00 0 
7fafd5a81000-7fafd5a8c000 rw-p 00000000 00:00 0 
7fafd5a8c000-7fafd5ad4000 rw-p 00000000 00:00 0 
7fafd5ad4000-7fafd5ad5000 rw-p 00000000 00:00 0 
7fafd5ad5000-7fafd5add000 r-xp 00000000 08:01 437899                     /usr/lib/jvm/java-7-openjdk-amd64/jre/lib/amd64/libzip.so
7fafd5add000-7fafd5cdc000 ---p 00008000 08:01 437899                     /usr/lib/jvm/java-7-openjdk-amd64/jre/lib/amd64/libzip.so
7fafd5cdc000-7fafd5cdd000 r--p 00007000 08:01 437899                     /usr/lib/jvm/java-7-openjdk-amd64/jre/lib/amd64/libzip.so
7fafd5cdd000-7fafd5cde000 rw-p 00008000 08:01 437899                     /usr/lib/jvm/java-7-openjdk-amd64/jre/lib/amd64/libzip.so
7fafd5cde000-7fafd5ce9000 r-xp 00000000 08:01 400119                     /lib/x86_64-linux-gnu/libnss_files-2.19.so
7fafd5ce9000-7fafd5ee8000 ---p 0000b000 08:01 400119                     /lib/x86_64-linux-gnu/libnss_files-2.19.so
7fafd5ee8000-7fafd5ee9000 r--p 0000a000 08:01 400119                     /lib/x86_64-linux-gnu/libnss_files-2.19.so
7fafd5ee9000-7fafd5eea000 rw-p 0000b000 08:01 400119                     /lib/x86_64-linux-gnu/libnss_files-2.19.so
7fafd5eea000-7fafd5ef5000 r-xp 00000000 08:01 400115                     /lib/x86_64-linux-gnu/libnss_nis-2.19.so
7fafd5ef5000-7fafd60f4000 ---p 0000b000 08:01 400115                     /lib/x86_64-linux-gnu/libnss_nis-2.19.so
7fafd60f4000-7fafd60f5000 r--p 0000a000 08:01 400115                     /lib/x86_64-linux-gnu/libnss_nis-2.19.so
7fafd60f5000-7fafd60f6000 rw-p 0000b000 08:01 400115                     /lib/x86_64-linux-gnu/libnss_nis-2.19.so
7fafd60f6000-7fafd610d000 r-xp 00000000 08:01 400109                     /lib/x86_64-linux-gnu/libnsl-2.19.so
7fafd610d000-7fafd630c000 ---p 00017000 08:01 400109                     /lib/x86_64-linux-gnu/libnsl-2.19.so
7fafd630c000-7fafd630d000 r--p 00016000 08:01 400109                     /lib/x86_64-linux-gnu/libnsl-2.19.so
7fafd630d000-7fafd630e000 rw-p 00017000 08:01 400109                     /lib/x86_64-linux-gnu/libnsl-2.19.so
7fafd630e000-7fafd6310000 rw-p 00000000 00:00 0 
7fafd6310000-7fafd6319000 r-xp 00000000 08:01 400106                     /lib/x86_64-linux-gnu/libnss_compat-2.19.so
7fafd6319000-7fafd6518000 ---p 00009000 08:01 400106                     /lib/x86_64-linux-gnu/libnss_compat-2.19.so
7fafd6518000-7fafd6519000 r--p 00008000 08:01 400106                     /lib/x86_64-linux-gnu/libnss_compat-2.19.so
7fafd6519000-7fafd651a000 rw-p 00009000 08:01 400106                     /lib/x86_64-linux-gnu/libnss_compat-2.19.so
7fafd651a000-7fafd6545000 r-xp 00000000 08:01 437906                     /usr/lib/jvm/java-7-openjdk-amd64/jre/lib/amd64/libjava.so
7fafd6545000-7fafd6744000 ---p 0002b000 08:01 437906                     /usr/lib/jvm/java-7-openjdk-amd64/jre/lib/amd64/libjava.so
7fafd6744000-7fafd6745000 r--p 0002a000 08:01 437906                     /usr/lib/jvm/java-7-openjdk-amd64/jre/lib/amd64/libjava.so
7fafd6745000-7fafd6747000 rw-p 0002b000 08:01 437906                     /usr/lib/jvm/java-7-openjdk-amd64/jre/lib/amd64/libjava.so
7fafd6747000-7fafd6757000 r-xp 00000000 08:01 437921                     /usr/lib/jvm/java-7-openjdk-amd64/jre/lib/amd64/libverify.so
7fafd6757000-7fafd6956000 ---p 00010000 08:01 437921                     /usr/lib/jvm/java-7-openjdk-amd64/jre/lib/amd64/libverify.so
7fafd6956000-7fafd6958000 r--p 0000f000 08:01 437921                     /usr/lib/jvm/java-7-openjdk-amd64/jre/lib/amd64/libverify.so
7fafd6958000-7fafd6959000 rw-p 00011000 08:01 437921                     /usr/lib/jvm/java-7-openjdk-amd64/jre/lib/amd64/libverify.so
7fafd6959000-7fafd6960000 r-xp 00000000 08:01 399258                     /lib/x86_64-linux-gnu/librt-2.19.so
7fafd6960000-7fafd6b5f000 ---p 00007000 08:01 399258                     /lib/x86_64-linux-gnu/librt-2.19.so
7fafd6b5f000-7fafd6b60000 r--p 00006000 08:01 399258                     /lib/x86_64-linux-gnu/librt-2.19.so
7fafd6b60000-7fafd6b61000 rw-p 00007000 08:01 399258                     /lib/x86_64-linux-gnu/librt-2.19.so
7fafd6b61000-7fafd6b77000 r-xp 00000000 08:01 398318                     /lib/x86_64-linux-gnu/libgcc_s.so.1
7fafd6b77000-7fafd6d76000 ---p 00016000 08:01 398318                     /lib/x86_64-linux-gnu/libgcc_s.so.1
7fafd6d76000-7fafd6d77000 rw-p 00015000 08:01 398318                     /lib/x86_64-linux-gnu/libgcc_s.so.1
7fafd6d77000-7fafd6e7c000 r-xp 00000000 08:01 400108                     /lib/x86_64-linux-gnu/libm-2.19.so
7fafd6e7c000-7fafd707b000 ---p 00105000 08:01 400108                     /lib/x86_64-linux-gnu/libm-2.19.so
7fafd707b000-7fafd707c000 r--p 00104000 08:01 400108                     /lib/x86_64-linux-gnu/libm-2.19.so
7fafd707c000-7fafd707d000 rw-p 00105000 08:01 400108                     /lib/x86_64-linux-gnu/libm-2.19.so
7fafd707d000-7fafd7163000 r-xp 00000000 08:01 11413                      /usr/lib/x86_64-linux-gnu/libstdc++.so.6.0.19
7fafd7163000-7fafd7362000 ---p 000e6000 08:01 11413                      /usr/lib/x86_64-linux-gnu/libstdc++.so.6.0.19
7fafd7362000-7fafd736a000 r--p 000e5000 08:01 11413                      /usr/lib/x86_64-linux-gnu/libstdc++.so.6.0.19
7fafd736a000-7fafd736c000 rw-p 000ed000 08:01 11413                      /usr/lib/x86_64-linux-gnu/libstdc++.so.6.0.19
7fafd736c000-7fafd7381000 rw-p 00000000 00:00 0 
7fafd7381000-7fafd7e97000 r-xp 00000000 08:01 437928                     /usr/lib/jvm/java-7-openjdk-amd64/jre/lib/amd64/server/libjvm.so
7fafd7e97000-7fafd8096000 ---p 00b16000 08:01 437928                     /usr/lib/jvm/java-7-openjdk-amd64/jre/lib/amd64/server/libjvm.so
7fafd8096000-7fafd8130000 r--p 00b15000 08:01 437928                     /usr/lib/jvm/java-7-openjdk-amd64/jre/lib/amd64/server/libjvm.so
7fafd8130000-7fafd8153000 rw-p 00baf000 08:01 437928                     /usr/lib/jvm/java-7-openjdk-amd64/jre/lib/amd64/server/libjvm.so
7fafd8153000-7fafd8181000 rw-p 00000000 00:00 0 
7fafd8181000-7fafd8199000 r-xp 00000000 08:01 398503                     /lib/x86_64-linux-gnu/libz.so.1.2.8
7fafd8199000-7fafd8398000 ---p 00018000 08:01 398503                     /lib/x86_64-linux-gnu/libz.so.1.2.8
7fafd8398000-7fafd8399000 r--p 00017000 08:01 398503                     /lib/x86_64-linux-gnu/libz.so.1.2.8
7fafd8399000-7fafd839a000 rw-p 00018000 08:01 398503                     /lib/x86_64-linux-gnu/libz.so.1.2.8
7fafd839a000-7fafd83b3000 r-xp 00000000 08:01 400118                     /lib/x86_64-linux-gnu/libpthread-2.19.so
7fafd83b3000-7fafd85b2000 ---p 00019000 08:01 400118                     /lib/x86_64-linux-gnu/libpthread-2.19.so
7fafd85b2000-7fafd85b3000 r--p 00018000 08:01 400118                     /lib/x86_64-linux-gnu/libpthread-2.19.so
7fafd85b3000-7fafd85b4000 rw-p 00019000 08:01 400118                     /lib/x86_64-linux-gnu/libpthread-2.19.so
7fafd85b4000-7fafd85b8000 rw-p 00000000 00:00 0 
7fafd85b8000-7fafd85bb000 r-xp 00000000 08:01 400060                     /lib/x86_64-linux-gnu/libdl-2.19.so
7fafd85bb000-7fafd87ba000 ---p 00003000 08:01 400060                     /lib/x86_64-linux-gnu/libdl-2.19.so
7fafd87ba000-7fafd87bb000 r--p 00002000 08:01 400060                     /lib/x86_64-linux-gnu/libdl-2.19.so
7fafd87bb000-7fafd87bc000 rw-p 00003000 08:01 400060                     /lib/x86_64-linux-gnu/libdl-2.19.so
7fafd87bc000-7fafd8977000 r-xp 00000000 08:01 399256                     /lib/x86_64-linux-gnu/libc-2.19.so
7fafd8977000-7fafd8b77000 ---p 001bb000 08:01 399256                     /lib/x86_64-linux-gnu/libc-2.19.so
7fafd8b77000-7fafd8b7b000 r--p 001bb000 08:01 399256                     /lib/x86_64-linux-gnu/libc-2.19.so
7fafd8b7b000-7fafd8b7d000 rw-p 001bf000 08:01 399256                     /lib/x86_64-linux-gnu/libc-2.19.so
7fafd8b7d000-7fafd8b82000 rw-p 00000000 00:00 0 
7fafd8b82000-7fafd8b8f000 r-xp 00000000 08:01 437904                     /usr/lib/jvm/java-7-openjdk-amd64/jre/lib/amd64/jli/libjli.so
7fafd8b8f000-7fafd8d8e000 ---p 0000d000 08:01 437904                     /usr/lib/jvm/java-7-openjdk-amd64/jre/lib/amd64/jli/libjli.so
7fafd8d8e000-7fafd8d8f000 r--p 0000c000 08:01 437904                     /usr/lib/jvm/java-7-openjdk-amd64/jre/lib/amd64/jli/libjli.so
7fafd8d8f000-7fafd8d90000 rw-p 0000d000 08:01 437904                     /usr/lib/jvm/java-7-openjdk-amd64/jre/lib/amd64/jli/libjli.so
7fafd8d90000-7fafd8db3000 r-xp 00000000 08:01 399154                     /lib/x86_64-linux-gnu/ld-2.19.so
7fafd8db4000-7fafd8dc4000 r--s 000b9000 08:01 27980                      /home/mmora/workspace/TextProcessing/lib/opennlp-tools-1.5.3.jar
7fafd8dc4000-7fafd8dc7000 r--s 0001d000 08:01 27979                      /home/mmora/workspace/TextProcessing/lib/opennlp-maxent-3.0.3.jar
7fafd8dc7000-7fafd8dcc000 r--s 00025000 08:01 27978                      /home/mmora/workspace/TextProcessing/lib/jwnl-1.3.3.jar
7fafd8dcc000-7fafd8dd0000 r--s 0003c000 08:01 450799                     /usr/lib/jvm/java-7-openjdk-amd64/jre/lib/ext/sunpkcs11.jar
7fafd8dd0000-7fafd8dd2000 r--s 00012000 08:01 450797                     /usr/lib/jvm/java-7-openjdk-amd64/jre/lib/ext/zipfs.jar
7fafd8dd2000-7fafd8dd5000 r--s 0000f000 08:01 450794                     /usr/lib/jvm/java-7-openjdk-amd64/jre/lib/ext/icedtea-sound.jar
7fafd8dd5000-7fafd8ddf000 rw-p 00000000 00:00 0 
7fafd8ddf000-7fafd8e95000 rw-p 00000000 00:00 0 
7fafd8e95000-7fafd8e98000 ---p 00000000 00:00 0 
7fafd8e98000-7fafd8f9b000 rw-p 00000000 00:00 0                          [stack:14647]
7fafd8f9b000-7fafd8f9c000 r--s 00002000 08:01 450805                     /usr/lib/jvm/java-7-openjdk-amd64/jre/lib/ext/dnsns.jar
7fafd8f9c000-7fafd8fa0000 r--s 00034000 08:01 450803                     /usr/lib/jvm/java-7-openjdk-amd64/jre/lib/ext/sunjce_provider.jar
7fafd8fa0000-7fafd8fa2000 r--s 00006000 08:01 451480                     /usr/share/java/java-atk-wrapper.jar
7fafd8fa2000-7fafd8fa6000 r--s 00085000 08:01 450801                     /usr/lib/jvm/java-7-openjdk-amd64/jre/lib/ext/localedata.jar
7fafd8fa6000-7fafd8fae000 rw-s 00000000 08:01 131154                     /tmp/hsperfdata_mmora/14641
7fafd8fae000-7fafd8faf000 rw-p 00000000 00:00 0 
7fafd8faf000-7fafd8fb0000 r--p 00000000 00:00 0 
7fafd8fb0000-7fafd8fb2000 rw-p 00000000 00:00 0 
7fafd8fb2000-7fafd8fb3000 r--p 00022000 08:01 399154                     /lib/x86_64-linux-gnu/ld-2.19.so
7fafd8fb3000-7fafd8fb4000 rw-p 00023000 08:01 399154                     /lib/x86_64-linux-gnu/ld-2.19.so
7fafd8fb4000-7fafd8fb5000 rw-p 00000000 00:00 0 
7fff05d73000-7fff05d94000 rw-p 00000000 00:00 0                          [stack]
7fff05dfe000-7fff05e00000 r-xp 00000000 00:00 0                          [vdso]
ffffffffff600000-ffffffffff601000 r-xp 00000000 00:00 0                  [vsyscall]

VM Arguments:
jvm_args: -Djava.library.path=/home/mmora/workspace/TextProcessing/lib -Dfile.encoding=UTF-8 
java_command: TaxonDescriptionAnalyzer
Launcher Type: SUN_STANDARD

Environment Variables:
PATH=/usr/local/sbin:/usr/local/bin:/usr/sbin:/usr/bin:/sbin:/bin:/usr/games:/usr/local/games
LD_LIBRARY_PATH=/usr/local/lib:/pkg/freeling-3.1/APIs/java:
SHELL=/bin/bash
DISPLAY=:0

Signal Handlers:
SIGSEGV: [libjvm.so+0x9495e0], sa_mask[0]=0x7ffbfeff, sa_flags=0x10000004
SIGBUS: [libjvm.so+0x9495e0], sa_mask[0]=0x7ffbfeff, sa_flags=0x10000004
SIGFPE: [libjvm.so+0x7c3410], sa_mask[0]=0x7ffbfeff, sa_flags=0x10000004
SIGPIPE: [libjvm.so+0x7c3410], sa_mask[0]=0x7ffbfeff, sa_flags=0x10000004
SIGXFSZ: [libjvm.so+0x7c3410], sa_mask[0]=0x7ffbfeff, sa_flags=0x10000004
SIGILL: [libjvm.so+0x7c3410], sa_mask[0]=0x7ffbfeff, sa_flags=0x10000004
SIGUSR1: SIG_DFL, sa_mask[0]=0x00000000, sa_flags=0x00000000
SIGUSR2: [libjvm.so+0x7c32b0], sa_mask[0]=0x00000004, sa_flags=0x10000004
SIGHUP: [libjvm.so+0x7c3490], sa_mask[0]=0x7ffbfeff, sa_flags=0x10000004
SIGINT: [libjvm.so+0x7c3490], sa_mask[0]=0x7ffbfeff, sa_flags=0x10000004
SIGTERM: [libjvm.so+0x7c3490], sa_mask[0]=0x7ffbfeff, sa_flags=0x10000004
SIGQUIT: [libjvm.so+0x7c3490], sa_mask[0]=0x7ffbfeff, sa_flags=0x10000004
SIGTRAP: SIG_DFL, sa_mask[0]=0x00000000, sa_flags=0x00000000


---------------  S Y S T E M  ---------------

OS:Ubuntu 14.04 (trusty)
uname:Linux 3.13.0-44-generic #73-Ubuntu SMP Tue Dec 16 00:22:43 UTC 2014 x86_64
libc:glibc 2.19 NPTL 2.19 
rlimit: STACK 8192k, CORE 0k, NPROC 27683, NOFILE 4096, AS infinity
load average:6.55 4.15 3.57

/proc/meminfo:
MemTotal:        3565028 kB
MemFree:          722276 kB
Buffers:           20356 kB
Cached:           375704 kB
SwapCached:          312 kB
Active:          2137816 kB
Inactive:         577140 kB
Active(anon):    1997160 kB
Inactive(anon):   433160 kB
Active(file):     140656 kB
Inactive(file):   143980 kB
Unevictable:          32 kB
Mlocked:              32 kB
SwapTotal:       1046524 kB
SwapFree:        1045452 kB
Dirty:               140 kB
Writeback:             0 kB
AnonPages:       2318712 kB
Mapped:           196536 kB
Shmem:            111400 kB
Slab:              53952 kB
SReclaimable:      33256 kB
SUnreclaim:        20696 kB
KernelStack:        3456 kB
PageTables:        34504 kB
NFS_Unstable:          0 kB
Bounce:                0 kB
WritebackTmp:          0 kB
CommitLimit:     2829036 kB
Committed_AS:    4247592 kB
VmallocTotal:   34359738367 kB
VmallocUsed:        9952 kB
VmallocChunk:   34359722139 kB
HardwareCorrupted:     0 kB
AnonHugePages:   1243136 kB
HugePages_Total:       0
HugePages_Free:        0
HugePages_Rsvd:        0
HugePages_Surp:        0
Hugepagesize:       2048 kB
DirectMap4k:       32704 kB
DirectMap2M:     3672064 kB


CPU:total 1 (1 cores per cpu, 1 threads per core) family 6 model 58 stepping 9, cmov, cx8, fxsr, mmx, sse, sse2, sse3, ssse3, tsc

/proc/cpuinfo:
processor	: 0
vendor_id	: GenuineIntel
cpu family	: 6
model		: 58
model name	: Intel(R) Core(TM) i7-3520M CPU @ 2.90GHz
stepping	: 9
microcode	: 0x19
cpu MHz		: 2903.484
cache size	: 6144 KB
physical id	: 0
siblings	: 1
core id		: 0
cpu cores	: 1
apicid		: 0
initial apicid	: 0
fpu		: yes
fpu_exception	: yes
cpuid level	: 5
wp		: yes
flags		: fpu vme de pse tsc msr pae mce cx8 apic sep mtrr pge mca cmov pat pse36 clflush mmx fxsr sse sse2 syscall nx rdtscp lm constant_tsc rep_good nopl pni monitor ssse3 lahf_lm
bogomips	: 5806.96
clflush size	: 64
cache_alignment	: 64
address sizes	: 36 bits physical, 48 bits virtual
power management:



Memory: 4k page, physical 3565028k(722276k free), swap 1046524k(1045452k free)

vm_info: OpenJDK 64-Bit Server VM (24.65-b04) for linux-amd64 JRE (1.7.0_65-b32), built on Oct 22 2014 04:37:44 by "buildd" with gcc 4.8.2

time: Wed Dec  9 21:49:47 2015
elapsed time: 2605 seconds

